#Channel	AI_CH0	AI_CH1	AI_CH2	AI_CH3
#Sensor 	Force	Current	N/C	Voltage	Lever_Arm_Ratio
#Scaling_Factor	885.739990234375	23.533000946044922	1.0	4.877999782562256	0.6669999957084656
#Sample_Rate	Every 0.05s
#Test_parameter_type	Frequency [Hz]	Start delay [s]	Periods	Phase [rad]	Amplitude [0-1]
#Test_parameters	0.019999999552965164	60.0	5.0	0.0	1.0
04-Jul-2022 16:17:53.527	<begin logging>
04-Jul-2022 16:17:53.553	0.0	0.0	0.0	0.0
04-Jul-2022 16:17:53.579	0.0	-0.001220703125	0.0	-0.0048828125
04-Jul-2022 16:17:53.605	0.0	-0.001220703125	0.0	-0.0048828125
04-Jul-2022 16:17:54.330	0.018310546875	0.059814453125	0.0	-0.037841796875
04-Jul-2022 16:17:54.666	0.01708984375	0.052490234375	-0.001220703125	-0.006103515625
04-Jul-2022 16:17:55.318	0.0189208984375	0.04150390625	0.0	-0.0048828125
04-Jul-2022 16:17:55.659	0.0189208984375	0.047607421875	0.0	-0.008544921875
04-Jul-2022 16:17:56.319	0.018310546875	0.052490234375	0.0	-0.00732421875
04-Jul-2022 16:17:56.662	0.01953125	0.0634765625	0.0	-0.01708984375
04-Jul-2022 16:17:57.317	0.0201416015625	0.05615234375	0.0	0.006103515625
04-Jul-2022 16:17:57.666	0.0201416015625	0.05126953125	-0.001220703125	0.013427734375
04-Jul-2022 16:17:58.323	0.0189208984375	0.062255859375	-0.001220703125	-0.018310546875
04-Jul-2022 16:17:58.659	0.01953125	0.05126953125	0.0	-0.02685546875
04-Jul-2022 16:17:59.322	0.0189208984375	0.05615234375	0.001220703125	-0.08544921875
04-Jul-2022 16:17:59.664	0.0189208984375	0.054931640625	0.0	-0.008544921875
04-Jul-2022 16:18:00.326	0.01953125	0.054931640625	0.0	-0.032958984375
04-Jul-2022 16:18:00.667	0.018310546875	0.05615234375	0.0	-0.03173828125
04-Jul-2022 16:18:01.327	0.01953125	0.064697265625	0.001220703125	-0.028076171875
04-Jul-2022 16:18:01.656	0.0201416015625	0.064697265625	0.0	-0.101318359375
04-Jul-2022 16:18:02.327	0.02197265625	0.05615234375	0.001220703125	-0.01953125
04-Jul-2022 16:18:02.676	0.0177001953125	0.050048828125	0.0	-0.013427734375
04-Jul-2022 16:18:03.325	0.0189208984375	0.05859375	0.0	-0.03173828125
04-Jul-2022 16:18:03.657	0.018310546875	0.0537109375	0.0	-0.001220703125
04-Jul-2022 16:18:04.324	0.01953125	0.052490234375	0.0	-0.01220703125
04-Jul-2022 16:18:04.668	0.020751953125	0.062255859375	0.0	-0.015869140625
04-Jul-2022 16:18:05.329	0.0189208984375	0.05615234375	0.0	0.00244140625
04-Jul-2022 16:18:05.658	0.01953125	0.05615234375	0.0	-0.023193359375
04-Jul-2022 16:18:06.315	0.0189208984375	0.048828125	0.0	0.0
04-Jul-2022 16:18:06.660	0.01953125	0.05126953125	0.0	-0.02197265625
04-Jul-2022 16:18:07.330	0.0177001953125	0.054931640625	0.001220703125	-0.00732421875
04-Jul-2022 16:18:07.665	0.01953125	0.059814453125	0.0	-0.029296875
04-Jul-2022 16:18:08.323	0.0189208984375	0.06591796875	0.0	-0.00244140625
04-Jul-2022 16:18:08.670	0.01953125	0.037841796875	0.0	-0.054931640625
04-Jul-2022 16:18:09.316	0.01953125	0.05859375	0.001220703125	-0.023193359375
04-Jul-2022 16:18:09.662	0.0164794921875	0.05859375	0.0	-0.00732421875
04-Jul-2022 16:18:10.322	0.018310546875	0.064697265625	0.0	-0.072021484375
04-Jul-2022 16:18:10.663	0.0189208984375	0.05615234375	0.001220703125	-0.01708984375
04-Jul-2022 16:18:11.338	0.01953125	0.05126953125	-0.001220703125	0.00244140625
04-Jul-2022 16:18:11.659	0.01953125	0.06591796875	0.0	-0.01708984375
04-Jul-2022 16:18:12.319	0.0189208984375	0.06591796875	0.0	-0.09765625
04-Jul-2022 16:18:12.666	0.018310546875	0.06103515625	0.0	-0.015869140625
04-Jul-2022 16:18:13.326	0.020751953125	0.05615234375	0.0	0.001220703125
04-Jul-2022 16:18:13.663	0.01953125	0.054931640625	-0.001220703125	-0.02197265625
04-Jul-2022 16:18:14.325	0.0189208984375	0.05859375	0.001220703125	-0.02685546875
04-Jul-2022 16:18:14.666	0.01953125	0.048828125	0.0	-0.009765625
04-Jul-2022 16:18:15.320	0.018310546875	0.052490234375	-0.001220703125	-0.020751953125
04-Jul-2022 16:18:15.658	0.0189208984375	0.05859375	0.0	-0.008544921875
04-Jul-2022 16:18:16.319	0.018310546875	0.07080078125	-0.001220703125	-0.00244140625
04-Jul-2022 16:18:16.657	0.01953125	0.0537109375	-0.001220703125	0.00244140625
04-Jul-2022 16:18:17.325	0.0201416015625	0.05615234375	-0.001220703125	-0.032958984375
04-Jul-2022 16:18:17.667	0.01953125	0.054931640625	0.001220703125	-0.0830078125
04-Jul-2022 16:18:18.329	0.01953125	0.064697265625	-0.001220703125	0.003662109375
04-Jul-2022 16:18:18.666	0.0164794921875	0.06591796875	0.0	0.003662109375
04-Jul-2022 16:18:19.320	0.0189208984375	0.06103515625	0.001220703125	-0.030517578125
04-Jul-2022 16:18:19.655	0.02197265625	0.064697265625	0.0	-0.0341796875
04-Jul-2022 16:18:20.322	0.01953125	0.048828125	-0.001220703125	-0.006103515625
04-Jul-2022 16:18:20.670	0.0213623046875	0.068359375	0.0	-0.003662109375
04-Jul-2022 16:18:21.318	0.0201416015625	0.05615234375	0.0	0.0048828125
04-Jul-2022 16:18:21.666	0.01953125	0.054931640625	0.0	-0.00732421875
04-Jul-2022 16:18:22.316	0.0244140625	0.06591796875	-0.001220703125	-0.006103515625
04-Jul-2022 16:18:22.664	0.01953125	0.05859375	0.0	0.001220703125
04-Jul-2022 16:18:23.325	0.0189208984375	0.06591796875	-0.001220703125	-0.008544921875
04-Jul-2022 16:18:23.665	0.01953125	0.04638671875	0.0	-0.006103515625
04-Jul-2022 16:18:24.321	0.0189208984375	0.06591796875	0.001220703125	-0.0244140625
04-Jul-2022 16:18:24.668	0.018310546875	0.05859375	0.0	-0.023193359375
04-Jul-2022 16:18:25.326	0.01953125	0.0537109375	0.0	-0.009765625
04-Jul-2022 16:18:25.660	0.0189208984375	0.059814453125	0.0	-0.00732421875
04-Jul-2022 16:18:26.325	0.018310546875	0.050048828125	-0.001220703125	-0.015869140625
04-Jul-2022 16:18:26.660	0.018310546875	0.052490234375	0.0	-0.02685546875
04-Jul-2022 16:18:27.330	0.02197265625	0.052490234375	0.0	-0.020751953125
04-Jul-2022 16:18:27.661	0.0201416015625	0.062255859375	0.0	-0.08056640625
04-Jul-2022 16:18:28.326	0.0189208984375	0.05859375	0.001220703125	-0.00732421875
04-Jul-2022 16:18:28.660	0.0189208984375	0.05859375	-0.001220703125	-0.010986328125
04-Jul-2022 16:18:29.322	0.02197265625	0.06103515625	-0.001220703125	-0.00732421875
04-Jul-2022 16:18:29.655	0.0189208984375	0.05126953125	-0.001220703125	-0.013427734375
04-Jul-2022 16:18:30.317	0.020751953125	0.045166015625	0.0	0.0
04-Jul-2022 16:18:30.668	0.01953125	0.06591796875	0.0	-0.028076171875
04-Jul-2022 16:18:31.315	0.0189208984375	0.05859375	0.0	0.00244140625
04-Jul-2022 16:18:31.666	0.0250244140625	0.052490234375	0.0	-0.020751953125
04-Jul-2022 16:18:32.319	0.018310546875	0.05859375	0.0	-0.00732421875
04-Jul-2022 16:18:32.669	0.01953125	0.07080078125	0.0	-0.035400390625
04-Jul-2022 16:18:33.316	0.02197265625	0.0439453125	0.0	-0.05859375
04-Jul-2022 16:18:33.666	0.0201416015625	0.052490234375	0.0	0.003662109375
04-Jul-2022 16:18:34.326	0.0189208984375	0.06591796875	0.0	-0.008544921875
04-Jul-2022 16:18:34.661	0.02197265625	0.059814453125	0.0	-0.087890625
04-Jul-2022 16:18:35.315	0.0201416015625	0.059814453125	0.0	-0.00732421875
04-Jul-2022 16:18:35.656	0.0164794921875	0.050048828125	0.0	-0.028076171875
04-Jul-2022 16:18:36.325	0.0189208984375	0.06103515625	0.001220703125	-0.098876953125
04-Jul-2022 16:18:36.667	0.01953125	0.062255859375	0.0	-0.0244140625
04-Jul-2022 16:18:37.328	0.0189208984375	0.04638671875	-0.001220703125	-0.003662109375
04-Jul-2022 16:18:37.657	0.01953125	0.05859375	0.0	-0.020751953125
04-Jul-2022 16:18:38.317	0.018310546875	0.062255859375	0.0	-0.02197265625
04-Jul-2022 16:18:38.660	0.0189208984375	0.06103515625	0.0	-0.093994140625
04-Jul-2022 16:18:39.317	0.0189208984375	0.0537109375	-0.001220703125	0.00244140625
04-Jul-2022 16:18:39.660	0.01953125	0.0634765625	0.001220703125	-0.00732421875
04-Jul-2022 16:18:40.331	0.01953125	0.048828125	0.0	-0.086669921875
04-Jul-2022 16:18:40.659	0.01953125	0.05126953125	0.0	-0.015869140625
04-Jul-2022 16:18:41.330	0.020751953125	0.04638671875	0.0	-0.00244140625
04-Jul-2022 16:18:41.667	0.0201416015625	0.048828125	0.0	-0.003662109375
04-Jul-2022 16:18:42.328	0.0201416015625	0.045166015625	-0.00244140625	-0.008544921875
04-Jul-2022 16:18:42.662	0.0164794921875	0.06103515625	0.0	-0.096435546875
04-Jul-2022 16:18:43.323	0.0177001953125	0.05615234375	0.0	-0.008544921875
04-Jul-2022 16:18:43.659	0.0201416015625	0.0537109375	0.0	-0.008544921875
04-Jul-2022 16:18:44.322	0.0189208984375	0.062255859375	0.0	-0.00732421875
04-Jul-2022 16:18:44.656	0.020751953125	0.052490234375	-0.001220703125	-0.01220703125
04-Jul-2022 16:18:45.325	0.018310546875	0.0634765625	0.0	-0.010986328125
04-Jul-2022 16:18:45.659	0.01953125	0.06103515625	0.0	-0.003662109375
04-Jul-2022 16:18:46.317	0.018310546875	0.069580078125	0.0	-0.0927734375
04-Jul-2022 16:18:46.659	0.0201416015625	0.050048828125	0.0	-0.01220703125
04-Jul-2022 16:18:47.315	0.01708984375	0.0537109375	0.0	-0.00732421875
04-Jul-2022 16:18:47.666	0.020751953125	0.05615234375	0.0	-0.00244140625
04-Jul-2022 16:18:48.326	0.0189208984375	0.054931640625	0.001220703125	-0.09033203125
04-Jul-2022 16:18:48.668	0.01953125	0.059814453125	0.0	-0.029296875
04-Jul-2022 16:18:49.316	0.01953125	0.06103515625	-0.00244140625	-0.013427734375
04-Jul-2022 16:18:49.663	0.0201416015625	0.059814453125	0.0	-0.00244140625
04-Jul-2022 16:18:50.321	0.018310546875	0.042724609375	0.0	-0.068359375
04-Jul-2022 16:18:50.663	0.0213623046875	0.05126953125	0.001220703125	-0.01708984375
04-Jul-2022 16:18:51.323	0.0201416015625	0.04638671875	0.001220703125	-0.008544921875
04-Jul-2022 16:18:51.664	0.0189208984375	0.062255859375	0.0	-0.003662109375
04-Jul-2022 16:18:52.330	0.01953125	0.05615234375	0.0	-0.01953125
04-Jul-2022 16:18:52.663	0.01953125	0.0537109375	0.0	-0.0048828125
04-Jul-2022 16:18:53.325	0.018310546875	0.0732421875	0.0	0.001220703125
04-Jul-2022 16:18:53.667	0.01953125	0.06103515625	0.0	-0.029296875
04-Jul-2022 16:18:54.320	0.0177001953125	0.050048828125	0.001220703125	-0.010986328125
04-Jul-2022 16:18:54.669	0.0213623046875	0.054931640625	0.0	-0.0634765625
04-Jul-2022 16:18:55.326	0.0189208984375	0.05615234375	0.001220703125	-0.008544921875
04-Jul-2022 16:18:55.662	0.0189208984375	0.052490234375	0.0	0.00244140625
04-Jul-2022 16:18:56.316	0.018310546875	0.050048828125	0.0	-0.079345703125
04-Jul-2022 16:18:56.662	0.018310546875	0.05126953125	0.0	-0.02197265625
04-Jul-2022 16:18:57.322	0.0189208984375	0.167236328125	0.0	0.12451171875
04-Jul-2022 16:18:57.661	0.01953125	0.252685546875	0.0	0.1806640625
04-Jul-2022 16:18:58.325	0.020751953125	0.408935546875	0.0	0.3369140625
04-Jul-2022 16:18:58.661	0.01953125	0.484619140625	0.0	0.318603515625
04-Jul-2022 16:18:59.322	0.0201416015625	0.6640625	0.001220703125	0.2490234375
04-Jul-2022 16:18:59.664	0.02197265625	0.74951171875	-0.001220703125	0.32470703125
04-Jul-2022 16:19:00.328	0.0213623046875	0.8935546875	-0.001220703125	0.56640625
04-Jul-2022 16:19:00.667	0.020751953125	0.970458984375	0.0	0.574951171875
04-Jul-2022 16:19:01.316	0.0213623046875	1.080322265625	-0.001220703125	0.653076171875
04-Jul-2022 16:19:01.666	0.0250244140625	1.187744140625	-0.001220703125	0.60791015625
04-Jul-2022 16:19:02.330	0.025634765625	1.336669921875	-0.001220703125	0.885009765625
04-Jul-2022 16:19:02.660	0.028076171875	1.363525390625	-0.001220703125	1.02783203125
04-Jul-2022 16:19:03.320	0.029296875	1.474609375	0.0	1.036376953125
04-Jul-2022 16:19:03.665	0.030517578125	1.56005859375	0.0	1.015625
04-Jul-2022 16:19:04.328	0.0311279296875	1.663818359375	0.0	1.329345703125
04-Jul-2022 16:19:04.658	0.0311279296875	1.708984375	-0.001220703125	1.260986328125
04-Jul-2022 16:19:05.333	0.032958984375	1.790771484375	0.0	1.3134765625
04-Jul-2022 16:19:05.670	0.035400390625	1.822509765625	-0.001220703125	1.4453125
04-Jul-2022 16:19:06.322	0.035400390625	1.915283203125	0.0	1.4794921875
04-Jul-2022 16:19:06.663	0.0384521484375	1.934814453125	-0.001220703125	1.77490234375
04-Jul-2022 16:19:07.326	0.0372314453125	2.003173828125	0.0	1.622314453125
04-Jul-2022 16:19:07.661	0.0384521484375	2.032470703125	0.0	1.739501953125
04-Jul-2022 16:19:08.325	0.0384521484375	2.037353515625	-0.001220703125	1.88232421875
04-Jul-2022 16:19:08.662	0.0384521484375	2.06787109375	-0.001220703125	1.759033203125
04-Jul-2022 16:19:09.330	0.0396728515625	2.064208984375	0.0	1.734619140625
04-Jul-2022 16:19:09.666	0.0372314453125	2.073974609375	-0.001220703125	1.7724609375
04-Jul-2022 16:19:10.322	0.0384521484375	2.076416015625	0.0	1.7724609375
04-Jul-2022 16:19:10.658	0.0396728515625	2.061767578125	0.0	1.71142578125
04-Jul-2022 16:19:11.316	0.0408935546875	2.0361328125	-0.001220703125	1.939697265625
04-Jul-2022 16:19:11.659	0.0384521484375	2.02392578125	-0.001220703125	1.962890625
04-Jul-2022 16:19:12.320	0.0396728515625	2.01416015625	0.0	1.561279296875
04-Jul-2022 16:19:12.665	0.0360107421875	1.998291015625	0.0	1.7431640625
04-Jul-2022 16:19:13.319	0.035400390625	1.9384765625	0.001220703125	1.590576171875
04-Jul-2022 16:19:13.657	0.035400390625	1.910400390625	0.0	1.446533203125
04-Jul-2022 16:19:14.322	0.0335693359375	1.8212890625	-0.001220703125	1.448974609375
04-Jul-2022 16:19:14.662	0.0335693359375	1.7578125	0.0	1.23046875
04-Jul-2022 16:19:15.316	0.0311279296875	1.69189453125	0.0	1.39404296875
04-Jul-2022 16:19:15.668	0.03173828125	1.6259765625	0.0	1.3134765625
04-Jul-2022 16:19:16.330	0.0286865234375	1.546630859375	-0.001220703125	1.07177734375
04-Jul-2022 16:19:16.660	0.0299072265625	1.490478515625	0.0	1.063232421875
04-Jul-2022 16:19:17.320	0.02685546875	1.3720703125	-0.001220703125	0.7861328125
04-Jul-2022 16:19:17.665	0.025634765625	1.30126953125	0.001220703125	0.682373046875
04-Jul-2022 16:19:18.327	0.0250244140625	1.16455078125	-0.001220703125	0.58349609375
04-Jul-2022 16:19:18.660	0.0244140625	1.092529296875	-0.001220703125	0.545654296875
04-Jul-2022 16:19:19.320	0.02197265625	0.9423828125	0.0	0.4736328125
04-Jul-2022 16:19:19.666	0.02197265625	0.885009765625	-0.001220703125	0.457763671875
04-Jul-2022 16:19:20.316	0.020751953125	0.709228515625	-0.001220703125	0.38330078125
04-Jul-2022 16:19:20.657	0.0201416015625	0.63720703125	-0.001220703125	0.31005859375
04-Jul-2022 16:19:21.326	0.020751953125	0.462646484375	0.0	0.181884765625
04-Jul-2022 16:19:21.666	0.0201416015625	0.38818359375	0.0	0.157470703125
04-Jul-2022 16:19:22.318	0.0177001953125	0.23681640625	0.0	0.164794921875
04-Jul-2022 16:19:22.668	0.0189208984375	0.1416015625	-0.001220703125	0.035400390625
04-Jul-2022 16:19:23.320	0.0189208984375	0.009765625	0.0	-0.0146484375
04-Jul-2022 16:19:23.666	0.0189208984375	-0.079345703125	0.0	-0.0732421875
04-Jul-2022 16:19:24.325	0.01953125	-0.2197265625	0.0	-0.1611328125
04-Jul-2022 16:19:24.655	0.020751953125	-0.3076171875	0.0	-0.257568359375
04-Jul-2022 16:19:25.327	0.018310546875	-0.487060546875	0.001220703125	-0.2685546875
04-Jul-2022 16:19:25.665	0.018310546875	-0.5517578125	0.001220703125	-0.18798828125
04-Jul-2022 16:19:26.315	0.0164794921875	-0.711669921875	0.0	-0.450439453125
04-Jul-2022 16:19:26.658	0.018310546875	-0.772705078125	-0.001220703125	-0.565185546875
04-Jul-2022 16:19:27.321	0.0164794921875	-0.927734375	0.0	-0.4638671875
04-Jul-2022 16:19:27.661	0.0164794921875	-0.96435546875	0.001220703125	-0.64453125
04-Jul-2022 16:19:28.324	0.015869140625	-1.10107421875	0.001220703125	-0.633544921875
04-Jul-2022 16:19:28.665	0.0164794921875	-1.1767578125	0.001220703125	-0.7373046875
04-Jul-2022 16:19:29.327	0.01220703125	-1.29638671875	0.001220703125	-0.91064453125
04-Jul-2022 16:19:29.661	0.0146484375	-1.36474609375	0.001220703125	-0.924072265625
04-Jul-2022 16:19:30.322	0.01708984375	-1.46240234375	0.001220703125	-0.97412109375
04-Jul-2022 16:19:30.666	0.01220703125	-1.533203125	0.0	-0.95703125
04-Jul-2022 16:19:31.324	0.008544921875	-1.634521484375	0.001220703125	-1.0693359375
04-Jul-2022 16:19:31.668	0.010986328125	-1.685791015625	0.0	-1.224365234375
04-Jul-2022 16:19:32.328	0.010986328125	-1.73583984375	0.0	-1.4697265625
04-Jul-2022 16:19:32.657	0.0103759765625	-1.77734375	0.0	-1.439208984375
04-Jul-2022 16:19:33.316	0.0103759765625	-1.842041015625	0.001220703125	-1.588134765625
04-Jul-2022 16:19:33.670	0.010986328125	-1.856689453125	0.001220703125	-1.488037109375
04-Jul-2022 16:19:34.321	0.0079345703125	-1.947021484375	0.001220703125	-1.448974609375
04-Jul-2022 16:19:34.669	0.0091552734375	-1.9384765625	0.001220703125	-1.41845703125
04-Jul-2022 16:19:35.321	0.01220703125	-1.90673828125	0.001220703125	-1.556396484375
04-Jul-2022 16:19:35.654	0.0091552734375	-1.93603515625	0.001220703125	-1.641845703125
04-Jul-2022 16:19:36.333	0.009765625	-1.944580078125	0.001220703125	-1.239013671875
04-Jul-2022 16:19:36.668	0.0091552734375	-1.943359375	0.001220703125	-1.539306640625
04-Jul-2022 16:19:37.327	0.009765625	-1.89208984375	0.001220703125	-1.688232421875
04-Jul-2022 16:19:37.655	0.0079345703125	-1.888427734375	-0.001220703125	-1.61376953125
04-Jul-2022 16:19:38.316	0.0103759765625	-1.895751953125	0.001220703125	-1.417236328125
04-Jul-2022 16:19:38.664	0.009765625	-1.873779296875	0.001220703125	-1.41845703125
04-Jul-2022 16:19:39.318	0.0103759765625	-1.82373046875	0.0	-1.474609375
04-Jul-2022 16:19:39.663	0.010986328125	-1.78955078125	0.001220703125	-1.2890625
04-Jul-2022 16:19:40.321	0.010986328125	-1.732177734375	0.001220703125	-1.318359375
04-Jul-2022 16:19:40.663	0.01220703125	-1.685791015625	0.0	-1.2158203125
04-Jul-2022 16:19:41.317	0.0103759765625	-1.585693359375	0.0	-1.0791015625
04-Jul-2022 16:19:41.661	0.013427734375	-1.54296875	0.0	-0.931396484375
04-Jul-2022 16:19:42.319	0.0140380859375	-1.455078125	0.001220703125	-1.094970703125
04-Jul-2022 16:19:42.659	0.0146484375	-1.4013671875	0.001220703125	-0.91064453125
04-Jul-2022 16:19:43.315	0.015869140625	-1.280517578125	0.001220703125	-0.63720703125
04-Jul-2022 16:19:43.659	0.0146484375	-1.2109375	0.0	-0.677490234375
04-Jul-2022 16:19:44.318	0.018310546875	-1.060791015625	0.001220703125	-0.703125
04-Jul-2022 16:19:44.669	0.01708984375	-1.009521484375	0.0	-0.4931640625
04-Jul-2022 16:19:45.325	0.0164794921875	-0.86669921875	0.0	-0.34423828125
04-Jul-2022 16:19:45.668	0.018310546875	-0.8056640625	0.0	-0.333251953125
04-Jul-2022 16:19:46.317	0.0164794921875	-0.64208984375	0.0	-0.194091796875
04-Jul-2022 16:19:46.670	0.018310546875	-0.56884765625	0.001220703125	-0.1953125
04-Jul-2022 16:19:47.319	0.0189208984375	-0.423583984375	0.0	-0.21240234375
04-Jul-2022 16:19:47.663	0.01953125	-0.33935546875	0.0	-0.167236328125
04-Jul-2022 16:19:48.323	0.0201416015625	-0.17822265625	-0.001220703125	-0.113525390625
04-Jul-2022 16:19:48.660	0.01953125	-0.108642578125	-0.001220703125	-0.01220703125
04-Jul-2022 16:19:49.159	0.01953125	-0.108642578125	-0.001220703125	-0.01220703125
04-Jul-2022 16:19:49.329	0.01953125	0.067138671875	0.0	0.069580078125
04-Jul-2022 16:19:49.665	0.0213623046875	0.142822265625	0.0	0.19287109375
04-Jul-2022 16:19:50.268	0.01708984375	0.2685546875	-0.001220703125	0.146484375
04-Jul-2022 16:19:50.344	0.01953125	0.2783203125	0.0	0.179443359375
04-Jul-2022 16:19:50.659	0.018310546875	0.364990234375	-0.00244140625	0.18798828125
04-Jul-2022 16:19:51.258	0.02197265625	0.5224609375	0.0	0.274658203125
04-Jul-2022 16:19:51.332	0.0201416015625	0.533447265625	0.0	0.263671875
04-Jul-2022 16:19:51.656	0.0201416015625	0.58837890625	-0.001220703125	0.335693359375
04-Jul-2022 16:19:52.264	0.02197265625	0.7568359375	0.0	0.399169921875
04-Jul-2022 16:19:52.338	0.020751953125	0.74951171875	-0.00244140625	0.260009765625
04-Jul-2022 16:19:52.661	0.02197265625	0.831298828125	0.001220703125	0.460205078125
04-Jul-2022 16:19:53.257	0.023193359375	0.9814453125	-0.001220703125	0.494384765625
04-Jul-2022 16:19:53.334	0.0225830078125	1.00341796875	0.0	0.491943359375
04-Jul-2022 16:19:53.662	0.0244140625	1.06689453125	-0.001220703125	0.560302734375
04-Jul-2022 16:19:54.265	0.0244140625	1.171875	0.0	0.77392578125
04-Jul-2022 16:19:54.341	0.023193359375	1.17431640625	0.0	0.802001953125
04-Jul-2022 16:19:54.667	0.02685546875	1.25732421875	0.0	0.804443359375
04-Jul-2022 16:19:55.269	0.02685546875	1.36962890625	-0.001220703125	0.880126953125
04-Jul-2022 16:19:55.345	0.02685546875	1.412353515625	0.0	1.007080078125
04-Jul-2022 16:19:55.660	0.028076171875	1.468505859375	0.001220703125	1.09375
04-Jul-2022 16:19:56.256	0.0299072265625	1.55517578125	0.0	1.2646484375
04-Jul-2022 16:19:56.333	0.0299072265625	1.55517578125	0.0	1.2646484375
04-Jul-2022 16:19:56.662	0.030517578125	1.61865234375	0.0	1.173095703125
04-Jul-2022 16:19:57.256	0.03173828125	1.697998046875	0.0	1.3427734375
04-Jul-2022 16:19:57.339	0.03173828125	1.697998046875	0.0	1.3427734375
04-Jul-2022 16:19:57.669	0.032958984375	1.7724609375	0.0	1.490478515625
04-Jul-2022 16:19:58.257	0.0341796875	1.84326171875	0.0	1.463623046875
04-Jul-2022 16:19:58.336	0.0341796875	1.8408203125	-0.001220703125	1.455078125
04-Jul-2022 16:19:58.666	0.035400390625	1.89697265625	0.0	1.73095703125
04-Jul-2022 16:19:59.267	0.03662109375	1.951904296875	0.0	1.561279296875
04-Jul-2022 16:19:59.317	0.035400390625	1.9580078125	-0.001220703125	1.5234375
04-Jul-2022 16:19:59.660	0.03662109375	1.995849609375	0.0	1.798095703125
04-Jul-2022 16:20:00.265	0.0390625	2.03125	0.0	1.817626953125
04-Jul-2022 16:20:00.332	0.0384521484375	2.020263671875	-0.001220703125	1.7431640625
04-Jul-2022 16:20:00.656	0.0384521484375	2.049560546875	-0.001220703125	1.849365234375
04-Jul-2022 16:20:01.256	0.0384521484375	2.083740234375	0.0	1.900634765625
04-Jul-2022 16:20:01.343	0.0384521484375	2.083740234375	0.0	1.900634765625
04-Jul-2022 16:20:01.668	0.0384521484375	2.07763671875	-0.001220703125	1.834716796875
04-Jul-2022 16:20:02.259	0.0384521484375	2.06787109375	0.0	1.729736328125
04-Jul-2022 16:20:02.331	0.0396728515625	2.07275390625	0.0	1.875
04-Jul-2022 16:20:02.659	0.0396728515625	2.0654296875	0.0	1.942138671875
04-Jul-2022 16:20:03.259	0.0396728515625	2.07763671875	0.0	1.70166015625
04-Jul-2022 16:20:03.337	0.0384521484375	2.056884765625	-0.001220703125	1.827392578125
04-Jul-2022 16:20:03.656	0.0390625	2.054443359375	-0.00244140625	1.759033203125
04-Jul-2022 16:20:04.266	0.0372314453125	2.064208984375	-0.001220703125	1.75537109375
04-Jul-2022 16:20:04.342	0.0384521484375	2.0361328125	0.0	1.5576171875
04-Jul-2022 16:20:04.662	0.0384521484375	2.012939453125	0.0	1.829833984375
04-Jul-2022 16:20:05.266	0.0384521484375	1.9873046875	-0.001220703125	1.77490234375
04-Jul-2022 16:20:05.326	0.0372314453125	1.971435546875	-0.00244140625	1.669921875
04-Jul-2022 16:20:05.666	0.032958984375	1.96044921875	0.0	1.5771484375
04-Jul-2022 16:20:06.268	0.0384521484375	1.88232421875	0.0	1.534423828125
04-Jul-2022 16:20:06.344	0.0347900390625	1.890869140625	0.0	1.494140625
04-Jul-2022 16:20:06.664	0.035400390625	1.851806640625	-0.001220703125	1.63818359375
04-Jul-2022 16:20:07.267	0.0323486328125	1.763916015625	0.0	1.383056640625
04-Jul-2022 16:20:07.342	0.0323486328125	1.76513671875	-0.001220703125	1.468505859375
04-Jul-2022 16:20:07.667	0.0323486328125	1.732177734375	0.0	1.275634765625
04-Jul-2022 16:20:08.260	0.030517578125	1.65771484375	0.0	1.173095703125
04-Jul-2022 16:20:08.338	0.0311279296875	1.614990234375	0.0	1.199951171875
04-Jul-2022 16:20:08.654	0.029296875	1.583251953125	-0.001220703125	1.15234375
04-Jul-2022 16:20:09.255	0.0274658203125	1.441650390625	0.0	0.985107421875
04-Jul-2022 16:20:09.326	0.0274658203125	1.441650390625	0.0	0.985107421875
04-Jul-2022 16:20:09.658	0.028076171875	1.397705078125	0.001220703125	0.943603515625
04-Jul-2022 16:20:10.262	0.0262451171875	1.25732421875	-0.001220703125	0.882568359375
04-Jul-2022 16:20:10.374	0.0262451171875	1.270751953125	0.0	0.831298828125
04-Jul-2022 16:20:10.670	0.0244140625	1.204833984375	0.0	0.745849609375
04-Jul-2022 16:20:11.267	0.0244140625	1.06689453125	-0.001220703125	0.548095703125
04-Jul-2022 16:20:11.345	0.0225830078125	1.0546875	0.001220703125	0.51513671875
04-Jul-2022 16:20:11.666	0.0238037109375	1.004638671875	0.0	0.69580078125
04-Jul-2022 16:20:12.266	0.02197265625	0.823974609375	-0.001220703125	0.462646484375
04-Jul-2022 16:20:12.334	0.01953125	0.849609375	0.0	0.355224609375
04-Jul-2022 16:20:12.655	0.01953125	0.770263671875	0.0	0.37353515625
04-Jul-2022 16:20:13.261	0.01953125	0.621337890625	-0.001220703125	0.19287109375
04-Jul-2022 16:20:13.339	0.020751953125	0.609130859375	0.0	0.291748046875
04-Jul-2022 16:20:13.664	0.0201416015625	0.52734375	0.0	0.27099609375
04-Jul-2022 16:20:14.277	0.01953125	0.3662109375	0.001220703125	0.108642578125
04-Jul-2022 16:20:14.352	0.01953125	0.37109375	0.0	0.164794921875
04-Jul-2022 16:20:14.655	0.0189208984375	0.26123046875	-0.001220703125	0.152587890625
04-Jul-2022 16:20:15.268	0.018310546875	0.128173828125	0.0	0.064697265625
04-Jul-2022 16:20:15.320	0.0189208984375	0.107421875	0.0	0.059814453125
04-Jul-2022 16:20:15.660	0.01953125	0.0390625	0.0	-0.048828125
04-Jul-2022 16:20:16.264	0.018310546875	-0.107421875	0.001220703125	-0.162353515625
04-Jul-2022 16:20:16.316	0.0189208984375	-0.103759765625	0.0	-0.067138671875
04-Jul-2022 16:20:16.657	0.0189208984375	-0.203857421875	-0.001220703125	-0.098876953125
04-Jul-2022 16:20:17.263	0.015869140625	-0.33203125	0.0	-0.13916015625
04-Jul-2022 16:20:17.335	0.018310546875	-0.3466796875	0.0	-0.157470703125
04-Jul-2022 16:20:17.670	0.015869140625	-0.430908203125	0.0	-0.208740234375
04-Jul-2022 16:20:18.266	0.0177001953125	-0.596923828125	0.0	-0.367431640625
04-Jul-2022 16:20:18.340	0.018310546875	-0.574951171875	0.00244140625	-0.224609375
04-Jul-2022 16:20:18.664	0.0189208984375	-0.677490234375	0.001220703125	-0.286865234375
04-Jul-2022 16:20:19.260	0.0177001953125	-0.811767578125	0.001220703125	-0.4736328125
04-Jul-2022 16:20:19.336	0.015869140625	-0.804443359375	0.0	-0.3076171875
04-Jul-2022 16:20:19.658	0.0177001953125	-0.869140625	0.001220703125	-0.4443359375
04-Jul-2022 16:20:20.268	0.015869140625	-1.01318359375	0.001220703125	-0.528564453125
04-Jul-2022 16:20:20.341	0.01708984375	-1.036376953125	0.001220703125	-0.64453125
04-Jul-2022 16:20:20.667	0.0164794921875	-1.09619140625	0.0	-0.723876953125
04-Jul-2022 16:20:21.260	0.0140380859375	-1.187744140625	0.001220703125	-0.78857421875
04-Jul-2022 16:20:21.330	0.015869140625	-1.195068359375	0.001220703125	-0.76171875
04-Jul-2022 16:20:21.663	0.0146484375	-1.258544921875	0.001220703125	-0.853271484375
04-Jul-2022 16:20:22.269	0.0140380859375	-1.3623046875	0.0	-0.97900390625
04-Jul-2022 16:20:22.344	0.0177001953125	-1.38671875	0.001220703125	-0.914306640625
04-Jul-2022 16:20:22.665	0.0140380859375	-1.431884765625	0.001220703125	-1.138916015625
04-Jul-2022 16:20:23.262	0.0140380859375	-1.524658203125	0.001220703125	-1.119384765625
04-Jul-2022 16:20:23.332	0.013427734375	-1.553955078125	0.001220703125	-1.099853515625
04-Jul-2022 16:20:23.668	0.0146484375	-1.597900390625	0.001220703125	-1.1181640625
04-Jul-2022 16:20:24.269	0.01220703125	-1.697998046875	0.001220703125	-1.241455078125
04-Jul-2022 16:20:24.346	0.01220703125	-1.676025390625	0.0	-1.23779296875
04-Jul-2022 16:20:24.660	0.0146484375	-1.719970703125	0.0	-1.304931640625
04-Jul-2022 16:20:25.260	0.0103759765625	-1.8017578125	0.001220703125	-1.318359375
04-Jul-2022 16:20:25.334	0.01220703125	-1.7724609375	0.001220703125	-1.304931640625
04-Jul-2022 16:20:25.664	0.010986328125	-1.807861328125	0.001220703125	-1.3525390625
04-Jul-2022 16:20:26.270	0.0103759765625	-1.85791015625	0.001220703125	-1.34765625
04-Jul-2022 16:20:26.349	0.0091552734375	-1.873779296875	0.0	-1.387939453125
04-Jul-2022 16:20:26.661	0.009765625	-1.903076171875	0.0	-1.480712890625
04-Jul-2022 16:20:27.257	0.0103759765625	-1.91162109375	0.001220703125	-1.558837890625
04-Jul-2022 16:20:27.329	0.0091552734375	-1.93359375	0.0	-1.395263671875
04-Jul-2022 16:20:27.661	0.0103759765625	-1.93359375	0.001220703125	-1.322021484375
04-Jul-2022 16:20:28.265	0.0091552734375	-1.93359375	0.001220703125	-1.6357421875
04-Jul-2022 16:20:28.341	0.0115966796875	-1.9384765625	0.001220703125	-1.41845703125
04-Jul-2022 16:20:28.660	0.009765625	-1.94091796875	0.001220703125	-1.695556640625
04-Jul-2022 16:20:29.261	0.0091552734375	-1.93603515625	0.001220703125	-1.761474609375
04-Jul-2022 16:20:29.338	0.0091552734375	-1.937255859375	0.001220703125	-1.630859375
04-Jul-2022 16:20:29.664	0.0091552734375	-1.92626953125	0.001220703125	-1.50146484375
04-Jul-2022 16:20:30.262	0.0091552734375	-1.898193359375	0.001220703125	-1.375732421875
04-Jul-2022 16:20:30.336	0.009765625	-1.90673828125	0.001220703125	-1.8505859375
04-Jul-2022 16:20:30.665	0.009765625	-1.890869140625	0.001220703125	-1.370849609375
04-Jul-2022 16:20:31.257	0.0115966796875	-1.866455078125	0.0	-1.583251953125
04-Jul-2022 16:20:31.324	0.01220703125	-1.868896484375	0.001220703125	-1.414794921875
04-Jul-2022 16:20:31.662	0.0103759765625	-1.832275390625	0.001220703125	-1.58203125
04-Jul-2022 16:20:32.258	0.0103759765625	-1.7724609375	0.0	-1.220703125
04-Jul-2022 16:20:32.329	0.0103759765625	-1.7724609375	0.0	-1.220703125
04-Jul-2022 16:20:32.656	0.0115966796875	-1.74072265625	0.0	-1.356201171875
04-Jul-2022 16:20:33.263	0.009765625	-1.673583984375	0.001220703125	-1.2109375
04-Jul-2022 16:20:33.335	0.0115966796875	-1.650390625	0.0	-1.20361328125
04-Jul-2022 16:20:33.657	0.010986328125	-1.614990234375	0.0	-1.24267578125
04-Jul-2022 16:20:34.267	0.013427734375	-1.53076171875	0.001220703125	-1.099853515625
04-Jul-2022 16:20:34.339	0.01220703125	-1.519775390625	0.0	-1.24267578125
04-Jul-2022 16:20:34.656	0.0140380859375	-1.456298828125	0.001220703125	-1.107177734375
04-Jul-2022 16:20:35.270	0.013427734375	-1.34765625	0.001220703125	-0.84716796875
04-Jul-2022 16:20:35.345	0.0146484375	-1.358642578125	0.0	-0.91796875
04-Jul-2022 16:20:35.668	0.0146484375	-1.314697265625	0.0	-0.853271484375
04-Jul-2022 16:20:36.269	0.015869140625	-1.221923828125	0.001220703125	-0.789794921875
04-Jul-2022 16:20:36.367	0.0152587890625	-1.20361328125	0.0	-0.838623046875
04-Jul-2022 16:20:36.662	0.01708984375	-1.116943359375	0.001220703125	-0.68603515625
04-Jul-2022 16:20:37.261	0.018310546875	-1.024169921875	0.001220703125	-0.58837890625
04-Jul-2022 16:20:37.340	0.015869140625	-0.982666015625	0.001220703125	-0.6396484375
04-Jul-2022 16:20:37.661	0.0164794921875	-0.894775390625	0.001220703125	-0.450439453125
04-Jul-2022 16:20:38.260	0.01708984375	-0.771484375	0.0	-0.574951171875
04-Jul-2022 16:20:38.335	0.0201416015625	-0.76416015625	0.0	-0.379638671875
04-Jul-2022 16:20:38.663	0.0177001953125	-0.701904296875	0.001220703125	-0.3466796875
04-Jul-2022 16:20:39.266	0.0189208984375	-0.55419921875	0.0	-0.12451171875
04-Jul-2022 16:20:39.340	0.01953125	-0.540771484375	0.0	-0.4833984375
04-Jul-2022 16:20:39.661	0.0164794921875	-0.4833984375	0.0	-0.1806640625
04-Jul-2022 16:20:40.256	0.018310546875	-0.318603515625	0.001220703125	-0.247802734375
04-Jul-2022 16:20:40.329	0.018310546875	-0.318603515625	0.001220703125	-0.247802734375
04-Jul-2022 16:20:40.657	0.01953125	-0.228271484375	0.001220703125	-0.0634765625
04-Jul-2022 16:20:41.257	0.0189208984375	-0.089111328125	-0.001220703125	-0.050048828125
04-Jul-2022 16:20:41.320	0.0189208984375	-0.089111328125	-0.001220703125	-0.050048828125
04-Jul-2022 16:20:41.665	0.01953125	0.0146484375	-0.001220703125	0.0146484375
04-Jul-2022 16:20:41.739	0.01953125	0.0146484375	-0.001220703125	0.0146484375
04-Jul-2022 16:20:42.262	0.018310546875	0.1611328125	0.0	0.10498046875
04-Jul-2022 16:20:42.340	0.01953125	0.1513671875	0.0	0.146484375
04-Jul-2022 16:20:42.662	0.01953125	0.242919921875	0.0	0.15869140625
04-Jul-2022 16:20:42.802	0.018310546875	0.272216796875	-0.001220703125	0.19775390625
04-Jul-2022 16:20:43.257	0.01953125	0.394287109375	0.0	0.223388671875
04-Jul-2022 16:20:43.315	0.01953125	0.40283203125	0.0	0.206298828125
04-Jul-2022 16:20:43.669	0.01953125	0.49560546875	0.0	0.230712890625
04-Jul-2022 16:20:43.808	0.020751953125	0.540771484375	0.0	0.35400390625
04-Jul-2022 16:20:44.261	0.0225830078125	0.6396484375	0.0	0.390625
04-Jul-2022 16:20:44.342	0.0213623046875	0.625	0.0	0.220947265625
04-Jul-2022 16:20:44.676	0.0213623046875	0.72509765625	0.0	0.41748046875
04-Jul-2022 16:20:44.817	0.0201416015625	0.771484375	0.0	0.447998046875
04-Jul-2022 16:20:45.264	0.0225830078125	0.889892578125	0.0	0.411376953125
04-Jul-2022 16:20:45.339	0.0225830078125	0.85693359375	-0.001220703125	0.59814453125
04-Jul-2022 16:20:45.662	0.023193359375	0.966796875	-0.001220703125	0.474853515625
04-Jul-2022 16:20:45.805	0.0244140625	0.9912109375	-0.001220703125	0.44677734375
04-Jul-2022 16:20:46.262	0.0244140625	1.048583984375	-0.001220703125	0.689697265625
04-Jul-2022 16:20:46.321	0.0244140625	1.10595703125	0.001220703125	0.731201171875
04-Jul-2022 16:20:46.666	0.0250244140625	1.1865234375	0.0	0.7080078125
04-Jul-2022 16:20:46.805	0.023193359375	1.181640625	0.001220703125	0.6494140625
04-Jul-2022 16:20:47.263	0.0262451171875	1.26953125	0.0	0.73974609375
04-Jul-2022 16:20:47.342	0.025634765625	1.31591796875	-0.001220703125	0.867919921875
04-Jul-2022 16:20:47.661	0.02685546875	1.38671875	-0.001220703125	0.928955078125
04-Jul-2022 16:20:47.795	0.0274658203125	1.370849609375	0.0	0.972900390625
04-Jul-2022 16:20:48.263	0.0274658203125	1.45263671875	-0.001220703125	1.03759765625
04-Jul-2022 16:20:48.337	0.0274658203125	1.483154296875	0.0	0.887451171875
04-Jul-2022 16:20:48.664	0.0299072265625	1.5625	-0.001220703125	1.109619140625
04-Jul-2022 16:20:48.802	0.0299072265625	1.56005859375	0.0	1.18896484375
04-Jul-2022 16:20:49.256	0.0311279296875	1.640625	0.0	1.15966796875
04-Jul-2022 16:20:49.335	0.029296875	1.6455078125	0.0	1.116943359375
04-Jul-2022 16:20:49.660	0.032958984375	1.70654296875	0.0	1.141357421875
04-Jul-2022 16:20:49.802	0.0311279296875	1.72607421875	0.0	1.33544921875
04-Jul-2022 16:20:50.261	0.0323486328125	1.77734375	-0.001220703125	1.38427734375
04-Jul-2022 16:20:50.340	0.0335693359375	1.787109375	-0.001220703125	1.356201171875
04-Jul-2022 16:20:50.665	0.0341796875	1.83349609375	-0.001220703125	1.34033203125
04-Jul-2022 16:20:50.804	0.0341796875	1.84326171875	0.0	1.3525390625
04-Jul-2022 16:20:51.255	0.0347900390625	1.898193359375	-0.001220703125	1.56005859375
04-Jul-2022 16:20:51.321	0.035400390625	1.89453125	0.0	1.42333984375
04-Jul-2022 16:20:51.664	0.0347900390625	1.932373046875	0.0	1.57958984375
04-Jul-2022 16:20:51.799	0.035400390625	1.94580078125	-0.001220703125	1.63330078125
04-Jul-2022 16:20:52.267	0.0372314453125	1.97998046875	0.0	1.632080078125
04-Jul-2022 16:20:52.341	0.0360107421875	1.983642578125	0.0	1.650390625
04-Jul-2022 16:20:52.664	0.0390625	2.015380859375	0.0	1.580810546875
04-Jul-2022 16:20:52.805	0.032958984375	2.03369140625	0.0	1.70654296875
04-Jul-2022 16:20:53.262	0.0384521484375	2.05078125	0.0	1.495361328125
04-Jul-2022 16:20:53.339	0.0384521484375	2.047119140625	-0.001220703125	1.864013671875
04-Jul-2022 16:20:53.666	0.03662109375	2.0703125	0.0	1.646728515625
04-Jul-2022 16:20:53.801	0.0384521484375	2.071533203125	0.0	1.91650390625
04-Jul-2022 16:20:54.267	0.0390625	2.073974609375	-0.001220703125	1.88720703125
04-Jul-2022 16:20:54.335	0.0372314453125	2.05810546875	-0.001220703125	1.78955078125
04-Jul-2022 16:20:54.660	0.0384521484375	2.0654296875	-0.001220703125	1.688232421875
04-Jul-2022 16:20:54.808	0.0372314453125	2.061767578125	0.0	1.72119140625
04-Jul-2022 16:20:55.257	0.0372314453125	2.066650390625	0.0	1.893310546875
04-Jul-2022 16:20:55.316	0.0372314453125	2.0751953125	0.0	1.787109375
04-Jul-2022 16:20:55.669	0.0384521484375	2.07275390625	0.0	1.7919921875
04-Jul-2022 16:20:55.796	0.0396728515625	2.05078125	0.0	1.69189453125
04-Jul-2022 16:20:56.256	0.032958984375	2.047119140625	-0.001220703125	1.649169921875
04-Jul-2022 16:20:56.328	0.0384521484375	2.052001953125	-0.001220703125	1.807861328125
04-Jul-2022 16:20:56.656	0.0384521484375	2.047119140625	0.0	1.62109375
04-Jul-2022 16:20:56.803	0.03662109375	2.056884765625	0.0	1.44775390625
04-Jul-2022 16:20:57.262	0.0360107421875	2.025146484375	0.0	1.790771484375
04-Jul-2022 16:20:57.334	0.0360107421875	2.02392578125	-0.001220703125	1.710205078125
04-Jul-2022 16:20:57.660	0.0360107421875	2.00927734375	0.0	1.705322265625
04-Jul-2022 16:20:57.808	0.03662109375	1.97998046875	-0.001220703125	1.697998046875
04-Jul-2022 16:20:58.267	0.035400390625	1.944580078125	0.0	1.546630859375
04-Jul-2022 16:20:58.339	0.035400390625	1.932373046875	-0.001220703125	1.436767578125
04-Jul-2022 16:20:58.662	0.035400390625	1.90673828125	0.001220703125	1.640625
04-Jul-2022 16:20:58.803	0.035400390625	1.885986328125	0.0	1.629638671875
04-Jul-2022 16:20:59.261	0.0335693359375	1.827392578125	0.001220703125	1.59423828125
04-Jul-2022 16:20:59.345	0.0323486328125	1.839599609375	0.001220703125	1.51123046875
04-Jul-2022 16:20:59.669	0.032958984375	1.783447265625	0.0	1.256103515625
04-Jul-2022 16:20:59.796	0.03173828125	1.768798828125	0.0	1.365966796875
04-Jul-2022 16:21:00.265	0.03173828125	1.680908203125	0.0	1.31103515625
04-Jul-2022 16:21:00.341	0.0311279296875	1.702880859375	0.0	1.373291015625
04-Jul-2022 16:21:00.662	0.030517578125	1.64306640625	0.0	1.2353515625
04-Jul-2022 16:21:00.807	0.030517578125	1.611328125	-0.001220703125	1.18408203125
04-Jul-2022 16:21:01.261	0.0299072265625	1.563720703125	0.0	1.16943359375
04-Jul-2022 16:21:01.338	0.029296875	1.5380859375	-0.001220703125	1.136474609375
04-Jul-2022 16:21:01.663	0.030517578125	1.50146484375	0.0	1.05224609375
04-Jul-2022 16:21:01.807	0.0286865234375	1.466064453125	0.0	1.01318359375
04-Jul-2022 16:21:02.265	0.0262451171875	1.3623046875	0.001220703125	0.943603515625
04-Jul-2022 16:21:02.335	0.0262451171875	1.3671875	-0.001220703125	0.888671875
04-Jul-2022 16:21:02.657	0.0262451171875	1.297607421875	0.0	0.928955078125
04-Jul-2022 16:21:02.798	0.028076171875	1.2744140625	0.0	0.758056640625
04-Jul-2022 16:21:03.269	0.02197265625	1.195068359375	0.001220703125	0.8447265625
04-Jul-2022 16:21:03.340	0.029296875	1.15966796875	-0.001220703125	0.56396484375
04-Jul-2022 16:21:03.661	0.0244140625	1.082763671875	0.0	0.68115234375
04-Jul-2022 16:21:03.801	0.020751953125	1.051025390625	0.0	0.57861328125
04-Jul-2022 16:21:04.259	0.0225830078125	0.955810546875	0.0	0.6201171875
04-Jul-2022 16:21:04.323	0.0225830078125	0.977783203125	0.0	0.302734375
04-Jul-2022 16:21:04.657	0.0225830078125	0.872802734375	-0.001220703125	0.4833984375
04-Jul-2022 16:21:04.807	0.0225830078125	0.83251953125	0.0	0.40283203125
04-Jul-2022 16:21:05.266	0.0213623046875	0.736083984375	-0.001220703125	0.341796875
04-Jul-2022 16:21:05.342	0.020751953125	0.718994140625	0.0	0.2685546875
04-Jul-2022 16:21:05.663	0.0201416015625	0.64453125	0.0	0.26611328125
04-Jul-2022 16:21:05.804	0.01953125	0.611572265625	0.0	0.25146484375
04-Jul-2022 16:21:06.267	0.01953125	0.491943359375	0.0	0.29541015625
04-Jul-2022 16:21:06.339	0.0201416015625	0.491943359375	-0.001220703125	0.205078125
04-Jul-2022 16:21:06.661	0.01953125	0.40771484375	-0.001220703125	0.152587890625
04-Jul-2022 16:21:06.802	0.0201416015625	0.389404296875	-0.001220703125	0.2197265625
04-Jul-2022 16:21:07.269	0.01953125	0.260009765625	-0.001220703125	0.11962890625
04-Jul-2022 16:21:07.344	0.0189208984375	0.252685546875	0.0	0.118408203125
04-Jul-2022 16:21:07.665	0.0201416015625	0.15380859375	0.0	0.081787109375
04-Jul-2022 16:21:07.805	0.0189208984375	0.142822265625	-0.001220703125	0.054931640625
04-Jul-2022 16:21:08.266	0.01953125	0.028076171875	0.0	-0.035400390625
04-Jul-2022 16:21:08.342	0.01953125	0.01220703125	0.001220703125	-0.029296875
04-Jul-2022 16:21:08.661	0.0189208984375	-0.07080078125	-0.001220703125	-0.05859375
04-Jul-2022 16:21:08.823	0.0189208984375	-0.10498046875	0.0	-0.09521484375
04-Jul-2022 16:21:09.268	0.01953125	-0.208740234375	0.0	-0.21240234375
04-Jul-2022 16:21:09.316	0.01953125	-0.21484375	0.0	-0.179443359375
04-Jul-2022 16:21:09.658	0.020751953125	-0.301513671875	-0.001220703125	-0.24169921875
04-Jul-2022 16:21:09.803	0.0189208984375	-0.3369140625	0.0	-0.186767578125
04-Jul-2022 16:21:10.270	0.0189208984375	-0.457763671875	0.001220703125	-0.2294921875
04-Jul-2022 16:21:10.343	0.0177001953125	-0.44677734375	0.0	-0.299072265625
04-Jul-2022 16:21:10.656	0.01708984375	-0.533447265625	0.001220703125	-0.250244140625
04-Jul-2022 16:21:10.802	0.018310546875	-0.55908203125	-0.001220703125	-0.301513671875
04-Jul-2022 16:21:11.261	0.018310546875	-0.673828125	-0.001220703125	-0.452880859375
04-Jul-2022 16:21:11.332	0.018310546875	-0.699462890625	0.0	-0.54931640625
04-Jul-2022 16:21:11.667	0.0164794921875	-0.78857421875	0.0	-0.421142578125
04-Jul-2022 16:21:11.801	0.01708984375	-0.8203125	0.001220703125	-0.60302734375
04-Jul-2022 16:21:12.263	0.0164794921875	-0.89111328125	-0.001220703125	-0.537109375
04-Jul-2022 16:21:12.337	0.0164794921875	-0.9326171875	0.001220703125	-0.555419921875
04-Jul-2022 16:21:12.659	0.015869140625	-0.96923828125	-0.001220703125	-0.648193359375
04-Jul-2022 16:21:12.803	0.0152587890625	-1.0009765625	0.0	-0.517578125
04-Jul-2022 16:21:13.255	0.0152587890625	-1.092529296875	0.001220703125	-0.60302734375
04-Jul-2022 16:21:13.326	0.0146484375	-1.112060546875	0.001220703125	-0.770263671875
04-Jul-2022 16:21:13.663	0.0146484375	-1.168212890625	0.0	-0.731201171875
04-Jul-2022 16:21:13.809	0.0152587890625	-1.214599609375	0.001220703125	-0.869140625
04-Jul-2022 16:21:14.261	0.015869140625	-1.30126953125	0.001220703125	-0.97900390625
04-Jul-2022 16:21:14.325	0.0189208984375	-1.29638671875	0.0	-0.989990234375
04-Jul-2022 16:21:14.667	0.01220703125	-1.341552734375	0.0	-0.96923828125
04-Jul-2022 16:21:14.810	0.013427734375	-1.39892578125	0.0	-0.875244140625
04-Jul-2022 16:21:15.263	0.013427734375	-1.44775390625	0.0	-1.209716796875
04-Jul-2022 16:21:15.333	0.01220703125	-1.48193359375	0.001220703125	-1.004638671875
04-Jul-2022 16:21:15.659	0.01220703125	-1.519775390625	0.0	-1.121826171875
04-Jul-2022 16:21:15.795	0.01220703125	-1.558837890625	0.001220703125	-1.09130859375
04-Jul-2022 16:21:16.259	0.009765625	-1.6064453125	0.001220703125	-1.3720703125
04-Jul-2022 16:21:16.331	0.01220703125	-1.595458984375	0.0	-1.224365234375
04-Jul-2022 16:21:16.670	0.0115966796875	-1.671142578125	0.001220703125	-1.361083984375
04-Jul-2022 16:21:16.800	0.01220703125	-1.676025390625	0.0	-1.258544921875
04-Jul-2022 16:21:17.266	0.018310546875	-1.717529296875	0.001220703125	-1.43310546875
04-Jul-2022 16:21:17.326	0.009765625	-1.734619140625	0.0	-1.39404296875
04-Jul-2022 16:21:17.656	0.0115966796875	-1.76513671875	0.0	-1.4306640625
04-Jul-2022 16:21:17.804	0.0103759765625	-1.77978515625	0.0	-1.319580078125
04-Jul-2022 16:21:18.259	0.009765625	-1.834716796875	0.001220703125	-1.439208984375
04-Jul-2022 16:21:18.332	0.009765625	-1.839599609375	0.001220703125	-1.59912109375
04-Jul-2022 16:21:18.655	0.0103759765625	-1.868896484375	0.0	-1.546630859375
04-Jul-2022 16:21:18.809	0.0103759765625	-1.8798828125	0.001220703125	-1.4697265625
04-Jul-2022 16:21:19.263	0.0103759765625	-1.893310546875	0.001220703125	-1.5234375
04-Jul-2022 16:21:19.337	0.010986328125	-1.92138671875	0.001220703125	-1.49658203125
04-Jul-2022 16:21:19.658	0.009765625	-1.890869140625	0.001220703125	-1.80908203125
04-Jul-2022 16:21:19.806	0.0091552734375	-1.9384765625	0.001220703125	-1.524658203125
04-Jul-2022 16:21:20.258	0.0091552734375	-1.9482421875	0.001220703125	-1.702880859375
04-Jul-2022 16:21:20.316	0.0079345703125	-1.942138671875	0.001220703125	-1.409912109375
04-Jul-2022 16:21:20.657	0.0103759765625	-1.93603515625	0.0	-1.627197265625
04-Jul-2022 16:21:20.805	0.009765625	-1.937255859375	0.0	-1.650390625
04-Jul-2022 16:21:21.266	0.0091552734375	-1.949462890625	0.0	-1.595458984375
04-Jul-2022 16:21:21.340	0.0103759765625	-1.94580078125	0.001220703125	-1.607666015625
04-Jul-2022 16:21:21.668	0.009765625	-1.93115234375	0.001220703125	-1.54541015625
04-Jul-2022 16:21:21.800	0.0103759765625	-1.93603515625	0.001220703125	-1.57958984375
04-Jul-2022 16:21:22.278	0.0091552734375	-1.93603515625	0.001220703125	-1.732177734375
04-Jul-2022 16:21:22.325	0.0103759765625	-1.937255859375	0.0	-1.668701171875
04-Jul-2022 16:21:22.655	0.010986328125	-1.895751953125	-0.001220703125	-1.768798828125
04-Jul-2022 16:21:22.808	0.0103759765625	-1.9091796875	0.001220703125	-1.688232421875
04-Jul-2022 16:21:23.268	0.009765625	-1.905517578125	0.001220703125	-1.60888671875
04-Jul-2022 16:21:23.341	0.0091552734375	-1.8994140625	0.0	-1.575927734375
04-Jul-2022 16:21:23.657	0.0103759765625	-1.868896484375	0.001220703125	-1.53076171875
04-Jul-2022 16:21:23.797	0.009765625	-1.875	0.0	-1.483154296875
04-Jul-2022 16:21:24.267	0.0103759765625	-1.822509765625	0.0	-1.34521484375
04-Jul-2022 16:21:24.338	0.0103759765625	-1.842041015625	0.001220703125	-1.58447265625
04-Jul-2022 16:21:24.662	0.009765625	-1.776123046875	0.001220703125	-1.422119140625
04-Jul-2022 16:21:24.802	0.010986328125	-1.7724609375	0.001220703125	-1.368408203125
04-Jul-2022 16:21:25.261	0.008544921875	-1.734619140625	0.001220703125	-1.18408203125
04-Jul-2022 16:21:25.335	0.0103759765625	-1.7333984375	0.001220703125	-1.17919921875
04-Jul-2022 16:21:25.660	0.010986328125	-1.69189453125	0.001220703125	-1.343994140625
04-Jul-2022 16:21:25.801	0.0103759765625	-1.66015625	0.001220703125	-1.295166015625
04-Jul-2022 16:21:26.258	0.009765625	-1.600341796875	0.001220703125	-1.123046875
04-Jul-2022 16:21:26.332	0.010986328125	-1.600341796875	0.001220703125	-1.212158203125
04-Jul-2022 16:21:26.660	0.013427734375	-1.549072265625	0.001220703125	-1.053466796875
04-Jul-2022 16:21:26.808	0.013427734375	-1.510009765625	0.001220703125	-1.138916015625
04-Jul-2022 16:21:27.261	0.013427734375	-1.441650390625	0.0	-1.072998046875
04-Jul-2022 16:21:27.338	0.0146484375	-1.473388671875	0.001220703125	-1.016845703125
04-Jul-2022 16:21:27.663	0.0140380859375	-1.37451171875	0.001220703125	-0.8642578125
04-Jul-2022 16:21:27.799	0.0146484375	-1.387939453125	0.0	-0.924072265625
04-Jul-2022 16:21:28.257	0.0146484375	-1.282958984375	0.0	-0.71533203125
04-Jul-2022 16:21:28.327	0.0152587890625	-1.280517578125	0.001220703125	-0.869140625
04-Jul-2022 16:21:28.656	0.0164794921875	-1.209716796875	0.00244140625	-0.67138671875
04-Jul-2022 16:21:28.795	0.0164794921875	-1.192626953125	0.001220703125	-0.67138671875
04-Jul-2022 16:21:29.257	0.015869140625	-1.077880859375	0.001220703125	-0.6103515625
04-Jul-2022 16:21:29.333	0.015869140625	-1.077880859375	0.001220703125	-0.6103515625
04-Jul-2022 16:21:29.656	0.01953125	-1.024169921875	0.0	-0.618896484375
04-Jul-2022 16:21:29.804	0.0164794921875	-1.024169921875	0.001220703125	-0.604248046875
04-Jul-2022 16:21:30.266	0.018310546875	-0.875244140625	0.0	-0.48828125
04-Jul-2022 16:21:30.336	0.01708984375	-0.88623046875	0.0	-0.516357421875
04-Jul-2022 16:21:30.668	0.01708984375	-0.809326171875	0.0	-0.34423828125
04-Jul-2022 16:21:30.796	0.015869140625	-0.758056640625	0.0	-0.367431640625
04-Jul-2022 16:21:31.268	0.0177001953125	-0.655517578125	0.0	-0.20751953125
04-Jul-2022 16:21:31.341	0.018310546875	-0.6689453125	0.001220703125	-0.457763671875
04-Jul-2022 16:21:31.665	0.018310546875	-0.587158203125	0.0	-0.260009765625
04-Jul-2022 16:21:31.806	0.018310546875	-0.560302734375	0.001220703125	-0.33447265625
04-Jul-2022 16:21:32.267	0.018310546875	-0.435791015625	0.0	-0.28076171875
04-Jul-2022 16:21:32.340	0.018310546875	-0.44921875	-0.001220703125	-0.16357421875
04-Jul-2022 16:21:32.665	0.0189208984375	-0.361328125	0.001220703125	-0.185546875
04-Jul-2022 16:21:32.806	0.020751953125	-0.322265625	0.0	-0.14892578125
04-Jul-2022 16:21:33.267	0.0189208984375	-0.1953125	0.0	-0.00244140625
04-Jul-2022 16:21:33.334	0.01953125	-0.20751953125	0.001220703125	-0.1513671875
04-Jul-2022 16:21:33.657	0.01953125	-0.1123046875	0.0	-0.048828125
04-Jul-2022 16:21:33.803	0.0189208984375	-0.079345703125	0.0	0.01220703125
04-Jul-2022 16:21:34.189	0.0189208984375	-0.079345703125	0.0	0.01220703125
04-Jul-2022 16:21:34.320	0.018310546875	0.067138671875	0.0	0.048828125
04-Jul-2022 16:21:34.657	0.018310546875	0.120849609375	0.0	0.118408203125
04-Jul-2022 16:21:34.804	0.0201416015625	0.145263671875	0.0	0.142822265625
04-Jul-2022 16:21:35.297	0.0177001953125	0.281982421875	0.0	0.162353515625
04-Jul-2022 16:21:35.368	0.01953125	0.28076171875	0.0	0.155029296875
04-Jul-2022 16:21:35.658	0.020751953125	0.35888671875	0.001220703125	0.2392578125
04-Jul-2022 16:21:35.808	0.018310546875	0.384521484375	0.0	0.2001953125
04-Jul-2022 16:21:36.291	0.0201416015625	0.52001953125	-0.001220703125	0.247802734375
04-Jul-2022 16:21:36.356	0.0201416015625	0.50537109375	0.0	0.274658203125
04-Jul-2022 16:21:36.656	0.01953125	0.6103515625	0.0	0.257568359375
04-Jul-2022 16:21:36.796	0.020751953125	0.623779296875	-0.001220703125	0.32470703125
04-Jul-2022 16:21:37.297	0.020751953125	0.732421875	0.0	0.3369140625
04-Jul-2022 16:21:37.371	0.020751953125	0.755615234375	0.0	0.460205078125
04-Jul-2022 16:21:37.656	0.02197265625	0.8203125	-0.00244140625	0.413818359375
04-Jul-2022 16:21:37.797	0.023193359375	0.865478515625	0.0	0.457763671875
04-Jul-2022 16:21:38.298	0.0238037109375	0.986328125	-0.001220703125	0.516357421875
04-Jul-2022 16:21:38.367	0.0225830078125	0.9619140625	0.001220703125	0.472412109375
04-Jul-2022 16:21:38.662	0.0250244140625	1.07421875	0.0	0.577392578125
04-Jul-2022 16:21:38.797	0.02685546875	1.05224609375	-0.001220703125	0.631103515625
04-Jul-2022 16:21:39.286	0.025634765625	1.195068359375	0.001220703125	0.68603515625
04-Jul-2022 16:21:39.355	0.025634765625	1.195068359375	0.001220703125	0.68603515625
04-Jul-2022 16:21:39.659	0.02685546875	1.25	-0.001220703125	0.706787109375
04-Jul-2022 16:21:39.805	0.029296875	1.29150390625	0.001220703125	0.86669921875
04-Jul-2022 16:21:40.297	0.028076171875	1.395263671875	-0.001220703125	0.89111328125
04-Jul-2022 16:21:40.369	0.028076171875	1.38427734375	-0.00244140625	0.9130859375
04-Jul-2022 16:21:40.663	0.028076171875	1.4501953125	0.0	0.977783203125
04-Jul-2022 16:21:40.803	0.028076171875	1.46240234375	0.0	1.0986328125
04-Jul-2022 16:21:41.291	0.030517578125	1.5576171875	0.0	1.162109375
04-Jul-2022 16:21:41.357	0.030517578125	1.56494140625	-0.001220703125	1.02294921875
04-Jul-2022 16:21:41.662	0.030517578125	1.617431640625	0.0	1.121826171875
04-Jul-2022 16:21:41.800	0.0299072265625	1.644287109375	0.0	1.3232421875
04-Jul-2022 16:21:42.294	0.03173828125	1.717529296875	0.0	1.21337890625
04-Jul-2022 16:21:42.363	0.03173828125	1.707763671875	0.0	1.4306640625
04-Jul-2022 16:21:42.662	0.0335693359375	1.766357421875	0.0	1.260986328125
04-Jul-2022 16:21:42.797	0.032958984375	1.773681640625	0.0	1.419677734375
04-Jul-2022 16:21:43.293	0.03173828125	1.827392578125	0.0	1.453857421875
04-Jul-2022 16:21:43.360	0.0347900390625	1.844482421875	-0.001220703125	1.463623046875
04-Jul-2022 16:21:43.666	0.0360107421875	1.87255859375	0.0	1.512451171875
04-Jul-2022 16:21:43.801	0.035400390625	1.9140625	0.0	1.669921875
04-Jul-2022 16:21:44.291	0.035400390625	1.94091796875	0.0	1.688232421875
04-Jul-2022 16:21:44.366	0.0372314453125	1.944580078125	-0.001220703125	1.75048828125
04-Jul-2022 16:21:44.664	0.03662109375	1.986083984375	-0.001220703125	1.788330078125
04-Jul-2022 16:21:44.803	0.03662109375	1.976318359375	-0.001220703125	1.763916015625
04-Jul-2022 16:21:45.290	0.0372314453125	2.021484375	-0.001220703125	1.839599609375
04-Jul-2022 16:21:45.363	0.0396728515625	2.0361328125	-0.001220703125	1.71630859375
04-Jul-2022 16:21:45.665	0.0372314453125	2.049560546875	0.0	1.5234375
04-Jul-2022 16:21:45.798	0.0372314453125	2.071533203125	-0.001220703125	1.94580078125
04-Jul-2022 16:21:46.290	0.0390625	2.05322265625	0.0	1.861572265625
04-Jul-2022 16:21:46.360	0.0384521484375	2.0556640625	-0.001220703125	1.834716796875
04-Jul-2022 16:21:46.666	0.0390625	2.064208984375	0.0	1.895751953125
04-Jul-2022 16:21:46.799	0.0360107421875	2.052001953125	-0.001220703125	1.80908203125
04-Jul-2022 16:21:47.301	0.0384521484375	2.06298828125	0.0	1.85302734375
04-Jul-2022 16:21:47.372	0.0384521484375	2.07763671875	0.0	1.80419921875
04-Jul-2022 16:21:47.668	0.0384521484375	2.060546875	0.0	1.854248046875
04-Jul-2022 16:21:47.802	0.0384521484375	2.076416015625	-0.001220703125	1.817626953125
04-Jul-2022 16:21:48.295	0.0384521484375	2.0654296875	-0.001220703125	1.883544921875
04-Jul-2022 16:21:48.360	0.0390625	2.060546875	0.0	1.83837890625
04-Jul-2022 16:21:48.675	0.0390625	2.066650390625	0.0	1.76025390625
04-Jul-2022 16:21:48.800	0.035400390625	2.041015625	-0.001220703125	1.90673828125
04-Jul-2022 16:21:49.293	0.03662109375	2.04345703125	0.0	1.99951171875
04-Jul-2022 16:21:49.366	0.0384521484375	2.064208984375	0.0	1.697998046875
04-Jul-2022 16:21:49.669	0.0372314453125	2.027587890625	0.0	1.77001953125
04-Jul-2022 16:21:49.810	0.0372314453125	2.020263671875	0.0	1.63818359375
04-Jul-2022 16:21:50.297	0.0360107421875	1.995849609375	-0.001220703125	1.73583984375
04-Jul-2022 16:21:50.362	0.0360107421875	1.973876953125	0.0	1.651611328125
04-Jul-2022 16:21:50.665	0.035400390625	1.9580078125	-0.001220703125	1.56982421875
04-Jul-2022 16:21:50.799	0.0341796875	1.944580078125	0.0	1.58447265625
04-Jul-2022 16:21:51.295	0.0335693359375	1.89697265625	0.001220703125	1.671142578125
04-Jul-2022 16:21:51.368	0.0341796875	1.8994140625	0.0	1.507568359375
04-Jul-2022 16:21:51.661	0.0341796875	1.84326171875	-0.001220703125	1.52587890625
04-Jul-2022 16:21:51.801	0.0335693359375	1.8408203125	-0.001220703125	1.527099609375
04-Jul-2022 16:21:52.294	0.0323486328125	1.77734375	0.0	1.49658203125
04-Jul-2022 16:21:52.367	0.0323486328125	1.767578125	0.0	1.435546875
04-Jul-2022 16:21:52.658	0.0311279296875	1.737060546875	0.0	1.339111328125
04-Jul-2022 16:21:52.798	0.0323486328125	1.70654296875	0.0	1.314697265625
04-Jul-2022 16:21:53.298	0.0311279296875	1.640625	0.0	1.185302734375
04-Jul-2022 16:21:53.380	0.029296875	1.59912109375	0.0	1.06201171875
04-Jul-2022 16:21:53.657	0.030517578125	1.561279296875	-0.001220703125	1.163330078125
04-Jul-2022 16:21:53.798	0.0299072265625	1.572265625	0.0	1.1376953125
04-Jul-2022 16:21:54.288	0.0286865234375	1.466064453125	0.0	0.96435546875
04-Jul-2022 16:21:54.316	0.028076171875	1.4501953125	0.0	0.9375
04-Jul-2022 16:21:54.657	0.028076171875	1.424560546875	-0.001220703125	0.989990234375
04-Jul-2022 16:21:54.798	0.0274658203125	1.3623046875	-0.001220703125	0.970458984375
04-Jul-2022 16:21:55.291	0.023193359375	1.275634765625	-0.001220703125	0.665283203125
04-Jul-2022 16:21:55.363	0.028076171875	1.259765625	-0.001220703125	0.721435546875
04-Jul-2022 16:21:55.656	0.023193359375	1.180419921875	0.001220703125	0.709228515625
04-Jul-2022 16:21:55.809	0.0250244140625	1.148681640625	-0.001220703125	0.6787109375
04-Jul-2022 16:21:56.294	0.0244140625	1.083984375	0.0	0.56640625
04-Jul-2022 16:21:56.430	0.0238037109375	1.058349609375	-0.001220703125	0.6640625
04-Jul-2022 16:21:56.661	0.0238037109375	1.0009765625	-0.001220703125	0.457763671875
04-Jul-2022 16:21:56.803	0.023193359375	0.9619140625	0.001220703125	0.521240234375
04-Jul-2022 16:21:57.295	0.02197265625	0.82275390625	-0.001220703125	0.52978515625
04-Jul-2022 16:21:57.326	0.0189208984375	0.865478515625	0.001220703125	0.478515625
04-Jul-2022 16:21:57.663	0.0244140625	0.765380859375	0.0	0.361328125
04-Jul-2022 16:21:57.795	0.020751953125	0.740966796875	0.0	0.318603515625
04-Jul-2022 16:21:58.291	0.0201416015625	0.60302734375	-0.001220703125	0.223388671875
04-Jul-2022 16:21:58.321	0.020751953125	0.60302734375	-0.001220703125	0.316162109375
04-Jul-2022 16:21:58.666	0.01953125	0.531005859375	0.001220703125	0.167236328125
04-Jul-2022 16:21:58.810	0.0213623046875	0.5126953125	0.0	0.23193359375
04-Jul-2022 16:21:59.291	0.01953125	0.369873046875	0.0	0.166015625
04-Jul-2022 16:21:59.326	0.01953125	0.361328125	-0.001220703125	0.211181640625
04-Jul-2022 16:21:59.659	0.018310546875	0.294189453125	-0.001220703125	0.184326171875
04-Jul-2022 16:21:59.804	0.0189208984375	0.2587890625	0.0	0.14892578125
04-Jul-2022 16:22:00.295	0.018310546875	0.137939453125	0.0	0.03662109375
04-Jul-2022 16:22:00.365	0.018310546875	0.126953125	0.0	0.06591796875
04-Jul-2022 16:22:00.661	0.01953125	0.0439453125	0.0	-0.048828125
04-Jul-2022 16:22:00.806	0.01953125	0.0146484375	0.0	-0.062255859375
04-Jul-2022 16:22:01.299	0.0213623046875	-0.093994140625	0.001220703125	-0.10009765625
04-Jul-2022 16:22:01.371	0.0201416015625	-0.107421875	-0.001220703125	-0.067138671875
04-Jul-2022 16:22:01.660	0.020751953125	-0.179443359375	0.0	-0.16845703125
04-Jul-2022 16:22:01.808	0.018310546875	-0.196533203125	-0.001220703125	-0.096435546875
04-Jul-2022 16:22:02.288	0.0177001953125	-0.32958984375	0.0	-0.228271484375
04-Jul-2022 16:22:02.360	0.01953125	-0.338134765625	0.001220703125	-0.224609375
04-Jul-2022 16:22:02.663	0.018310546875	-0.4248046875	0.001220703125	-0.146484375
04-Jul-2022 16:22:02.802	0.0189208984375	-0.46142578125	0.0	-0.27099609375
04-Jul-2022 16:22:03.297	0.0177001953125	-0.562744140625	0.0	-0.377197265625
04-Jul-2022 16:22:03.365	0.0177001953125	-0.570068359375	0.0	-0.343017578125
04-Jul-2022 16:22:03.657	0.018310546875	-0.66162109375	0.0	-0.380859375
04-Jul-2022 16:22:03.798	0.0177001953125	-0.687255859375	0.0	-0.333251953125
04-Jul-2022 16:22:04.286	0.0146484375	-0.80078125	0.001220703125	-0.5224609375
04-Jul-2022 16:22:04.376	0.01708984375	-0.775146484375	0.001220703125	-0.62744140625
04-Jul-2022 16:22:04.664	0.01708984375	-0.88134765625	0.001220703125	-0.577392578125
04-Jul-2022 16:22:04.802	0.015869140625	-0.914306640625	0.001220703125	-0.718994140625
04-Jul-2022 16:22:05.286	0.015869140625	-1.007080078125	0.0	-0.4541015625
04-Jul-2022 16:22:05.358	0.015869140625	-1.007080078125	0.0	-0.4541015625
04-Jul-2022 16:22:05.669	0.0177001953125	-1.097412109375	0.001220703125	-0.654296875
04-Jul-2022 16:22:05.805	0.01708984375	-1.0986328125	0.0	-0.758056640625
04-Jul-2022 16:22:06.292	0.0146484375	-1.185302734375	0.001220703125	-0.870361328125
04-Jul-2022 16:22:06.362	0.015869140625	-1.221923828125	0.001220703125	-0.858154296875
04-Jul-2022 16:22:06.663	0.0152587890625	-1.279296875	0.0	-0.78857421875
04-Jul-2022 16:22:06.807	0.0115966796875	-1.29638671875	0.001220703125	-0.9228515625
04-Jul-2022 16:22:07.292	0.0115966796875	-1.390380859375	0.0	-0.98388671875
04-Jul-2022 16:22:07.359	0.0140380859375	-1.39892578125	-0.001220703125	-1.094970703125
04-Jul-2022 16:22:07.660	0.0146484375	-1.43798828125	0.001220703125	-0.980224609375
04-Jul-2022 16:22:07.799	0.0146484375	-1.456298828125	0.0	-0.9619140625
04-Jul-2022 16:22:08.295	0.0115966796875	-1.55517578125	0.0	-1.141357421875
04-Jul-2022 16:22:08.366	0.010986328125	-1.5234375	0.001220703125	-1.158447265625
04-Jul-2022 16:22:08.660	0.0091552734375	-1.5869140625	0.001220703125	-1.146240234375
04-Jul-2022 16:22:08.801	0.013427734375	-1.610107421875	0.001220703125	-1.23779296875
04-Jul-2022 16:22:09.289	0.01220703125	-1.68701171875	0.001220703125	-1.47705078125
04-Jul-2022 16:22:09.590	0.010986328125	-1.658935546875	0.001220703125	-1.23291015625
04-Jul-2022 16:22:09.655	0.010986328125	-1.658935546875	0.001220703125	-1.23291015625
04-Jul-2022 16:22:09.806	0.0103759765625	-1.707763671875	0.0	-1.35498046875
04-Jul-2022 16:22:10.288	0.0103759765625	-1.7919921875	0.001220703125	-1.551513671875
04-Jul-2022 16:22:10.325	0.013427734375	-1.78466796875	0.0	-1.484375
04-Jul-2022 16:22:10.665	0.010986328125	-1.81396484375	0.001220703125	-1.326904296875
04-Jul-2022 16:22:10.804	0.009765625	-1.842041015625	0.001220703125	-1.55517578125
04-Jul-2022 16:22:11.286	0.0103759765625	-1.85791015625	0.0	-1.636962890625
04-Jul-2022 16:22:11.322	0.0103759765625	-1.865234375	0.001220703125	-1.624755859375
04-Jul-2022 16:22:11.662	0.0103759765625	-1.88232421875	0.001220703125	-1.54541015625
04-Jul-2022 16:22:11.797	0.0091552734375	-1.898193359375	0.0	-1.48681640625
04-Jul-2022 16:22:12.299	0.009765625	-1.929931640625	0.001220703125	-1.920166015625
04-Jul-2022 16:22:12.368	0.0091552734375	-1.923828125	0.001220703125	-1.805419921875
04-Jul-2022 16:22:12.657	0.008544921875	-1.912841796875	0.001220703125	-1.688232421875
04-Jul-2022 16:22:12.807	0.009765625	-1.934814453125	0.001220703125	-1.689453125
04-Jul-2022 16:22:13.297	0.0091552734375	-1.94091796875	0.001220703125	-1.50390625
04-Jul-2022 16:22:13.365	0.0079345703125	-1.95068359375	0.001220703125	-1.407470703125
04-Jul-2022 16:22:13.657	0.0079345703125	-1.94091796875	0.001220703125	-1.64794921875
04-Jul-2022 16:22:13.798	0.0079345703125	-1.93603515625	0.0	-1.510009765625
04-Jul-2022 16:22:14.286	0.009765625	-1.932373046875	0.001220703125	-1.64306640625
04-Jul-2022 16:22:14.338	0.009765625	-1.932373046875	0.001220703125	-1.64306640625
04-Jul-2022 16:22:14.659	0.0091552734375	-1.94091796875	0.001220703125	-1.5380859375
04-Jul-2022 16:22:14.806	0.0103759765625	-1.915283203125	0.0	-1.553955078125
04-Jul-2022 16:22:15.296	0.009765625	-1.8994140625	0.001220703125	-1.806640625
04-Jul-2022 16:22:15.367	0.0115966796875	-1.907958984375	0.001220703125	-1.351318359375
04-Jul-2022 16:22:15.676	0.013427734375	-1.88720703125	0.0	-1.436767578125
04-Jul-2022 16:22:15.802	0.0103759765625	-1.9140625	0.00244140625	-1.783447265625
04-Jul-2022 16:22:16.297	0.0103759765625	-1.856689453125	0.001220703125	-1.58935546875
04-Jul-2022 16:22:16.364	0.010986328125	-1.85302734375	0.001220703125	-1.4697265625
04-Jul-2022 16:22:16.662	0.0103759765625	-1.827392578125	0.001220703125	-1.629638671875
04-Jul-2022 16:22:16.808	0.0103759765625	-1.805419921875	0.001220703125	-1.53564453125
04-Jul-2022 16:22:17.296	0.0146484375	-1.785888671875	0.0	-1.407470703125
04-Jul-2022 16:22:17.372	0.0103759765625	-1.76513671875	0.0	-1.3232421875
04-Jul-2022 16:22:17.660	0.009765625	-1.7431640625	0.001220703125	-1.5087890625
04-Jul-2022 16:22:17.808	0.0103759765625	-1.702880859375	0.001220703125	-1.336669921875
04-Jul-2022 16:22:18.287	0.009765625	-1.68212890625	0.001220703125	-1.34765625
04-Jul-2022 16:22:18.360	0.0115966796875	-1.6552734375	0.0	-1.20361328125
04-Jul-2022 16:22:18.668	0.013427734375	-1.619873046875	0.001220703125	-1.212158203125
04-Jul-2022 16:22:18.811	0.013427734375	-1.580810546875	0.001220703125	-1.204833984375
04-Jul-2022 16:22:19.300	0.0152587890625	-1.539306640625	0.001220703125	-1.143798828125
04-Jul-2022 16:22:19.374	0.01220703125	-1.533203125	0.0	-1.11328125
04-Jul-2022 16:22:19.660	0.01220703125	-1.475830078125	0.001220703125	-0.953369140625
04-Jul-2022 16:22:19.799	0.0146484375	-1.456298828125	0.0	-1.094970703125
04-Jul-2022 16:22:20.287	0.0140380859375	-1.385498046875	0.0	-0.966796875
04-Jul-2022 16:22:20.362	0.015869140625	-1.36962890625	0.0	-0.85205078125
04-Jul-2022 16:22:20.660	0.0140380859375	-1.2939453125	0.001220703125	-0.921630859375
04-Jul-2022 16:22:20.806	0.0146484375	-1.297607421875	0.0	-0.921630859375
04-Jul-2022 16:22:21.296	0.015869140625	-1.17919921875	0.0	-0.770263671875
04-Jul-2022 16:22:21.376	0.0146484375	-1.180419921875	0.0	-0.69091796875
04-Jul-2022 16:22:21.661	0.0146484375	-1.1279296875	0.0	-0.7666015625
04-Jul-2022 16:22:21.807	0.015869140625	-1.080322265625	0.001220703125	-0.73486328125
04-Jul-2022 16:22:22.292	0.013427734375	-1.0107421875	0.001220703125	-0.59814453125
04-Jul-2022 16:22:22.364	0.0164794921875	-0.9912109375	0.0	-0.499267578125
04-Jul-2022 16:22:22.665	0.0177001953125	-0.91064453125	0.0	-0.55908203125
04-Jul-2022 16:22:22.809	0.018310546875	-0.91064453125	0.0	-0.45654296875
04-Jul-2022 16:22:23.290	0.01708984375	-0.78369140625	0.001220703125	-0.313720703125
04-Jul-2022 16:22:23.361	0.0177001953125	-0.804443359375	0.0	-0.3564453125
04-Jul-2022 16:22:23.663	0.018310546875	-0.732421875	0.001220703125	-0.408935546875
04-Jul-2022 16:22:23.805	0.0177001953125	-0.692138671875	0.001220703125	-0.29296875
04-Jul-2022 16:22:24.288	0.0189208984375	-0.574951171875	0.0	-0.4541015625
04-Jul-2022 16:22:24.372	0.018310546875	-0.567626953125	0.001220703125	-0.140380859375
04-Jul-2022 16:22:24.665	0.0189208984375	-0.45654296875	0.001220703125	-0.111083984375
04-Jul-2022 16:22:24.803	0.018310546875	-0.4248046875	0.0	-0.198974609375
04-Jul-2022 16:22:25.291	0.018310546875	-0.31982421875	0.0	-0.169677734375
04-Jul-2022 16:22:25.432	0.0189208984375	-0.322265625	0.0	-0.0537109375
04-Jul-2022 16:22:25.662	0.018310546875	-0.240478515625	0.0	-0.089111328125
04-Jul-2022 16:22:25.800	0.0189208984375	-0.220947265625	0.001220703125	-0.164794921875
04-Jul-2022 16:22:26.290	0.0189208984375	-0.0927734375	0.0	-0.078125
04-Jul-2022 16:22:26.360	0.0189208984375	-0.09033203125	0.001220703125	-0.067138671875
04-Jul-2022 16:22:26.657	0.020751953125	-0.006103515625	0.0	-0.01708984375
04-Jul-2022 16:22:26.729	0.020751953125	-0.006103515625	0.0	-0.01708984375
04-Jul-2022 16:22:26.797	0.0189208984375	0.03662109375	-0.001220703125	0.14404296875
04-Jul-2022 16:22:27.290	0.0189208984375	0.14404296875	0.0	0.079345703125
04-Jul-2022 16:22:27.365	0.0201416015625	0.145263671875	0.001220703125	0.106201171875
04-Jul-2022 16:22:27.664	0.01953125	0.233154296875	0.0	0.230712890625
04-Jul-2022 16:22:27.787	0.0189208984375	0.25146484375	0.0	0.128173828125
04-Jul-2022 16:22:27.902	0.01953125	0.252685546875	0.0	0.19287109375
04-Jul-2022 16:22:28.296	0.0201416015625	0.380859375	0.001220703125	0.234375
04-Jul-2022 16:22:28.370	0.01953125	0.380859375	0.0	0.162353515625
04-Jul-2022 16:22:28.655	0.018310546875	0.472412109375	0.0	0.299072265625
04-Jul-2022 16:22:28.794	0.02197265625	0.49560546875	0.0	0.29052734375
04-Jul-2022 16:22:28.826	0.0213623046875	0.5029296875	0.0	0.2734375
04-Jul-2022 16:22:29.287	0.0213623046875	0.621337890625	0.0	0.379638671875
04-Jul-2022 16:22:29.359	0.020751953125	0.640869140625	0.0	0.2685546875
04-Jul-2022 16:22:29.658	0.0201416015625	0.701904296875	0.0	0.361328125
04-Jul-2022 16:22:29.786	0.020751953125	0.72998046875	0.001220703125	0.438232421875
04-Jul-2022 16:22:29.887	0.020751953125	0.72998046875	0.001220703125	0.438232421875
04-Jul-2022 16:22:30.298	0.02197265625	0.86181640625	0.0	0.531005859375
04-Jul-2022 16:22:30.356	0.020751953125	0.859375	0.0	0.5126953125
04-Jul-2022 16:22:30.657	0.0225830078125	0.953369140625	0.0	0.528564453125
04-Jul-2022 16:22:30.793	0.023193359375	0.95703125	0.001220703125	0.595703125
04-Jul-2022 16:22:30.901	0.023193359375	0.970458984375	0.0	0.3173828125
04-Jul-2022 16:22:31.302	0.0244140625	1.06201171875	0.001220703125	0.56884765625
04-Jul-2022 16:22:31.378	0.0244140625	1.06201171875	0.001220703125	0.56884765625
04-Jul-2022 16:22:31.666	0.0238037109375	1.1474609375	-0.001220703125	0.6884765625
04-Jul-2022 16:22:31.787	0.025634765625	1.192626953125	-0.001220703125	0.64453125
04-Jul-2022 16:22:31.815	0.025634765625	1.192626953125	-0.001220703125	0.64453125
04-Jul-2022 16:22:32.291	0.02685546875	1.2744140625	-0.001220703125	0.882568359375
04-Jul-2022 16:22:32.366	0.0250244140625	1.263427734375	0.0	0.87890625
04-Jul-2022 16:22:32.668	0.0274658203125	1.343994140625	-0.001220703125	0.941162109375
04-Jul-2022 16:22:32.798	0.02685546875	1.336669921875	-0.001220703125	0.8251953125
04-Jul-2022 16:22:32.828	0.02685546875	1.336669921875	-0.001220703125	0.8251953125
04-Jul-2022 16:22:33.291	0.02685546875	1.475830078125	0.0	1.0498046875
04-Jul-2022 16:22:33.347	0.0274658203125	1.451416015625	-0.001220703125	0.997314453125
04-Jul-2022 16:22:33.660	0.0299072265625	1.533203125	-0.001220703125	1.083984375
04-Jul-2022 16:22:33.790	0.0299072265625	1.546630859375	0.0	1.2109375
04-Jul-2022 16:22:33.825	0.0286865234375	1.56982421875	0.0	1.1767578125
04-Jul-2022 16:22:34.295	0.03173828125	1.62353515625	0.0	1.24755859375
04-Jul-2022 16:22:34.368	0.03173828125	1.644287109375	0.0	1.171875
04-Jul-2022 16:22:34.661	0.0323486328125	1.68701171875	0.0	1.28662109375
04-Jul-2022 16:22:34.795	0.0299072265625	1.693115234375	-0.001220703125	1.231689453125
04-Jul-2022 16:22:34.889	0.0323486328125	1.715087890625	0.0	1.224365234375
04-Jul-2022 16:22:35.285	0.0323486328125	1.7822265625	0.0	1.324462890625
04-Jul-2022 16:22:35.324	0.0323486328125	1.7822265625	0.0	1.324462890625
04-Jul-2022 16:22:35.664	0.0347900390625	1.820068359375	0.001220703125	1.456298828125
04-Jul-2022 16:22:35.787	0.0341796875	1.844482421875	0.0	1.4453125
04-Jul-2022 16:22:35.811	0.0347900390625	1.84814453125	0.0	1.494140625
04-Jul-2022 16:22:36.293	0.035400390625	1.89697265625	0.0	1.69921875
04-Jul-2022 16:22:36.362	0.0311279296875	1.888427734375	-0.001220703125	1.541748046875
04-Jul-2022 16:22:36.659	0.0360107421875	1.92626953125	0.0	1.63818359375
04-Jul-2022 16:22:36.784	0.0360107421875	1.93115234375	-0.001220703125	1.6650390625
04-Jul-2022 16:22:36.818	0.0360107421875	1.93115234375	-0.001220703125	1.6650390625
04-Jul-2022 16:22:37.287	0.0372314453125	1.993408203125	0.0	1.69189453125
04-Jul-2022 16:22:37.359	0.035400390625	1.990966796875	0.0	1.72119140625
04-Jul-2022 16:22:37.670	0.03662109375	2.003173828125	0.001220703125	1.719970703125
04-Jul-2022 16:22:37.796	0.0384521484375	2.0263671875	-0.001220703125	1.754150390625
04-Jul-2022 16:22:37.821	0.0372314453125	2.034912109375	-0.001220703125	1.717529296875
04-Jul-2022 16:22:38.296	0.03662109375	2.0458984375	0.0	1.656494140625
04-Jul-2022 16:22:38.364	0.0372314453125	2.0703125	0.001220703125	1.66748046875
04-Jul-2022 16:22:38.675	0.0390625	2.04345703125	0.0	1.93603515625
04-Jul-2022 16:22:38.787	0.0372314453125	2.06298828125	0.0	1.89208984375
04-Jul-2022 16:22:38.809	0.0372314453125	2.06298828125	0.0	1.89208984375
04-Jul-2022 16:22:39.295	0.0384521484375	2.064208984375	-0.00244140625	1.915283203125
04-Jul-2022 16:22:39.369	0.0384521484375	2.06298828125	-0.001220703125	1.8310546875
04-Jul-2022 16:22:39.661	0.0384521484375	2.05322265625	0.0	1.81396484375
04-Jul-2022 16:22:39.795	0.03662109375	2.0556640625	0.0	1.68212890625
04-Jul-2022 16:22:39.889	0.03662109375	2.0556640625	0.0	1.68212890625
04-Jul-2022 16:22:40.293	0.0372314453125	2.06298828125	0.0	1.695556640625
04-Jul-2022 16:22:40.333	0.0384521484375	2.071533203125	0.0	1.845703125
04-Jul-2022 16:22:40.670	0.0372314453125	2.071533203125	0.0	1.795654296875
04-Jul-2022 16:22:40.791	0.0384521484375	2.06787109375	-0.001220703125	1.741943359375
04-Jul-2022 16:22:40.895	0.03662109375	2.064208984375	0.0	1.864013671875
04-Jul-2022 16:22:41.290	0.0372314453125	2.0751953125	0.0	1.7578125
04-Jul-2022 16:22:41.364	0.0384521484375	2.049560546875	0.0	1.8701171875
04-Jul-2022 16:22:41.658	0.0372314453125	2.064208984375	-0.001220703125	1.93359375
04-Jul-2022 16:22:41.796	0.03662109375	2.05810546875	0.0	1.920166015625
04-Jul-2022 16:22:41.826	0.03662109375	2.05810546875	0.0	1.920166015625
04-Jul-2022 16:22:42.289	0.0384521484375	2.027587890625	0.0	1.707763671875
04-Jul-2022 16:22:42.318	0.0372314453125	2.032470703125	0.001220703125	1.82373046875
04-Jul-2022 16:22:42.662	0.0384521484375	1.998291015625	-0.00244140625	1.59423828125
04-Jul-2022 16:22:42.787	0.0347900390625	1.988525390625	0.0	1.776123046875
04-Jul-2022 16:22:42.814	0.03662109375	1.986083984375	-0.001220703125	1.66259765625
04-Jul-2022 16:22:43.296	0.035400390625	1.944580078125	0.0	1.5478515625
04-Jul-2022 16:22:43.365	0.0347900390625	1.92626953125	0.0	1.56494140625
04-Jul-2022 16:22:43.661	0.0347900390625	1.89697265625	0.0	1.446533203125
04-Jul-2022 16:22:43.788	0.0347900390625	1.8994140625	-0.001220703125	1.56982421875
04-Jul-2022 16:22:43.813	0.0347900390625	1.904296875	-0.001220703125	1.43310546875
04-Jul-2022 16:22:44.288	0.0335693359375	1.8408203125	0.0	1.458740234375
04-Jul-2022 16:22:44.362	0.0335693359375	1.84814453125	-0.001220703125	1.45751953125
04-Jul-2022 16:22:44.661	0.0347900390625	1.8017578125	0.0	1.385498046875
04-Jul-2022 16:22:44.785	0.0323486328125	1.787109375	0.0	1.416015625
04-Jul-2022 16:22:44.901	0.032958984375	1.773681640625	-0.001220703125	1.38916015625
04-Jul-2022 16:22:45.293	0.03173828125	1.71142578125	0.0	1.29638671875
04-Jul-2022 16:22:45.373	0.0323486328125	1.712646484375	-0.001220703125	1.221923828125
04-Jul-2022 16:22:45.656	0.030517578125	1.640625	0.0	1.14501953125
04-Jul-2022 16:22:45.788	0.0286865234375	1.624755859375	-0.001220703125	1.2841796875
04-Jul-2022 16:22:45.821	0.028076171875	1.6162109375	0.0	1.275634765625
04-Jul-2022 16:22:46.290	0.0299072265625	1.5478515625	-0.001220703125	1.19384765625
04-Jul-2022 16:22:46.364	0.029296875	1.539306640625	0.0	1.11328125
04-Jul-2022 16:22:46.666	0.0244140625	1.488037109375	0.0	0.9716796875
04-Jul-2022 16:22:46.790	0.028076171875	1.490478515625	0.0	0.98876953125
04-Jul-2022 16:22:46.817	0.029296875	1.470947265625	0.0	0.8740234375
04-Jul-2022 16:22:47.290	0.0274658203125	1.375732421875	0.0	0.885009765625
04-Jul-2022 16:22:47.362	0.0274658203125	1.375732421875	0.0	0.885009765625
04-Jul-2022 16:22:47.656	0.0262451171875	1.30615234375	0.0	0.914306640625
04-Jul-2022 16:22:47.787	0.02685546875	1.30126953125	0.0	0.7958984375
04-Jul-2022 16:22:47.889	0.0213623046875	1.302490234375	0.0	0.74462890625
04-Jul-2022 16:22:48.296	0.0213623046875	1.15478515625	-0.001220703125	0.56640625
04-Jul-2022 16:22:48.366	0.0274658203125	1.207275390625	-0.001220703125	0.69091796875
04-Jul-2022 16:22:48.657	0.0201416015625	1.099853515625	-0.001220703125	0.509033203125
04-Jul-2022 16:22:48.796	0.023193359375	1.082763671875	0.0	0.648193359375
04-Jul-2022 16:22:48.820	0.0225830078125	1.08642578125	-0.001220703125	0.655517578125
04-Jul-2022 16:22:49.296	0.02197265625	0.980224609375	-0.001220703125	0.42724609375
04-Jul-2022 16:22:49.371	0.020751953125	0.970458984375	0.0	0.55908203125
04-Jul-2022 16:22:49.668	0.0201416015625	0.87158203125	-0.001220703125	0.546875
04-Jul-2022 16:22:49.788	0.02197265625	0.85205078125	-0.001220703125	0.56640625
04-Jul-2022 16:22:49.891	0.02197265625	0.85205078125	-0.001220703125	0.56640625
04-Jul-2022 16:22:50.285	0.0201416015625	0.733642578125	-0.00244140625	0.299072265625
04-Jul-2022 16:22:50.328	0.020751953125	0.733642578125	0.0	0.362548828125
04-Jul-2022 16:22:50.659	0.0201416015625	0.654296875	0.0	0.257568359375
04-Jul-2022 16:22:50.797	0.020751953125	0.615234375	0.0	0.147705078125
04-Jul-2022 16:22:50.838	0.020751953125	0.615234375	0.0	0.147705078125
04-Jul-2022 16:22:51.293	0.0201416015625	0.5078125	-0.001220703125	0.233154296875
04-Jul-2022 16:22:51.366	0.0201416015625	0.491943359375	0.001220703125	0.11962890625
04-Jul-2022 16:22:51.663	0.018310546875	0.396728515625	0.0	0.19287109375
04-Jul-2022 16:22:51.788	0.02197265625	0.380859375	0.001220703125	0.169677734375
04-Jul-2022 16:22:51.819	0.01953125	0.400390625	0.0	0.101318359375
04-Jul-2022 16:22:52.296	0.01953125	0.264892578125	0.0	0.12939453125
04-Jul-2022 16:22:52.370	0.01953125	0.245361328125	0.0	0.101318359375
04-Jul-2022 16:22:52.664	0.0189208984375	0.1806640625	0.0	0.11474609375
04-Jul-2022 16:22:52.787	0.018310546875	0.142822265625	0.0	0.042724609375
04-Jul-2022 16:22:52.815	0.023193359375	0.146484375	0.0	0.03173828125
04-Jul-2022 16:22:53.290	0.01953125	0.0048828125	0.0	-0.03662109375
04-Jul-2022 16:22:53.359	0.018310546875	0.00732421875	0.0	-0.068359375
04-Jul-2022 16:22:53.656	0.0189208984375	-0.057373046875	0.0	-0.067138671875
04-Jul-2022 16:22:53.785	0.0189208984375	-0.086669921875	0.001220703125	-0.101318359375
04-Jul-2022 16:22:53.812	0.0189208984375	-0.086669921875	0.001220703125	-0.101318359375
04-Jul-2022 16:22:54.289	0.0201416015625	-0.20263671875	0.0	-0.1318359375
04-Jul-2022 16:22:54.364	0.01708984375	-0.205078125	0.0	-0.198974609375
04-Jul-2022 16:22:54.662	0.018310546875	-0.299072265625	0.001220703125	-0.12451171875
04-Jul-2022 16:22:54.789	0.018310546875	-0.31982421875	0.0	-0.1513671875
04-Jul-2022 16:22:54.818	0.018310546875	-0.33203125	0.0	-0.269775390625
04-Jul-2022 16:22:55.297	0.0177001953125	-0.430908203125	0.0	-0.216064453125
04-Jul-2022 16:22:55.319	0.0177001953125	-0.477294921875	0.0	-0.18310546875
04-Jul-2022 16:22:55.667	0.0213623046875	-0.528564453125	0.001220703125	-0.299072265625
04-Jul-2022 16:22:55.800	0.018310546875	-0.589599609375	-0.001220703125	-0.321044921875
04-Jul-2022 16:22:55.825	0.018310546875	-0.589599609375	-0.001220703125	-0.321044921875
04-Jul-2022 16:22:56.299	0.0177001953125	-0.701904296875	0.0	-0.416259765625
04-Jul-2022 16:22:56.375	0.0177001953125	-0.693359375	0.0	-0.4443359375
04-Jul-2022 16:22:56.662	0.0164794921875	-0.762939453125	0.001220703125	-0.355224609375
04-Jul-2022 16:22:56.797	0.01708984375	-0.77880859375	0.0	-0.39794921875
04-Jul-2022 16:22:56.821	0.01708984375	-0.77880859375	0.0	-0.39794921875
04-Jul-2022 16:22:57.298	0.0164794921875	-0.919189453125	0.0	-0.5322265625
04-Jul-2022 16:22:57.371	0.018310546875	-0.880126953125	0.001220703125	-0.570068359375
04-Jul-2022 16:22:57.657	0.015869140625	-0.9716796875	0.00244140625	-0.518798828125
04-Jul-2022 16:22:57.785	0.0152587890625	-0.992431640625	0.001220703125	-0.596923828125
04-Jul-2022 16:22:57.819	0.0152587890625	-0.992431640625	0.001220703125	-0.596923828125
04-Jul-2022 16:22:58.285	0.0189208984375	-1.109619140625	0.0	-0.821533203125
04-Jul-2022 16:22:58.326	0.0189208984375	-1.109619140625	0.0	-0.821533203125
04-Jul-2022 16:22:58.659	0.015869140625	-1.163330078125	0.0	-0.91796875
04-Jul-2022 16:22:58.786	0.0146484375	-1.175537109375	0.0	-0.806884765625
04-Jul-2022 16:22:58.816	0.0146484375	-1.175537109375	0.0	-0.806884765625
04-Jul-2022 16:22:59.287	0.0146484375	-1.2939453125	0.001220703125	-0.95703125
04-Jul-2022 16:22:59.332	0.013427734375	-1.27685546875	0.0	-0.95458984375
04-Jul-2022 16:22:59.656	0.0140380859375	-1.36474609375	0.0	-0.95703125
04-Jul-2022 16:22:59.805	0.0146484375	-1.3525390625	-0.001220703125	-0.94970703125
04-Jul-2022 16:22:59.827	0.0146484375	-1.3525390625	-0.001220703125	-0.94970703125
04-Jul-2022 16:23:00.295	0.013427734375	-1.48193359375	0.001220703125	-1.168212890625
04-Jul-2022 16:23:00.368	0.0164794921875	-1.45751953125	0.0	-1.109619140625
04-Jul-2022 16:23:00.659	0.013427734375	-1.519775390625	0.0	-1.06689453125
04-Jul-2022 16:23:00.786	0.013427734375	-1.54296875	0.001220703125	-1.158447265625
04-Jul-2022 16:23:00.826	0.013427734375	-1.54296875	0.001220703125	-1.158447265625
04-Jul-2022 16:23:01.285	0.010986328125	-1.60888671875	0.00244140625	-1.1328125
04-Jul-2022 16:23:01.325	0.010986328125	-1.60888671875	0.00244140625	-1.1328125
04-Jul-2022 16:23:01.666	0.010986328125	-1.6455078125	0.0	-1.224365234375
04-Jul-2022 16:23:01.794	0.010986328125	-1.680908203125	0.001220703125	-1.37939453125
04-Jul-2022 16:23:01.848	0.010986328125	-1.680908203125	0.001220703125	-1.37939453125
04-Jul-2022 16:23:02.298	0.0115966796875	-1.73828125	0.0	-1.259765625
04-Jul-2022 16:23:02.371	0.010986328125	-1.72607421875	0.0	-1.38427734375
04-Jul-2022 16:23:02.662	0.010986328125	-1.7626953125	0.0	-1.439208984375
04-Jul-2022 16:23:02.788	0.0103759765625	-1.763916015625	0.001220703125	-1.422119140625
04-Jul-2022 16:23:02.811	0.0103759765625	-1.763916015625	0.001220703125	-1.422119140625
04-Jul-2022 16:23:03.289	0.008544921875	-1.824951171875	0.001220703125	-1.339111328125
04-Jul-2022 16:23:03.342	0.010986328125	-1.829833984375	0.001220703125	-1.702880859375
04-Jul-2022 16:23:03.656	0.0103759765625	-1.854248046875	0.001220703125	-1.544189453125
04-Jul-2022 16:23:03.796	0.009765625	-1.8701171875	0.0	-1.568603515625
04-Jul-2022 16:23:03.825	0.009765625	-1.8701171875	0.0	-1.568603515625
04-Jul-2022 16:23:04.291	0.0091552734375	-1.890869140625	0.001220703125	-1.385498046875
04-Jul-2022 16:23:04.316	0.0103759765625	-1.903076171875	0.001220703125	-1.597900390625
04-Jul-2022 16:23:04.669	0.008544921875	-1.90185546875	0.001220703125	-1.54296875
04-Jul-2022 16:23:04.786	0.008544921875	-1.925048828125	0.001220703125	-1.69677734375
04-Jul-2022 16:23:04.811	0.008544921875	-1.925048828125	0.001220703125	-1.69677734375
04-Jul-2022 16:23:05.299	0.009765625	-1.910400390625	0.001220703125	-1.61376953125
04-Jul-2022 16:23:05.338	0.0091552734375	-1.947021484375	0.001220703125	-1.3818359375
04-Jul-2022 16:23:05.656	0.0091552734375	-1.937255859375	0.001220703125	-1.737060546875
04-Jul-2022 16:23:05.786	0.008544921875	-1.943359375	0.001220703125	-1.62353515625
04-Jul-2022 16:23:05.891	0.008544921875	-1.943359375	0.001220703125	-1.62353515625
04-Jul-2022 16:23:06.293	0.0103759765625	-1.93115234375	0.001220703125	-1.663818359375
04-Jul-2022 16:23:06.368	0.0091552734375	-1.943359375	0.001220703125	-1.641845703125
04-Jul-2022 16:23:06.657	0.009765625	-1.94580078125	0.0	-1.50390625
04-Jul-2022 16:23:06.795	0.010986328125	-1.94580078125	0.001220703125	-1.639404296875
04-Jul-2022 16:23:06.821	0.010986328125	-1.94580078125	0.001220703125	-1.639404296875
04-Jul-2022 16:23:07.292	0.0103759765625	-1.91162109375	0.001220703125	-1.580810546875
04-Jul-2022 16:23:07.366	0.009765625	-1.895751953125	0.00244140625	-1.65771484375
04-Jul-2022 16:23:07.660	0.009765625	-1.893310546875	0.001220703125	-1.84814453125
04-Jul-2022 16:23:07.794	0.0091552734375	-1.9189453125	0.0	-1.688232421875
04-Jul-2022 16:23:07.818	0.009765625	-1.89208984375	0.001220703125	-1.795654296875
04-Jul-2022 16:23:08.295	0.0091552734375	-1.888427734375	0.001220703125	-1.529541015625
04-Jul-2022 16:23:08.370	0.009765625	-1.90185546875	0.001220703125	-1.69921875
04-Jul-2022 16:23:08.667	0.0079345703125	-1.875	0.001220703125	-1.61376953125
04-Jul-2022 16:23:08.793	0.010986328125	-1.86279296875	0.001220703125	-1.5673828125
04-Jul-2022 16:23:08.890	0.0152587890625	-1.864013671875	0.001220703125	-1.444091796875
04-Jul-2022 16:23:09.286	0.009765625	-1.817626953125	-0.00244140625	-1.473388671875
04-Jul-2022 16:23:09.359	0.009765625	-1.817626953125	-0.00244140625	-1.473388671875
04-Jul-2022 16:23:09.660	0.0067138671875	-1.796875	0.0	-1.531982421875
04-Jul-2022 16:23:09.802	0.010986328125	-1.77978515625	0.001220703125	-1.51123046875
04-Jul-2022 16:23:09.829	0.010986328125	-1.783447265625	0.001220703125	-1.39892578125
04-Jul-2022 16:23:10.299	0.01220703125	-1.739501953125	0.001220703125	-1.24755859375
04-Jul-2022 16:23:10.372	0.0103759765625	-1.73583984375	-0.001220703125	-1.285400390625
04-Jul-2022 16:23:10.668	0.0103759765625	-1.6845703125	0.00244140625	-1.14990234375
04-Jul-2022 16:23:10.790	0.01220703125	-1.6748046875	0.001220703125	-1.35986328125
04-Jul-2022 16:23:10.820	0.013427734375	-1.683349609375	0.001220703125	-1.175537109375
04-Jul-2022 16:23:11.295	0.0140380859375	-1.611328125	0.0	-1.148681640625
04-Jul-2022 16:23:11.336	0.01220703125	-1.6015625	0.001220703125	-1.253662109375
04-Jul-2022 16:23:11.665	0.0140380859375	-1.5478515625	0.0	-1.104736328125
04-Jul-2022 16:23:11.786	0.0152587890625	-1.539306640625	0.001220703125	-1.1083984375
04-Jul-2022 16:23:11.889	0.0152587890625	-1.539306640625	0.001220703125	-1.1083984375
04-Jul-2022 16:23:12.295	0.010986328125	-1.4697265625	0.001220703125	-1.080322265625
04-Jul-2022 16:23:12.366	0.0146484375	-1.4501953125	0.001220703125	-1.036376953125
04-Jul-2022 16:23:12.658	0.0146484375	-1.396484375	0.0	-1.009521484375
04-Jul-2022 16:23:12.797	0.0152587890625	-1.392822265625	0.001220703125	-0.897216796875
04-Jul-2022 16:23:12.830	0.0152587890625	-1.392822265625	0.001220703125	-0.897216796875
04-Jul-2022 16:23:13.292	0.0164794921875	-1.28173828125	0.001220703125	-0.855712890625
04-Jul-2022 16:23:13.363	0.0146484375	-1.2890625	0.001220703125	-0.838623046875
04-Jul-2022 16:23:13.664	0.0152587890625	-1.231689453125	0.001220703125	-0.7470703125
04-Jul-2022 16:23:13.789	0.015869140625	-1.19140625	-0.001220703125	-0.638427734375
04-Jul-2022 16:23:13.916	0.015869140625	-1.17919921875	0.0	-0.77392578125
04-Jul-2022 16:23:14.289	0.0152587890625	-1.1083984375	0.0	-0.6494140625
04-Jul-2022 16:23:14.361	0.0164794921875	-1.134033203125	0.0	-0.662841796875
04-Jul-2022 16:23:14.662	0.0164794921875	-1.03271484375	0.0	-0.531005859375
04-Jul-2022 16:23:14.786	0.0164794921875	-0.99365234375	0.0	-0.55419921875
04-Jul-2022 16:23:14.942	0.0164794921875	-0.99365234375	0.0	-0.55419921875
04-Jul-2022 16:23:15.290	0.0164794921875	-0.916748046875	0.001220703125	-0.390625
04-Jul-2022 16:23:15.331	0.018310546875	-0.906982421875	0.0	-0.369873046875
04-Jul-2022 16:23:15.665	0.0177001953125	-0.80322265625	0.0	-0.443115234375
04-Jul-2022 16:23:15.791	0.0164794921875	-0.809326171875	0.001220703125	-0.35400390625
04-Jul-2022 16:23:15.812	0.0164794921875	-0.809326171875	0.001220703125	-0.35400390625
04-Jul-2022 16:23:16.288	0.0177001953125	-0.709228515625	0.0	-0.299072265625
04-Jul-2022 16:23:16.317	0.018310546875	-0.6982421875	0.0	-0.347900390625
04-Jul-2022 16:23:16.660	0.0177001953125	-0.611572265625	0.0	-0.281982421875
04-Jul-2022 16:23:16.785	0.018310546875	-0.55419921875	0.001220703125	-0.252685546875
04-Jul-2022 16:23:16.915	0.018310546875	-0.55419921875	0.001220703125	-0.252685546875
04-Jul-2022 16:23:17.293	0.0189208984375	-0.4541015625	0.0	-0.1513671875
04-Jul-2022 16:23:17.368	0.0177001953125	-0.4296875	0.0	-0.223388671875
04-Jul-2022 16:23:17.665	0.01953125	-0.352783203125	0.001220703125	-0.1171875
04-Jul-2022 16:23:17.792	0.01953125	-0.335693359375	0.0	-0.15625
04-Jul-2022 16:23:17.895	0.018310546875	-0.333251953125	0.0	-0.167236328125
04-Jul-2022 16:23:18.289	0.01953125	-0.218505859375	0.0	-0.052490234375
04-Jul-2022 16:23:18.364	0.01953125	-0.22705078125	0.0	-0.087890625
04-Jul-2022 16:23:18.657	0.0189208984375	-0.135498046875	0.0	-0.0537109375
04-Jul-2022 16:23:18.796	0.01953125	-0.093994140625	0.0	-0.10009765625
04-Jul-2022 16:23:18.828	0.01953125	-0.093994140625	0.001220703125	-0.03662109375
04-Jul-2022 16:23:19.228	<end logging>
