#Channel	AI_CH0	AI_CH1	AI_CH2	AI_CH3
#Sensor 	Force	Current	N/C	Voltage	Lever_Arm_Ratio
#Scaling_Factor	885.739990234375	4.877999782562256	1.0	23.533000946044922	0.6669999957084656
#Sample_Rate	Every 0.05s
#Test_parameter_type	Frequency [Hz]	Start delay [s]	Periods	Phase [rad]	Amplitude [0-1]
#Test_parameters	0.019999999552965164	5.0	2.0	0.0	1.0
10-Jun-2022 14:47:36.007	<begin logging>
10-Jun-2022 14:47:36.033	0.0	0.0	0.0	0.0
10-Jun-2022 14:47:36.057	0.0	-0.001220703125	0.0	-0.0048828125
10-Jun-2022 14:47:36.211	0.0	-0.001220703125	0.0	-0.0048828125
10-Jun-2022 14:47:36.887	-0.0006103515625	0.0146484375	0.0	0.054931640625
10-Jun-2022 14:47:37.287	-0.001220703125	0.00732421875	0.0	0.0537109375
10-Jun-2022 14:47:37.893	-0.0006103515625	0.028076171875	0.0	0.05615234375
10-Jun-2022 14:47:38.298	-0.0006103515625	0.01708984375	-0.001220703125	0.05615234375
10-Jun-2022 14:47:38.901	-0.0006103515625	0.013427734375	0.0	0.052490234375
10-Jun-2022 14:47:39.290	0.0	0.01220703125	-0.001220703125	0.057373046875
10-Jun-2022 14:47:39.895	-0.0006103515625	0.013427734375	0.0	0.057373046875
10-Jun-2022 14:47:40.291	-0.0006103515625	0.020751953125	0.0	0.059814453125
10-Jun-2022 14:47:40.895	-0.0018310546875	0.01708984375	0.0	0.05126953125
10-Jun-2022 14:47:41.286	-0.0018310546875	0.028076171875	0.0	0.05126953125
10-Jun-2022 14:47:41.895	-0.0006103515625	0.030517578125	0.0	0.064697265625
10-Jun-2022 14:47:42.295	-0.0006103515625	0.10986328125	0.0	0.137939453125
10-Jun-2022 14:47:42.899	-0.0018310546875	0.33935546875	0.0	0.28076171875
10-Jun-2022 14:47:43.296	-0.0006103515625	0.36865234375	0.0	0.386962890625
10-Jun-2022 14:47:43.886	-0.0018310546875	0.599365234375	0.001220703125	0.52734375
10-Jun-2022 14:47:44.293	0.0	0.609130859375	0.0	0.6103515625
10-Jun-2022 14:47:44.891	-0.0018310546875	0.82763671875	0.0	0.74462890625
10-Jun-2022 14:47:45.300	-0.0030517578125	0.7861328125	0.001220703125	0.828857421875
10-Jun-2022 14:47:45.889	-0.0018310546875	0.975341796875	0.0	0.94970703125
10-Jun-2022 14:47:46.288	-0.0006103515625	1.148681640625	0.0	1.064453125
10-Jun-2022 14:47:46.899	-0.0006103515625	1.212158203125	-0.001220703125	1.175537109375
10-Jun-2022 14:47:47.297	-0.0018310546875	1.3916015625	-0.001220703125	1.24755859375
10-Jun-2022 14:47:47.886	-0.0018310546875	1.441650390625	0.0	1.3720703125
10-Jun-2022 14:47:48.291	-0.001220703125	1.46240234375	0.0	1.42578125
10-Jun-2022 14:47:48.889	-0.0018310546875	1.590576171875	-0.001220703125	1.4892578125
10-Jun-2022 14:47:49.293	0.0	1.695556640625	0.0	1.57958984375
10-Jun-2022 14:47:49.893	-0.0018310546875	1.810302734375	-0.001220703125	1.66748046875
10-Jun-2022 14:47:50.290	-0.001220703125	1.74072265625	0.0	1.734619140625
10-Jun-2022 14:47:50.897	0.0006103515625	1.95068359375	0.0	1.805419921875
10-Jun-2022 14:47:51.297	-0.001220703125	1.884765625	0.0	1.845703125
10-Jun-2022 14:47:51.897	-0.001220703125	2.03369140625	0.0	1.903076171875
10-Jun-2022 14:47:52.286	-0.001220703125	2.10693359375	0.0	1.94580078125
10-Jun-2022 14:47:52.901	-0.001220703125	2.138671875	0.0	1.99462890625
10-Jun-2022 14:47:53.299	-0.001220703125	2.164306640625	0.0	2.017822265625
10-Jun-2022 14:47:53.886	-0.001220703125	2.183837890625	-0.001220703125	2.0361328125
10-Jun-2022 14:47:54.294	-0.0018310546875	2.169189453125	0.0	2.039794921875
10-Jun-2022 14:47:54.888	-0.001220703125	2.210693359375	-0.001220703125	2.041015625
10-Jun-2022 14:47:55.291	-0.0018310546875	2.200927734375	-0.001220703125	2.037353515625
10-Jun-2022 14:47:55.888	-0.0006103515625	2.193603515625	0.0	2.037353515625
10-Jun-2022 14:47:56.291	-0.001220703125	2.215576171875	0.0	2.0361328125
10-Jun-2022 14:47:56.898	-0.0006103515625	2.20703125	0.0	2.039794921875
10-Jun-2022 14:47:57.301	-0.0018310546875	2.200927734375	0.0	2.04345703125
10-Jun-2022 14:47:57.886	-0.0018310546875	2.154541015625	-0.001220703125	2.01416015625
10-Jun-2022 14:47:58.292	-0.0018310546875	2.13623046875	0.0	1.98974609375
10-Jun-2022 14:47:58.886	-0.0006103515625	2.088623046875	0.0	1.9384765625
10-Jun-2022 14:47:59.290	-0.0018310546875	2.037353515625	-0.001220703125	1.900634765625
10-Jun-2022 14:47:59.896	0.0	1.97998046875	-0.001220703125	1.826171875
10-Jun-2022 14:48:00.289	0.0006103515625	1.9580078125	0.0	1.805419921875
10-Jun-2022 14:48:00.888	0.0006103515625	1.881103515625	0.0	1.712646484375
10-Jun-2022 14:48:01.313	-0.0018310546875	1.77734375	0.0	1.668701171875
10-Jun-2022 14:48:01.898	0.0	1.632080078125	0.0	1.571044921875
10-Jun-2022 14:48:02.288	-0.0018310546875	1.663818359375	0.0	1.522216796875
10-Jun-2022 14:48:02.899	-0.0018310546875	1.573486328125	0.0	1.431884765625
10-Jun-2022 14:48:03.300	-0.001220703125	1.45263671875	-0.001220703125	1.346435546875
10-Jun-2022 14:48:03.893	-0.001220703125	1.226806640625	0.0	1.2353515625
10-Jun-2022 14:48:04.459	-0.001220703125	1.40625	0.0	1.234130859375
10-Jun-2022 14:48:04.894	0.0006103515625	1.163330078125	0.001220703125	1.0498046875
10-Jun-2022 14:48:05.287	-0.0018310546875	0.916748046875	0.0	0.931396484375
10-Jun-2022 14:48:05.888	-0.0006103515625	0.919189453125	0.0	0.82763671875
10-Jun-2022 14:48:06.287	-0.0006103515625	0.718994140625	0.0	0.721435546875
10-Jun-2022 14:48:06.891	-0.0006103515625	0.599365234375	0.0	0.5810546875
10-Jun-2022 14:48:07.296	-0.0006103515625	0.499267578125	0.0	0.504150390625
10-Jun-2022 14:48:07.899	0.0	0.3369140625	0.0	0.37841796875
10-Jun-2022 14:48:08.294	0.0	0.238037109375	0.0	0.289306640625
10-Jun-2022 14:48:08.890	-0.0006103515625	0.101318359375	0.0	0.137939453125
10-Jun-2022 14:48:09.300	-0.0006103515625	0.0	0.0	0.032958984375
10-Jun-2022 14:48:09.903	0.0006103515625	-0.086669921875	0.0	-0.067138671875
10-Jun-2022 14:48:10.292	0.0	-0.17822265625	0.0	-0.15380859375
10-Jun-2022 14:48:10.894	0.0	-0.352783203125	-0.001220703125	-0.31982421875
10-Jun-2022 14:48:11.291	0.0	-0.418701171875	-0.001220703125	-0.401611328125
10-Jun-2022 14:48:11.907	0.0006103515625	-0.546875	0.001220703125	-0.5419921875
10-Jun-2022 14:48:12.288	-0.001220703125	-0.682373046875	0.001220703125	-0.599365234375
10-Jun-2022 14:48:12.897	0.0	-0.7666015625	0.0	-0.755615234375
10-Jun-2022 14:48:13.306	0.0006103515625	-0.972900390625	0.001220703125	-0.81787109375
10-Jun-2022 14:48:13.887	0.0006103515625	-1.064453125	0.001220703125	-0.927734375
10-Jun-2022 14:48:14.302	0.0006103515625	-1.041259765625	0.0	-1.019287109375
10-Jun-2022 14:48:14.899	0.0006103515625	-1.356201171875	0.0	-1.1474609375
10-Jun-2022 14:48:15.297	0.0006103515625	-1.302490234375	0.001220703125	-1.204833984375
10-Jun-2022 14:48:15.903	0.0006103515625	-1.490478515625	0.001220703125	-1.322021484375
10-Jun-2022 14:48:16.290	0.0	-1.53076171875	0.001220703125	-1.373291015625
10-Jun-2022 14:48:16.899	0.0	-1.6650390625	0.0	-1.46484375
10-Jun-2022 14:48:17.296	-0.001220703125	-1.761474609375	0.001220703125	-1.541748046875
10-Jun-2022 14:48:17.903	0.0006103515625	-1.795654296875	0.001220703125	-1.611328125
10-Jun-2022 14:48:18.300	0.0006103515625	-1.866455078125	0.0	-1.6552734375
10-Jun-2022 14:48:18.909	0.0006103515625	-1.93603515625	0.001220703125	-1.7236328125
10-Jun-2022 14:48:19.301	0.0006103515625	-1.993408203125	0.001220703125	-1.77734375
10-Jun-2022 14:48:19.897	0.0	-2.052001953125	0.001220703125	-1.820068359375
10-Jun-2022 14:48:20.291	0.0	-2.069091796875	0.001220703125	-1.849365234375
10-Jun-2022 14:48:20.900	0.0006103515625	-2.137451171875	0.001220703125	-1.866455078125
10-Jun-2022 14:48:21.301	0.0	-2.1142578125	0.001220703125	-1.90673828125
10-Jun-2022 14:48:21.899	-0.0006103515625	-2.12646484375	0.001220703125	-1.910400390625
10-Jun-2022 14:48:22.289	0.0	-2.135009765625	0.001220703125	-1.905517578125
10-Jun-2022 14:48:22.902	0.0	-2.119140625	0.001220703125	-1.9091796875
10-Jun-2022 14:48:23.295	0.0	-2.1337890625	0.001220703125	-1.9091796875
10-Jun-2022 14:48:23.907	0.0006103515625	-2.142333984375	0.0	-1.910400390625
10-Jun-2022 14:48:24.292	0.0	-2.1240234375	0.001220703125	-1.9140625
10-Jun-2022 14:48:24.901	0.0	-2.10205078125	0.001220703125	-1.903076171875
10-Jun-2022 14:48:25.292	0.0	-2.122802734375	0.001220703125	-1.875
10-Jun-2022 14:48:25.906	0.0006103515625	-2.05810546875	0.001220703125	-1.842041015625
10-Jun-2022 14:48:26.296	-0.00244140625	-2.027587890625	0.0	-1.80419921875
10-Jun-2022 14:48:26.908	0.0006103515625	-1.97998046875	0.001220703125	-1.75537109375
10-Jun-2022 14:48:27.298	-0.0006103515625	-1.912841796875	0.0	-1.70166015625
10-Jun-2022 14:48:27.900	-0.0006103515625	-1.856689453125	0.001220703125	-1.630859375
10-Jun-2022 14:48:28.292	0.0006103515625	-1.815185546875	0.001220703125	-1.602783203125
10-Jun-2022 14:48:28.903	0.0006103515625	-1.69189453125	0.0	-1.51123046875
10-Jun-2022 14:48:29.298	0.0006103515625	-1.6796875	0.001220703125	-1.446533203125
10-Jun-2022 14:48:29.899	0.0	-1.5869140625	0.0	-1.3427734375
10-Jun-2022 14:48:30.290	-0.0006103515625	-1.31591796875	0.0	-1.292724609375
10-Jun-2022 14:48:30.901	-0.0006103515625	-1.356201171875	0.001220703125	-1.17919921875
10-Jun-2022 14:48:31.291	0.0	-1.16943359375	0.0	-1.090087890625
10-Jun-2022 14:48:31.897	-0.00244140625	-1.103515625	0.001220703125	-0.99365234375
10-Jun-2022 14:48:32.292	0.001220703125	-1.0498046875	0.001220703125	-0.90576171875
10-Jun-2022 14:48:32.901	0.0006103515625	-0.8154296875	0.0	-0.79833984375
10-Jun-2022 14:48:33.288	0.0006103515625	-0.7958984375	0.001220703125	-0.7177734375
10-Jun-2022 14:48:33.908	-0.0006103515625	-0.66650390625	0.001220703125	-0.595703125
10-Jun-2022 14:48:34.299	-0.001220703125	-0.50048828125	0.001220703125	-0.494384765625
10-Jun-2022 14:48:34.904	-0.0006103515625	-0.516357421875	0.0	-0.335693359375
10-Jun-2022 14:48:35.298	-0.0006103515625	-0.3173828125	0.0	-0.257568359375
10-Jun-2022 14:48:35.898	0.0	-0.185546875	0.0	-0.123291015625
10-Jun-2022 14:48:36.301	-0.001220703125	-0.08056640625	0.001220703125	-0.023193359375
10-Jun-2022 14:48:36.508	-0.001220703125	-0.08056640625	0.001220703125	-0.023193359375
10-Jun-2022 14:48:36.907	-0.0006103515625	0.08544921875	0.0	0.1123046875
10-Jun-2022 14:48:37.297	-0.001220703125	0.286865234375	0.0	0.1953125
10-Jun-2022 14:48:37.576	-0.001220703125	0.238037109375	0.0	0.242919921875
10-Jun-2022 14:48:37.901	-0.001220703125	0.277099609375	0.0	0.330810546875
10-Jun-2022 14:48:38.294	-0.00244140625	0.3662109375	0.001220703125	0.430908203125
10-Jun-2022 14:48:38.566	0.0	0.457763671875	-0.001220703125	0.477294921875
10-Jun-2022 14:48:38.899	-0.00244140625	0.662841796875	0.0	0.560302734375
10-Jun-2022 14:48:39.291	-0.0006103515625	0.643310546875	0.001220703125	0.631103515625
10-Jun-2022 14:48:39.572	-0.0018310546875	0.706787109375	-0.001220703125	0.675048828125
10-Jun-2022 14:48:39.900	0.0	0.748291015625	0.0	0.772705078125
10-Jun-2022 14:48:40.298	-0.0018310546875	0.83740234375	0.0	0.875244140625
10-Jun-2022 14:48:40.570	-0.0006103515625	0.916748046875	0.0	0.89599609375
10-Jun-2022 14:48:40.904	-0.00244140625	1.044921875	0.0	0.975341796875
10-Jun-2022 14:48:41.295	0.0006103515625	1.182861328125	0.0	1.0986328125
10-Jun-2022 14:48:41.567	-0.0018310546875	1.13525390625	0.0	1.1279296875
10-Jun-2022 14:48:41.908	0.0	1.20361328125	0.0	1.16943359375
10-Jun-2022 14:48:42.296	-0.0018310546875	1.435546875	0.0	1.2646484375
10-Jun-2022 14:48:42.577	0.0	1.40380859375	0.001220703125	1.312255859375
10-Jun-2022 14:48:42.903	-0.0018310546875	1.392822265625	0.0	1.370849609375
10-Jun-2022 14:48:43.292	0.0	1.552734375	0.001220703125	1.4501953125
10-Jun-2022 14:48:43.570	0.0	1.4892578125	0.0	1.500244140625
10-Jun-2022 14:48:43.898	-0.001220703125	1.656494140625	-0.001220703125	1.54296875
10-Jun-2022 14:48:44.287	-0.001220703125	1.585693359375	-0.001220703125	1.585693359375
10-Jun-2022 14:48:44.571	-0.0018310546875	1.710205078125	0.0	1.6455078125
10-Jun-2022 14:48:44.898	-0.0018310546875	1.8359375	0.0	1.7041015625
10-Jun-2022 14:48:45.296	-0.0018310546875	1.903076171875	0.0	1.751708984375
10-Jun-2022 14:48:45.568	-0.0018310546875	1.95068359375	-0.001220703125	1.790771484375
10-Jun-2022 14:48:45.902	-0.001220703125	1.943359375	0.0	1.81640625
10-Jun-2022 14:48:46.295	-0.001220703125	2.0263671875	0.0	1.86767578125
10-Jun-2022 14:48:46.576	0.0018310546875	2.047119140625	-0.001220703125	1.890869140625
10-Jun-2022 14:48:46.903	-0.001220703125	2.0458984375	0.0	1.922607421875
10-Jun-2022 14:48:47.308	-0.0018310546875	2.110595703125	0.0	1.966552734375
10-Jun-2022 14:48:47.580	-0.0018310546875	2.139892578125	0.0	1.98974609375
10-Jun-2022 14:48:47.906	-0.001220703125	2.171630859375	0.0	2.0166015625
10-Jun-2022 14:48:48.296	-0.0018310546875	2.200927734375	-0.001220703125	2.000732421875
10-Jun-2022 14:48:48.567	-0.0018310546875	2.137451171875	0.0	2.042236328125
10-Jun-2022 14:48:48.906	-0.0018310546875	2.213134765625	-0.001220703125	2.047119140625
10-Jun-2022 14:48:49.308	-0.001220703125	2.17529296875	0.0	2.03857421875
10-Jun-2022 14:48:49.579	-0.0006103515625	2.21923828125	0.0	2.037353515625
10-Jun-2022 14:48:49.905	-0.0018310546875	2.17041015625	-0.001220703125	2.03857421875
10-Jun-2022 14:48:50.301	-0.001220703125	2.222900390625	-0.001220703125	2.044677734375
10-Jun-2022 14:48:50.566	-0.0018310546875	2.22412109375	-0.001220703125	2.03857421875
10-Jun-2022 14:48:50.909	-0.0006103515625	2.19482421875	-0.001220703125	2.03857421875
10-Jun-2022 14:48:51.300	-0.0018310546875	2.16796875	0.0	2.039794921875
10-Jun-2022 14:48:51.579	-0.001220703125	2.193603515625	-0.001220703125	2.034912109375
10-Jun-2022 14:48:51.898	-0.001220703125	2.20947265625	0.0	2.0361328125
10-Jun-2022 14:48:52.311	-0.0018310546875	2.2119140625	-0.001220703125	2.042236328125
10-Jun-2022 14:48:52.575	-0.0006103515625	2.17041015625	-0.001220703125	2.032470703125
10-Jun-2022 14:48:52.897	-0.0006103515625	2.158203125	0.0	2.0166015625
10-Jun-2022 14:48:53.306	-0.001220703125	2.05078125	-0.001220703125	1.962890625
10-Jun-2022 14:48:53.572	-0.00244140625	2.098388671875	0.0	1.947021484375
10-Jun-2022 14:48:53.901	-0.0018310546875	2.069091796875	0.0	1.922607421875
10-Jun-2022 14:48:54.305	-0.0018310546875	1.900634765625	0.0	1.8896484375
10-Jun-2022 14:48:54.569	-0.0018310546875	2.003173828125	-0.001220703125	1.865234375
10-Jun-2022 14:48:54.902	-0.001220703125	1.849365234375	0.0	1.8310546875
10-Jun-2022 14:48:55.305	-0.0018310546875	1.943359375	0.0	1.766357421875
10-Jun-2022 14:48:55.574	-0.001220703125	1.790771484375	0.0	1.732177734375
10-Jun-2022 14:48:55.898	-0.0006103515625	1.807861328125	0.0	1.683349609375
10-Jun-2022 14:48:56.301	0.0	1.69921875	-0.001220703125	1.624755859375
10-Jun-2022 14:48:56.571	-0.0018310546875	1.612548828125	-0.001220703125	1.5966796875
10-Jun-2022 14:48:56.900	-0.0018310546875	1.5478515625	-0.001220703125	1.52587890625
10-Jun-2022 14:48:57.299	-0.0006103515625	1.65771484375	0.0	1.468505859375
10-Jun-2022 14:48:57.579	-0.001220703125	1.519775390625	0.0	1.402587890625
10-Jun-2022 14:48:57.903	-0.0018310546875	1.474609375	0.0	1.376953125
10-Jun-2022 14:48:58.301	0.0	1.44775390625	-0.001220703125	1.30615234375
10-Jun-2022 14:48:58.566	0.0	1.248779296875	0.0	1.234130859375
10-Jun-2022 14:48:58.908	0.0	1.285400390625	-0.001220703125	1.185302734375
10-Jun-2022 14:48:59.299	0.0006103515625	1.08642578125	0.0	1.097412109375
10-Jun-2022 14:48:59.572	-0.0006103515625	1.063232421875	0.001220703125	1.085205078125
10-Jun-2022 14:48:59.904	-0.0018310546875	1.0107421875	0.0	0.98388671875
10-Jun-2022 14:49:00.303	-0.0006103515625	1.05224609375	-0.001220703125	0.9130859375
10-Jun-2022 14:49:00.569	-0.0018310546875	0.889892578125	-0.001220703125	0.863037109375
10-Jun-2022 14:49:00.904	-0.0006103515625	0.82275390625	-0.001220703125	0.77880859375
10-Jun-2022 14:49:01.299	-0.0006103515625	0.70068359375	0.0	0.69091796875
10-Jun-2022 14:49:01.566	-0.001220703125	0.60791015625	0.0	0.6201171875
10-Jun-2022 14:49:01.911	-0.0018310546875	0.552978515625	0.0	0.556640625
10-Jun-2022 14:49:02.309	-0.0018310546875	0.416259765625	0.0	0.450439453125
10-Jun-2022 14:49:02.572	-0.001220703125	0.406494140625	0.0	0.399169921875
10-Jun-2022 14:49:02.899	-0.0030517578125	0.29052734375	0.0	0.323486328125
10-Jun-2022 14:49:03.306	-0.0006103515625	0.3076171875	0.001220703125	0.22705078125
10-Jun-2022 14:49:03.572	-0.0006103515625	0.1416015625	0.001220703125	0.169677734375
10-Jun-2022 14:49:03.906	-0.0006103515625	0.0634765625	0.001220703125	0.091552734375
10-Jun-2022 14:49:04.310	-0.0018310546875	-0.020751953125	-0.001220703125	0.013427734375
10-Jun-2022 14:49:04.573	-0.0018310546875	-0.091552734375	0.001220703125	-0.048828125
10-Jun-2022 14:49:04.899	-0.0018310546875	-0.1416015625	0.0	-0.103759765625
10-Jun-2022 14:49:05.300	-0.0018310546875	-0.234375	0.001220703125	-0.21240234375
10-Jun-2022 14:49:05.567	0.0006103515625	-0.3076171875	0.0	-0.263671875
10-Jun-2022 14:49:05.899	-0.0006103515625	-0.438232421875	0.0	-0.3662109375
10-Jun-2022 14:49:06.298	-0.0018310546875	-0.469970703125	0.001220703125	-0.44189453125
10-Jun-2022 14:49:06.575	-0.001220703125	-0.556640625	0.0	-0.513916015625
10-Jun-2022 14:49:06.911	0.0	-0.689697265625	0.0	-0.592041015625
10-Jun-2022 14:49:07.300	-0.001220703125	-0.777587890625	0.0	-0.64208984375
10-Jun-2022 14:49:07.567	-0.0006103515625	-0.8056640625	0.0	-0.721435546875
10-Jun-2022 14:49:07.903	0.0	-0.96923828125	0.001220703125	-0.767822265625
10-Jun-2022 14:49:08.309	-0.001220703125	-0.946044921875	0.0	-0.850830078125
10-Jun-2022 14:49:08.575	-0.00244140625	-0.941162109375	0.0	-0.9033203125
10-Jun-2022 14:49:08.911	0.0006103515625	-1.04248046875	0.001220703125	-0.9912109375
10-Jun-2022 14:49:09.302	-0.0006103515625	-1.165771484375	0.0	-1.0498046875
10-Jun-2022 14:49:09.570	-0.0018310546875	-1.351318359375	0.001220703125	-1.13525390625
10-Jun-2022 14:49:09.897	-0.0018310546875	-1.25	0.0	-1.17919921875
10-Jun-2022 14:49:10.301	0.0006103515625	-1.337890625	0.001220703125	-1.226806640625
10-Jun-2022 14:49:10.574	0.0006103515625	-1.490478515625	0.0	-1.3037109375
10-Jun-2022 14:49:10.896	-0.00244140625	-1.56494140625	0.001220703125	-1.351318359375
10-Jun-2022 14:49:11.304	-0.0006103515625	-1.64794921875	0.0	-1.441650390625
10-Jun-2022 14:49:11.566	0.0	-1.641845703125	0.0	-1.470947265625
10-Jun-2022 14:49:11.899	0.0006103515625	-1.676025390625	0.001220703125	-1.50146484375
10-Jun-2022 14:49:12.307	0.0006103515625	-1.76025390625	0.0	-1.558837890625
10-Jun-2022 14:49:12.578	0.0	-1.815185546875	0.0	-1.6015625
10-Jun-2022 14:49:12.910	0.0006103515625	-1.85302734375	0.001220703125	-1.63818359375
10-Jun-2022 14:49:13.308	-0.001220703125	-1.8115234375	0.001220703125	-1.6796875
10-Jun-2022 14:49:13.572	0.0	-1.934814453125	0.001220703125	-1.7138671875
10-Jun-2022 14:49:13.907	0.0	-1.95556640625	0.0	-1.748046875
10-Jun-2022 14:49:14.305	-0.0006103515625	-2.021484375	0.001220703125	-1.785888671875
10-Jun-2022 14:49:14.574	-0.0006103515625	-2.037353515625	0.001220703125	-1.805419921875
10-Jun-2022 14:49:14.901	0.0	-2.05810546875	0.001220703125	-1.826171875
10-Jun-2022 14:49:15.299	0.0006103515625	-2.088623046875	0.001220703125	-1.86279296875
10-Jun-2022 14:49:15.579	0.0006103515625	-2.120361328125	0.001220703125	-1.86767578125
10-Jun-2022 14:49:15.906	-0.0006103515625	-2.1240234375	0.001220703125	-1.868896484375
10-Jun-2022 14:49:16.302	0.0	-2.120361328125	0.001220703125	-1.915283203125
10-Jun-2022 14:49:16.566	-0.0006103515625	-2.1142578125	0.001220703125	-1.90673828125
10-Jun-2022 14:49:16.902	0.0006103515625	-2.1435546875	0.001220703125	-1.91162109375
10-Jun-2022 14:49:17.297	0.0	-2.142333984375	0.001220703125	-1.9091796875
10-Jun-2022 14:49:17.576	0.0	-2.142333984375	0.0	-1.910400390625
10-Jun-2022 14:49:17.903	0.0	-2.125244140625	0.001220703125	-1.912841796875
10-Jun-2022 14:49:18.307	-0.0006103515625	-2.135009765625	0.001220703125	-1.910400390625
10-Jun-2022 14:49:18.578	0.0	-2.125244140625	0.0	-1.910400390625
10-Jun-2022 14:49:18.897	0.0	-2.142333984375	0.001220703125	-1.91162109375
10-Jun-2022 14:49:19.308	0.0006103515625	-2.138671875	0.001220703125	-1.912841796875
10-Jun-2022 14:49:19.576	0.0	-2.1240234375	0.001220703125	-1.91650390625
10-Jun-2022 14:49:19.903	0.0006103515625	-2.13134765625	0.0	-1.864013671875
10-Jun-2022 14:49:20.297	-0.0006103515625	-2.080078125	0.001220703125	-1.873779296875
10-Jun-2022 14:49:20.577	0.0	-2.059326171875	0.001220703125	-1.83349609375
10-Jun-2022 14:49:20.911	-0.0006103515625	-2.047119140625	0.0	-1.82373046875
10-Jun-2022 14:49:21.300	0.0	-2.015380859375	0.001220703125	-1.78955078125
10-Jun-2022 14:49:21.569	0.0	-1.981201171875	0.001220703125	-1.756591796875
10-Jun-2022 14:49:21.905	0.0	-1.959228515625	0.001220703125	-1.737060546875
10-Jun-2022 14:49:22.311	0.0	-1.871337890625	0.0	-1.6796875
10-Jun-2022 14:49:22.566	0.0006103515625	-1.839599609375	0.001220703125	-1.644287109375
10-Jun-2022 14:49:22.908	-0.001220703125	-1.829833984375	0.0	-1.624755859375
10-Jun-2022 14:49:23.299	0.0	-1.8017578125	0.001220703125	-1.558837890625
10-Jun-2022 14:49:23.566	0.0006103515625	-1.61376953125	0.001220703125	-1.519775390625
10-Jun-2022 14:49:23.897	0.0	-1.668701171875	0.0	-1.48193359375
10-Jun-2022 14:49:24.303	-0.0006103515625	-1.527099609375	0.001220703125	-1.43310546875
10-Jun-2022 14:49:24.577	0.0	-1.593017578125	0.001220703125	-1.365966796875
10-Jun-2022 14:49:24.901	0.0006103515625	-1.470947265625	0.0	-1.30859375
10-Jun-2022 14:49:25.304	0.0006103515625	-1.434326171875	0.001220703125	-1.259765625
10-Jun-2022 14:49:25.571	0.0006103515625	-1.34765625	0.001220703125	-1.20849609375
10-Jun-2022 14:49:25.896	0.001220703125	-1.380615234375	0.0	-1.1279296875
10-Jun-2022 14:49:26.309	-0.0006103515625	-1.18896484375	0.001220703125	-1.0693359375
10-Jun-2022 14:49:26.566	0.0006103515625	-1.048583984375	0.001220703125	-1.00830078125
10-Jun-2022 14:49:26.899	-0.0006103515625	-1.08154296875	0.0	-0.9423828125
10-Jun-2022 14:49:27.306	0.001220703125	-0.997314453125	0.0	-0.889892578125
10-Jun-2022 14:49:27.571	-0.0006103515625	-0.845947265625	0.0	-0.831298828125
10-Jun-2022 14:49:27.904	-0.001220703125	-0.968017578125	0.001220703125	-0.743408203125
10-Jun-2022 14:49:28.301	-0.001220703125	-0.670166015625	0.0	-0.66650390625
10-Jun-2022 14:49:28.567	-0.0018310546875	-0.794677734375	0.001220703125	-0.601806640625
10-Jun-2022 14:49:28.903	-0.0006103515625	-0.618896484375	0.0	-0.540771484375
10-Jun-2022 14:49:29.298	-0.0018310546875	-0.4736328125	0.0	-0.440673828125
10-Jun-2022 14:49:29.571	0.0	-0.513916015625	0.0	-0.360107421875
10-Jun-2022 14:49:29.897	-0.0006103515625	-0.33935546875	-0.001220703125	-0.31005859375
10-Jun-2022 14:49:30.310	-0.001220703125	-0.260009765625	0.0	-0.21240234375
10-Jun-2022 14:49:30.574	0.0	-0.1953125	0.001220703125	-0.155029296875
10-Jun-2022 14:49:30.903	-0.0006103515625	-0.113525390625	0.0	-0.069580078125
10-Jun-2022 14:49:31.307	-0.0006103515625	-0.0390625	0.0	0.003662109375
10-Jun-2022 14:49:31.337	-0.0006103515625	-0.0390625	0.0	0.003662109375
10-Jun-2022 14:49:31.572	-0.0006103515625	0.04150390625	0.0	0.08056640625
10-Jun-2022 14:49:31.899	-0.0006103515625	0.101318359375	0.0	0.137939453125
10-Jun-2022 14:49:32.298	-0.0030517578125	0.1953125	0.0	0.235595703125
10-Jun-2022 14:49:32.399	-0.0006103515625	0.230712890625	0.0	0.2490234375
10-Jun-2022 14:49:32.577	-0.001220703125	0.269775390625	0.0	0.29052734375
10-Jun-2022 14:49:32.902	-0.0006103515625	0.347900390625	0.0	0.357666015625
10-Jun-2022 14:49:33.296	-0.0018310546875	0.53955078125	-0.001220703125	0.48583984375
10-Jun-2022 14:49:33.422	-0.0006103515625	0.439453125	0.0	0.482177734375
10-Jun-2022 14:49:33.578	0.0	0.474853515625	0.0	0.5322265625
10-Jun-2022 14:49:33.907	0.0	0.72509765625	0.0	0.6103515625
10-Jun-2022 14:49:34.309	-0.0006103515625	0.65185546875	0.001220703125	0.68115234375
10-Jun-2022 14:49:34.411	-0.0006103515625	0.78369140625	0.0	0.73974609375
10-Jun-2022 14:49:34.571	0.0	0.823974609375	0.0	0.73974609375
10-Jun-2022 14:49:34.899	0.0006103515625	0.90576171875	0.0	0.802001953125
10-Jun-2022 14:49:35.305	-0.001220703125	0.845947265625	0.0	0.8984375
10-Jun-2022 14:49:35.455	-0.0018310546875	0.97900390625	0.0	0.9228515625
10-Jun-2022 14:49:35.567	-0.0018310546875	0.947265625	-0.001220703125	0.9619140625
10-Jun-2022 14:49:35.897	-0.0018310546875	1.123046875	0.0	1.051025390625
10-Jun-2022 14:49:36.304	-0.001220703125	1.2548828125	0.0	1.119384765625
10-Jun-2022 14:49:36.399	-0.0018310546875	1.080322265625	0.0	1.11572265625
10-Jun-2022 14:49:36.568	-0.0018310546875	1.207275390625	-0.001220703125	1.181640625
10-Jun-2022 14:49:36.910	0.0006103515625	1.38427734375	0.001220703125	1.239013671875
10-Jun-2022 14:49:37.309	-0.0018310546875	1.4794921875	-0.001220703125	1.2890625
10-Jun-2022 14:49:37.402	-0.0006103515625	1.412353515625	0.0	1.322021484375
10-Jun-2022 14:49:37.580	-0.0030517578125	1.52099609375	0.0	1.3720703125
10-Jun-2022 14:49:37.906	0.0	1.470947265625	0.0	1.429443359375
10-Jun-2022 14:49:38.297	-0.0018310546875	1.572265625	-0.001220703125	1.484375
10-Jun-2022 14:49:38.406	-0.0018310546875	1.651611328125	-0.001220703125	1.51611328125
10-Jun-2022 14:49:38.570	0.0	1.680908203125	-0.001220703125	1.529541015625
10-Jun-2022 14:49:38.898	-0.0018310546875	1.71142578125	0.0	1.57470703125
10-Jun-2022 14:49:39.304	-0.001220703125	1.795654296875	0.0	1.64306640625
10-Jun-2022 14:49:39.403	-0.0018310546875	1.827392578125	0.0	1.651611328125
10-Jun-2022 14:49:39.577	-0.0018310546875	1.84326171875	-0.001220703125	1.6748046875
10-Jun-2022 14:49:39.901	0.0006103515625	1.85546875	-0.001220703125	1.727294921875
10-Jun-2022 14:49:40.301	-0.001220703125	1.9189453125	0.001220703125	1.773681640625
10-Jun-2022 14:49:40.400	-0.001220703125	1.95068359375	-0.001220703125	1.79443359375
10-Jun-2022 14:49:40.569	-0.0018310546875	1.937255859375	-0.001220703125	1.79931640625
10-Jun-2022 14:49:40.902	-0.0018310546875	1.9873046875	0.0	1.845703125
10-Jun-2022 14:49:41.299	-0.001220703125	2.030029296875	0.0	1.885986328125
10-Jun-2022 14:49:41.399	-0.001220703125	2.042236328125	-0.001220703125	1.88232421875
10-Jun-2022 14:49:41.572	-0.0006103515625	2.05322265625	0.0	1.904296875
10-Jun-2022 14:49:41.903	-0.0018310546875	2.1044921875	-0.001220703125	1.929931640625
10-Jun-2022 14:49:42.297	-0.0018310546875	2.132568359375	0.001220703125	1.9775390625
10-Jun-2022 14:49:42.409	-0.001220703125	2.138671875	0.0	1.986083984375
10-Jun-2022 14:49:42.578	-0.0018310546875	2.154541015625	0.0	1.99462890625
10-Jun-2022 14:49:42.901	-0.0006103515625	2.188720703125	-0.001220703125	2.000732421875
10-Jun-2022 14:49:43.306	-0.0018310546875	2.15576171875	0.0	2.025146484375
10-Jun-2022 14:49:43.400	-0.0018310546875	2.1875	-0.001220703125	2.0361328125
10-Jun-2022 14:49:43.580	-0.0018310546875	2.186279296875	-0.001220703125	2.042236328125
10-Jun-2022 14:49:43.897	-0.001220703125	2.18017578125	0.0	2.041015625
10-Jun-2022 14:49:44.308	-0.001220703125	2.216796875	0.0	2.03857421875
10-Jun-2022 14:49:44.402	-0.001220703125	2.183837890625	0.0	2.039794921875
10-Jun-2022 14:49:44.567	-0.0018310546875	2.181396484375	-0.001220703125	2.04345703125
10-Jun-2022 14:49:44.902	-0.0018310546875	2.198486328125	0.0	2.039794921875
10-Jun-2022 14:49:45.297	-0.001220703125	2.1630859375	0.0	2.039794921875
10-Jun-2022 14:49:45.404	-0.0006103515625	2.215576171875	-0.001220703125	2.039794921875
10-Jun-2022 14:49:45.572	-0.0018310546875	2.20703125	0.0	2.042236328125
10-Jun-2022 14:49:45.897	-0.001220703125	2.188720703125	0.0	2.039794921875
10-Jun-2022 14:49:46.309	-0.001220703125	2.18017578125	-0.001220703125	2.03369140625
10-Jun-2022 14:49:46.411	-0.0006103515625	2.191162109375	0.0	2.039794921875
10-Jun-2022 14:49:46.571	-0.0018310546875	2.186279296875	0.0	2.0361328125
10-Jun-2022 14:49:46.901	-0.001220703125	2.183837890625	-0.001220703125	2.03369140625
10-Jun-2022 14:49:47.307	-0.0018310546875	2.16552734375	0.0	2.034912109375
10-Jun-2022 14:49:47.412	-0.001220703125	2.1337890625	-0.001220703125	2.037353515625
10-Jun-2022 14:49:47.566	-0.001220703125	2.16796875	0.0	2.037353515625
10-Jun-2022 14:49:47.899	0.0	2.139892578125	0.0	1.98974609375
10-Jun-2022 14:49:48.298	-0.0018310546875	2.120361328125	-0.001220703125	1.954345703125
10-Jun-2022 14:49:48.397	-0.0006103515625	2.110595703125	0.0	1.949462890625
10-Jun-2022 14:49:48.577	-0.001220703125	2.0849609375	0.0	1.934814453125
10-Jun-2022 14:49:48.910	-0.0018310546875	2.049560546875	0.0	1.907958984375
10-Jun-2022 14:49:49.298	-0.001220703125	2.015380859375	0.0	1.87255859375
10-Jun-2022 14:49:49.406	-0.0006103515625	1.9921875	0.0	1.849365234375
10-Jun-2022 14:49:49.571	-0.0018310546875	1.998291015625	0.0	1.829833984375
10-Jun-2022 14:49:49.903	-0.0006103515625	1.971435546875	0.0	1.8017578125
10-Jun-2022 14:49:50.302	-0.0018310546875	1.92138671875	0.001220703125	1.759033203125
10-Jun-2022 14:49:50.402	-0.001220703125	1.7529296875	0.0	1.73583984375
10-Jun-2022 14:49:50.566	-0.0018310546875	1.87255859375	-0.001220703125	1.71875
10-Jun-2022 14:49:50.902	-0.001220703125	1.78466796875	0.0	1.650390625
10-Jun-2022 14:49:51.308	-0.0006103515625	1.722412109375	0.0	1.60888671875
10-Jun-2022 14:49:51.396	-0.0018310546875	1.700439453125	0.0	1.58447265625
10-Jun-2022 14:49:51.566	-0.00244140625	1.72607421875	-0.001220703125	1.593017578125
10-Jun-2022 14:49:51.898	0.001220703125	1.572265625	-0.001220703125	1.510009765625
10-Jun-2022 14:49:52.301	-0.0018310546875	1.53076171875	0.0	1.434326171875
10-Jun-2022 14:49:52.400	-0.00244140625	1.572265625	-0.001220703125	1.40869140625
10-Jun-2022 14:49:52.579	0.0	1.427001953125	0.0	1.376953125
10-Jun-2022 14:49:52.899	-0.0018310546875	1.40869140625	0.0	1.314697265625
10-Jun-2022 14:49:53.308	-0.0006103515625	1.43310546875	-0.001220703125	1.2646484375
10-Jun-2022 14:49:53.409	0.0006103515625	1.3525390625	0.0	1.256103515625
10-Jun-2022 14:49:53.581	0.0006103515625	1.38671875	-0.001220703125	1.21337890625
10-Jun-2022 14:49:53.908	-0.0018310546875	1.23779296875	0.0	1.1279296875
10-Jun-2022 14:49:54.307	0.0	1.156005859375	0.0	1.05224609375
10-Jun-2022 14:49:54.407	-0.0018310546875	1.0302734375	0.001220703125	1.0400390625
10-Jun-2022 14:49:54.570	-0.001220703125	1.06689453125	0.0	1.00341796875
10-Jun-2022 14:49:54.898	-0.0006103515625	0.9716796875	0.0	0.941162109375
10-Jun-2022 14:49:55.301	-0.0018310546875	0.9375	-0.001220703125	0.87890625
10-Jun-2022 14:49:55.399	-0.00244140625	0.85693359375	0.0	0.84716796875
10-Jun-2022 14:49:55.572	-0.001220703125	0.86669921875	0.0	0.79345703125
10-Jun-2022 14:49:55.901	-0.0006103515625	0.711669921875	0.001220703125	0.755615234375
10-Jun-2022 14:49:56.300	-0.00244140625	0.76416015625	0.0	0.679931640625
10-Jun-2022 14:49:56.408	-0.001220703125	0.601806640625	0.0	0.6103515625
10-Jun-2022 14:49:56.571	-0.001220703125	0.6103515625	0.0	0.5908203125
10-Jun-2022 14:49:56.910	-0.0006103515625	0.517578125	0.0	0.50537109375
10-Jun-2022 14:49:57.306	-0.0030517578125	0.41259765625	0.0	0.430908203125
10-Jun-2022 14:49:57.406	0.0	0.521240234375	0.0	0.406494140625
10-Jun-2022 14:49:57.580	-0.0006103515625	0.33447265625	0.0	0.35888671875
10-Jun-2022 14:49:57.906	-0.0018310546875	0.26123046875	0.0	0.29052734375
10-Jun-2022 14:49:58.299	-0.0006103515625	0.16357421875	0.0	0.189208984375
10-Jun-2022 14:49:58.408	-0.0006103515625	0.16357421875	0.0	0.189208984375
10-Jun-2022 14:49:58.573	-0.0006103515625	0.103759765625	0.001220703125	0.133056640625
10-Jun-2022 14:49:58.896	-0.0018310546875	0.006103515625	0.0	0.04638671875
10-Jun-2022 14:49:59.299	-0.0006103515625	-0.069580078125	0.0	-0.028076171875
10-Jun-2022 14:49:59.439	0.0	-0.048828125	0.0	-0.030517578125
10-Jun-2022 14:49:59.581	0.0	-0.230712890625	0.0	-0.078125
10-Jun-2022 14:49:59.903	-0.001220703125	-0.1904296875	0.0	-0.17822265625
10-Jun-2022 14:50:00.305	-0.0006103515625	-0.284423828125	0.0	-0.2685546875
10-Jun-2022 14:50:00.397	-0.0006103515625	-0.321044921875	-0.001220703125	-0.289306640625
10-Jun-2022 14:50:00.575	-0.0006103515625	-0.377197265625	0.001220703125	-0.299072265625
10-Jun-2022 14:50:00.902	0.0	-0.44677734375	0.0	-0.3857421875
10-Jun-2022 14:50:01.301	0.001220703125	-0.50537109375	0.0	-0.462646484375
10-Jun-2022 14:50:01.400	-0.0006103515625	-0.56884765625	0.0	-0.501708984375
10-Jun-2022 14:50:01.580	0.0006103515625	-0.75927734375	0.001220703125	-0.56396484375
10-Jun-2022 14:50:01.899	-0.001220703125	-0.712890625	0.001220703125	-0.6298828125
10-Jun-2022 14:50:02.307	-0.0006103515625	-0.87158203125	0.0	-0.706787109375
10-Jun-2022 14:50:02.454	0.0	-0.787353515625	0.001220703125	-0.703125
10-Jun-2022 14:50:02.580	-0.001220703125	-0.904541015625	0.001220703125	-0.7421875
10-Jun-2022 14:50:02.903	0.0	-0.95947265625	0.0	-0.853271484375
10-Jun-2022 14:50:03.310	0.0006103515625	-0.960693359375	0.001220703125	-0.919189453125
10-Jun-2022 14:50:03.396	0.0006103515625	-0.98388671875	0.001220703125	-0.909423828125
10-Jun-2022 14:50:03.573	-0.0006103515625	-1.119384765625	0.001220703125	-0.947265625
10-Jun-2022 14:50:03.905	-0.001220703125	-1.083984375	0.001220703125	-1.0009765625
10-Jun-2022 14:50:04.304	0.0	-1.1376953125	0.001220703125	-1.097412109375
10-Jun-2022 14:50:04.398	0.0	-1.180419921875	0.001220703125	-1.102294921875
10-Jun-2022 14:50:04.569	0.0	-1.37451171875	0.0	-1.17431640625
10-Jun-2022 14:50:04.896	0.001220703125	-1.324462890625	0.001220703125	-1.195068359375
10-Jun-2022 14:50:05.306	0.0006103515625	-1.4599609375	0.001220703125	-1.298828125
10-Jun-2022 14:50:05.416	0.0006103515625	-1.473388671875	0.0	-1.30615234375
10-Jun-2022 14:50:05.579	0.001220703125	-1.4404296875	0.001220703125	-1.304931640625
10-Jun-2022 14:50:05.908	0.0	-1.585693359375	0.001220703125	-1.396484375
10-Jun-2022 14:50:06.304	0.0006103515625	-1.644287109375	0.001220703125	-1.444091796875
10-Jun-2022 14:50:06.408	-0.0006103515625	-1.69189453125	0.001220703125	-1.4794921875
10-Jun-2022 14:50:06.570	0.0	-1.702880859375	0.001220703125	-1.48681640625
10-Jun-2022 14:50:06.896	-0.0018310546875	-1.700439453125	0.0	-1.527099609375
10-Jun-2022 14:50:07.301	0.0	-1.8212890625	0.001220703125	-1.58447265625
10-Jun-2022 14:50:07.397	0.0006103515625	-1.702880859375	0.0	-1.593017578125
10-Jun-2022 14:50:07.576	-0.0006103515625	-1.868896484375	0.001220703125	-1.639404296875
10-Jun-2022 14:50:07.904	0.0	-1.88232421875	0.001220703125	-1.673583984375
10-Jun-2022 14:50:08.308	0.0	-1.925048828125	0.001220703125	-1.710205078125
10-Jun-2022 14:50:08.403	0.0006103515625	-1.94091796875	0.00244140625	-1.7138671875
10-Jun-2022 14:50:08.573	0.0	-1.929931640625	0.001220703125	-1.72119140625
10-Jun-2022 14:50:08.896	0.0	-1.986083984375	0.0	-1.7724609375
10-Jun-2022 14:50:09.299	0.0006103515625	-1.995849609375	0.0	-1.7919921875
10-Jun-2022 14:50:09.400	0.0006103515625	-2.015380859375	0.0	-1.8115234375
10-Jun-2022 14:50:09.577	0.0	-2.041015625	0.0	-1.81640625
10-Jun-2022 14:50:09.903	0.0	-2.008056640625	0.001220703125	-1.849365234375
10-Jun-2022 14:50:10.297	0.0	-2.1337890625	0.001220703125	-1.871337890625
10-Jun-2022 14:50:10.400	0.0	-2.119140625	0.001220703125	-1.871337890625
10-Jun-2022 14:50:10.571	-0.0006103515625	-2.08251953125	0.001220703125	-1.90673828125
10-Jun-2022 14:50:10.897	0.0	-2.13623046875	0.001220703125	-1.881103515625
10-Jun-2022 14:50:11.307	0.0	-2.139892578125	0.001220703125	-1.9091796875
10-Jun-2022 14:50:11.401	0.0	-2.120361328125	0.001220703125	-1.915283203125
10-Jun-2022 14:50:11.567	0.0	-2.13623046875	0.001220703125	-1.910400390625
10-Jun-2022 14:50:11.903	-0.0006103515625	-2.138671875	0.001220703125	-1.915283203125
10-Jun-2022 14:50:12.300	0.0	-2.138671875	0.001220703125	-1.9091796875
10-Jun-2022 14:50:12.406	0.0	-2.14111328125	0.001220703125	-1.912841796875
10-Jun-2022 14:50:12.568	0.0006103515625	-2.1240234375	0.001220703125	-1.915283203125
10-Jun-2022 14:50:12.897	0.0	-2.1484375	0.001220703125	-1.91650390625
10-Jun-2022 14:50:13.307	0.0	-2.125244140625	0.001220703125	-1.91162109375
10-Jun-2022 14:50:13.408	0.0	-2.139892578125	0.001220703125	-1.91162109375
10-Jun-2022 14:50:13.587	-0.001220703125	-2.142333984375	0.001220703125	-1.904296875
10-Jun-2022 14:50:13.905	0.0006103515625	-2.14111328125	0.001220703125	-1.9091796875
10-Jun-2022 14:50:14.307	0.0006103515625	-2.100830078125	0.001220703125	-1.903076171875
10-Jun-2022 14:50:14.410	0.0	-2.093505859375	0.001220703125	-1.91162109375
10-Jun-2022 14:50:14.572	0.0006103515625	-2.138671875	0.001220703125	-1.8994140625
10-Jun-2022 14:50:14.908	0.0	-2.093505859375	0.001220703125	-1.8603515625
10-Jun-2022 14:50:15.308	0.0	-2.07275390625	0.001220703125	-1.856689453125
10-Jun-2022 14:50:15.402	0.0006103515625	-2.0703125	0.001220703125	-1.84814453125
10-Jun-2022 14:50:15.573	0.0	-2.05078125	0.001220703125	-1.844482421875
10-Jun-2022 14:50:15.897	0.0006103515625	-2.000732421875	0.001220703125	-1.790771484375
10-Jun-2022 14:50:16.303	0.0	-1.97265625	0.0	-1.768798828125
10-Jun-2022 14:50:16.398	0.0006103515625	-1.981201171875	0.001220703125	-1.759033203125
10-Jun-2022 14:50:16.577	0.0	-1.959228515625	0.001220703125	-1.776123046875
10-Jun-2022 14:50:16.902	0.0006103515625	-1.925048828125	0.001220703125	-1.7138671875
10-Jun-2022 14:50:17.306	0.0006103515625	-1.87255859375	0.001220703125	-1.6455078125
10-Jun-2022 14:50:17.406	-0.0006103515625	-1.89208984375	0.001220703125	-1.650390625
10-Jun-2022 14:50:17.571	-0.0006103515625	-1.845703125	0.001220703125	-1.644287109375
10-Jun-2022 14:50:17.897	0.0006103515625	-1.773681640625	0.001220703125	-1.591796875
10-Jun-2022 14:50:18.309	0.0	-1.744384765625	0.001220703125	-1.551513671875
10-Jun-2022 14:50:18.396	-0.0018310546875	-1.76513671875	0.001220703125	-1.531982421875
10-Jun-2022 14:50:18.566	0.0	-1.568603515625	0.001220703125	-1.4990234375
10-Jun-2022 14:50:18.908	0.0	-1.6455078125	0.001220703125	-1.461181640625
10-Jun-2022 14:50:19.298	0.0006103515625	-1.56005859375	0.0	-1.41845703125
10-Jun-2022 14:50:19.445	0.0006103515625	-1.614990234375	0.001220703125	-1.4111328125
10-Jun-2022 14:50:19.567	0.0006103515625	-1.475830078125	0.001220703125	-1.34521484375
10-Jun-2022 14:50:19.905	0.0	-1.3916015625	0.001220703125	-1.312255859375
10-Jun-2022 14:50:20.307	0.0006103515625	-1.27197265625	0.001220703125	-1.195068359375
10-Jun-2022 14:50:20.403	-0.0006103515625	-1.436767578125	0.0	-1.180419921875
10-Jun-2022 14:50:20.568	-0.0006103515625	-1.280517578125	0.001220703125	-1.16455078125
10-Jun-2022 14:50:20.908	0.0006103515625	-1.151123046875	0.001220703125	-1.0986328125
10-Jun-2022 14:50:21.310	0.0	-1.119384765625	0.001220703125	-1.00341796875
10-Jun-2022 14:50:21.405	-0.001220703125	-1.119384765625	0.001220703125	-1.014404296875
10-Jun-2022 14:50:21.571	0.0	-1.082763671875	0.0	-0.960693359375
10-Jun-2022 14:50:21.897	-0.0018310546875	-0.93505859375	0.00244140625	-0.914306640625
10-Jun-2022 14:50:22.302	0.0006103515625	-0.87890625	0.0	-0.810546875
10-Jun-2022 14:50:22.443	-0.00244140625	-0.849609375	0.0	-0.806884765625
10-Jun-2022 14:50:22.569	0.0	-1.016845703125	0.001220703125	-0.770263671875
10-Jun-2022 14:50:22.899	0.0	-0.914306640625	0.001220703125	-0.706787109375
10-Jun-2022 14:50:23.299	0.001220703125	-0.758056640625	0.0	-0.638427734375
10-Jun-2022 14:50:23.403	-0.0006103515625	-0.811767578125	0.001220703125	-0.61767578125
10-Jun-2022 14:50:23.581	-0.0018310546875	-0.5859375	0.001220703125	-0.58837890625
10-Jun-2022 14:50:23.897	0.0006103515625	-0.67138671875	0.001220703125	-0.498046875
10-Jun-2022 14:50:24.300	-0.001220703125	-0.45654296875	-0.001220703125	-0.390625
10-Jun-2022 14:50:24.409	-0.001220703125	-0.523681640625	0.0	-0.36865234375
10-Jun-2022 14:50:24.575	-0.0018310546875	-0.491943359375	0.0	-0.318603515625
10-Jun-2022 14:50:24.902	0.0	-0.34912109375	0.0	-0.274658203125
10-Jun-2022 14:50:25.301	-0.0006103515625	-0.24169921875	0.0	-0.167236328125
10-Jun-2022 14:50:25.404	-0.0006103515625	-0.1953125	0.0	-0.145263671875
10-Jun-2022 14:50:25.579	-0.0018310546875	-0.146484375	0.001220703125	-0.12939453125
10-Jun-2022 14:50:25.902	-0.001220703125	-0.06591796875	0.001220703125	-0.018310546875
10-Jun-2022 14:50:26.123	-0.001220703125	-0.06591796875	0.001220703125	-0.018310546875
10-Jun-2022 14:50:26.309	-0.0006103515625	0.03662109375	0.0	0.069580078125
10-Jun-2022 14:50:26.408	-0.001220703125	0.037841796875	0.0	0.08056640625
10-Jun-2022 14:50:26.570	-0.001220703125	0.062255859375	0.0	0.09765625
10-Jun-2022 14:50:26.906	-0.0006103515625	0.157470703125	0.0	0.172119140625
10-Jun-2022 14:50:27.186	-0.001220703125	0.21240234375	-0.001220703125	0.2490234375
10-Jun-2022 14:50:27.311	0.0006103515625	0.230712890625	0.0	0.2734375
10-Jun-2022 14:50:27.405	0.0006103515625	0.2880859375	0.0	0.299072265625
10-Jun-2022 14:50:27.569	-0.0006103515625	0.279541015625	0.001220703125	0.33447265625
10-Jun-2022 14:50:27.900	-0.0006103515625	0.377197265625	0.0	0.39794921875
10-Jun-2022 14:50:28.179	-0.0018310546875	0.555419921875	0.0	0.479736328125
10-Jun-2022 14:50:28.303	-0.001220703125	0.618896484375	0.0	0.479736328125
10-Jun-2022 14:50:28.404	0.0	0.472412109375	0.0	0.531005859375
10-Jun-2022 14:50:28.569	-0.0018310546875	0.5126953125	0.001220703125	0.565185546875
10-Jun-2022 14:50:28.897	-0.0006103515625	0.582275390625	0.0	0.633544921875
10-Jun-2022 14:50:29.183	-0.001220703125	0.7080078125	0.0	0.709228515625
10-Jun-2022 14:50:29.302	-0.0018310546875	0.716552734375	0.0	0.75439453125
10-Jun-2022 14:50:29.408	-0.00244140625	0.86181640625	-0.001220703125	0.76904296875
10-Jun-2022 14:50:29.571	-0.0006103515625	0.921630859375	0.0	0.75927734375
10-Jun-2022 14:50:29.907	-0.0006103515625	0.8154296875	0.0	0.87158203125
10-Jun-2022 14:50:30.185	-0.00244140625	0.880126953125	0.001220703125	0.919189453125
10-Jun-2022 14:50:30.320	-0.0006103515625	0.95458984375	-0.001220703125	0.919189453125
10-Jun-2022 14:50:30.403	0.0006103515625	1.0595703125	0.0	0.943603515625
10-Jun-2022 14:50:30.567	-0.0006103515625	0.997314453125	0.0	0.977783203125
10-Jun-2022 14:50:30.903	-0.0006103515625	1.221923828125	0.0	1.04248046875
10-Jun-2022 14:50:31.179	0.0	1.068115234375	-0.001220703125	1.12060546875
10-Jun-2022 14:50:31.305	-0.0018310546875	1.258544921875	0.0	1.1181640625
10-Jun-2022 14:50:31.406	-0.0006103515625	1.1669921875	0.0	1.18408203125
10-Jun-2022 14:50:31.568	0.0006103515625	1.15966796875	-0.001220703125	1.18896484375
10-Jun-2022 14:50:31.900	-0.0006103515625	1.36962890625	0.0	1.273193359375
10-Jun-2022 14:50:32.180	-0.0018310546875	1.370849609375	0.0	1.3037109375
10-Jun-2022 14:50:32.301	-0.0006103515625	1.45751953125	0.0	1.337890625
10-Jun-2022 14:50:32.404	-0.001220703125	1.46240234375	0.0	1.370849609375
10-Jun-2022 14:50:32.576	-0.001220703125	1.358642578125	0.001220703125	1.405029296875
10-Jun-2022 14:50:32.904	-0.00244140625	1.424560546875	0.0	1.4208984375
10-Jun-2022 14:50:33.181	0.0	1.512451171875	0.0	1.470947265625
10-Jun-2022 14:50:33.479	0.0	1.512451171875	0.0	1.470947265625
10-Jun-2022 14:50:33.718	0.0	1.512451171875	0.0	1.470947265625
10-Jun-2022 14:50:34.045	0.0	1.512451171875	0.0	1.470947265625
10-Jun-2022 14:50:34.333	0.0	1.512451171875	0.0	1.470947265625
10-Jun-2022 14:50:34.501	0.0	1.512451171875	0.0	1.470947265625
10-Jun-2022 14:50:34.535	0.0	1.512451171875	0.0	1.470947265625
10-Jun-2022 14:50:34.554	0.0	1.512451171875	0.0	1.470947265625
10-Jun-2022 14:50:34.587	0.0	1.512451171875	0.0	1.470947265625
10-Jun-2022 14:50:34.898	-0.0018310546875	1.744384765625	0.0	1.724853515625
10-Jun-2022 14:50:35.195	0.0006103515625	1.92626953125	0.0	1.7822265625
10-Jun-2022 14:50:35.309	-0.0018310546875	1.91650390625	0.0	1.783447265625
10-Jun-2022 14:50:35.403	-0.001220703125	1.943359375	-0.001220703125	1.802978515625
10-Jun-2022 14:50:35.574	-0.0018310546875	1.961669921875	0.0	1.81884765625
10-Jun-2022 14:50:35.910	-0.001220703125	1.995849609375	0.0	1.856689453125
10-Jun-2022 14:50:36.181	-0.0018310546875	2.034912109375	-0.001220703125	1.881103515625
10-Jun-2022 14:50:36.300	-0.001220703125	2.04833984375	0.0	1.9091796875
10-Jun-2022 14:50:36.401	-0.001220703125	2.064208984375	0.0	1.9091796875
10-Jun-2022 14:50:36.581	-0.0018310546875	2.07763671875	0.0	1.923828125
10-Jun-2022 14:50:36.905	-0.0018310546875	2.105712890625	0.0	1.949462890625
10-Jun-2022 14:50:37.183	-0.0018310546875	2.13134765625	0.0	1.97998046875
10-Jun-2022 14:50:37.300	-0.001220703125	2.138671875	0.0	1.983642578125
10-Jun-2022 14:50:37.407	-0.0018310546875	2.15087890625	0.0	1.98486328125
10-Jun-2022 14:50:37.565	-0.001220703125	2.1484375	0.0	1.998291015625
10-Jun-2022 14:50:37.907	-0.001220703125	2.17529296875	0.0	2.00439453125
10-Jun-2022 14:50:38.203	-0.001220703125	2.19970703125	0.0	2.034912109375
10-Jun-2022 14:50:38.298	-0.0018310546875	2.152099609375	-0.001220703125	2.02392578125
10-Jun-2022 14:50:38.396	-0.0018310546875	2.1435546875	0.0	2.03369140625
10-Jun-2022 14:50:38.577	-0.0006103515625	2.20703125	-0.001220703125	2.03857421875
10-Jun-2022 14:50:38.907	-0.0018310546875	2.22412109375	0.0	2.034912109375
10-Jun-2022 14:50:39.185	-0.001220703125	2.20458984375	0.0	2.03857421875
10-Jun-2022 14:50:39.303	-0.001220703125	2.191162109375	0.0	2.03857421875
10-Jun-2022 14:50:39.403	-0.001220703125	2.19970703125	-0.001220703125	2.042236328125
10-Jun-2022 14:50:39.569	-0.0018310546875	2.210693359375	0.0	2.0361328125
10-Jun-2022 14:50:39.902	-0.001220703125	2.218017578125	0.0	2.052001953125
10-Jun-2022 14:50:40.180	-0.0018310546875	2.17529296875	0.0	2.032470703125
10-Jun-2022 14:50:40.298	-0.001220703125	2.218017578125	-0.001220703125	2.044677734375
10-Jun-2022 14:50:40.398	-0.001220703125	2.203369140625	-0.001220703125	2.037353515625
10-Jun-2022 14:50:40.578	-0.0018310546875	2.205810546875	0.0	2.03369140625
10-Jun-2022 14:50:40.903	-0.0006103515625	2.198486328125	-0.001220703125	2.041015625
10-Jun-2022 14:50:41.178	-0.001220703125	2.19970703125	-0.001220703125	2.03857421875
10-Jun-2022 14:50:41.303	-0.001220703125	2.218017578125	-0.001220703125	2.041015625
10-Jun-2022 14:50:41.401	-0.001220703125	2.1875	0.0	2.041015625
10-Jun-2022 14:50:41.579	-0.001220703125	2.20458984375	0.0	2.03369140625
10-Jun-2022 14:50:41.903	-0.001220703125	2.15576171875	0.0	2.021484375
10-Jun-2022 14:50:42.177	-0.001220703125	2.18017578125	-0.001220703125	2.034912109375
10-Jun-2022 14:50:42.297	-0.001220703125	2.1435546875	0.0	2.001953125
10-Jun-2022 14:50:42.405	0.0	2.181396484375	0.0	2.037353515625
10-Jun-2022 14:50:42.578	-0.0006103515625	2.14111328125	0.0	1.995849609375
10-Jun-2022 14:50:42.904	-0.0006103515625	2.137451171875	0.0	1.971435546875
10-Jun-2022 14:50:43.189	-0.0018310546875	2.100830078125	0.0	1.94580078125
10-Jun-2022 14:50:43.297	-0.0006103515625	2.1044921875	0.0	1.9482421875
10-Jun-2022 14:50:43.415	-0.0006103515625	2.09228515625	0.0	1.934814453125
10-Jun-2022 14:50:43.576	-0.0006103515625	2.059326171875	-0.001220703125	1.920166015625
10-Jun-2022 14:50:43.898	-0.0006103515625	2.044677734375	0.0	1.89453125
10-Jun-2022 14:50:44.187	0.0006103515625	1.988525390625	0.0	1.86279296875
10-Jun-2022 14:50:44.303	-0.001220703125	2.010498046875	0.0	1.851806640625
10-Jun-2022 14:50:44.403	-0.0006103515625	1.986083984375	0.001220703125	1.845703125
10-Jun-2022 14:50:44.569	-0.001220703125	1.973876953125	-0.001220703125	1.805419921875
10-Jun-2022 14:50:44.904	-0.0006103515625	1.8212890625	-0.001220703125	1.766357421875
10-Jun-2022 14:50:45.177	-0.0018310546875	1.88720703125	0.0	1.719970703125
10-Jun-2022 14:50:45.307	-0.001220703125	1.854248046875	-0.001220703125	1.727294921875
10-Jun-2022 14:50:45.397	-0.001220703125	1.8359375	0.0	1.7138671875
10-Jun-2022 14:50:45.569	-0.001220703125	1.802978515625	0.0	1.6796875
10-Jun-2022 14:50:45.896	-0.00244140625	1.763916015625	0.0	1.629638671875
10-Jun-2022 14:50:46.180	0.0	1.7236328125	0.001220703125	1.597900390625
10-Jun-2022 14:50:46.311	-0.001220703125	1.59912109375	0.0	1.597900390625
10-Jun-2022 14:50:46.411	0.0006103515625	1.69677734375	0.0	1.544189453125
10-Jun-2022 14:50:46.567	-0.001220703125	1.697998046875	0.0	1.553955078125
10-Jun-2022 14:50:46.909	-0.0018310546875	1.6015625	0.0	1.494140625
10-Jun-2022 14:50:47.177	0.0	1.558837890625	0.0	1.444091796875
10-Jun-2022 14:50:47.302	-0.0006103515625	1.502685546875	-0.001220703125	1.42333984375
10-Jun-2022 14:50:47.404	-0.0006103515625	1.575927734375	0.0	1.409912109375
10-Jun-2022 14:50:47.575	-0.001220703125	1.484375	0.001220703125	1.37451171875
10-Jun-2022 14:50:47.910	-0.0018310546875	1.326904296875	0.0	1.292724609375
10-Jun-2022 14:50:48.177	-0.0006103515625	1.42333984375	0.0	1.231689453125
10-Jun-2022 14:50:48.300	0.0	1.209716796875	0.0	1.21826171875
10-Jun-2022 14:50:48.409	-0.0018310546875	1.3623046875	0.0	1.2255859375
10-Jun-2022 14:50:48.580	-0.0018310546875	1.322021484375	0.0	1.185302734375
10-Jun-2022 14:50:48.909	-0.0018310546875	1.25732421875	-0.001220703125	1.103515625
10-Jun-2022 14:50:49.183	-0.00244140625	1.0595703125	0.0	1.036376953125
10-Jun-2022 14:50:49.298	-0.0018310546875	1.1962890625	0.0	1.038818359375
10-Jun-2022 14:50:49.399	-0.0006103515625	1.112060546875	0.001220703125	0.99853515625
10-Jun-2022 14:50:49.573	-0.0018310546875	1.136474609375	-0.001220703125	1.00341796875
10-Jun-2022 14:50:49.908	-0.00244140625	1.07177734375	0.0	0.93994140625
10-Jun-2022 14:50:50.186	-0.0006103515625	0.966796875	0.001220703125	0.833740234375
10-Jun-2022 14:50:50.298	-0.00244140625	0.931396484375	0.001220703125	0.8154296875
10-Jun-2022 14:50:50.418	-0.001220703125	0.81298828125	0.0	0.80078125
10-Jun-2022 14:50:50.578	-0.001220703125	0.908203125	0.0	0.792236328125
10-Jun-2022 14:50:50.897	-0.001220703125	0.802001953125	0.0	0.716552734375
10-Jun-2022 14:50:51.176	-0.0006103515625	0.623779296875	0.001220703125	0.6298828125
10-Jun-2022 14:50:51.307	-0.001220703125	0.5810546875	-0.001220703125	0.615234375
10-Jun-2022 14:50:51.410	0.0	0.61279296875	-0.001220703125	0.59326171875
10-Jun-2022 14:50:51.578	-0.001220703125	0.496826171875	0.0	0.538330078125
10-Jun-2022 14:50:51.897	0.0	0.413818359375	0.001220703125	0.487060546875
10-Jun-2022 14:50:52.188	0.0	0.37841796875	0.0	0.4052734375
10-Jun-2022 14:50:52.297	-0.0006103515625	0.3466796875	0.0	0.37841796875
10-Jun-2022 14:50:52.400	-0.001220703125	0.4345703125	0.0	0.374755859375
10-Jun-2022 14:50:52.579	-0.0006103515625	0.277099609375	0.001220703125	0.32470703125
10-Jun-2022 14:50:52.903	-0.0006103515625	0.303955078125	0.001220703125	0.238037109375
10-Jun-2022 14:50:53.183	-0.0006103515625	0.216064453125	0.001220703125	0.17822265625
10-Jun-2022 14:50:53.296	-0.0006103515625	0.123291015625	0.0	0.147705078125
10-Jun-2022 14:50:53.399	-0.0006103515625	0.091552734375	0.001220703125	0.1171875
10-Jun-2022 14:50:53.576	-0.0018310546875	0.072021484375	0.001220703125	0.0927734375
10-Jun-2022 14:50:53.903	-0.0006103515625	-0.010986328125	0.0	0.01220703125
10-Jun-2022 14:50:54.183	-0.0018310546875	-0.079345703125	0.0	-0.040283203125
10-Jun-2022 14:50:54.309	0.0006103515625	-0.098876953125	0.0	-0.057373046875
10-Jun-2022 14:50:54.413	-0.0018310546875	-0.1171875	0.0	-0.06591796875
10-Jun-2022 14:50:54.574	-0.0006103515625	-0.17822265625	0.0	-0.13916015625
10-Jun-2022 14:50:54.904	-0.001220703125	-0.272216796875	-0.001220703125	-0.2197265625
10-Jun-2022 14:50:55.191	-0.0006103515625	-0.4443359375	0.0	-0.274658203125
10-Jun-2022 14:50:55.300	-0.0006103515625	-0.379638671875	0.001220703125	-0.301513671875
10-Jun-2022 14:50:55.419	-0.0006103515625	-0.3369140625	0.001220703125	-0.301513671875
10-Jun-2022 14:50:55.571	-0.001220703125	-0.4052734375	-0.001220703125	-0.340576171875
10-Jun-2022 14:50:55.898	-0.0018310546875	-0.523681640625	0.0	-0.458984375
10-Jun-2022 14:50:56.187	-0.001220703125	-0.592041015625	0.0	-0.48583984375
10-Jun-2022 14:50:56.297	-0.0006103515625	-0.728759765625	0.0	-0.53466796875
10-Jun-2022 14:50:56.397	0.0	-0.643310546875	0.001220703125	-0.557861328125
10-Jun-2022 14:50:56.570	0.0	-0.67138671875	0.0	-0.552978515625
10-Jun-2022 14:50:56.905	-0.001220703125	-0.712890625	0.001220703125	-0.6787109375
10-Jun-2022 14:50:57.186	-0.0018310546875	-0.780029296875	0.0	-0.738525390625
10-Jun-2022 14:50:57.303	-0.0018310546875	-0.76171875	0.0	-0.751953125
10-Jun-2022 14:50:57.470	0.0006103515625	-0.81787109375	0.001220703125	-0.743408203125
10-Jun-2022 14:50:57.578	-0.0006103515625	-0.98876953125	0.001220703125	-0.80810546875
10-Jun-2022 14:50:57.909	0.0006103515625	-1.063232421875	0.001220703125	-0.8837890625
10-Jun-2022 14:50:58.189	-0.0018310546875	-1.07177734375	0.0	-0.919189453125
10-Jun-2022 14:50:58.304	-0.001220703125	-1.109619140625	0.0	-0.93505859375
10-Jun-2022 14:50:58.400	-0.001220703125	-1.204833984375	0.001220703125	-0.955810546875
10-Jun-2022 14:50:58.567	-0.0018310546875	-1.12548828125	0.001220703125	-0.960693359375
10-Jun-2022 14:50:58.908	-0.0006103515625	-1.116943359375	0.0	-1.077880859375
10-Jun-2022 14:50:59.181	0.0006103515625	-1.259765625	0.001220703125	-1.11083984375
10-Jun-2022 14:50:59.297	0.0006103515625	-1.357421875	0.001220703125	-1.15478515625
10-Jun-2022 14:50:59.411	-0.0006103515625	-1.25732421875	0.001220703125	-1.1279296875
10-Jun-2022 14:50:59.582	-0.0006103515625	-1.424560546875	0.0	-1.195068359375
10-Jun-2022 14:50:59.900	-0.0018310546875	-1.39892578125	0.00244140625	-1.2548828125
10-Jun-2022 14:51:00.190	0.0006103515625	-1.358642578125	0.001220703125	-1.28173828125
10-Jun-2022 14:51:00.300	-0.0018310546875	-1.52587890625	0.001220703125	-1.33056640625
10-Jun-2022 14:51:00.399	0.0006103515625	-1.480712890625	0.001220703125	-1.339111328125
10-Jun-2022 14:51:00.571	0.0	-1.5869140625	0.001220703125	-1.348876953125
10-Jun-2022 14:51:00.898	0.0	-1.610107421875	0.0	-1.42333984375
10-Jun-2022 14:51:01.186	0.0	-1.55517578125	0.001220703125	-1.4453125
10-Jun-2022 14:51:01.300	0.0	-1.67724609375	0.001220703125	-1.475830078125
10-Jun-2022 14:51:01.412	0.0	-1.610107421875	0.001220703125	-1.458740234375
10-Jun-2022 14:51:01.578	0.0006103515625	-1.7431640625	0.001220703125	-1.533203125
10-Jun-2022 14:51:01.909	0.001220703125	-1.768798828125	0.001220703125	-1.5625
10-Jun-2022 14:51:02.182	0.0006103515625	-1.795654296875	0.0	-1.591796875
10-Jun-2022 14:51:02.309	0.0	-1.795654296875	0.0	-1.60888671875
10-Jun-2022 14:51:02.409	0.0	-1.824951171875	0.0	-1.6357421875
10-Jun-2022 14:51:02.581	-0.0018310546875	-1.84326171875	0.001220703125	-1.627197265625
10-Jun-2022 14:51:02.899	-0.001220703125	-1.89208984375	0.0	-1.67724609375
10-Jun-2022 14:51:03.179	0.0006103515625	-1.900634765625	0.001220703125	-1.710205078125
10-Jun-2022 14:51:03.318	0.0	-1.864013671875	0.001220703125	-1.707763671875
10-Jun-2022 14:51:03.398	-0.00244140625	-1.96533203125	0.001220703125	-1.7333984375
10-Jun-2022 14:51:03.580	0.0	-1.961669921875	0.001220703125	-1.73095703125
10-Jun-2022 14:51:03.901	-0.0006103515625	-2.01416015625	0.0	-1.7919921875
10-Jun-2022 14:51:04.189	0.0	-2.015380859375	0.001220703125	-1.800537109375
10-Jun-2022 14:51:04.304	0.0	-2.03857421875	0.001220703125	-1.820068359375
10-Jun-2022 14:51:04.397	0.0	-2.044677734375	0.0	-1.8212890625
10-Jun-2022 14:51:04.568	0.0006103515625	-2.05078125	0.001220703125	-1.839599609375
10-Jun-2022 14:51:04.905	0.0	-2.0703125	0.001220703125	-1.864013671875
10-Jun-2022 14:51:05.183	-0.0006103515625	-2.086181640625	0.001220703125	-1.910400390625
10-Jun-2022 14:51:05.307	0.0	-2.144775390625	0.0	-1.883544921875
10-Jun-2022 14:51:05.397	0.0	-2.099609375	0.001220703125	-1.9091796875
10-Jun-2022 14:51:05.580	0.0	-2.14599609375	0.001220703125	-1.884765625
10-Jun-2022 14:51:05.906	-0.0006103515625	-2.08251953125	0.001220703125	-1.8994140625
10-Jun-2022 14:51:06.182	0.0006103515625	-2.130126953125	0.0	-1.91162109375
10-Jun-2022 14:51:06.315	0.0	-2.135009765625	0.001220703125	-1.9091796875
10-Jun-2022 14:51:06.405	-0.0006103515625	-2.13623046875	0.001220703125	-1.910400390625
10-Jun-2022 14:51:06.569	0.0	-2.130126953125	0.001220703125	-1.9091796875
10-Jun-2022 14:51:06.897	0.0006103515625	-2.14111328125	0.001220703125	-1.9140625
10-Jun-2022 14:51:07.181	-0.0006103515625	-2.120361328125	0.001220703125	-1.912841796875
10-Jun-2022 14:51:07.511	0.0	-2.13623046875	0.001220703125	-1.910400390625
10-Jun-2022 14:51:07.542	0.0	-2.13623046875	0.001220703125	-1.910400390625
10-Jun-2022 14:51:07.575	0.0	-2.13623046875	0.001220703125	-1.910400390625
10-Jun-2022 14:51:07.898	0.0	-2.130126953125	0.001220703125	-1.91162109375
10-Jun-2022 14:51:08.186	0.0	-2.119140625	0.001220703125	-1.9091796875
10-Jun-2022 14:51:08.301	-0.0006103515625	-2.149658203125	0.001220703125	-1.910400390625
10-Jun-2022 14:51:08.409	-0.0006103515625	-2.137451171875	0.001220703125	-1.910400390625
10-Jun-2022 14:51:08.574	0.0	-2.122802734375	0.001220703125	-1.9140625
10-Jun-2022 14:51:08.907	0.0	-2.099609375	0.001220703125	-1.904296875
10-Jun-2022 14:51:09.186	0.0	-2.115478515625	0.001220703125	-1.884765625
10-Jun-2022 14:51:09.296	0.0	-2.09228515625	0.001220703125	-1.893310546875
10-Jun-2022 14:51:09.406	0.0006103515625	-2.08984375	0.001220703125	-1.888427734375
10-Jun-2022 14:51:09.569	0.0	-2.0849609375	0.001220703125	-1.86767578125
10-Jun-2022 14:51:09.910	0.0	-2.0849609375	0.001220703125	-1.861572265625
10-Jun-2022 14:51:10.181	0.0006103515625	-2.056884765625	0.001220703125	-1.849365234375
10-Jun-2022 14:51:10.305	0.0	-2.059326171875	0.00244140625	-1.844482421875
10-Jun-2022 14:51:10.399	-0.0006103515625	-2.042236328125	0.001220703125	-1.82373046875
10-Jun-2022 14:51:10.580	0.0	-2.027587890625	0.001220703125	-1.822509765625
10-Jun-2022 14:51:10.896	0.0006103515625	-1.905517578125	0.001220703125	-1.785888671875
10-Jun-2022 14:51:11.176	0.0	-1.968994140625	0.0	-1.773681640625
10-Jun-2022 14:51:11.308	0.0	-1.968994140625	0.0	-1.773681640625
10-Jun-2022 14:51:11.397	0.0	-1.95556640625	0.001220703125	-1.748046875
10-Jun-2022 14:51:11.575	0.0	-1.925048828125	0.001220703125	-1.69921875
10-Jun-2022 14:51:11.909	0.0	-1.900634765625	0.0	-1.6845703125
10-Jun-2022 14:51:12.182	0.0006103515625	-1.89208984375	0.001220703125	-1.6796875
10-Jun-2022 14:51:12.321	0.0006103515625	-1.749267578125	0.001220703125	-1.650390625
10-Jun-2022 14:51:12.414	0.0006103515625	-1.737060546875	0.001220703125	-1.622314453125
10-Jun-2022 14:51:12.576	0.0	-1.81640625	0.001220703125	-1.617431640625
10-Jun-2022 14:51:12.903	0.0006103515625	-1.798095703125	0.0	-1.573486328125
10-Jun-2022 14:51:13.179	-0.0018310546875	-1.73583984375	0.001220703125	-1.541748046875
10-Jun-2022 14:51:13.309	-0.001220703125	-1.702880859375	0.001220703125	-1.514892578125
10-Jun-2022 14:51:13.403	-0.001220703125	-1.73828125	0.001220703125	-1.484375
10-Jun-2022 14:51:13.568	0.001220703125	-1.671142578125	0.0	-1.490478515625
10-Jun-2022 14:51:13.910	0.0006103515625	-1.58203125	0.0	-1.412353515625
10-Jun-2022 14:51:14.183	0.0006103515625	-1.572265625	0.001220703125	-1.36962890625
10-Jun-2022 14:51:14.306	0.0006103515625	-1.416015625	0.001220703125	-1.357421875
10-Jun-2022 14:51:14.408	0.0	-1.5673828125	0.001220703125	-1.356201171875
10-Jun-2022 14:51:14.579	0.0006103515625	-1.54052734375	0.0	-1.30615234375
10-Jun-2022 14:51:14.897	0.0006103515625	-1.470947265625	0.001220703125	-1.24267578125
10-Jun-2022 14:51:15.185	-0.0018310546875	-1.32080078125	0.001220703125	-1.19873046875
10-Jun-2022 14:51:15.299	0.0006103515625	-1.314697265625	0.001220703125	-1.16943359375
10-Jun-2022 14:51:15.410	0.0006103515625	-1.36962890625	0.001220703125	-1.2109375
10-Jun-2022 14:51:15.579	-0.001220703125	-1.3232421875	0.0	-1.136474609375
10-Jun-2022 14:51:15.899	-0.001220703125	-1.27685546875	0.0	-1.070556640625
10-Jun-2022 14:51:16.186	0.0006103515625	-1.2158203125	0.0	-1.019287109375
10-Jun-2022 14:51:16.309	0.0	-1.1181640625	0.001220703125	-1.029052734375
10-Jun-2022 14:51:16.420	0.0	-1.219482421875	0.001220703125	-0.98876953125
10-Jun-2022 14:51:16.575	0.001220703125	-0.977783203125	0.001220703125	-0.96923828125
10-Jun-2022 14:51:16.897	0.0	-1.055908203125	0.0	-0.887451171875
10-Jun-2022 14:51:17.183	0.0006103515625	-1.033935546875	0.001220703125	-0.831298828125
10-Jun-2022 14:51:17.315	0.0006103515625	-1.0546875	0.0	-0.799560546875
10-Jun-2022 14:51:17.398	-0.0006103515625	-0.8740234375	0.0	-0.7861328125
10-Jun-2022 14:51:17.569	-0.0006103515625	-0.814208984375	0.0	-0.72265625
10-Jun-2022 14:51:17.905	-0.0006103515625	-0.780029296875	0.001220703125	-0.6689453125
10-Jun-2022 14:51:18.184	-0.0006103515625	-0.750732421875	0.001220703125	-0.638427734375
10-Jun-2022 14:51:18.320	0.0	-0.631103515625	0.001220703125	-0.5859375
10-Jun-2022 14:51:18.411	-0.00244140625	-0.60546875	0.0	-0.56884765625
10-Jun-2022 14:51:18.578	-0.001220703125	-0.614013671875	0.001220703125	-0.52490234375
10-Jun-2022 14:51:18.906	-0.0018310546875	-0.52978515625	-0.001220703125	-0.439453125
10-Jun-2022 14:51:19.184	0.0006103515625	-0.411376953125	-0.001220703125	-0.38818359375
10-Jun-2022 14:51:19.304	0.0	-0.44921875	0.0	-0.35888671875
10-Jun-2022 14:51:19.402	-0.0006103515625	-0.41015625	0.0	-0.335693359375
10-Jun-2022 14:51:19.575	-0.0006103515625	-0.343017578125	0.0	-0.302734375
10-Jun-2022 14:51:19.901	-0.0006103515625	-0.269775390625	0.0	-0.228271484375
10-Jun-2022 14:51:20.181	-0.0006103515625	-0.205078125	0.0	-0.164794921875
10-Jun-2022 14:51:20.309	-0.001220703125	-0.185546875	0.001220703125	-0.140380859375
10-Jun-2022 14:51:20.411	-0.0006103515625	-0.159912109375	0.0	-0.113525390625
10-Jun-2022 14:51:20.573	-0.0006103515625	-0.1171875	0.0	-0.08056640625
10-Jun-2022 14:51:20.901	-0.0018310546875	-0.04150390625	0.0	-0.0048828125
10-Jun-2022 14:51:20.965	-0.0018310546875	-0.04150390625	0.0	-0.0048828125
10-Jun-2022 14:51:21.181	-0.0006103515625	0.04150390625	0.0	0.078125
10-Jun-2022 14:51:21.308	-0.0018310546875	0.040283203125	0.0	0.0830078125
10-Jun-2022 14:51:21.397	-0.0006103515625	0.068359375	0.0	0.111083984375
10-Jun-2022 14:51:21.578	0.0006103515625	0.11962890625	0.001220703125	0.14892578125
10-Jun-2022 14:51:21.901	-0.001220703125	0.18310546875	0.0	0.216064453125
10-Jun-2022 14:51:22.025	-0.0006103515625	0.2099609375	0.0	0.25146484375
10-Jun-2022 14:51:22.188	-0.001220703125	0.352783203125	0.0	0.2880859375
10-Jun-2022 14:51:22.297	-0.003662109375	0.28564453125	0.0	0.311279296875
10-Jun-2022 14:51:22.407	-0.0018310546875	0.29541015625	0.0	0.33203125
10-Jun-2022 14:51:22.577	-0.0030517578125	0.34912109375	0.0	0.37353515625
10-Jun-2022 14:51:22.898	0.0006103515625	0.418701171875	0.0	0.45166015625
10-Jun-2022 14:51:23.026	0.0006103515625	0.418701171875	0.0	0.45166015625
10-Jun-2022 14:51:23.183	-0.001220703125	0.50537109375	0.0	0.50537109375
10-Jun-2022 14:51:23.309	-0.0018310546875	0.611572265625	-0.001220703125	0.54931640625
10-Jun-2022 14:51:23.398	-0.0006103515625	0.557861328125	0.001220703125	0.55419921875
10-Jun-2022 14:51:23.569	-0.001220703125	0.6298828125	0.0	0.579833984375
10-Jun-2022 14:51:23.900	-0.00244140625	0.77880859375	0.0	0.660400390625
10-Jun-2022 14:51:24.029	-0.0030517578125	0.780029296875	0.0	0.711669921875
10-Jun-2022 14:51:24.181	-0.001220703125	0.767822265625	0.0	0.750732421875
10-Jun-2022 14:51:24.299	0.0	0.86669921875	0.0	0.748291015625
10-Jun-2022 14:51:24.398	0.0	0.82763671875	0.0	0.791015625
10-Jun-2022 14:51:24.570	-0.001220703125	0.81298828125	0.0	0.850830078125
10-Jun-2022 14:51:24.900	-0.001220703125	0.980224609375	-0.001220703125	0.897216796875
10-Jun-2022 14:51:25.027	-0.0006103515625	1.02783203125	0.0	0.941162109375
10-Jun-2022 14:51:25.183	-0.0018310546875	1.06689453125	0.001220703125	0.95947265625
10-Jun-2022 14:51:25.307	-0.0006103515625	1.09619140625	0.0	0.997314453125
10-Jun-2022 14:51:25.400	0.0006103515625	1.1376953125	0.0	1.0107421875
10-Jun-2022 14:51:25.580	0.0006103515625	1.15966796875	0.001220703125	1.038818359375
10-Jun-2022 14:51:25.901	-0.0006103515625	1.072998046875	0.0	1.10107421875
10-Jun-2022 14:51:26.024	-0.0018310546875	1.131591796875	0.0	1.123046875
10-Jun-2022 14:51:26.180	-0.0018310546875	1.24267578125	-0.001220703125	1.17919921875
10-Jun-2022 14:51:26.302	-0.0018310546875	1.309814453125	0.0	1.173095703125
10-Jun-2022 14:51:26.406	-0.0006103515625	1.3671875	0.0	1.21337890625
10-Jun-2022 14:51:26.577	-0.0018310546875	1.300048828125	0.0	1.25
10-Jun-2022 14:51:26.901	0.0	1.31591796875	0.0	1.275634765625
10-Jun-2022 14:51:27.026	-0.0018310546875	1.43798828125	0.001220703125	1.329345703125
10-Jun-2022 14:51:27.189	-0.0018310546875	1.346435546875	-0.001220703125	1.32568359375
10-Jun-2022 14:51:27.307	0.0006103515625	1.502685546875	0.0	1.365966796875
10-Jun-2022 14:51:27.407	-0.0018310546875	1.522216796875	0.0	1.363525390625
10-Jun-2022 14:51:27.572	-0.0006103515625	1.552734375	0.001220703125	1.42578125
10-Jun-2022 14:51:27.906	-0.0006103515625	1.636962890625	-0.001220703125	1.473388671875
10-Jun-2022 14:51:28.026	-0.0006103515625	1.4892578125	0.0	1.51123046875
10-Jun-2022 14:51:28.188	-0.001220703125	1.680908203125	0.0	1.494140625
10-Jun-2022 14:51:28.305	-0.0006103515625	1.67236328125	0.0	1.549072265625
10-Jun-2022 14:51:28.404	-0.0006103515625	1.658935546875	0.0	1.563720703125
10-Jun-2022 14:51:28.570	-0.0006103515625	1.71630859375	0.0	1.588134765625
10-Jun-2022 14:51:28.911	-0.0006103515625	1.773681640625	-0.001220703125	1.646728515625
10-Jun-2022 14:51:29.021	-0.001220703125	1.67236328125	0.0	1.64794921875
10-Jun-2022 14:51:29.181	-0.0018310546875	1.80419921875	0.001220703125	1.658935546875
10-Jun-2022 14:51:29.306	-0.001220703125	1.790771484375	0.0	1.6845703125
10-Jun-2022 14:51:29.400	-0.001220703125	1.767578125	0.0	1.707763671875
10-Jun-2022 14:51:29.569	-0.0018310546875	1.873779296875	0.0	1.717529296875
10-Jun-2022 14:51:29.902	-0.001220703125	1.907958984375	0.0	1.767578125
10-Jun-2022 14:51:30.022	-0.0018310546875	1.9384765625	0.001220703125	1.7822265625
10-Jun-2022 14:51:30.177	-0.0018310546875	1.93603515625	-0.001220703125	1.795654296875
10-Jun-2022 14:51:30.301	0.001220703125	1.951904296875	0.0	1.80908203125
10-Jun-2022 14:51:30.404	0.0	1.982421875	-0.001220703125	1.834716796875
10-Jun-2022 14:51:30.567	-0.001220703125	1.97265625	-0.001220703125	1.8505859375
10-Jun-2022 14:51:30.908	-0.0018310546875	2.017822265625	0.0	1.883544921875
10-Jun-2022 14:51:31.017	-0.001220703125	2.04833984375	0.0	1.89208984375
10-Jun-2022 14:51:31.183	-0.001220703125	2.06298828125	0.0	1.898193359375
10-Jun-2022 14:51:31.299	-0.0018310546875	2.07275390625	0.0	1.923828125
10-Jun-2022 14:51:31.405	-0.001220703125	2.088623046875	-0.001220703125	1.91650390625
10-Jun-2022 14:51:31.572	-0.0018310546875	2.083740234375	-0.001220703125	1.942138671875
10-Jun-2022 14:51:31.922	-0.0018310546875	2.1337890625	-0.001220703125	1.97509765625
10-Jun-2022 14:51:32.057	-0.0006103515625	2.127685546875	0.0	1.986083984375
10-Jun-2022 14:51:32.180	-0.001220703125	2.14111328125	0.0	1.9921875
10-Jun-2022 14:51:32.297	-0.0018310546875	2.066650390625	0.0	1.99951171875
10-Jun-2022 14:51:32.398	-0.0018310546875	2.098388671875	0.0	1.9970703125
10-Jun-2022 14:51:32.577	-0.0006103515625	2.158203125	0.001220703125	2.000732421875
10-Jun-2022 14:51:32.906	0.001220703125	2.183837890625	-0.001220703125	2.0361328125
10-Jun-2022 14:51:33.030	-0.001220703125	2.18017578125	0.0	2.037353515625
10-Jun-2022 14:51:33.186	-0.001220703125	2.181396484375	0.0	1.993408203125
10-Jun-2022 14:51:33.303	-0.001220703125	2.1923828125	-0.001220703125	2.044677734375
10-Jun-2022 14:51:33.425	-0.0006103515625	2.1875	-0.001220703125	2.005615234375
10-Jun-2022 14:51:33.572	-0.0006103515625	2.213134765625	0.0	2.03857421875
10-Jun-2022 14:51:33.900	-0.001220703125	2.176513671875	-0.001220703125	2.03857421875
10-Jun-2022 14:51:34.018	-0.0006103515625	2.193603515625	0.0	2.041015625
10-Jun-2022 14:51:34.179	-0.0006103515625	2.196044921875	0.0	2.037353515625
10-Jun-2022 14:51:34.302	-0.0018310546875	2.196044921875	0.0	2.037353515625
10-Jun-2022 14:51:34.396	-0.0018310546875	2.2216796875	0.0	2.034912109375
10-Jun-2022 14:51:34.576	-0.0006103515625	2.205810546875	0.0	2.04345703125
10-Jun-2022 14:51:34.903	-0.0018310546875	2.20458984375	0.001220703125	2.0361328125
10-Jun-2022 14:51:35.019	-0.0006103515625	2.19482421875	-0.001220703125	2.04345703125
10-Jun-2022 14:51:35.189	-0.0006103515625	2.200927734375	-0.001220703125	2.03857421875
10-Jun-2022 14:51:35.300	-0.0018310546875	2.208251953125	0.0	2.039794921875
10-Jun-2022 14:51:35.400	-0.001220703125	2.203369140625	0.0	2.037353515625
10-Jun-2022 14:51:35.573	-0.0006103515625	2.197265625	-0.001220703125	2.037353515625
10-Jun-2022 14:51:35.898	-0.0018310546875	2.230224609375	-0.001220703125	2.034912109375
10-Jun-2022 14:51:36.026	-0.0006103515625	2.203369140625	0.0	2.03369140625
10-Jun-2022 14:51:36.186	-0.0018310546875	2.19970703125	-0.001220703125	2.041015625
10-Jun-2022 14:51:36.300	-0.001220703125	2.1875	-0.001220703125	2.0361328125
10-Jun-2022 14:51:36.397	-0.001220703125	2.183837890625	0.0	2.037353515625
10-Jun-2022 14:51:36.569	-0.001220703125	2.18017578125	0.0	2.0068359375
10-Jun-2022 14:51:36.909	-0.001220703125	2.156982421875	0.0	2.039794921875
10-Jun-2022 14:51:37.027	-0.0006103515625	2.16064453125	0.0	1.99951171875
10-Jun-2022 14:51:37.179	-0.0018310546875	2.15576171875	-0.001220703125	2.030029296875
10-Jun-2022 14:51:37.297	-0.0006103515625	2.1484375	0.0	1.993408203125
10-Jun-2022 14:51:37.403	-0.0018310546875	2.14599609375	0.0	1.9970703125
10-Jun-2022 14:51:37.566	-0.0006103515625	2.135009765625	-0.001220703125	1.983642578125
10-Jun-2022 14:51:37.904	-0.0018310546875	2.127685546875	-0.001220703125	1.961669921875
10-Jun-2022 14:51:38.027	-0.001220703125	2.110595703125	0.0	1.9482421875
10-Jun-2022 14:51:38.186	-0.0006103515625	2.098388671875	-0.001220703125	1.93603515625
10-Jun-2022 14:51:38.298	-0.0018310546875	2.081298828125	-0.001220703125	1.927490234375
10-Jun-2022 14:51:38.408	-0.0006103515625	2.07275390625	0.0	1.929931640625
10-Jun-2022 14:51:38.575	-0.0006103515625	2.056884765625	0.0	1.9091796875
10-Jun-2022 14:51:38.903	-0.0006103515625	2.020263671875	0.0	1.873779296875
10-Jun-2022 14:51:39.019	-0.001220703125	1.9970703125	-0.001220703125	1.864013671875
10-Jun-2022 14:51:39.188	-0.001220703125	1.982421875	-0.001220703125	1.844482421875
10-Jun-2022 14:51:39.305	-0.0006103515625	1.96533203125	-0.001220703125	1.834716796875
10-Jun-2022 14:51:39.406	-0.001220703125	1.84814453125	-0.001220703125	1.822509765625
10-Jun-2022 14:51:39.567	-0.001220703125	1.9482421875	0.0	1.78955078125
10-Jun-2022 14:51:39.901	0.0	1.91162109375	-0.001220703125	1.74072265625
10-Jun-2022 14:51:40.017	-0.0018310546875	1.88232421875	0.001220703125	1.74560546875
10-Jun-2022 14:51:40.190	-0.001220703125	1.74560546875	-0.001220703125	1.69921875
10-Jun-2022 14:51:40.297	-0.0018310546875	1.817626953125	-0.001220703125	1.700439453125
10-Jun-2022 14:51:40.402	-0.0006103515625	1.846923828125	0.0	1.67724609375
10-Jun-2022 14:51:40.572	-0.001220703125	1.8505859375	0.0	1.6748046875
10-Jun-2022 14:51:40.906	-0.0018310546875	1.77978515625	0.0	1.6015625
10-Jun-2022 14:51:41.030	-0.0018310546875	1.7724609375	-0.001220703125	1.59912109375
10-Jun-2022 14:51:41.188	-0.0018310546875	1.588134765625	0.0	1.563720703125
10-Jun-2022 14:51:41.299	-0.0006103515625	1.553955078125	0.0	1.539306640625
10-Jun-2022 14:51:41.399	-0.0018310546875	1.551513671875	0.0	1.527099609375
10-Jun-2022 14:51:41.574	-0.0018310546875	1.51123046875	0.0	1.507568359375
10-Jun-2022 14:51:41.910	-0.0018310546875	1.50634765625	-0.001220703125	1.444091796875
10-Jun-2022 14:51:42.024	-0.0018310546875	1.524658203125	0.0	1.4404296875
10-Jun-2022 14:51:42.187	0.0006103515625	1.53564453125	0.0	1.414794921875
10-Jun-2022 14:51:42.305	-0.001220703125	1.365966796875	0.0	1.376953125
10-Jun-2022 14:51:42.407	0.0	1.54541015625	0.0	1.38427734375
10-Jun-2022 14:51:42.578	-0.001220703125	1.392822265625	-0.001220703125	1.3232421875
10-Jun-2022 14:51:42.904	-0.001220703125	1.422119140625	0.0	1.2939453125
10-Jun-2022 14:51:43.024	-0.0018310546875	1.26708984375	0.0	1.25244140625
10-Jun-2022 14:51:43.178	0.0006103515625	1.397705078125	0.0	1.229248046875
10-Jun-2022 14:51:43.310	-0.0006103515625	1.2744140625	-0.001220703125	1.187744140625
10-Jun-2022 14:51:43.403	0.0006103515625	1.2939453125	0.001220703125	1.19384765625
10-Jun-2022 14:51:43.582	-0.0006103515625	1.231689453125	0.0	1.151123046875
10-Jun-2022 14:51:43.903	-0.0018310546875	1.173095703125	0.0	1.099853515625
10-Jun-2022 14:51:44.019	-0.0018310546875	1.1328125	-0.001220703125	1.06689453125
10-Jun-2022 14:51:44.190	-0.0018310546875	0.98876953125	0.001220703125	1.0107421875
10-Jun-2022 14:51:44.299	-0.0018310546875	1.02294921875	-0.001220703125	1.02294921875
10-Jun-2022 14:51:44.410	-0.0018310546875	0.970458984375	0.0	0.9619140625
10-Jun-2022 14:51:44.588	-0.001220703125	1.0888671875	0.0	0.965576171875
10-Jun-2022 14:51:44.898	-0.0006103515625	0.841064453125	0.0	0.86669921875
10-Jun-2022 14:51:45.030	-0.001220703125	0.8203125	0.0	0.836181640625
10-Jun-2022 14:51:45.187	-0.001220703125	0.919189453125	-0.001220703125	0.81298828125
10-Jun-2022 14:51:45.298	-0.0006103515625	0.736083984375	0.0	0.76904296875
10-Jun-2022 14:51:45.416	-0.0006103515625	0.7470703125	0.0	0.78369140625
10-Jun-2022 14:51:45.570	-0.0018310546875	0.85693359375	0.0	0.753173828125
10-Jun-2022 14:51:45.903	-0.0018310546875	0.780029296875	-0.001220703125	0.63720703125
10-Jun-2022 14:51:46.028	-0.0006103515625	0.59326171875	0.0	0.633544921875
10-Jun-2022 14:51:46.178	0.0	0.633544921875	0.0	0.6103515625
10-Jun-2022 14:51:46.309	-0.0018310546875	0.540771484375	0.0	0.58837890625
10-Jun-2022 14:51:46.402	0.0	0.5224609375	0.0	0.5322265625
10-Jun-2022 14:51:46.573	-0.0006103515625	0.63232421875	-0.001220703125	0.51025390625
10-Jun-2022 14:51:46.900	-0.0006103515625	0.55419921875	0.0	0.443115234375
10-Jun-2022 14:51:47.020	-0.0006103515625	0.374755859375	0.001220703125	0.411376953125
10-Jun-2022 14:51:47.183	0.0006103515625	0.32958984375	0.0	0.352783203125
10-Jun-2022 14:51:47.306	0.0006103515625	0.311279296875	-0.001220703125	0.34423828125
10-Jun-2022 14:51:47.400	-0.0006103515625	0.38330078125	0.0	0.33447265625
10-Jun-2022 14:51:47.579	-0.001220703125	0.2392578125	0.0	0.27099609375
10-Jun-2022 14:51:47.898	-0.001220703125	0.179443359375	0.0	0.201416015625
10-Jun-2022 14:51:48.020	-0.0018310546875	0.15380859375	0.0	0.189208984375
10-Jun-2022 14:51:48.179	-0.0006103515625	0.098876953125	0.0	0.1318359375
10-Jun-2022 14:51:48.309	0.0	0.08056640625	0.0	0.107421875
10-Jun-2022 14:51:48.401	-0.001220703125	0.0439453125	0.0	0.08056640625
10-Jun-2022 14:51:48.577	-0.0006103515625	0.006103515625	0.001220703125	0.0390625
10-Jun-2022 14:51:48.906	-0.0006103515625	-0.078125	0.0	-0.023193359375
10-Jun-2022 14:51:49.022	-0.0018310546875	-0.078125	0.0	-0.052490234375
10-Jun-2022 14:51:49.184	-0.0018310546875	-0.108642578125	0.0	-0.062255859375
10-Jun-2022 14:51:49.300	-0.001220703125	-0.123291015625	0.0	-0.118408203125
10-Jun-2022 14:51:49.402	-0.0006103515625	-0.269775390625	0.0	-0.140380859375
10-Jun-2022 14:51:49.570	-0.0006103515625	-0.228271484375	0.001220703125	-0.17822265625
10-Jun-2022 14:51:49.897	-0.001220703125	-0.311279296875	0.0	-0.247802734375
10-Jun-2022 14:51:50.029	-0.001220703125	-0.343017578125	0.0	-0.277099609375
10-Jun-2022 14:51:50.186	-0.001220703125	-0.390625	0.001220703125	-0.318603515625
10-Jun-2022 14:51:50.309	-0.0006103515625	-0.4248046875	0.001220703125	-0.345458984375
10-Jun-2022 14:51:50.397	-0.0006103515625	-0.474853515625	0.0	-0.357666015625
10-Jun-2022 14:51:50.574	0.0006103515625	-0.440673828125	0.001220703125	-0.37841796875
10-Jun-2022 14:51:50.907	-0.0006103515625	-0.496826171875	0.0	-0.47119140625
10-Jun-2022 14:51:51.032	0.0006103515625	-0.52490234375	0.001220703125	-0.51513671875
10-Jun-2022 14:51:51.187	-0.001220703125	-0.57373046875	0.0	-0.506591796875
10-Jun-2022 14:51:51.297	-0.001220703125	-0.6201171875	0.0	-0.550537109375
10-Jun-2022 14:51:51.399	0.0	-0.75927734375	0.0	-0.609130859375
10-Jun-2022 14:51:51.576	0.0006103515625	-0.654296875	0.001220703125	-0.614013671875
10-Jun-2022 14:51:51.907	-0.0006103515625	-0.760498046875	0.001220703125	-0.711669921875
10-Jun-2022 14:51:52.030	-0.0006103515625	-0.887451171875	0.001220703125	-0.743408203125
10-Jun-2022 14:51:52.180	-0.001220703125	-0.799560546875	0.001220703125	-0.738525390625
10-Jun-2022 14:51:52.304	0.001220703125	-0.80078125	0.0	-0.787353515625
10-Jun-2022 14:51:52.402	-0.0018310546875	-0.99853515625	0.001220703125	-0.8251953125
10-Jun-2022 14:51:52.571	-0.001220703125	-0.8740234375	0.0	-0.802001953125
10-Jun-2022 14:51:52.896	0.0	-1.1181640625	0.0	-0.93017578125
10-Jun-2022 14:51:53.021	-0.0018310546875	-1.024169921875	0.001220703125	-0.92529296875
10-Jun-2022 14:51:53.176	0.0006103515625	-1.0302734375	0.001220703125	-0.9423828125
10-Jun-2022 14:51:53.307	-0.0006103515625	-1.175537109375	0.001220703125	-0.99853515625
10-Jun-2022 14:51:53.408	-0.001220703125	-1.0791015625	0.001220703125	-0.982666015625
10-Jun-2022 14:51:53.573	-0.0018310546875	-1.07177734375	0.0	-1.0498046875
10-Jun-2022 14:51:53.908	-0.0006103515625	-1.3232421875	0.0	-1.1181640625
10-Jun-2022 14:51:54.018	-0.0018310546875	-1.15478515625	0.0	-1.121826171875
10-Jun-2022 14:51:54.186	-0.0006103515625	-1.336669921875	0.0	-1.15966796875
10-Jun-2022 14:51:54.303	-0.0006103515625	-1.32568359375	0.001220703125	-1.162109375
10-Jun-2022 14:51:54.398	0.0006103515625	-1.336669921875	0.001220703125	-1.190185546875
10-Jun-2022 14:51:54.570	0.0006103515625	-1.380615234375	0.001220703125	-1.212158203125
10-Jun-2022 14:51:54.907	0.0	-1.33056640625	0.001220703125	-1.253662109375
10-Jun-2022 14:51:55.023	0.0006103515625	-1.396484375	0.001220703125	-1.30615234375
10-Jun-2022 14:51:55.188	0.0006103515625	-1.54052734375	0.0	-1.339111328125
10-Jun-2022 14:51:55.304	0.001220703125	-1.395263671875	0.001220703125	-1.339111328125
10-Jun-2022 14:51:55.397	0.0006103515625	-1.549072265625	0.001220703125	-1.341552734375
10-Jun-2022 14:51:55.568	0.0	-1.573486328125	0.001220703125	-1.370849609375
10-Jun-2022 14:51:55.897	0.0	-1.6796875	0.001220703125	-1.43310546875
10-Jun-2022 14:51:56.029	-0.0006103515625	-1.552734375	0.001220703125	-1.444091796875
10-Jun-2022 14:51:56.177	0.0006103515625	-1.593017578125	0.001220703125	-1.463623046875
10-Jun-2022 14:51:56.296	0.0	-1.712646484375	0.001220703125	-1.50390625
10-Jun-2022 14:51:56.397	0.0	-1.689453125	0.001220703125	-1.524658203125
10-Jun-2022 14:51:56.576	0.0	-1.77490234375	0.0	-1.556396484375
10-Jun-2022 14:51:56.909	0.0	-1.651611328125	0.001220703125	-1.56494140625
10-Jun-2022 14:51:57.027	0.0006103515625	-1.7919921875	0.0	-1.595458984375
10-Jun-2022 14:51:57.188	0.0	-1.844482421875	0.001220703125	-1.622314453125
10-Jun-2022 14:51:57.306	0.0	-1.84814453125	0.001220703125	-1.632080078125
10-Jun-2022 14:51:57.404	-0.0006103515625	-1.84814453125	0.001220703125	-1.6552734375
10-Jun-2022 14:51:57.569	0.0006103515625	-1.8603515625	0.001220703125	-1.668701171875
10-Jun-2022 14:51:57.895	0.0006103515625	-1.923828125	0.001220703125	-1.7041015625
10-Jun-2022 14:51:58.025	0.0	-1.925048828125	0.001220703125	-1.72119140625
10-Jun-2022 14:51:58.178	0.0006103515625	-1.95068359375	0.001220703125	-1.727294921875
10-Jun-2022 14:51:58.306	-0.0006103515625	-1.97509765625	0.001220703125	-1.744384765625
10-Jun-2022 14:51:58.401	0.0006103515625	-1.932373046875	0.001220703125	-1.74072265625
10-Jun-2022 14:51:58.571	-0.0006103515625	-2.003173828125	0.0	-1.759033203125
10-Jun-2022 14:51:58.906	0.0	-2.01416015625	0.001220703125	-1.796875
10-Jun-2022 14:51:59.029	0.0006103515625	-2.010498046875	0.0	-1.79931640625
10-Jun-2022 14:51:59.181	0.0	-2.041015625	0.001220703125	-1.817626953125
10-Jun-2022 14:51:59.303	-0.0006103515625	-2.052001953125	0.0	-1.8310546875
10-Jun-2022 14:51:59.405	0.0006103515625	-2.047119140625	0.001220703125	-1.8408203125
10-Jun-2022 14:51:59.575	0.0	-2.0751953125	0.001220703125	-1.85791015625
10-Jun-2022 14:51:59.910	0.0006103515625	-2.091064453125	0.001220703125	-1.868896484375
10-Jun-2022 14:52:00.030	0.0	-2.108154296875	0.001220703125	-1.90673828125
10-Jun-2022 14:52:00.184	0.0	-2.08984375	0.00244140625	-1.868896484375
10-Jun-2022 14:52:00.309	0.0006103515625	-2.093505859375	0.001220703125	-1.888427734375
10-Jun-2022 14:52:00.409	0.0	-2.127685546875	0.001220703125	-1.91162109375
10-Jun-2022 14:52:00.579	0.0	-2.1337890625	0.001220703125	-1.8798828125
10-Jun-2022 14:52:00.898	0.0	-2.12158203125	0.001220703125	-1.898193359375
10-Jun-2022 14:52:01.021	0.0	-2.1337890625	0.001220703125	-1.9140625
10-Jun-2022 14:52:01.184	0.0	-2.122802734375	0.001220703125	-1.9091796875
10-Jun-2022 14:52:01.303	0.0	-2.13623046875	0.001220703125	-1.915283203125
10-Jun-2022 14:52:01.403	-0.0006103515625	-2.1240234375	0.001220703125	-1.9140625
10-Jun-2022 14:52:01.576	0.0	-2.137451171875	0.001220703125	-1.907958984375
10-Jun-2022 14:52:01.896	-0.0006103515625	-2.137451171875	0.001220703125	-1.912841796875
10-Jun-2022 14:52:02.027	-0.0006103515625	-2.14599609375	0.001220703125	-1.907958984375
10-Jun-2022 14:52:02.190	0.0006103515625	-2.12158203125	0.001220703125	-1.910400390625
10-Jun-2022 14:52:02.304	0.0006103515625	-2.1435546875	0.001220703125	-1.910400390625
10-Jun-2022 14:52:02.407	0.0	-2.137451171875	0.001220703125	-1.91162109375
10-Jun-2022 14:52:02.570	0.0006103515625	-2.132568359375	0.001220703125	-1.915283203125
10-Jun-2022 14:52:02.905	0.0	-2.1435546875	0.001220703125	-1.91162109375
10-Jun-2022 14:52:03.022	0.0	-2.14111328125	0.001220703125	-1.9091796875
10-Jun-2022 14:52:03.215	0.0006103515625	-2.142333984375	0.001220703125	-1.90673828125
10-Jun-2022 14:52:03.303	0.0	-2.1435546875	0.001220703125	-1.904296875
10-Jun-2022 14:52:03.406	0.0	-2.1435546875	0.001220703125	-1.910400390625
10-Jun-2022 14:52:03.580	-0.0006103515625	-2.13134765625	0.001220703125	-1.90673828125
10-Jun-2022 14:52:03.906	0.0	-2.120361328125	0.0	-1.9091796875
10-Jun-2022 14:52:04.017	0.0	-2.132568359375	0.001220703125	-1.8994140625
10-Jun-2022 14:52:04.181	0.0006103515625	-2.12646484375	0.001220703125	-1.87255859375
10-Jun-2022 14:52:04.297	0.0006103515625	-2.09716796875	0.001220703125	-1.86279296875
10-Jun-2022 14:52:04.396	0.0	-2.088623046875	0.001220703125	-1.905517578125
10-Jun-2022 14:52:04.577	0.0006103515625	-2.0947265625	0.001220703125	-1.875
10-Jun-2022 14:52:04.897	0.0	-2.066650390625	0.001220703125	-1.85302734375
10-Jun-2022 14:52:05.019	0.0	-2.04833984375	0.001220703125	-1.839599609375
10-Jun-2022 14:52:05.181	0.0	-2.0458984375	0.001220703125	-1.834716796875
10-Jun-2022 14:52:05.299	-0.0006103515625	-2.05810546875	0.001220703125	-1.829833984375
10-Jun-2022 14:52:05.399	0.0	-2.02392578125	0.001220703125	-1.820068359375
10-Jun-2022 14:52:05.571	0.0006103515625	-2.03125	0.001220703125	-1.805419921875
10-Jun-2022 14:52:05.906	-0.0006103515625	-1.98486328125	0.001220703125	-1.773681640625
10-Jun-2022 14:52:06.029	0.0006103515625	-1.983642578125	0.0	-1.759033203125
10-Jun-2022 14:52:06.177	-0.0006103515625	-1.97509765625	0.001220703125	-1.75048828125
10-Jun-2022 14:52:06.310	0.0006103515625	-1.927490234375	0.0	-1.73095703125
10-Jun-2022 14:52:06.404	0.0006103515625	-1.929931640625	0.001220703125	-1.72607421875
10-Jun-2022 14:52:06.567	-0.0006103515625	-1.93359375	0.001220703125	-1.722412109375
10-Jun-2022 14:52:06.909	0.0	-1.905517578125	0.001220703125	-1.671142578125
10-Jun-2022 14:52:07.056	0.0	-1.86279296875	0.001220703125	-1.65771484375
10-Jun-2022 14:52:07.180	0.0	-1.86279296875	0.001220703125	-1.65771484375
10-Jun-2022 14:52:07.312	-0.0006103515625	-1.82373046875	0.001220703125	-1.611328125
10-Jun-2022 14:52:07.408	0.0	-1.832275390625	0.0	-1.607666015625
10-Jun-2022 14:52:07.569	0.0	-1.78955078125	0.001220703125	-1.59912109375
10-Jun-2022 14:52:07.902	0.0006103515625	-1.595458984375	0.0	-1.549072265625
10-Jun-2022 14:52:08.019	0.0006103515625	-1.705322265625	0.0	-1.5380859375
10-Jun-2022 14:52:08.181	-0.0018310546875	-1.702880859375	0.001220703125	-1.495361328125
10-Jun-2022 14:52:08.301	0.0	-1.702880859375	0.001220703125	-1.50146484375
10-Jun-2022 14:52:08.401	-0.0006103515625	-1.680908203125	0.0	-1.4697265625
10-Jun-2022 14:52:08.572	0.0006103515625	-1.5185546875	0.001220703125	-1.4599609375
10-Jun-2022 14:52:08.908	0.0006103515625	-1.51123046875	0.001220703125	-1.383056640625
10-Jun-2022 14:52:09.024	0.0006103515625	-1.605224609375	0.001220703125	-1.38427734375
10-Jun-2022 14:52:09.181	-0.0006103515625	-1.593017578125	0.001220703125	-1.331787109375
10-Jun-2022 14:52:09.298	0.0	-1.546630859375	0.0	-1.3232421875
10-Jun-2022 14:52:09.399	-0.001220703125	-1.522216796875	0.001220703125	-1.30859375
10-Jun-2022 14:52:09.578	-0.001220703125	-1.512451171875	0.0	-1.2939453125
10-Jun-2022 14:52:09.896	0.0	-1.40869140625	0.0	-1.25
10-Jun-2022 14:52:10.021	0.0006103515625	-1.304931640625	0.001220703125	-1.170654296875
10-Jun-2022 14:52:10.185	0.0006103515625	-1.343994140625	0.001220703125	-1.171875
10-Jun-2022 14:52:10.309	-0.00244140625	-1.259765625	0.001220703125	-1.160888671875
10-Jun-2022 14:52:10.402	0.0	-1.390380859375	0.0	-1.1474609375
10-Jun-2022 14:52:10.565	0.0006103515625	-1.314697265625	0.0	-1.11572265625
10-Jun-2022 14:52:10.896	0.001220703125	-1.1083984375	0.001220703125	-1.0302734375
10-Jun-2022 14:52:11.019	0.0006103515625	-1.241455078125	0.001220703125	-1.0498046875
10-Jun-2022 14:52:11.185	0.0006103515625	-1.02783203125	0.0	-0.985107421875
10-Jun-2022 14:52:11.308	0.0006103515625	-1.090087890625	0.0	-0.980224609375
10-Jun-2022 14:52:11.407	-0.001220703125	-0.994873046875	0.001220703125	-0.9326171875
10-Jun-2022 14:52:11.579	0.0006103515625	-0.9619140625	0.0	-0.897216796875
10-Jun-2022 14:52:11.902	-0.0018310546875	-0.946044921875	0.0	-0.853271484375
10-Jun-2022 14:52:12.024	-0.0006103515625	-0.9375	0.0	-0.799560546875
10-Jun-2022 14:52:12.188	-0.0006103515625	-0.853271484375	0.0	-0.8154296875
10-Jun-2022 14:52:12.307	-0.0006103515625	-0.799560546875	0.001220703125	-0.7958984375
10-Jun-2022 14:52:12.406	0.0006103515625	-0.909423828125	0.001220703125	-0.76416015625
10-Jun-2022 14:52:12.566	0.0	-0.870361328125	0.0	-0.716552734375
10-Jun-2022 14:52:12.901	-0.0018310546875	-0.86669921875	0.001220703125	-0.631103515625
10-Jun-2022 14:52:13.016	-0.0018310546875	-0.633544921875	0.0	-0.584716796875
10-Jun-2022 14:52:13.186	-0.001220703125	-0.70068359375	0.001220703125	-0.572509765625
10-Jun-2022 14:52:13.295	-0.001220703125	-0.738525390625	0.001220703125	-0.52734375
10-Jun-2022 14:52:13.406	-0.001220703125	-0.5517578125	0.001220703125	-0.533447265625
10-Jun-2022 14:52:13.576	0.0	-0.506591796875	0.0	-0.4833984375
10-Jun-2022 14:52:13.898	-0.0018310546875	-0.458984375	0.001220703125	-0.40283203125
10-Jun-2022 14:52:14.025	-0.0006103515625	-0.611572265625	0.0	-0.4150390625
10-Jun-2022 14:52:14.176	-0.0018310546875	-0.5029296875	0.0	-0.3662109375
10-Jun-2022 14:52:14.295	0.0	-0.386962890625	0.0	-0.3076171875
10-Jun-2022 14:52:14.404	0.0018310546875	-0.362548828125	0.001220703125	-0.3125
10-Jun-2022 14:52:14.568	0.001220703125	-0.301513671875	0.0	-0.24658203125
10-Jun-2022 14:52:14.898	0.0006103515625	-0.230712890625	0.001220703125	-0.189208984375
10-Jun-2022 14:52:15.024	-0.0006103515625	-0.203857421875	0.0	-0.147705078125
10-Jun-2022 14:52:15.181	-0.001220703125	-0.15380859375	0.0	-0.1220703125
10-Jun-2022 14:52:15.306	-0.001220703125	-0.1318359375	0.0	-0.093994140625
10-Jun-2022 14:52:15.401	-0.001220703125	-0.203857421875	0.0	-0.069580078125
10-Jun-2022 14:52:15.568	0.0	-0.059814453125	0.0	-0.029296875
10-Jun-2022 14:52:15.745	<end logging>
