#Channel	AI_CH0	AI_CH1	AI_CH2	AI_CH3
#Sensor 	Force	Current	N/C	Voltage	Lever_Arm_Ratio
#Scaling_Factor	885.739990234375	4.877999782562256	1.0	23.533000946044922	0.6669999957084656
#Sample_Rate	Every 0.05s
#Test_parameter_type	Frequency [Hz]	Start delay [s]	Periods	Phase [rad]	Amplitude [0-1]
#Test_parameters	0.019999999552965164	60.0	5.0	0.0	1.0
06-Jul-2022 12:05:07.834	<begin logging>
06-Jul-2022 12:05:07.865	0.0	0.0	0.0	0.0
06-Jul-2022 12:05:07.894	0.018310546875	0.028076171875	0.0	0.006103515625
06-Jul-2022 12:05:07.924	0.018310546875	0.028076171875	0.0	0.006103515625
06-Jul-2022 12:05:08.654	0.0189208984375	0.015869140625	0.0	0.059814453125
06-Jul-2022 12:05:08.972	0.0177001953125	0.0146484375	0.0	0.0439453125
06-Jul-2022 12:05:09.662	0.0189208984375	-0.008544921875	-0.001220703125	0.0439453125
06-Jul-2022 12:05:09.962	0.018310546875	0.006103515625	0.0	0.057373046875
06-Jul-2022 12:05:10.651	0.018310546875	0.020751953125	0.0	0.05859375
06-Jul-2022 12:05:10.963	0.018310546875	-0.0048828125	0.001220703125	0.052490234375
06-Jul-2022 12:05:11.666	0.025634765625	0.013427734375	0.0	0.048828125
06-Jul-2022 12:05:11.968	0.0177001953125	0.029296875	0.0	0.052490234375
06-Jul-2022 12:05:12.655	0.0164794921875	0.015869140625	-0.001220703125	0.05615234375
06-Jul-2022 12:05:12.968	0.018310546875	-0.0146484375	0.001220703125	0.04638671875
06-Jul-2022 12:05:13.659	0.018310546875	0.010986328125	0.0	0.057373046875
06-Jul-2022 12:05:13.969	0.018310546875	0.015869140625	0.0	0.054931640625
06-Jul-2022 12:05:14.660	0.0146484375	0.009765625	-0.001220703125	0.057373046875
06-Jul-2022 12:05:14.971	0.018310546875	0.018310546875	-0.001220703125	0.059814453125
06-Jul-2022 12:05:15.655	0.018310546875	0.013427734375	0.0	0.054931640625
06-Jul-2022 12:05:15.965	0.0177001953125	0.010986328125	0.0	0.0537109375
06-Jul-2022 12:05:16.656	0.0189208984375	0.02197265625	0.0	0.059814453125
06-Jul-2022 12:05:16.972	0.018310546875	-0.018310546875	0.0	0.04638671875
06-Jul-2022 12:05:17.655	0.0189208984375	0.02685546875	-0.001220703125	0.05126953125
06-Jul-2022 12:05:17.972	0.01953125	0.018310546875	-0.001220703125	0.05859375
06-Jul-2022 12:05:18.662	0.01708984375	0.013427734375	-0.001220703125	0.05615234375
06-Jul-2022 12:05:18.972	0.01953125	0.003662109375	0.0	0.054931640625
06-Jul-2022 12:05:19.656	0.018310546875	0.028076171875	0.0	0.05859375
06-Jul-2022 12:05:19.976	0.0189208984375	0.009765625	0.001220703125	0.0537109375
06-Jul-2022 12:05:20.657	0.018310546875	0.023193359375	0.0	0.042724609375
06-Jul-2022 12:05:20.968	0.018310546875	0.01220703125	-0.001220703125	0.048828125
06-Jul-2022 12:05:21.655	0.018310546875	0.010986328125	0.0	0.06103515625
06-Jul-2022 12:05:21.965	0.0201416015625	0.02197265625	0.0	0.06103515625
06-Jul-2022 12:05:22.665	0.0177001953125	-0.009765625	0.0	0.05615234375
06-Jul-2022 12:05:22.976	0.018310546875	0.008544921875	0.001220703125	0.0537109375
06-Jul-2022 12:05:23.667	0.01953125	0.01953125	0.0	0.057373046875
06-Jul-2022 12:05:23.977	0.0177001953125	0.010986328125	0.0	0.05615234375
06-Jul-2022 12:05:24.666	0.018310546875	0.00244140625	0.0	0.052490234375
06-Jul-2022 12:05:24.968	0.01708984375	0.010986328125	0.0	0.05615234375
06-Jul-2022 12:05:25.656	0.0177001953125	0.01220703125	-0.001220703125	0.052490234375
06-Jul-2022 12:05:25.966	0.0177001953125	-0.013427734375	0.0	0.05126953125
06-Jul-2022 12:05:26.656	0.0177001953125	0.02197265625	0.0	0.059814453125
06-Jul-2022 12:05:26.967	0.018310546875	0.00244140625	0.0	0.052490234375
06-Jul-2022 12:05:27.655	0.018310546875	0.01708984375	0.0	0.062255859375
06-Jul-2022 12:05:27.963	0.0115966796875	0.006103515625	-0.00244140625	0.045166015625
06-Jul-2022 12:05:28.655	0.0189208984375	0.01953125	-0.001220703125	0.059814453125
06-Jul-2022 12:05:28.967	0.018310546875	0.03173828125	0.0	0.05859375
06-Jul-2022 12:05:29.654	0.0177001953125	0.00244140625	-0.001220703125	0.05615234375
06-Jul-2022 12:05:29.965	0.018310546875	0.00732421875	-0.001220703125	0.042724609375
06-Jul-2022 12:05:30.664	0.01953125	-0.023193359375	0.0	0.048828125
06-Jul-2022 12:05:30.975	0.018310546875	0.01953125	0.0	0.0537109375
06-Jul-2022 12:05:31.665	0.0189208984375	0.01708984375	0.0	0.057373046875
06-Jul-2022 12:05:31.973	0.0189208984375	-0.001220703125	0.0	0.054931640625
06-Jul-2022 12:05:32.661	0.018310546875	0.015869140625	0.0	0.0537109375
06-Jul-2022 12:05:32.969	0.0238037109375	0.009765625	0.0	0.0537109375
06-Jul-2022 12:05:33.662	0.0177001953125	-0.010986328125	0.001220703125	0.0439453125
06-Jul-2022 12:05:33.961	0.0189208984375	-0.008544921875	0.0	0.0439453125
06-Jul-2022 12:05:34.655	0.018310546875	0.008544921875	-0.00244140625	0.054931640625
06-Jul-2022 12:05:34.972	0.018310546875	-0.00732421875	-0.001220703125	0.047607421875
06-Jul-2022 12:05:35.655	0.0225830078125	0.01220703125	0.0	0.057373046875
06-Jul-2022 12:05:35.966	0.018310546875	-0.0048828125	0.0	0.054931640625
06-Jul-2022 12:05:36.657	0.0213623046875	0.009765625	0.00244140625	0.054931640625
06-Jul-2022 12:05:36.973	0.01953125	0.013427734375	0.0	0.0537109375
06-Jul-2022 12:05:37.652	0.0164794921875	0.009765625	0.001220703125	0.057373046875
06-Jul-2022 12:05:37.962	0.018310546875	0.01708984375	0.0	0.057373046875
06-Jul-2022 12:05:38.662	0.018310546875	0.0146484375	0.0	0.06103515625
06-Jul-2022 12:05:38.972	0.0201416015625	-0.010986328125	0.0	0.050048828125
06-Jul-2022 12:05:39.662	0.018310546875	0.01220703125	0.0	0.047607421875
06-Jul-2022 12:05:39.961	0.0177001953125	0.018310546875	0.001220703125	0.057373046875
06-Jul-2022 12:05:40.656	0.01953125	0.023193359375	0.0	0.057373046875
06-Jul-2022 12:05:40.967	0.018310546875	0.015869140625	0.00244140625	0.057373046875
06-Jul-2022 12:05:41.657	0.0189208984375	0.0244140625	0.0	0.059814453125
06-Jul-2022 12:05:41.969	0.0201416015625	0.009765625	-0.001220703125	0.054931640625
06-Jul-2022 12:05:42.657	0.0201416015625	0.020751953125	-0.001220703125	0.045166015625
06-Jul-2022 12:05:42.968	0.018310546875	0.01220703125	0.0	0.050048828125
06-Jul-2022 12:05:43.657	0.018310546875	0.01708984375	0.0	0.052490234375
06-Jul-2022 12:05:43.968	0.01953125	-0.006103515625	0.001220703125	0.0439453125
06-Jul-2022 12:05:44.674	0.0189208984375	0.006103515625	0.0	0.052490234375
06-Jul-2022 12:05:44.975	0.018310546875	0.006103515625	0.0	0.062255859375
06-Jul-2022 12:05:45.657	0.018310546875	0.02197265625	0.001220703125	0.062255859375
06-Jul-2022 12:05:45.969	0.018310546875	-0.015869140625	0.0	0.045166015625
06-Jul-2022 12:05:46.659	0.018310546875	0.010986328125	0.001220703125	0.05615234375
06-Jul-2022 12:05:46.968	0.0225830078125	0.015869140625	0.001220703125	0.0537109375
06-Jul-2022 12:05:47.656	0.0177001953125	0.020751953125	0.0	0.05615234375
06-Jul-2022 12:05:47.968	0.0189208984375	0.003662109375	0.0	0.05126953125
06-Jul-2022 12:05:48.662	0.0201416015625	0.020751953125	0.001220703125	0.0537109375
06-Jul-2022 12:05:48.971	0.0189208984375	0.009765625	-0.001220703125	0.050048828125
06-Jul-2022 12:05:49.659	0.018310546875	0.0048828125	0.00244140625	0.057373046875
06-Jul-2022 12:05:49.969	0.0189208984375	0.023193359375	0.001220703125	0.0634765625
06-Jul-2022 12:05:50.654	0.01708984375	0.028076171875	0.0	0.06103515625
06-Jul-2022 12:05:50.973	0.0213623046875	-0.013427734375	-0.001220703125	0.0537109375
06-Jul-2022 12:05:51.664	0.018310546875	0.0146484375	0.0	0.047607421875
06-Jul-2022 12:05:51.965	0.018310546875	-0.013427734375	0.001220703125	0.050048828125
06-Jul-2022 12:05:52.656	0.0189208984375	0.015869140625	0.0	0.057373046875
06-Jul-2022 12:05:52.975	0.018310546875	0.0146484375	0.0	0.05859375
06-Jul-2022 12:05:53.659	0.018310546875	0.01953125	0.0	0.05615234375
06-Jul-2022 12:05:53.971	0.0177001953125	0.01220703125	0.001220703125	0.052490234375
06-Jul-2022 12:05:54.664	0.0189208984375	-0.008544921875	-0.001220703125	0.0439453125
06-Jul-2022 12:05:54.974	0.01953125	0.006103515625	-0.001220703125	0.05615234375
06-Jul-2022 12:05:55.664	0.01953125	-0.01708984375	-0.003662109375	0.0439453125
06-Jul-2022 12:05:55.966	0.015869140625	0.015869140625	-0.001220703125	0.057373046875
06-Jul-2022 12:05:56.665	0.0189208984375	0.013427734375	0.0	0.0537109375
06-Jul-2022 12:05:56.962	0.018310546875	0.013427734375	0.0	0.05859375
06-Jul-2022 12:05:57.656	0.018310546875	0.01953125	0.001220703125	0.059814453125
06-Jul-2022 12:05:57.966	0.015869140625	0.0244140625	0.0	0.05615234375
06-Jul-2022 12:05:58.652	0.0189208984375	0.0244140625	-0.001220703125	0.059814453125
06-Jul-2022 12:05:58.961	0.018310546875	0.00732421875	0.0	0.057373046875
06-Jul-2022 12:05:59.657	0.01953125	0.018310546875	0.0	0.052490234375
06-Jul-2022 12:05:59.967	0.0201416015625	0.018310546875	0.001220703125	0.05615234375
06-Jul-2022 12:06:00.665	0.018310546875	0.00732421875	0.0	0.052490234375
06-Jul-2022 12:06:00.961	0.018310546875	-0.009765625	0.0	0.052490234375
06-Jul-2022 12:06:01.654	0.0189208984375	0.015869140625	-0.001220703125	0.05615234375
06-Jul-2022 12:06:01.964	0.018310546875	0.00244140625	0.0	0.05615234375
06-Jul-2022 12:06:02.656	0.0177001953125	-0.0146484375	0.0	0.045166015625
06-Jul-2022 12:06:02.966	0.015869140625	0.018310546875	0.0	0.05615234375
06-Jul-2022 12:06:03.661	0.0189208984375	-0.0146484375	0.001220703125	0.047607421875
06-Jul-2022 12:06:03.970	0.018310546875	0.018310546875	0.0	0.047607421875
06-Jul-2022 12:06:04.653	0.01953125	0.0244140625	0.0	0.06103515625
06-Jul-2022 12:06:04.962	0.0201416015625	0.0146484375	-0.001220703125	0.062255859375
06-Jul-2022 12:06:05.659	0.018310546875	0.0146484375	0.0	0.057373046875
06-Jul-2022 12:06:05.971	0.01953125	0.0146484375	0.0	0.042724609375
06-Jul-2022 12:06:06.656	0.018310546875	0.006103515625	0.0	0.0537109375
06-Jul-2022 12:06:06.966	0.009765625	0.009765625	0.0	0.05615234375
06-Jul-2022 12:06:07.656	0.01953125	0.018310546875	-0.001220703125	0.052490234375
06-Jul-2022 12:06:07.973	0.018310546875	0.008544921875	0.0	0.05615234375
06-Jul-2022 12:06:08.655	0.018310546875	0.015869140625	0.0	0.05615234375
06-Jul-2022 12:06:08.963	0.018310546875	0.020751953125	0.0	0.052490234375
06-Jul-2022 12:06:09.659	0.018310546875	0.020751953125	0.0	0.05859375
06-Jul-2022 12:06:09.968	0.018310546875	-0.02197265625	0.0	0.0439453125
06-Jul-2022 12:06:10.661	0.0177001953125	0.029296875	-0.001220703125	0.059814453125
06-Jul-2022 12:06:10.965	0.01953125	0.067138671875	0.0	0.10986328125
06-Jul-2022 12:06:11.664	0.018310546875	0.086669921875	-0.001220703125	0.281982421875
06-Jul-2022 12:06:11.975	0.01953125	0.078125	-0.001220703125	0.362548828125
06-Jul-2022 12:06:12.663	0.01708984375	0.106201171875	0.001220703125	0.517578125
06-Jul-2022 12:06:12.968	0.01953125	0.146484375	0.0	0.599365234375
06-Jul-2022 12:06:13.663	0.0201416015625	0.16845703125	0.0	0.789794921875
06-Jul-2022 12:06:13.967	0.020751953125	0.20751953125	0.0	0.838623046875
06-Jul-2022 12:06:14.658	0.02197265625	0.201416015625	0.0	0.975341796875
06-Jul-2022 12:06:14.964	0.0238037109375	0.242919921875	0.0	1.065673828125
06-Jul-2022 12:06:15.655	0.0250244140625	0.24169921875	0.0	1.175537109375
06-Jul-2022 12:06:15.975	0.0262451171875	0.26611328125	-0.001220703125	1.2451171875
06-Jul-2022 12:06:16.661	0.0262451171875	0.34912109375	0.0	1.37451171875
06-Jul-2022 12:06:16.964	0.028076171875	0.401611328125	0.0	1.4453125
06-Jul-2022 12:06:17.663	0.0299072265625	0.418701171875	0.0	1.57470703125
06-Jul-2022 12:06:17.968	0.030517578125	0.4150390625	0.0	1.630859375
06-Jul-2022 12:06:18.658	0.0311279296875	0.509033203125	0.0	1.71875
06-Jul-2022 12:06:18.969	0.032958984375	0.438232421875	0.0	1.75048828125
06-Jul-2022 12:06:19.656	0.0335693359375	0.552978515625	-0.001220703125	1.865234375
06-Jul-2022 12:06:19.968	0.0347900390625	0.557861328125	-0.001220703125	1.893310546875
06-Jul-2022 12:06:20.661	0.035400390625	0.570068359375	0.0	1.96533203125
06-Jul-2022 12:06:20.964	0.0372314453125	0.60302734375	0.0	1.981201171875
06-Jul-2022 12:06:21.666	0.03662109375	0.601806640625	0.0	2.04833984375
06-Jul-2022 12:06:21.966	0.03662109375	0.6103515625	0.0	2.04833984375
06-Jul-2022 12:06:22.664	0.0384521484375	0.589599609375	0.0	2.0654296875
06-Jul-2022 12:06:22.972	0.03662109375	0.618896484375	0.0	2.06787109375
06-Jul-2022 12:06:23.660	0.0384521484375	0.643310546875	0.001220703125	2.06787109375
06-Jul-2022 12:06:23.971	0.0396728515625	0.595703125	0.0	2.06298828125
06-Jul-2022 12:06:24.657	0.0384521484375	0.65673828125	0.0	2.066650390625
06-Jul-2022 12:06:24.976	0.0384521484375	0.631103515625	-0.001220703125	2.064208984375
06-Jul-2022 12:06:25.654	0.03662109375	0.621337890625	0.0	2.020263671875
06-Jul-2022 12:06:25.967	0.0372314453125	0.625	0.0	2.022705078125
06-Jul-2022 12:06:26.660	0.0372314453125	0.618896484375	0.0	1.971435546875
06-Jul-2022 12:06:26.963	0.0360107421875	0.587158203125	0.0	1.942138671875
06-Jul-2022 12:06:27.657	0.0347900390625	0.50537109375	0.0	1.875
06-Jul-2022 12:06:27.966	0.030517578125	0.5322265625	0.0	1.834716796875
06-Jul-2022 12:06:28.661	0.0323486328125	0.49072265625	-0.001220703125	1.7578125
06-Jul-2022 12:06:28.965	0.0299072265625	0.467529296875	-0.001220703125	1.717529296875
06-Jul-2022 12:06:29.658	0.0311279296875	0.421142578125	-0.001220703125	1.595458984375
06-Jul-2022 12:06:29.970	0.0286865234375	0.377197265625	0.001220703125	1.561279296875
06-Jul-2022 12:06:30.657	0.0274658203125	0.31494140625	0.0	1.444091796875
06-Jul-2022 12:06:30.976	0.0274658203125	0.308837890625	0.0	1.395263671875
06-Jul-2022 12:06:31.659	0.0250244140625	0.294189453125	0.0	1.22314453125
06-Jul-2022 12:06:31.962	0.023193359375	0.255126953125	0.0	1.160888671875
06-Jul-2022 12:06:32.652	0.0225830078125	0.247802734375	-0.00244140625	1.03515625
06-Jul-2022 12:06:32.971	0.02197265625	0.19287109375	0.0	0.94482421875
06-Jul-2022 12:06:33.656	0.0201416015625	0.17333984375	0.0	0.8056640625
06-Jul-2022 12:06:33.962	0.02197265625	0.13671875	-0.001220703125	0.7275390625
06-Jul-2022 12:06:34.666	0.01953125	0.103759765625	0.0	0.58349609375
06-Jul-2022 12:06:34.963	0.01953125	0.098876953125	-0.001220703125	0.48828125
06-Jul-2022 12:06:35.654	0.0140380859375	0.069580078125	0.0	0.338134765625
06-Jul-2022 12:06:35.982	0.018310546875	0.0390625	0.0	0.247802734375
06-Jul-2022 12:06:36.656	0.018310546875	0.050048828125	0.001220703125	0.078125
06-Jul-2022 12:06:36.975	0.0164794921875	-0.008544921875	0.001220703125	0.010986328125
06-Jul-2022 12:06:37.654	0.01953125	-0.008544921875	0.0	-0.150146484375
06-Jul-2022 12:06:37.972	0.0201416015625	-0.010986328125	0.001220703125	-0.2197265625
06-Jul-2022 12:06:38.655	0.0177001953125	-0.062255859375	0.0	-0.400390625
06-Jul-2022 12:06:38.974	0.018310546875	-0.098876953125	0.001220703125	-0.478515625
06-Jul-2022 12:06:39.665	0.0164794921875	-0.1123046875	0.001220703125	-0.623779296875
06-Jul-2022 12:06:39.969	0.018310546875	-0.12451171875	0.0	-0.70556640625
06-Jul-2022 12:06:40.660	0.0164794921875	-0.13427734375	0.0	-0.823974609375
06-Jul-2022 12:06:40.965	0.01708984375	-0.164794921875	0.001220703125	-0.911865234375
06-Jul-2022 12:06:41.652	0.0152587890625	-0.2490234375	0.0	-1.090087890625
06-Jul-2022 12:06:41.974	0.01220703125	-0.181884765625	0.001220703125	-1.116943359375
06-Jul-2022 12:06:42.666	0.0146484375	-0.294189453125	0.0	-1.24267578125
06-Jul-2022 12:06:42.964	0.0146484375	-0.281982421875	0.0	-1.2890625
06-Jul-2022 12:06:43.655	0.013427734375	-0.289306640625	0.0	-1.431884765625
06-Jul-2022 12:06:43.967	0.0140380859375	-0.360107421875	0.001220703125	-1.4892578125
06-Jul-2022 12:06:44.652	0.0115966796875	-0.390625	0.001220703125	-1.568603515625
06-Jul-2022 12:06:44.963	0.01220703125	-0.408935546875	0.0	-1.617431640625
06-Jul-2022 12:06:45.656	0.0103759765625	-0.408935546875	0.0	-1.715087890625
06-Jul-2022 12:06:45.975	0.010986328125	-0.430908203125	-0.001220703125	-1.732177734375
06-Jul-2022 12:06:46.657	0.013427734375	-0.430908203125	0.001220703125	-1.800537109375
06-Jul-2022 12:06:46.974	0.0091552734375	-0.472412109375	0.0	-1.83837890625
06-Jul-2022 12:06:47.660	0.008544921875	-0.5078125	0.0	-1.88232421875
06-Jul-2022 12:06:47.968	0.0103759765625	-0.491943359375	0.0	-1.8994140625
06-Jul-2022 12:06:48.657	0.009765625	-0.421142578125	-0.001220703125	-1.923828125
06-Jul-2022 12:06:48.970	0.0079345703125	-0.53955078125	0.0	-1.9140625
06-Jul-2022 12:06:49.656	0.008544921875	-0.53955078125	0.0	-1.942138671875
06-Jul-2022 12:06:49.973	0.0091552734375	-0.49560546875	0.0	-1.944580078125
06-Jul-2022 12:06:50.661	0.0091552734375	-0.51513671875	0.001220703125	-1.907958984375
06-Jul-2022 12:06:50.966	0.0091552734375	-0.523681640625	0.0	-1.904296875
06-Jul-2022 12:06:51.666	0.0091552734375	-0.567626953125	0.0	-1.898193359375
06-Jul-2022 12:06:51.968	0.009765625	-0.48583984375	0.0	-1.895751953125
06-Jul-2022 12:06:52.660	0.0103759765625	-0.44677734375	0.0	-1.837158203125
06-Jul-2022 12:06:52.963	0.0103759765625	-0.472412109375	0.0	-1.820068359375
06-Jul-2022 12:06:53.664	0.0103759765625	-0.404052734375	0.001220703125	-1.73583984375
06-Jul-2022 12:06:53.969	0.010986328125	-0.472412109375	0.001220703125	-1.722412109375
06-Jul-2022 12:06:54.661	0.0115966796875	-0.345458984375	0.0	-1.630859375
06-Jul-2022 12:06:54.972	0.01220703125	-0.380859375	0.001220703125	-1.571044921875
06-Jul-2022 12:06:55.659	0.013427734375	-0.341796875	0.0	-1.466064453125
06-Jul-2022 12:06:55.964	0.013427734375	-0.313720703125	0.0	-1.456298828125
06-Jul-2022 12:06:56.663	0.0146484375	-0.289306640625	0.0	-1.319580078125
06-Jul-2022 12:06:56.973	0.01220703125	-0.257568359375	0.001220703125	-1.246337890625
06-Jul-2022 12:06:57.652	0.015869140625	-0.203857421875	0.0	-1.141357421875
06-Jul-2022 12:06:57.972	0.0152587890625	-0.206298828125	-0.001220703125	-1.06201171875
06-Jul-2022 12:06:58.652	0.0177001953125	-0.159912109375	0.0	-0.93994140625
06-Jul-2022 12:06:58.971	0.015869140625	-0.172119140625	0.0	-0.845947265625
06-Jul-2022 12:06:59.658	0.01953125	-0.113525390625	0.0	-0.6884765625
06-Jul-2022 12:06:59.973	0.0177001953125	-0.09033203125	0.0	-0.63232421875
06-Jul-2022 12:07:00.652	0.01708984375	-0.069580078125	0.0	-0.472412109375
06-Jul-2022 12:07:00.969	0.0177001953125	-0.0390625	0.0	-0.390625
06-Jul-2022 12:07:01.661	0.01953125	-0.00732421875	-0.001220703125	-0.228271484375
06-Jul-2022 12:07:01.962	0.0177001953125	0.0048828125	0.0	-0.159912109375
06-Jul-2022 12:07:02.657	0.0177001953125	-0.001220703125	0.001220703125	-0.00244140625
06-Jul-2022 12:07:02.706	0.0177001953125	-0.001220703125	0.001220703125	-0.00244140625
06-Jul-2022 12:07:02.967	0.01953125	0.04638671875	0.0	0.086669921875
06-Jul-2022 12:07:03.653	0.01953125	0.064697265625	0.0	0.242919921875
06-Jul-2022 12:07:03.768	0.0189208984375	0.064697265625	0.0	0.260009765625
06-Jul-2022 12:07:03.972	0.018310546875	0.069580078125	0.001220703125	0.31005859375
06-Jul-2022 12:07:04.657	0.01953125	0.12451171875	0.0	0.478515625
06-Jul-2022 12:07:04.762	0.01953125	0.118408203125	0.0	0.5029296875
06-Jul-2022 12:07:04.969	0.0201416015625	0.093994140625	0.0	0.556640625
06-Jul-2022 12:07:05.655	0.0201416015625	0.126953125	0.0	0.714111328125
06-Jul-2022 12:07:05.791	0.020751953125	0.15625	0.001220703125	0.712890625
06-Jul-2022 12:07:05.971	0.02197265625	0.16845703125	0.0	0.80810546875
06-Jul-2022 12:07:06.653	0.02197265625	0.20263671875	0.0	0.93017578125
06-Jul-2022 12:07:06.771	0.0244140625	0.1708984375	0.0	0.972900390625
06-Jul-2022 12:07:06.963	0.023193359375	0.201416015625	0.0	0.997314453125
06-Jul-2022 12:07:07.665	0.0238037109375	0.26123046875	-0.001220703125	1.1572265625
06-Jul-2022 12:07:07.770	0.0244140625	0.27099609375	0.0	1.1669921875
06-Jul-2022 12:07:07.976	0.0250244140625	0.250244140625	0.0	1.201171875
06-Jul-2022 12:07:08.655	0.0262451171875	0.3271484375	0.0	1.356201171875
06-Jul-2022 12:07:08.770	0.02685546875	0.355224609375	0.0	1.36474609375
06-Jul-2022 12:07:08.972	0.02685546875	0.34423828125	-0.001220703125	1.444091796875
06-Jul-2022 12:07:09.658	0.029296875	0.36865234375	0.0	1.553955078125
06-Jul-2022 12:07:09.762	0.029296875	0.379638671875	0.0	1.563720703125
06-Jul-2022 12:07:09.970	0.02685546875	0.433349609375	-0.001220703125	1.6064453125
06-Jul-2022 12:07:10.656	0.0311279296875	0.4638671875	-0.001220703125	1.715087890625
06-Jul-2022 12:07:10.772	0.03173828125	0.418701171875	0.0	1.7236328125
06-Jul-2022 12:07:10.967	0.0323486328125	0.5126953125	0.001220703125	1.7529296875
06-Jul-2022 12:07:11.663	0.0341796875	0.555419921875	0.0	1.844482421875
06-Jul-2022 12:07:11.770	0.035400390625	0.5419921875	0.0	1.85791015625
06-Jul-2022 12:07:11.971	0.0341796875	0.501708984375	-0.001220703125	1.873779296875
06-Jul-2022 12:07:12.652	0.035400390625	0.5712890625	0.0	1.94091796875
06-Jul-2022 12:07:12.769	0.0347900390625	0.6103515625	0.0	1.949462890625
06-Jul-2022 12:07:12.963	0.035400390625	0.615234375	0.0	1.956787109375
06-Jul-2022 12:07:13.657	0.03662109375	0.599365234375	0.0	2.02392578125
06-Jul-2022 12:07:13.770	0.040283203125	0.623779296875	0.0	2.021484375
06-Jul-2022 12:07:13.967	0.0372314453125	0.61279296875	0.0	2.04833984375
06-Jul-2022 12:07:14.663	0.0372314453125	0.660400390625	-0.001220703125	2.03125
06-Jul-2022 12:07:14.764	0.0384521484375	0.509033203125	0.0	2.064208984375
06-Jul-2022 12:07:14.973	0.03662109375	0.5908203125	0.0	2.066650390625
06-Jul-2022 12:07:15.655	0.03662109375	0.601806640625	0.0	2.0654296875
06-Jul-2022 12:07:15.770	0.0372314453125	0.667724609375	-0.001220703125	2.064208984375
06-Jul-2022 12:07:15.965	0.0384521484375	0.665283203125	0.0	2.069091796875
06-Jul-2022 12:07:16.657	0.0384521484375	0.633544921875	-0.001220703125	2.0654296875
06-Jul-2022 12:07:16.774	0.0372314453125	0.616455078125	0.0	2.061767578125
06-Jul-2022 12:07:16.975	0.0390625	0.648193359375	0.0	2.0703125
06-Jul-2022 12:07:17.666	0.03662109375	0.555419921875	0.0	2.064208984375
06-Jul-2022 12:07:17.788	0.0384521484375	0.595703125	-0.001220703125	2.05810546875
06-Jul-2022 12:07:17.963	0.03662109375	0.592041015625	0.0	2.0556640625
06-Jul-2022 12:07:18.651	0.03662109375	0.567626953125	-0.001220703125	1.986083984375
06-Jul-2022 12:07:18.768	0.0360107421875	0.6298828125	0.0	1.983642578125
06-Jul-2022 12:07:18.961	0.035400390625	0.535888671875	0.0	1.956787109375
06-Jul-2022 12:07:19.660	0.0341796875	0.51513671875	0.0	1.900634765625
06-Jul-2022 12:07:19.768	0.0347900390625	0.50537109375	0.001220703125	1.8896484375
06-Jul-2022 12:07:19.966	0.0341796875	0.50048828125	-0.001220703125	1.86279296875
06-Jul-2022 12:07:20.661	0.03173828125	0.52978515625	-0.001220703125	1.790771484375
06-Jul-2022 12:07:20.771	0.03173828125	0.487060546875	0.0	1.741943359375
06-Jul-2022 12:07:20.970	0.03173828125	0.46142578125	0.0	1.727294921875
06-Jul-2022 12:07:21.663	0.032958984375	0.41015625	0.0	1.61376953125
06-Jul-2022 12:07:21.767	0.0299072265625	0.401611328125	0.001220703125	1.614990234375
06-Jul-2022 12:07:21.976	0.0299072265625	0.391845703125	0.0	1.56005859375
06-Jul-2022 12:07:22.660	0.028076171875	0.384521484375	-0.001220703125	1.4794921875
06-Jul-2022 12:07:22.769	0.02685546875	0.38330078125	0.0	1.46240234375
06-Jul-2022 12:07:22.974	0.028076171875	0.32958984375	-0.001220703125	1.396484375
06-Jul-2022 12:07:23.654	0.0244140625	0.233154296875	0.0	1.256103515625
06-Jul-2022 12:07:23.763	0.025634765625	0.311279296875	0.0	1.239013671875
06-Jul-2022 12:07:23.972	0.025634765625	0.247802734375	0.0	1.201171875
06-Jul-2022 12:07:24.666	0.0244140625	0.1953125	0.001220703125	1.09375
06-Jul-2022 12:07:24.766	0.0244140625	0.24658203125	0.0	1.075439453125
06-Jul-2022 12:07:24.977	0.02197265625	0.235595703125	-0.001220703125	0.9912109375
06-Jul-2022 12:07:25.664	0.020751953125	0.14892578125	0.001220703125	0.8203125
06-Jul-2022 12:07:25.763	0.0213623046875	0.159912109375	-0.001220703125	0.8447265625
06-Jul-2022 12:07:25.973	0.0225830078125	0.130615234375	-0.001220703125	0.767822265625
06-Jul-2022 12:07:26.663	0.0201416015625	0.115966796875	0.0	0.611572265625
06-Jul-2022 12:07:26.767	0.0201416015625	0.123291015625	0.0	0.611572265625
06-Jul-2022 12:07:26.976	0.0189208984375	0.101318359375	-0.001220703125	0.556640625
06-Jul-2022 12:07:27.660	0.0189208984375	0.054931640625	0.0	0.364990234375
06-Jul-2022 12:07:27.764	0.018310546875	0.069580078125	-0.001220703125	0.3271484375
06-Jul-2022 12:07:27.976	0.018310546875	0.05615234375	0.0	0.283203125
06-Jul-2022 12:07:28.661	0.0177001953125	0.048828125	0.0	0.128173828125
06-Jul-2022 12:07:28.764	0.018310546875	0.0390625	0.001220703125	0.10009765625
06-Jul-2022 12:07:28.979	0.020751953125	0.0146484375	0.0	0.032958984375
06-Jul-2022 12:07:29.651	0.018310546875	-0.003662109375	0.0	-0.101318359375
06-Jul-2022 12:07:29.763	0.018310546875	-0.01220703125	0.0	-0.128173828125
06-Jul-2022 12:07:29.972	0.018310546875	-0.0341796875	0.0	-0.186767578125
06-Jul-2022 12:07:30.652	0.018310546875	-0.0537109375	0.001220703125	-0.352783203125
06-Jul-2022 12:07:30.769	0.018310546875	-0.047607421875	0.0	-0.364990234375
06-Jul-2022 12:07:30.971	0.0164794921875	-0.023193359375	-0.001220703125	-0.418701171875
06-Jul-2022 12:07:31.659	0.01708984375	-0.0634765625	0.0	-0.58837890625
06-Jul-2022 12:07:31.768	0.01220703125	-0.068359375	-0.001220703125	-0.6298828125
06-Jul-2022 12:07:31.979	0.018310546875	-0.103759765625	-0.001220703125	-0.65185546875
06-Jul-2022 12:07:32.658	0.0164794921875	-0.11962890625	0.0	-0.833740234375
06-Jul-2022 12:07:32.766	0.015869140625	-0.128173828125	0.001220703125	-0.8203125
06-Jul-2022 12:07:32.985	0.015869140625	-0.172119140625	-0.001220703125	-0.8984375
06-Jul-2022 12:07:33.663	0.01708984375	-0.1953125	0.0	-1.016845703125
06-Jul-2022 12:07:33.764	0.0152587890625	-0.203857421875	0.0	-1.064453125
06-Jul-2022 12:07:33.976	0.01220703125	-0.1708984375	-0.001220703125	-1.077880859375
06-Jul-2022 12:07:34.665	0.0115966796875	-0.26123046875	0.0	-1.231689453125
06-Jul-2022 12:07:34.767	0.0146484375	-0.244140625	0.0	-1.2255859375
06-Jul-2022 12:07:34.983	0.01220703125	-0.277099609375	-0.001220703125	-1.295166015625
06-Jul-2022 12:07:35.658	0.0140380859375	-0.316162109375	0.0	-1.414794921875
06-Jul-2022 12:07:35.769	0.0115966796875	-0.345458984375	0.0	-1.4111328125
06-Jul-2022 12:07:35.980	0.0115966796875	-0.369873046875	0.0	-1.444091796875
06-Jul-2022 12:07:36.658	0.010986328125	-0.343017578125	0.0	-1.553955078125
06-Jul-2022 12:07:36.762	0.0103759765625	-0.4345703125	-0.001220703125	-1.563720703125
06-Jul-2022 12:07:36.985	0.01220703125	-0.386962890625	0.001220703125	-1.6064453125
06-Jul-2022 12:07:37.653	0.0103759765625	-0.4443359375	0.001220703125	-1.68212890625
06-Jul-2022 12:07:37.771	0.0103759765625	-0.4443359375	0.001220703125	-1.68212890625
06-Jul-2022 12:07:37.973	0.009765625	-0.491943359375	0.0	-1.734619140625
06-Jul-2022 12:07:38.652	0.0103759765625	-0.504150390625	0.0	-1.8017578125
06-Jul-2022 12:07:38.770	0.0091552734375	-0.4443359375	0.001220703125	-1.783447265625
06-Jul-2022 12:07:38.992	0.009765625	-0.521240234375	-0.001220703125	-1.827392578125
06-Jul-2022 12:07:39.662	0.0091552734375	-0.516357421875	0.001220703125	-1.875
06-Jul-2022 12:07:39.770	0.0091552734375	-0.5517578125	0.0	-1.89453125
06-Jul-2022 12:07:39.982	0.010986328125	-0.538330078125	0.0	-1.89697265625
06-Jul-2022 12:07:40.653	0.009765625	-0.506591796875	-0.001220703125	-1.93115234375
06-Jul-2022 12:07:40.768	0.0091552734375	-0.4345703125	0.0	-1.932373046875
06-Jul-2022 12:07:40.979	0.0091552734375	-0.562744140625	0.0	-1.939697265625
06-Jul-2022 12:07:41.652	0.0091552734375	-0.57373046875	0.001220703125	-1.939697265625
06-Jul-2022 12:07:41.770	0.008544921875	-0.55908203125	0.0	-1.93359375
06-Jul-2022 12:07:41.978	0.008544921875	-0.565185546875	0.0	-1.943359375
06-Jul-2022 12:07:42.659	0.013427734375	-0.56884765625	0.0	-1.939697265625
06-Jul-2022 12:07:42.768	0.008544921875	-0.595703125	0.0	-1.939697265625
06-Jul-2022 12:07:42.981	0.008544921875	-0.5322265625	0.0	-1.94091796875
06-Jul-2022 12:07:43.665	0.008544921875	-0.587158203125	0.001220703125	-1.91162109375
06-Jul-2022 12:07:43.768	0.008544921875	-0.504150390625	0.0	-1.922607421875
06-Jul-2022 12:07:43.975	0.008544921875	-0.523681640625	0.001220703125	-1.9189453125
06-Jul-2022 12:07:44.664	0.009765625	-0.5078125	0.0	-1.8603515625
06-Jul-2022 12:07:44.769	0.0079345703125	-0.430908203125	0.001220703125	-1.85546875
06-Jul-2022 12:07:44.976	0.009765625	-0.487060546875	0.001220703125	-1.829833984375
06-Jul-2022 12:07:45.666	0.0103759765625	-0.438232421875	0.0	-1.7724609375
06-Jul-2022 12:07:45.762	0.009765625	-0.42236328125	0.0	-1.751708984375
06-Jul-2022 12:07:45.985	0.010986328125	-0.460205078125	0.0	-1.73828125
06-Jul-2022 12:07:46.660	0.010986328125	-0.408935546875	0.001220703125	-1.639404296875
06-Jul-2022 12:07:46.767	0.0115966796875	-0.428466796875	0.0	-1.634521484375
06-Jul-2022 12:07:46.980	0.01220703125	-0.367431640625	0.0	-1.600341796875
06-Jul-2022 12:07:47.664	0.01220703125	-0.341796875	0.0	-1.52099609375
06-Jul-2022 12:07:47.765	0.013427734375	-0.39794921875	0.001220703125	-1.480712890625
06-Jul-2022 12:07:47.976	0.01220703125	-0.33935546875	0.0	-1.470947265625
06-Jul-2022 12:07:48.659	0.01220703125	-0.316162109375	0.0	-1.33056640625
06-Jul-2022 12:07:48.774	0.013427734375	-0.272216796875	0.0	-1.3232421875
06-Jul-2022 12:07:48.980	0.0140380859375	-0.289306640625	0.0	-1.29150390625
06-Jul-2022 12:07:49.665	0.0146484375	-0.277099609375	-0.001220703125	-1.16455078125
06-Jul-2022 12:07:49.772	0.0152587890625	-0.238037109375	0.0	-1.123046875
06-Jul-2022 12:07:49.984	0.0164794921875	-0.218505859375	0.0	-1.083984375
06-Jul-2022 12:07:50.666	0.0164794921875	-0.167236328125	0.0	-0.977783203125
06-Jul-2022 12:07:50.764	0.01708984375	-0.213623046875	0.0	-0.936279296875
06-Jul-2022 12:07:50.977	0.01708984375	-0.16845703125	-0.001220703125	-0.8935546875
06-Jul-2022 12:07:51.653	0.0177001953125	-0.09765625	0.001220703125	-0.755615234375
06-Jul-2022 12:07:51.770	0.01708984375	-0.15625	0.0	-0.7373046875
06-Jul-2022 12:07:51.979	0.01708984375	-0.115966796875	-0.001220703125	-0.672607421875
06-Jul-2022 12:07:52.664	0.01708984375	-0.05859375	0.001220703125	-0.5126953125
06-Jul-2022 12:07:52.766	0.0177001953125	-0.047607421875	0.0	-0.4833984375
06-Jul-2022 12:07:52.982	0.0164794921875	-0.042724609375	0.0	-0.421142578125
06-Jul-2022 12:07:53.652	0.0201416015625	-0.032958984375	0.001220703125	-0.2783203125
06-Jul-2022 12:07:53.766	0.0201416015625	-0.018310546875	0.001220703125	-0.240478515625
06-Jul-2022 12:07:53.985	0.018310546875	-0.02197265625	-0.001220703125	-0.21728515625
06-Jul-2022 12:07:54.664	0.01953125	0.023193359375	0.0	-0.035400390625
06-Jul-2022 12:07:54.763	0.018310546875	0.018310546875	0.0	-0.00244140625
06-Jul-2022 12:07:54.867	0.018310546875	0.018310546875	0.0	-0.00244140625
06-Jul-2022 12:07:54.975	0.018310546875	0.02685546875	0.0	0.069580078125
06-Jul-2022 12:07:55.665	0.0177001953125	0.087890625	0.0	0.201416015625
06-Jul-2022 12:07:55.768	0.0189208984375	0.068359375	0.0	0.223388671875
06-Jul-2022 12:07:55.924	0.018310546875	0.087890625	0.001220703125	0.257568359375
06-Jul-2022 12:07:55.981	0.01953125	0.06591796875	0.0	0.277099609375
06-Jul-2022 12:07:56.664	0.018310546875	0.1318359375	0.001220703125	0.440673828125
06-Jul-2022 12:07:56.770	0.01708984375	0.101318359375	-0.001220703125	0.46875
06-Jul-2022 12:07:56.922	0.01953125	0.076904296875	0.001220703125	0.489501953125
06-Jul-2022 12:07:56.990	0.0201416015625	0.115966796875	0.0	0.50537109375
06-Jul-2022 12:07:57.666	0.0213623046875	0.101318359375	0.0	0.6982421875
06-Jul-2022 12:07:57.774	0.023193359375	0.159912109375	0.0	0.694580078125
06-Jul-2022 12:07:57.936	0.020751953125	0.16845703125	0.0	0.73974609375
06-Jul-2022 12:07:57.984	0.02197265625	0.16845703125	-0.001220703125	0.750732421875
06-Jul-2022 12:07:58.659	0.02197265625	0.177001953125	0.001220703125	0.889892578125
06-Jul-2022 12:07:58.773	0.020751953125	0.15869140625	0.0	0.92041015625
06-Jul-2022 12:07:58.932	0.0225830078125	0.205078125	0.0	0.975341796875
06-Jul-2022 12:07:59.047	0.0213623046875	0.19775390625	0.0	0.982666015625
06-Jul-2022 12:07:59.657	0.023193359375	0.211181640625	0.0	1.141357421875
06-Jul-2022 12:07:59.772	0.023193359375	0.240478515625	0.0	1.16943359375
06-Jul-2022 12:07:59.937	0.0244140625	0.29296875	-0.001220703125	1.2060546875
06-Jul-2022 12:08:00.009	0.025634765625	0.263671875	0.0	1.195068359375
06-Jul-2022 12:08:00.659	0.02685546875	0.30029296875	0.001220703125	1.31591796875
06-Jul-2022 12:08:00.763	0.025634765625	0.335693359375	0.0	1.35498046875
06-Jul-2022 12:08:00.925	0.0274658203125	0.362548828125	-0.001220703125	1.383056640625
06-Jul-2022 12:08:01.014	0.02685546875	0.3662109375	-0.001220703125	1.373291015625
06-Jul-2022 12:08:01.665	0.0286865234375	0.35888671875	0.0	1.5234375
06-Jul-2022 12:08:01.764	0.0286865234375	0.379638671875	0.0	1.5185546875
06-Jul-2022 12:08:01.929	0.0299072265625	0.418701171875	0.001220703125	1.58203125
06-Jul-2022 12:08:02.010	0.030517578125	0.382080078125	0.001220703125	1.57958984375
06-Jul-2022 12:08:02.657	0.030517578125	0.458984375	-0.00244140625	1.689453125
06-Jul-2022 12:08:02.772	0.0311279296875	0.458984375	0.0	1.6796875
06-Jul-2022 12:08:02.924	0.0311279296875	0.45654296875	0.0	1.702880859375
06-Jul-2022 12:08:02.982	0.0311279296875	0.450439453125	0.0	1.710205078125
06-Jul-2022 12:08:03.656	0.0335693359375	0.5029296875	0.0	1.8115234375
06-Jul-2022 12:08:03.761	0.032958984375	0.489501953125	-0.001220703125	1.8310546875
06-Jul-2022 12:08:03.930	0.0341796875	0.537109375	0.0	1.834716796875
06-Jul-2022 12:08:04.012	0.0335693359375	0.548095703125	0.0	1.844482421875
06-Jul-2022 12:08:04.653	0.035400390625	0.531005859375	0.001220703125	1.922607421875
06-Jul-2022 12:08:04.770	0.035400390625	0.562744140625	0.0	1.93603515625
06-Jul-2022 12:08:04.931	0.0347900390625	0.595703125	-0.001220703125	1.9482421875
06-Jul-2022 12:08:05.018	0.03662109375	0.572509765625	-0.001220703125	1.954345703125
06-Jul-2022 12:08:05.661	0.03662109375	0.601806640625	0.0	2.00927734375
06-Jul-2022 12:08:05.764	0.0360107421875	0.631103515625	-0.001220703125	2.01171875
06-Jul-2022 12:08:05.925	0.0390625	0.594482421875	0.0	2.027587890625
06-Jul-2022 12:08:06.006	0.03662109375	0.65185546875	0.0	2.034912109375
06-Jul-2022 12:08:06.655	0.0384521484375	0.6591796875	0.0	2.06787109375
06-Jul-2022 12:08:06.766	0.0372314453125	0.57373046875	0.0	2.061767578125
06-Jul-2022 12:08:06.933	0.0384521484375	0.679931640625	0.0	2.069091796875
06-Jul-2022 12:08:06.975	0.0384521484375	0.660400390625	0.0	2.066650390625
06-Jul-2022 12:08:07.652	0.0372314453125	0.67138671875	-0.001220703125	2.07275390625
06-Jul-2022 12:08:07.768	0.0384521484375	0.61279296875	0.0	2.069091796875
06-Jul-2022 12:08:07.932	0.03662109375	0.631103515625	-0.001220703125	2.061767578125
06-Jul-2022 12:08:08.016	0.0396728515625	0.634765625	0.0	2.05810546875
06-Jul-2022 12:08:08.664	0.0384521484375	0.5859375	0.0	2.061767578125
06-Jul-2022 12:08:08.802	0.0372314453125	0.67138671875	-0.001220703125	2.061767578125
06-Jul-2022 12:08:08.930	0.0390625	0.623779296875	0.0	2.066650390625
06-Jul-2022 12:08:08.971	0.0372314453125	0.606689453125	0.0	2.0703125
06-Jul-2022 12:08:09.664	0.0360107421875	0.6689453125	0.0	2.066650390625
06-Jul-2022 12:08:09.767	0.0384521484375	0.61279296875	0.0	2.056884765625
06-Jul-2022 12:08:09.929	0.03662109375	0.550537109375	0.0	2.05810546875
06-Jul-2022 12:08:10.011	0.0372314453125	0.582275390625	-0.001220703125	2.044677734375
06-Jul-2022 12:08:10.663	0.0384521484375	0.572509765625	0.0	2.008056640625
06-Jul-2022 12:08:10.766	0.032958984375	0.579833984375	0.0	1.99951171875
06-Jul-2022 12:08:10.928	0.0384521484375	0.596923828125	0.001220703125	1.9677734375
06-Jul-2022 12:08:11.015	0.035400390625	0.6103515625	-0.001220703125	1.973876953125
06-Jul-2022 12:08:11.656	0.035400390625	0.5322265625	0.0	1.907958984375
06-Jul-2022 12:08:11.762	0.0341796875	0.491943359375	0.0	1.89453125
06-Jul-2022 12:08:11.927	0.0341796875	0.52734375	0.0	1.875
06-Jul-2022 12:08:12.013	0.0347900390625	0.51025390625	0.0	1.87255859375
06-Jul-2022 12:08:12.662	0.0323486328125	0.50048828125	0.0	1.802978515625
06-Jul-2022 12:08:12.768	0.0323486328125	0.50048828125	-0.001220703125	1.7822265625
06-Jul-2022 12:08:12.932	0.0323486328125	0.479736328125	-0.001220703125	1.75048828125
06-Jul-2022 12:08:13.017	0.0341796875	0.518798828125	0.001220703125	1.768798828125
06-Jul-2022 12:08:13.653	0.030517578125	0.416259765625	0.0	1.639404296875
06-Jul-2022 12:08:13.764	0.03173828125	0.416259765625	-0.001220703125	1.630859375
06-Jul-2022 12:08:13.932	0.0299072265625	0.43212890625	0.0	1.58935546875
06-Jul-2022 12:08:13.984	0.0299072265625	0.44921875	-0.001220703125	1.6015625
06-Jul-2022 12:08:14.653	0.0274658203125	0.384521484375	0.0	1.475830078125
06-Jul-2022 12:08:14.772	0.0274658203125	0.37109375	-0.001220703125	1.48681640625
06-Jul-2022 12:08:14.934	0.0262451171875	0.32470703125	0.0	1.448974609375
06-Jul-2022 12:08:15.019	0.025634765625	0.36865234375	0.0	1.448974609375
06-Jul-2022 12:08:15.652	0.0299072265625	0.257568359375	0.0	1.322021484375
06-Jul-2022 12:08:15.771	0.023193359375	0.29541015625	0.0	1.3037109375
06-Jul-2022 12:08:15.945	0.025634765625	0.272216796875	0.0	1.256103515625
06-Jul-2022 12:08:15.980	0.025634765625	0.269775390625	0.001220703125	1.2451171875
06-Jul-2022 12:08:16.662	0.0244140625	0.255126953125	0.0	1.099853515625
06-Jul-2022 12:08:16.765	0.023193359375	0.208740234375	0.001220703125	1.075439453125
06-Jul-2022 12:08:16.927	0.0225830078125	0.213623046875	-0.001220703125	1.033935546875
06-Jul-2022 12:08:17.011	0.0201416015625	0.194091796875	0.0	1.0595703125
06-Jul-2022 12:08:17.660	0.020751953125	0.185546875	0.0	0.877685546875
06-Jul-2022 12:08:17.771	0.020751953125	0.1708984375	0.0	0.867919921875
06-Jul-2022 12:08:17.934	0.0213623046875	0.166015625	0.0	0.849609375
06-Jul-2022 12:08:17.978	0.01953125	0.177001953125	0.0	0.8154296875
06-Jul-2022 12:08:18.665	0.020751953125	0.135498046875	0.0	0.662841796875
06-Jul-2022 12:08:18.774	0.0189208984375	0.098876953125	0.0	0.60546875
06-Jul-2022 12:08:18.922	0.0201416015625	0.086669921875	0.0	0.5810546875
06-Jul-2022 12:08:18.977	0.0201416015625	0.106201171875	-0.001220703125	0.59326171875
06-Jul-2022 12:08:19.652	0.0189208984375	0.081787109375	0.0	0.416259765625
06-Jul-2022 12:08:19.770	0.018310546875	0.0537109375	0.0	0.400390625
06-Jul-2022 12:08:19.924	0.0189208984375	0.08056640625	0.001220703125	0.37841796875
06-Jul-2022 12:08:19.979	0.0189208984375	0.079345703125	-0.001220703125	0.3466796875
06-Jul-2022 12:08:20.654	0.018310546875	0.048828125	0.001220703125	0.167236328125
06-Jul-2022 12:08:20.769	0.0286865234375	0.018310546875	0.001220703125	0.13427734375
06-Jul-2022 12:08:20.934	0.0177001953125	0.03662109375	0.0	0.101318359375
06-Jul-2022 12:08:21.014	0.018310546875	0.037841796875	0.0	0.09033203125
06-Jul-2022 12:08:21.658	0.018310546875	0.008544921875	0.0	-0.067138671875
06-Jul-2022 12:08:21.762	0.01708984375	-0.01953125	-0.001220703125	-0.08544921875
06-Jul-2022 12:08:21.922	0.0177001953125	-0.020751953125	-0.001220703125	-0.1318359375
06-Jul-2022 12:08:22.005	0.018310546875	-0.035400390625	-0.001220703125	-0.137939453125
06-Jul-2022 12:08:22.662	0.018310546875	-0.045166015625	0.0	-0.296630859375
06-Jul-2022 12:08:22.765	0.0177001953125	-0.062255859375	0.0	-0.34423828125
06-Jul-2022 12:08:22.925	0.015869140625	-0.057373046875	0.0	-0.379638671875
06-Jul-2022 12:08:23.012	0.01953125	-0.079345703125	0.0	-0.389404296875
06-Jul-2022 12:08:23.655	0.0177001953125	-0.06103515625	0.0	-0.535888671875
06-Jul-2022 12:08:23.763	0.01708984375	-0.064697265625	0.0	-0.557861328125
06-Jul-2022 12:08:23.934	0.0164794921875	-0.113525390625	0.0	-0.58837890625
06-Jul-2022 12:08:23.982	0.018310546875	-0.09521484375	0.001220703125	-0.604248046875
06-Jul-2022 12:08:24.655	0.01708984375	-0.123291015625	0.0	-0.78369140625
06-Jul-2022 12:08:24.763	0.015869140625	-0.1611328125	0.0	-0.81787109375
06-Jul-2022 12:08:24.926	0.0164794921875	-0.162353515625	-0.001220703125	-0.80810546875
06-Jul-2022 12:08:25.013	0.01708984375	-0.15380859375	0.0	-0.828857421875
06-Jul-2022 12:08:25.666	0.0164794921875	-0.194091796875	0.0	-0.997314453125
06-Jul-2022 12:08:25.767	0.015869140625	-0.181884765625	-0.001220703125	-0.989990234375
06-Jul-2022 12:08:25.930	0.013427734375	-0.213623046875	0.0	-1.06201171875
06-Jul-2022 12:08:25.972	0.01220703125	-0.230712890625	0.0	-1.07177734375
06-Jul-2022 12:08:26.660	0.0152587890625	-0.26123046875	0.0	-1.163330078125
06-Jul-2022 12:08:26.764	0.0152587890625	-0.230712890625	0.0	-1.19384765625
06-Jul-2022 12:08:26.933	0.0146484375	-0.240478515625	0.0	-1.220703125
06-Jul-2022 12:08:27.024	0.01708984375	-0.240478515625	0.001220703125	-1.251220703125
06-Jul-2022 12:08:27.658	0.013427734375	-0.29052734375	0.001220703125	-1.35498046875
06-Jul-2022 12:08:27.762	0.013427734375	-0.340576171875	0.0	-1.37451171875
06-Jul-2022 12:08:27.931	0.0140380859375	-0.335693359375	0.0	-1.400146484375
06-Jul-2022 12:08:27.972	0.013427734375	-0.308837890625	0.0	-1.40625
06-Jul-2022 12:08:28.664	0.01220703125	-0.3515625	-0.001220703125	-1.536865234375
06-Jul-2022 12:08:28.768	0.01220703125	-0.38330078125	0.0	-1.524658203125
06-Jul-2022 12:08:28.930	0.010986328125	-0.372314453125	0.001220703125	-1.571044921875
06-Jul-2022 12:08:28.980	0.01220703125	-0.364990234375	0.001220703125	-1.56005859375
06-Jul-2022 12:08:29.653	0.0079345703125	-0.418701171875	0.001220703125	-1.65771484375
06-Jul-2022 12:08:29.771	0.0103759765625	-0.455322265625	0.0	-1.66259765625
06-Jul-2022 12:08:29.930	0.009765625	-0.450439453125	0.0	-1.700439453125
06-Jul-2022 12:08:29.977	0.009765625	-0.4296875	0.0	-1.70654296875
06-Jul-2022 12:08:30.652	0.009765625	-0.474853515625	0.0	-1.77734375
06-Jul-2022 12:08:30.766	0.009765625	-0.479736328125	0.001220703125	-1.788330078125
06-Jul-2022 12:08:30.930	0.0091552734375	-0.511474609375	0.0	-1.805419921875
06-Jul-2022 12:08:31.010	0.0079345703125	-0.56640625	0.0	-1.81640625
06-Jul-2022 12:08:31.651	0.0091552734375	-0.513916015625	0.001220703125	-1.859130859375
06-Jul-2022 12:08:31.771	0.0091552734375	-0.545654296875	0.0	-1.868896484375
06-Jul-2022 12:08:31.936	0.0091552734375	-0.552978515625	-0.001220703125	-1.86767578125
06-Jul-2022 12:08:31.974	0.0091552734375	-0.498046875	0.0	-1.883544921875
06-Jul-2022 12:08:32.656	0.0091552734375	-0.52734375	0.0	-1.905517578125
06-Jul-2022 12:08:32.771	0.010986328125	-0.462646484375	0.001220703125	-1.8994140625
06-Jul-2022 12:08:32.926	0.008544921875	-0.531005859375	0.0	-1.93603515625
06-Jul-2022 12:08:32.981	0.0079345703125	-0.572509765625	-0.001220703125	-1.905517578125
06-Jul-2022 12:08:33.665	0.009765625	-0.52001953125	0.001220703125	-1.942138671875
06-Jul-2022 12:08:33.766	0.008544921875	-0.516357421875	0.001220703125	-1.939697265625
06-Jul-2022 12:08:33.929	0.0091552734375	-0.52490234375	0.0	-1.942138671875
06-Jul-2022 12:08:33.983	0.0103759765625	-0.521240234375	0.0	-1.94091796875
06-Jul-2022 12:08:34.651	0.008544921875	-0.5029296875	0.001220703125	-1.949462890625
06-Jul-2022 12:08:34.770	0.0091552734375	-0.516357421875	0.0	-1.900634765625
06-Jul-2022 12:08:34.921	0.0103759765625	-0.55419921875	0.0	-1.9384765625
06-Jul-2022 12:08:34.980	0.009765625	-0.53955078125	-0.001220703125	-1.93115234375
06-Jul-2022 12:08:35.661	0.0079345703125	-0.4443359375	0.0	-1.93603515625
06-Jul-2022 12:08:35.764	0.0079345703125	-0.47119140625	0.0	-1.934814453125
06-Jul-2022 12:08:35.925	0.0091552734375	-0.430908203125	0.001220703125	-1.88720703125
06-Jul-2022 12:08:35.980	0.009765625	-0.45166015625	0.0	-1.90185546875
06-Jul-2022 12:08:36.662	0.009765625	-0.43701171875	0.0	-1.856689453125
06-Jul-2022 12:08:36.770	0.009765625	-0.4931640625	0.0	-1.861572265625
06-Jul-2022 12:08:36.933	0.010986328125	-0.43212890625	0.001220703125	-1.84814453125
06-Jul-2022 12:08:37.048	0.0103759765625	-0.533447265625	0.001220703125	-1.854248046875
06-Jul-2022 12:08:37.665	0.010986328125	-0.391845703125	0.0	-1.7822265625
06-Jul-2022 12:08:37.770	0.0103759765625	-0.445556640625	0.0	-1.78466796875
06-Jul-2022 12:08:37.929	0.0103759765625	-0.408935546875	0.001220703125	-1.76025390625
06-Jul-2022 12:08:38.014	0.0091552734375	-0.39794921875	0.0	-1.751708984375
06-Jul-2022 12:08:38.663	0.010986328125	-0.379638671875	0.0	-1.656494140625
06-Jul-2022 12:08:38.768	0.01220703125	-0.379638671875	-0.001220703125	-1.641845703125
06-Jul-2022 12:08:38.928	0.013427734375	-0.430908203125	0.0	-1.650390625
06-Jul-2022 12:08:38.972	0.008544921875	-0.367431640625	0.0	-1.641845703125
06-Jul-2022 12:08:39.653	0.010986328125	-0.3369140625	-0.001220703125	-1.52099609375
06-Jul-2022 12:08:39.768	0.01220703125	-0.380859375	0.0	-1.539306640625
06-Jul-2022 12:08:39.931	0.01220703125	-0.345458984375	0.0	-1.512451171875
06-Jul-2022 12:08:39.979	0.013427734375	-0.35888671875	0.0	-1.4990234375
06-Jul-2022 12:08:40.658	0.01220703125	-0.269775390625	0.0	-1.35009765625
06-Jul-2022 12:08:40.764	0.01220703125	-0.29052734375	0.0	-1.32568359375
06-Jul-2022 12:08:40.926	0.0152587890625	-0.25146484375	0.0	-1.35498046875
06-Jul-2022 12:08:40.981	0.0146484375	-0.27099609375	0.0	-1.302490234375
06-Jul-2022 12:08:41.663	0.0146484375	-0.2587890625	0.0	-1.1767578125
06-Jul-2022 12:08:41.770	0.0152587890625	-0.23193359375	0.0	-1.187744140625
06-Jul-2022 12:08:41.931	0.015869140625	-0.220947265625	0.001220703125	-1.13525390625
06-Jul-2022 12:08:42.057	0.015869140625	-0.208740234375	0.0	-1.13037109375
06-Jul-2022 12:08:42.663	0.015869140625	-0.198974609375	0.0	-0.980224609375
06-Jul-2022 12:08:42.773	0.0164794921875	-0.205078125	0.0	-1.0107421875
06-Jul-2022 12:08:42.922	0.0164794921875	-0.140380859375	0.0	-0.95703125
06-Jul-2022 12:08:42.983	0.01708984375	-0.162353515625	0.0	-0.928955078125
06-Jul-2022 12:08:43.651	0.0177001953125	-0.14404296875	0.001220703125	-0.80322265625
06-Jul-2022 12:08:43.767	0.0177001953125	-0.09521484375	0.0	-0.7421875
06-Jul-2022 12:08:43.929	0.013427734375	-0.067138671875	0.001220703125	-0.732421875
06-Jul-2022 12:08:43.977	0.0177001953125	-0.093994140625	0.0	-0.699462890625
06-Jul-2022 12:08:44.654	0.013427734375	-0.07080078125	0.0	-0.55908203125
06-Jul-2022 12:08:44.776	0.018310546875	-0.048828125	-0.001220703125	-0.535888671875
06-Jul-2022 12:08:44.923	0.018310546875	-0.05859375	0.0	-0.474853515625
06-Jul-2022 12:08:44.981	0.018310546875	-0.0439453125	0.0	-0.499267578125
06-Jul-2022 12:08:45.657	0.0189208984375	-0.0390625	0.0	-0.32470703125
06-Jul-2022 12:08:45.763	0.018310546875	-0.035400390625	0.0	-0.302734375
06-Jul-2022 12:08:45.937	0.018310546875	-0.006103515625	0.0	-0.267333984375
06-Jul-2022 12:08:46.021	0.0189208984375	-0.0244140625	0.0	-0.255126953125
06-Jul-2022 12:08:46.661	0.0189208984375	0.01953125	0.0	-0.0634765625
06-Jul-2022 12:08:46.765	0.0189208984375	-0.018310546875	0.0	-0.064697265625
06-Jul-2022 12:08:46.927	0.01708984375	0.013427734375	-0.001220703125	-0.00244140625
06-Jul-2022 12:08:47.011	0.0201416015625	0.013427734375	0.0	-0.009765625
06-Jul-2022 12:08:47.042	0.0201416015625	0.013427734375	0.0	-0.009765625
06-Jul-2022 12:08:47.664	0.018310546875	0.067138671875	0.0	0.169677734375
06-Jul-2022 12:08:47.762	0.0164794921875	0.064697265625	0.0	0.17333984375
06-Jul-2022 12:08:47.939	0.018310546875	0.06591796875	0.0	0.220947265625
06-Jul-2022 12:08:47.987	0.020751953125	0.0634765625	-0.001220703125	0.22216796875
06-Jul-2022 12:08:48.095	0.0189208984375	0.072021484375	0.0	0.269775390625
06-Jul-2022 12:08:48.665	0.018310546875	0.098876953125	0.0	0.386962890625
06-Jul-2022 12:08:48.766	0.01953125	0.079345703125	0.0	0.430908203125
06-Jul-2022 12:08:48.929	0.020751953125	0.069580078125	0.0	0.4443359375
06-Jul-2022 12:08:48.985	0.0189208984375	0.078125	0.0	0.472412109375
06-Jul-2022 12:08:49.091	0.0177001953125	0.10498046875	-0.001220703125	0.50048828125
06-Jul-2022 12:08:49.663	0.018310546875	0.152587890625	0.0	0.655517578125
06-Jul-2022 12:08:49.772	0.0201416015625	0.155029296875	0.0	0.66650390625
06-Jul-2022 12:08:49.922	0.020751953125	0.135498046875	-0.001220703125	0.72509765625
06-Jul-2022 12:08:49.980	0.020751953125	0.135498046875	-0.001220703125	0.72509765625
06-Jul-2022 12:08:50.086	0.020751953125	0.145263671875	0.001220703125	0.72509765625
06-Jul-2022 12:08:50.661	0.02197265625	0.191650390625	0.001220703125	0.865478515625
06-Jul-2022 12:08:50.764	0.02197265625	0.15380859375	0.0	0.8935546875
06-Jul-2022 12:08:50.936	0.020751953125	0.201416015625	-0.001220703125	0.914306640625
06-Jul-2022 12:08:51.014	0.0225830078125	0.19287109375	0.0	0.91552734375
06-Jul-2022 12:08:51.095	0.0225830078125	0.245361328125	0.0	0.95458984375
06-Jul-2022 12:08:51.663	0.023193359375	0.245361328125	0.0	1.109619140625
06-Jul-2022 12:08:51.772	0.023193359375	0.26123046875	-0.001220703125	1.090087890625
06-Jul-2022 12:08:51.929	0.0244140625	0.25390625	0.0	1.143798828125
06-Jul-2022 12:08:51.981	0.0244140625	0.30029296875	0.0	1.14501953125
06-Jul-2022 12:08:52.085	0.0244140625	0.283203125	-0.001220703125	1.1669921875
06-Jul-2022 12:08:52.651	0.0262451171875	0.2880859375	0.0	1.302490234375
06-Jul-2022 12:08:52.764	0.0274658203125	0.29541015625	0.0	1.30615234375
06-Jul-2022 12:08:52.929	0.02685546875	0.306396484375	0.0	1.36962890625
06-Jul-2022 12:08:53.008	0.028076171875	0.3369140625	-0.001220703125	1.36962890625
06-Jul-2022 12:08:53.084	0.028076171875	0.3369140625	-0.001220703125	1.36962890625
06-Jul-2022 12:08:53.653	0.0274658203125	0.4150390625	0.0	1.463623046875
06-Jul-2022 12:08:53.763	0.0286865234375	0.377197265625	0.0	1.51123046875
06-Jul-2022 12:08:53.926	0.029296875	0.36865234375	-0.001220703125	1.519775390625
06-Jul-2022 12:08:53.977	0.0286865234375	0.40283203125	0.0	1.541748046875
06-Jul-2022 12:08:54.088	0.029296875	0.40771484375	0.0	1.546630859375
06-Jul-2022 12:08:54.652	0.030517578125	0.462646484375	-0.001220703125	1.6357421875
06-Jul-2022 12:08:54.775	0.032958984375	0.46142578125	0.0	1.6748046875
06-Jul-2022 12:08:54.931	0.0311279296875	0.513916015625	0.0	1.69921875
06-Jul-2022 12:08:55.026	0.0299072265625	0.44677734375	0.0	1.700439453125
06-Jul-2022 12:08:55.088	0.0323486328125	0.504150390625	0.0	1.693115234375
06-Jul-2022 12:08:55.664	0.032958984375	0.49560546875	0.0	1.78955078125
06-Jul-2022 12:08:55.763	0.032958984375	0.5419921875	0.0	1.810302734375
06-Jul-2022 12:08:56.091	0.0335693359375	0.523681640625	0.0	1.795654296875
06-Jul-2022 12:08:56.123	0.0335693359375	0.523681640625	0.0	1.795654296875
06-Jul-2022 12:08:56.166	0.0335693359375	0.523681640625	0.0	1.795654296875
06-Jul-2022 12:08:56.654	0.0390625	0.606689453125	-0.001220703125	1.900634765625
06-Jul-2022 12:08:56.781	0.0384521484375	0.5810546875	0.0	1.904296875
06-Jul-2022 12:08:56.930	0.0360107421875	0.56640625	-0.001220703125	1.9189453125
06-Jul-2022 12:08:56.984	0.0347900390625	0.601806640625	0.0	1.920166015625
06-Jul-2022 12:08:57.085	0.0360107421875	0.63232421875	0.001220703125	1.951904296875
06-Jul-2022 12:08:57.664	0.0360107421875	0.65185546875	0.0	1.993408203125
06-Jul-2022 12:08:57.766	0.0372314453125	0.61767578125	-0.001220703125	2.008056640625
06-Jul-2022 12:08:57.934	0.0372314453125	0.59814453125	0.0	2.01416015625
06-Jul-2022 12:08:57.973	0.0384521484375	0.643310546875	0.0	2.00927734375
06-Jul-2022 12:08:58.081	0.0360107421875	0.692138671875	0.0	2.021484375
06-Jul-2022 12:08:58.652	0.0372314453125	0.667724609375	0.0	2.064208984375
06-Jul-2022 12:08:58.772	0.03662109375	0.621337890625	-0.001220703125	2.05078125
06-Jul-2022 12:08:58.931	0.0384521484375	0.660400390625	0.0	2.066650390625
06-Jul-2022 12:08:58.978	0.0372314453125	0.6689453125	-0.001220703125	2.064208984375
06-Jul-2022 12:08:59.082	0.0396728515625	0.70068359375	0.0	2.064208984375
06-Jul-2022 12:08:59.653	0.0384521484375	0.650634765625	0.001220703125	2.0703125
06-Jul-2022 12:08:59.761	0.0390625	0.684814453125	0.0	2.06787109375
06-Jul-2022 12:08:59.924	0.0390625	0.701904296875	-0.001220703125	2.064208984375
06-Jul-2022 12:09:00.010	0.03662109375	0.604248046875	0.0	2.06787109375
06-Jul-2022 12:09:00.083	0.0390625	0.694580078125	0.0	2.069091796875
06-Jul-2022 12:09:00.651	0.0384521484375	0.69091796875	0.0	2.060546875
06-Jul-2022 12:09:00.789	0.0384521484375	0.69091796875	0.0	2.060546875
06-Jul-2022 12:09:00.921	0.0390625	0.625	0.0	2.059326171875
06-Jul-2022 12:09:00.976	0.0384521484375	0.6689453125	0.0	2.06787109375
06-Jul-2022 12:09:01.101	0.0384521484375	0.70556640625	0.0	2.060546875
06-Jul-2022 12:09:01.655	0.0360107421875	0.670166015625	0.0	2.06298828125
06-Jul-2022 12:09:01.764	0.03662109375	0.60302734375	-0.001220703125	2.04833984375
06-Jul-2022 12:09:01.926	0.0372314453125	0.599365234375	-0.001220703125	2.064208984375
06-Jul-2022 12:09:01.998	0.0384521484375	0.65185546875	-0.001220703125	2.073974609375
06-Jul-2022 12:09:02.089	0.0372314453125	0.65185546875	0.0	2.027587890625
06-Jul-2022 12:09:02.655	0.03662109375	0.634765625	-0.001220703125	2.010498046875
06-Jul-2022 12:09:02.763	0.0341796875	0.616455078125	0.001220703125	2.0068359375
06-Jul-2022 12:09:02.935	0.03662109375	0.63720703125	-0.001220703125	1.988525390625
06-Jul-2022 12:09:02.976	0.0360107421875	0.560302734375	0.0	1.988525390625
06-Jul-2022 12:09:03.084	0.040283203125	0.61279296875	-0.001220703125	1.982421875
06-Jul-2022 12:09:03.659	0.035400390625	0.595703125	0.0	1.923828125
06-Jul-2022 12:09:03.765	0.035400390625	0.58837890625	0.0	1.915283203125
06-Jul-2022 12:09:03.925	0.0347900390625	0.565185546875	0.0	1.904296875
06-Jul-2022 12:09:03.983	0.0323486328125	0.543212890625	-0.001220703125	1.898193359375
06-Jul-2022 12:09:04.089	0.0347900390625	0.5908203125	0.0	1.873779296875
06-Jul-2022 12:09:04.658	0.032958984375	0.52978515625	0.0	1.827392578125
06-Jul-2022 12:09:04.761	0.0323486328125	0.555419921875	0.0	1.817626953125
06-Jul-2022 12:09:04.922	0.0323486328125	0.50048828125	0.0	1.78466796875
06-Jul-2022 12:09:05.005	0.0323486328125	0.51025390625	0.0	1.787109375
06-Jul-2022 12:09:05.094	0.0323486328125	0.44189453125	0.0	1.766357421875
06-Jul-2022 12:09:05.656	0.030517578125	0.450439453125	0.0	1.676025390625
06-Jul-2022 12:09:05.767	0.025634765625	0.45654296875	0.0	1.671142578125
06-Jul-2022 12:09:05.937	0.030517578125	0.43212890625	0.0	1.64794921875
06-Jul-2022 12:09:06.001	0.030517578125	0.41015625	0.0	1.650390625
06-Jul-2022 12:09:06.093	0.030517578125	0.445556640625	0.0	1.614990234375
06-Jul-2022 12:09:06.658	0.029296875	0.386962890625	-0.001220703125	1.539306640625
06-Jul-2022 12:09:06.765	0.02685546875	0.380859375	0.0	1.494140625
06-Jul-2022 12:09:06.926	0.030517578125	0.38330078125	0.0	1.492919921875
06-Jul-2022 12:09:06.979	0.029296875	0.3955078125	0.0	1.4794921875
06-Jul-2022 12:09:07.087	0.02685546875	0.390625	0.0	1.446533203125
06-Jul-2022 12:09:07.658	0.0262451171875	0.357666015625	0.0	1.324462890625
06-Jul-2022 12:09:07.768	0.025634765625	0.296630859375	0.0	1.329345703125
06-Jul-2022 12:09:07.924	0.025634765625	0.26123046875	0.0	1.287841796875
06-Jul-2022 12:09:07.973	0.0250244140625	0.284423828125	0.0	1.280517578125
06-Jul-2022 12:09:08.096	0.0250244140625	0.301513671875	0.0	1.280517578125
06-Jul-2022 12:09:08.660	0.023193359375	0.235595703125	-0.001220703125	1.11572265625
06-Jul-2022 12:09:08.772	0.0225830078125	0.2392578125	0.0	1.102294921875
06-Jul-2022 12:09:08.923	0.0238037109375	0.218505859375	0.0	1.097412109375
06-Jul-2022 12:09:08.974	0.0244140625	0.22216796875	0.0	1.068115234375
06-Jul-2022 12:09:09.083	0.023193359375	0.224609375	0.0	1.06689453125
06-Jul-2022 12:09:09.655	0.0225830078125	0.198974609375	-0.001220703125	0.911865234375
06-Jul-2022 12:09:09.766	0.02197265625	0.1806640625	0.0	0.906982421875
06-Jul-2022 12:09:09.933	0.020751953125	0.186767578125	-0.001220703125	0.882568359375
06-Jul-2022 12:09:09.978	0.0225830078125	0.1904296875	0.0	0.849609375
06-Jul-2022 12:09:10.086	0.020751953125	0.137939453125	0.0	0.838623046875
06-Jul-2022 12:09:10.665	0.020751953125	0.12451171875	0.0	0.673828125
06-Jul-2022 12:09:10.770	0.0201416015625	0.12451171875	0.0	0.650634765625
06-Jul-2022 12:09:10.922	0.0177001953125	0.120849609375	0.0	0.60791015625
06-Jul-2022 12:09:10.979	0.01953125	0.106201171875	0.001220703125	0.61767578125
06-Jul-2022 12:09:11.082	0.01953125	0.12939453125	0.0	0.5810546875
06-Jul-2022 12:09:11.657	0.02197265625	0.078125	-0.001220703125	0.44677734375
06-Jul-2022 12:09:11.769	0.020751953125	0.06591796875	0.001220703125	0.42236328125
06-Jul-2022 12:09:11.923	0.018310546875	0.076904296875	0.001220703125	0.3955078125
06-Jul-2022 12:09:11.986	0.018310546875	0.076904296875	0.001220703125	0.3955078125
06-Jul-2022 12:09:12.083	0.0189208984375	0.05126953125	0.0	0.343017578125
06-Jul-2022 12:09:12.663	0.018310546875	0.062255859375	0.0	0.208740234375
06-Jul-2022 12:09:12.775	0.01953125	0.05859375	0.0	0.174560546875
06-Jul-2022 12:09:12.935	0.0189208984375	0.04638671875	0.0	0.140380859375
06-Jul-2022 12:09:12.983	0.018310546875	0.05615234375	-0.001220703125	0.137939453125
06-Jul-2022 12:09:13.094	0.018310546875	0.042724609375	0.0	0.101318359375
06-Jul-2022 12:09:13.655	0.018310546875	-0.0048828125	-0.001220703125	-0.030517578125
06-Jul-2022 12:09:13.776	0.018310546875	-0.001220703125	0.0	-0.052490234375
06-Jul-2022 12:09:13.926	0.01953125	-0.00244140625	0.0	-0.0927734375
06-Jul-2022 12:09:13.984	0.018310546875	-0.008544921875	0.001220703125	-0.10009765625
06-Jul-2022 12:09:14.086	0.0177001953125	-0.006103515625	0.001220703125	-0.135498046875
06-Jul-2022 12:09:14.656	0.0164794921875	-0.04150390625	0.0	-0.277099609375
06-Jul-2022 12:09:14.773	0.0189208984375	-0.0439453125	0.0	-0.2880859375
06-Jul-2022 12:09:14.932	0.01708984375	-0.0439453125	0.0	-0.350341796875
06-Jul-2022 12:09:14.973	0.0201416015625	-0.0439453125	0.0	-0.33447265625
06-Jul-2022 12:09:15.093	0.018310546875	-0.0390625	0.0	-0.3515625
06-Jul-2022 12:09:15.662	0.018310546875	-0.078125	0.0	-0.498046875
06-Jul-2022 12:09:15.765	0.0177001953125	-0.089111328125	0.0	-0.523681640625
06-Jul-2022 12:09:15.933	0.018310546875	-0.081787109375	0.0	-0.556640625
06-Jul-2022 12:09:16.041	0.01953125	-0.101318359375	0.001220703125	-0.55419921875
06-Jul-2022 12:09:16.095	0.01953125	-0.101318359375	0.001220703125	-0.55419921875
06-Jul-2022 12:09:16.656	0.0201416015625	-0.1318359375	0.001220703125	-0.72509765625
06-Jul-2022 12:09:16.769	0.01708984375	-0.157470703125	0.0	-0.762939453125
06-Jul-2022 12:09:16.924	0.01708984375	-0.15380859375	0.0	-0.792236328125
06-Jul-2022 12:09:16.982	0.0164794921875	-0.14404296875	0.001220703125	-0.7958984375
06-Jul-2022 12:09:17.089	0.0164794921875	-0.137939453125	0.0	-0.83251953125
06-Jul-2022 12:09:17.658	0.015869140625	-0.172119140625	-0.001220703125	-0.95947265625
06-Jul-2022 12:09:17.762	0.015869140625	-0.203857421875	0.0	-0.9814453125
06-Jul-2022 12:09:17.936	0.015869140625	-0.2001953125	-0.001220703125	-0.99853515625
06-Jul-2022 12:09:18.005	0.0177001953125	-0.1708984375	-0.001220703125	-1.043701171875
06-Jul-2022 12:09:18.096	0.015869140625	-0.184326171875	0.001220703125	-1.041259765625
06-Jul-2022 12:09:18.665	0.0146484375	-0.277099609375	0.0	-1.175537109375
06-Jul-2022 12:09:18.768	0.0152587890625	-0.25146484375	0.0	-1.168212890625
06-Jul-2022 12:09:18.922	0.0152587890625	-0.267333984375	0.0	-1.20849609375
06-Jul-2022 12:09:19.063	0.0152587890625	-0.267333984375	0.0	-1.20849609375
06-Jul-2022 12:09:19.097	0.0152587890625	-0.267333984375	0.0	-1.20849609375
06-Jul-2022 12:09:19.662	0.0146484375	-0.30517578125	0.0	-1.331787109375
06-Jul-2022 12:09:19.774	0.013427734375	-0.29052734375	0.0	-1.356201171875
06-Jul-2022 12:09:19.928	0.0140380859375	-0.28564453125	0.001220703125	-1.3916015625
06-Jul-2022 12:09:19.983	0.013427734375	-0.299072265625	0.001220703125	-1.387939453125
06-Jul-2022 12:09:20.095	0.013427734375	-0.299072265625	-0.001220703125	-1.40869140625
06-Jul-2022 12:09:20.653	0.013427734375	-0.364990234375	-0.001220703125	-1.494140625
06-Jul-2022 12:09:20.762	0.013427734375	-0.37109375	0.0	-1.524658203125
06-Jul-2022 12:09:20.934	0.01220703125	-0.394287109375	0.0	-1.5478515625
06-Jul-2022 12:09:21.012	0.0115966796875	-0.380859375	0.001220703125	-1.539306640625
06-Jul-2022 12:09:21.086	0.0152587890625	-0.394287109375	0.001220703125	-1.573486328125
06-Jul-2022 12:09:21.659	0.009765625	-0.440673828125	0.001220703125	-1.65283203125
06-Jul-2022 12:09:21.771	0.010986328125	-0.439453125	0.0	-1.644287109375
06-Jul-2022 12:09:21.936	0.010986328125	-0.400390625	-0.001220703125	-1.671142578125
06-Jul-2022 12:09:21.984	0.0103759765625	-0.49072265625	0.001220703125	-1.671142578125
06-Jul-2022 12:09:22.091	0.010986328125	-0.439453125	0.0	-1.688232421875
06-Jul-2022 12:09:22.652	0.0103759765625	-0.499267578125	0.0	-1.763916015625
06-Jul-2022 12:09:22.766	0.00732421875	-0.484619140625	0.0	-1.768798828125
06-Jul-2022 12:09:22.932	0.0091552734375	-0.498046875	0.0	-1.785888671875
06-Jul-2022 12:09:23.013	0.009765625	-0.535888671875	0.0	-1.79931640625
06-Jul-2022 12:09:23.083	0.008544921875	-0.496826171875	0.001220703125	-1.796875
06-Jul-2022 12:09:23.658	0.0103759765625	-0.601806640625	0.001220703125	-1.851806640625
06-Jul-2022 12:09:23.771	0.008544921875	-0.555419921875	0.0	-1.859130859375
06-Jul-2022 12:09:23.930	0.0091552734375	-0.555419921875	0.0	-1.8701171875
06-Jul-2022 12:09:23.985	0.009765625	-0.491943359375	0.0	-1.8701171875
06-Jul-2022 12:09:24.090	0.008544921875	-0.550537109375	0.0	-1.8896484375
06-Jul-2022 12:09:24.660	0.0091552734375	-0.60546875	0.001220703125	-1.9091796875
06-Jul-2022 12:09:24.766	0.008544921875	-0.584716796875	0.0	-1.900634765625
06-Jul-2022 12:09:24.922	0.0091552734375	-0.595703125	-0.001220703125	-1.90673828125
06-Jul-2022 12:09:24.981	0.008544921875	-0.55908203125	0.001220703125	-1.91650390625
06-Jul-2022 12:09:25.081	0.0079345703125	-0.55419921875	0.001220703125	-1.939697265625
06-Jul-2022 12:09:25.657	0.008544921875	-0.53955078125	0.0	-1.939697265625
06-Jul-2022 12:09:25.776	0.0091552734375	-0.543212890625	0.001220703125	-1.942138671875
06-Jul-2022 12:09:25.936	0.00732421875	-0.565185546875	-0.001220703125	-1.939697265625
06-Jul-2022 12:09:26.030	0.0079345703125	-0.54931640625	0.0	-1.939697265625
06-Jul-2022 12:09:26.082	0.0079345703125	-0.54931640625	0.0	-1.939697265625
06-Jul-2022 12:09:26.665	0.008544921875	-0.601806640625	0.0	-1.939697265625
06-Jul-2022 12:09:26.850	0.0091552734375	-0.53466796875	0.0	-1.939697265625
06-Jul-2022 12:09:26.942	0.0091552734375	-0.53466796875	0.0	-1.939697265625
06-Jul-2022 12:09:26.999	0.0091552734375	-0.53466796875	0.0	-1.939697265625
06-Jul-2022 12:09:27.097	0.0091552734375	-0.5712890625	0.0	-1.942138671875
06-Jul-2022 12:09:27.657	0.0079345703125	-0.604248046875	0.0	-1.90185546875
06-Jul-2022 12:09:27.767	0.0079345703125	-0.58349609375	0.0	-1.934814453125
06-Jul-2022 12:09:27.935	0.0067138671875	-0.5322265625	0.0	-1.937255859375
06-Jul-2022 12:09:28.063	0.009765625	-0.44189453125	0.0	-1.8994140625
06-Jul-2022 12:09:28.136	0.009765625	-0.44189453125	0.0	-1.8994140625
06-Jul-2022 12:09:28.665	0.0091552734375	-0.53466796875	-0.001220703125	-1.873779296875
06-Jul-2022 12:09:28.773	0.009765625	-0.5419921875	0.0	-1.875
06-Jul-2022 12:09:28.934	0.0091552734375	-0.518798828125	0.001220703125	-1.8603515625
06-Jul-2022 12:09:28.993	0.009765625	-0.477294921875	0.0	-1.851806640625
06-Jul-2022 12:09:29.149	0.009765625	-0.477294921875	0.0	-1.851806640625
06-Jul-2022 12:09:29.659	0.0103759765625	-0.523681640625	0.0	-1.806640625
06-Jul-2022 12:09:29.769	0.010986328125	-0.506591796875	0.0	-1.79931640625
06-Jul-2022 12:09:29.929	0.0067138671875	-0.428466796875	0.0	-1.77978515625
06-Jul-2022 12:09:29.992	0.009765625	-0.428466796875	0.0	-1.77978515625
06-Jul-2022 12:09:30.088	0.0103759765625	-0.416259765625	0.0	-1.7529296875
06-Jul-2022 12:09:30.657	0.010986328125	-0.4345703125	0.0	-1.700439453125
06-Jul-2022 12:09:30.775	0.010986328125	-0.4443359375	0.0	-1.6748046875
06-Jul-2022 12:09:30.936	0.0103759765625	-0.435791015625	0.0	-1.65283203125
06-Jul-2022 12:09:31.022	0.009765625	-0.40283203125	-0.001220703125	-1.666259765625
06-Jul-2022 12:09:31.085	0.009765625	-0.40283203125	-0.001220703125	-1.666259765625
06-Jul-2022 12:09:31.654	0.0115966796875	-0.396728515625	0.0	-1.563720703125
06-Jul-2022 12:09:31.791	0.0115966796875	-0.396728515625	0.0	-1.563720703125
06-Jul-2022 12:09:31.928	0.0140380859375	-0.37841796875	0.0	-1.536865234375
06-Jul-2022 12:09:31.994	0.013427734375	-0.341796875	-0.001220703125	-1.52099609375
06-Jul-2022 12:09:32.093	0.013427734375	-0.384521484375	0.0	-1.48681640625
06-Jul-2022 12:09:32.665	0.0177001953125	-0.308837890625	-0.001220703125	-1.405029296875
06-Jul-2022 12:09:32.897	0.013427734375	-0.33447265625	-0.001220703125	-1.40625
06-Jul-2022 12:09:32.950	0.013427734375	-0.33447265625	-0.001220703125	-1.40625
06-Jul-2022 12:09:33.050	0.013427734375	-0.33447265625	-0.001220703125	-1.40625
06-Jul-2022 12:09:33.104	0.013427734375	-0.33447265625	-0.001220703125	-1.40625
06-Jul-2022 12:09:33.652	0.0146484375	-0.28076171875	0.001220703125	-1.21826171875
06-Jul-2022 12:09:33.777	0.0146484375	-0.28076171875	0.001220703125	-1.21826171875
06-Jul-2022 12:09:33.923	0.0177001953125	-0.2587890625	0.0	-1.16943359375
06-Jul-2022 12:09:33.982	0.0152587890625	-0.247802734375	-0.001220703125	-1.18896484375
06-Jul-2022 12:09:34.134	0.0152587890625	-0.247802734375	-0.001220703125	-1.18896484375
06-Jul-2022 12:09:34.665	0.0164794921875	-0.250244140625	0.001220703125	-1.007080078125
06-Jul-2022 12:09:34.765	0.0152587890625	-0.2197265625	0.0	-1.0107421875
06-Jul-2022 12:09:34.925	0.015869140625	-0.18310546875	0.0	-0.972900390625
06-Jul-2022 12:09:35.008	0.0164794921875	-0.196533203125	0.0	-0.963134765625
06-Jul-2022 12:09:35.092	0.0164794921875	-0.179443359375	0.0	-0.965576171875
06-Jul-2022 12:09:35.654	0.020751953125	-0.155029296875	0.0	-0.80322265625
06-Jul-2022 12:09:35.780	0.020751953125	-0.155029296875	0.0	-0.80322265625
06-Jul-2022 12:09:35.923	0.01708984375	-0.162353515625	0.001220703125	-0.758056640625
06-Jul-2022 12:09:36.096	0.01708984375	-0.1513671875	0.001220703125	-0.794677734375
06-Jul-2022 12:09:36.156	0.01708984375	-0.1513671875	0.001220703125	-0.794677734375
06-Jul-2022 12:09:36.661	0.018310546875	-0.074462890625	0.0	-0.599365234375
06-Jul-2022 12:09:36.822	0.0189208984375	-0.0732421875	0.0	-0.589599609375
06-Jul-2022 12:09:36.936	0.0177001953125	-0.062255859375	0.0	-0.552978515625
06-Jul-2022 12:09:37.031	0.018310546875	-0.048828125	0.0	-0.51513671875
06-Jul-2022 12:09:37.116	0.018310546875	-0.048828125	0.0	-0.51513671875
06-Jul-2022 12:09:37.660	0.018310546875	-0.018310546875	-0.001220703125	-0.341796875
06-Jul-2022 12:09:37.813	0.0177001953125	-0.018310546875	0.0	-0.343017578125
06-Jul-2022 12:09:37.933	0.0177001953125	-0.018310546875	0.0	-0.343017578125
06-Jul-2022 12:09:38.003	0.01953125	0.0	0.0	-0.3173828125
06-Jul-2022 12:09:38.082	0.0189208984375	0.0	0.001220703125	-0.25390625
06-Jul-2022 12:09:38.656	0.018310546875	-0.00732421875	-0.001220703125	-0.128173828125
06-Jul-2022 12:09:38.920	0.018310546875	-0.015869140625	0.0	-0.111083984375
06-Jul-2022 12:09:38.970	0.018310546875	-0.015869140625	0.0	-0.111083984375
06-Jul-2022 12:09:39.033	0.018310546875	-0.015869140625	0.0	-0.111083984375
06-Jul-2022 12:09:39.108	0.018310546875	-0.015869140625	0.0	-0.111083984375
06-Jul-2022 12:09:39.187	0.018310546875	-0.015869140625	0.0	-0.111083984375
06-Jul-2022 12:09:39.655	0.018310546875	0.06103515625	0.0	0.11474609375
06-Jul-2022 12:09:39.791	0.0189208984375	0.05859375	0.0	0.12451171875
06-Jul-2022 12:09:39.924	0.01220703125	0.064697265625	0.0	0.169677734375
06-Jul-2022 12:09:40.006	0.018310546875	0.09033203125	0.0	0.179443359375
06-Jul-2022 12:09:40.087	0.018310546875	0.09033203125	0.0	0.179443359375
06-Jul-2022 12:09:40.283	0.01953125	0.084228515625	0.0	0.25146484375
06-Jul-2022 12:09:40.653	0.018310546875	0.074462890625	0.0	0.355224609375
06-Jul-2022 12:09:40.788	0.0189208984375	0.1220703125	0.0	0.357666015625
06-Jul-2022 12:09:40.937	0.01953125	0.130615234375	0.001220703125	0.42236328125
06-Jul-2022 12:09:41.002	0.01953125	0.10498046875	0.001220703125	0.423583984375
06-Jul-2022 12:09:41.084	0.01953125	0.10498046875	0.001220703125	0.423583984375
06-Jul-2022 12:09:41.274	0.0201416015625	0.140380859375	0.0	0.496826171875
06-Jul-2022 12:09:41.663	0.01953125	0.108642578125	0.001220703125	0.6005859375
06-Jul-2022 12:09:41.765	0.0201416015625	0.111083984375	0.0	0.615234375
06-Jul-2022 12:09:41.924	0.0201416015625	0.152587890625	-0.001220703125	0.648193359375
06-Jul-2022 12:09:42.015	0.020751953125	0.130615234375	0.0	0.68115234375
06-Jul-2022 12:09:42.086	0.020751953125	0.130615234375	0.0	0.68115234375
06-Jul-2022 12:09:42.290	0.020751953125	0.130615234375	0.0	0.68115234375
06-Jul-2022 12:09:42.663	0.020751953125	0.162353515625	0.001220703125	0.83984375
06-Jul-2022 12:09:42.834	0.0213623046875	0.1904296875	0.0	0.853271484375
06-Jul-2022 12:09:42.927	0.0225830078125	0.162353515625	-0.001220703125	0.88134765625
06-Jul-2022 12:09:43.037	0.0225830078125	0.2001953125	-0.001220703125	0.90087890625
06-Jul-2022 12:09:43.111	0.0225830078125	0.2001953125	-0.001220703125	0.90087890625
06-Jul-2022 12:09:43.274	0.0189208984375	0.205078125	-0.001220703125	0.955810546875
06-Jul-2022 12:09:43.764	0.0225830078125	0.208740234375	0.0	0.9814453125
06-Jul-2022 12:09:43.854	0.0225830078125	0.208740234375	0.0	0.9814453125
06-Jul-2022 12:09:43.931	0.0225830078125	0.208740234375	0.0	0.9814453125
06-Jul-2022 12:09:43.991	0.023193359375	0.23193359375	-0.001220703125	1.0888671875
06-Jul-2022 12:09:44.094	0.025634765625	0.22216796875	0.0	1.107177734375
06-Jul-2022 12:09:44.280	0.0274658203125	0.272216796875	0.0	1.170654296875
06-Jul-2022 12:09:44.663	0.0250244140625	0.3125	-0.001220703125	1.239013671875
06-Jul-2022 12:09:44.765	0.0262451171875	0.316162109375	0.0	1.26708984375
06-Jul-2022 12:09:44.929	0.02685546875	0.3515625	0.0	1.298828125
06-Jul-2022 12:09:45.003	0.0262451171875	0.32470703125	-0.001220703125	1.339111328125
06-Jul-2022 12:09:45.086	0.0262451171875	0.31494140625	0.0	1.3525390625
06-Jul-2022 12:09:45.284	0.029296875	0.33447265625	0.001220703125	1.390380859375
06-Jul-2022 12:09:45.658	0.032958984375	0.391845703125	0.0	1.46240234375
06-Jul-2022 12:09:45.781	0.0274658203125	0.36865234375	0.0	1.47705078125
06-Jul-2022 12:09:45.925	0.029296875	0.41259765625	0.0	1.494140625
06-Jul-2022 12:09:46.016	0.029296875	0.382080078125	0.001220703125	1.505126953125
06-Jul-2022 12:09:46.085	0.029296875	0.382080078125	0.001220703125	1.505126953125
06-Jul-2022 12:09:46.284	0.030517578125	0.41015625	0.0	1.55517578125
06-Jul-2022 12:09:46.664	0.029296875	0.467529296875	0.0	1.612548828125
06-Jul-2022 12:09:46.837	0.030517578125	0.4296875	0.0	1.607666015625
06-Jul-2022 12:09:46.930	0.030517578125	0.4296875	0.0	1.607666015625
06-Jul-2022 12:09:46.980	0.0311279296875	0.418701171875	0.0	1.661376953125
06-Jul-2022 12:09:47.092	0.035400390625	0.44921875	-0.001220703125	1.6845703125
06-Jul-2022 12:09:47.276	0.0323486328125	0.50537109375	0.0	1.7041015625
06-Jul-2022 12:09:47.658	0.0341796875	0.540771484375	0.001220703125	1.773681640625
06-Jul-2022 12:09:47.909	0.0311279296875	0.498046875	-0.001220703125	1.7724609375
06-Jul-2022 12:09:47.986	0.0311279296875	0.498046875	-0.001220703125	1.7724609375
06-Jul-2022 12:09:48.042	0.0311279296875	0.498046875	-0.001220703125	1.7724609375
06-Jul-2022 12:09:48.095	0.0311279296875	0.498046875	-0.001220703125	1.7724609375
06-Jul-2022 12:09:48.280	0.0341796875	0.59326171875	-0.001220703125	1.844482421875
06-Jul-2022 12:09:48.652	0.0341796875	0.6005859375	-0.001220703125	1.893310546875
06-Jul-2022 12:09:48.777	0.0347900390625	0.53955078125	-0.001220703125	1.8896484375
06-Jul-2022 12:09:48.932	0.035400390625	0.6103515625	0.0	1.92138671875
06-Jul-2022 12:09:49.028	0.035400390625	0.589599609375	0.0	1.922607421875
06-Jul-2022 12:09:49.098	0.035400390625	0.589599609375	0.0	1.922607421875
06-Jul-2022 12:09:49.282	0.0360107421875	0.638427734375	0.0	1.947021484375
06-Jul-2022 12:09:49.656	0.035400390625	0.609130859375	0.0	1.9775390625
06-Jul-2022 12:09:49.795	0.0390625	0.57861328125	0.0	1.983642578125
06-Jul-2022 12:09:49.936	0.0372314453125	0.628662109375	0.001220703125	2.001953125
06-Jul-2022 12:09:50.032	0.0372314453125	0.606689453125	0.0	1.99951171875
06-Jul-2022 12:09:50.092	0.0372314453125	0.606689453125	0.0	1.99951171875
06-Jul-2022 12:09:50.274	0.03662109375	0.615234375	-0.001220703125	2.02392578125
06-Jul-2022 12:09:50.664	0.0396728515625	0.699462890625	0.0	2.039794921875
06-Jul-2022 12:09:50.850	0.0384521484375	0.701904296875	0.0	2.032470703125
06-Jul-2022 12:09:50.926	0.0372314453125	0.72021484375	0.0	2.037353515625
06-Jul-2022 12:09:51.001	0.03662109375	0.63720703125	0.0	2.059326171875
06-Jul-2022 12:09:51.090	0.0372314453125	0.557861328125	-0.001220703125	2.05078125
06-Jul-2022 12:09:51.281	0.0390625	0.672607421875	0.0	2.064208984375
06-Jul-2022 12:09:51.658	0.0384521484375	0.611572265625	0.0	2.0654296875
06-Jul-2022 12:09:51.769	0.0396728515625	0.68115234375	-0.001220703125	2.066650390625
06-Jul-2022 12:09:51.938	0.0384521484375	0.665283203125	-0.001220703125	2.06298828125
06-Jul-2022 12:09:51.978	0.0384521484375	0.665283203125	-0.001220703125	2.06298828125
06-Jul-2022 12:09:52.086	0.0384521484375	0.665283203125	-0.001220703125	2.069091796875
06-Jul-2022 12:09:52.279	0.0390625	0.648193359375	0.0	2.064208984375
06-Jul-2022 12:09:52.665	0.0384521484375	0.66650390625	0.0	2.0654296875
06-Jul-2022 12:09:52.777	0.0372314453125	0.701904296875	0.0	2.054443359375
06-Jul-2022 12:09:52.927	0.0384521484375	0.677490234375	0.0	2.064208984375
06-Jul-2022 12:09:53.014	0.0384521484375	0.660400390625	0.0	2.069091796875
06-Jul-2022 12:09:53.090	0.0390625	0.6787109375	0.0	2.06787109375
06-Jul-2022 12:09:53.284	0.0372314453125	0.697021484375	0.0	2.0654296875
06-Jul-2022 12:09:53.658	0.0384521484375	0.65673828125	0.0	2.064208984375
06-Jul-2022 12:09:53.794	0.0384521484375	0.5859375	0.0	2.0458984375
06-Jul-2022 12:09:53.922	0.0372314453125	0.672607421875	-0.001220703125	2.066650390625
06-Jul-2022 12:09:54.014	0.0390625	0.684814453125	0.0	2.03369140625
06-Jul-2022 12:09:54.088	0.0396728515625	0.621337890625	0.0	2.06298828125
06-Jul-2022 12:09:54.280	0.0384521484375	0.667724609375	0.0	2.034912109375
06-Jul-2022 12:09:54.653	0.03662109375	0.704345703125	0.0	2.02392578125
06-Jul-2022 12:09:54.905	0.0384521484375	0.606689453125	-0.001220703125	2.01904296875
06-Jul-2022 12:09:54.973	0.0384521484375	0.606689453125	-0.001220703125	2.01904296875
06-Jul-2022 12:09:55.027	0.0384521484375	0.606689453125	-0.001220703125	2.01904296875
06-Jul-2022 12:09:55.087	0.0384521484375	0.606689453125	-0.001220703125	2.01904296875
06-Jul-2022 12:09:55.271	0.0335693359375	0.640869140625	0.0	1.973876953125
06-Jul-2022 12:09:55.660	0.0360107421875	0.64453125	0.0	1.954345703125
06-Jul-2022 12:09:56.208	0.035400390625	0.535888671875	0.0	1.934814453125
06-Jul-2022 12:09:56.283	0.035400390625	0.535888671875	0.0	1.934814453125
06-Jul-2022 12:09:56.347	0.035400390625	0.535888671875	0.0	1.934814453125
06-Jul-2022 12:09:56.392	0.035400390625	0.535888671875	0.0	1.934814453125
06-Jul-2022 12:09:56.439	0.035400390625	0.535888671875	0.0	1.934814453125
06-Jul-2022 12:09:56.658	0.0347900390625	0.562744140625	0.0	1.8505859375
06-Jul-2022 12:09:56.779	0.0341796875	0.546875	-0.001220703125	1.84814453125
06-Jul-2022 12:09:56.930	0.032958984375	0.54931640625	0.0	1.805419921875
06-Jul-2022 12:09:57.006	0.0347900390625	0.509033203125	0.0	1.806640625
06-Jul-2022 12:09:57.151	0.0347900390625	0.509033203125	0.0	1.806640625
06-Jul-2022 12:09:57.276	0.0323486328125	0.546875	0.0	1.76513671875
06-Jul-2022 12:09:57.661	0.0311279296875	0.484619140625	0.0	1.697998046875
06-Jul-2022 12:09:57.782	0.03173828125	0.474853515625	0.001220703125	1.697998046875
06-Jul-2022 12:09:57.937	0.028076171875	0.4736328125	-0.001220703125	1.6552734375
06-Jul-2022 12:09:57.995	0.0335693359375	0.435791015625	0.0	1.66015625
06-Jul-2022 12:09:58.095	0.030517578125	0.484619140625	0.0	1.63818359375
06-Jul-2022 12:09:58.282	0.0299072265625	0.46142578125	0.0	1.59912109375
06-Jul-2022 12:09:58.655	0.0299072265625	0.440673828125	0.0	1.546630859375
06-Jul-2022 12:09:58.769	0.029296875	0.423583984375	-0.001220703125	1.52099609375
06-Jul-2022 12:09:58.934	0.029296875	0.384521484375	-0.001220703125	1.507568359375
06-Jul-2022 12:09:59.019	0.0286865234375	0.357666015625	0.0	1.50390625
06-Jul-2022 12:09:59.086	0.0286865234375	0.357666015625	0.0	1.50390625
06-Jul-2022 12:09:59.280	0.0286865234375	0.341796875	0.0	1.417236328125
06-Jul-2022 12:09:59.656	0.02685546875	0.306396484375	0.0	1.343994140625
06-Jul-2022 12:09:59.772	0.0262451171875	0.35400390625	0.0	1.336669921875
06-Jul-2022 12:09:59.927	0.0274658203125	0.31982421875	0.0	1.3134765625
06-Jul-2022 12:09:59.990	0.028076171875	0.2978515625	0.0	1.3134765625
06-Jul-2022 12:10:00.084	0.0262451171875	0.269775390625	0.001220703125	1.29638671875
06-Jul-2022 12:10:00.276	0.0262451171875	0.279541015625	0.0	1.260986328125
06-Jul-2022 12:10:00.666	0.028076171875	0.274658203125	-0.001220703125	1.163330078125
06-Jul-2022 12:10:00.798	0.0238037109375	0.289306640625	0.001220703125	1.19384765625
06-Jul-2022 12:10:00.930	0.0244140625	0.262451171875	-0.001220703125	1.123046875
06-Jul-2022 12:10:01.109	0.0274658203125	0.296630859375	0.001220703125	1.112060546875
06-Jul-2022 12:10:01.192	0.0274658203125	0.296630859375	0.001220703125	1.112060546875
06-Jul-2022 12:10:01.272	0.0274658203125	0.296630859375	0.001220703125	1.112060546875
06-Jul-2022 12:10:01.654	0.0225830078125	0.208740234375	0.0	0.95703125
06-Jul-2022 12:10:01.774	0.0225830078125	0.1904296875	0.0	0.946044921875
06-Jul-2022 12:10:01.934	0.0213623046875	0.1806640625	-0.001220703125	0.8935546875
06-Jul-2022 12:10:02.004	0.0225830078125	0.164794921875	0.0	0.906982421875
06-Jul-2022 12:10:02.091	0.0225830078125	0.164794921875	0.0	0.906982421875
06-Jul-2022 12:10:02.273	0.0225830078125	0.16357421875	-0.001220703125	0.849609375
06-Jul-2022 12:10:02.664	0.020751953125	0.17822265625	0.0	0.751953125
06-Jul-2022 12:10:02.786	0.0201416015625	0.13916015625	0.0	0.751953125
06-Jul-2022 12:10:02.927	0.01953125	0.130615234375	0.0	0.68115234375
06-Jul-2022 12:10:02.976	0.0201416015625	0.093994140625	0.0	0.657958984375
06-Jul-2022 12:10:03.092	0.020751953125	0.128173828125	0.0	0.635986328125
06-Jul-2022 12:10:03.271	0.01708984375	0.08544921875	0.0	0.5859375
06-Jul-2022 12:10:03.652	0.0189208984375	0.050048828125	-0.001220703125	0.498046875
06-Jul-2022 12:10:03.774	0.0189208984375	0.0927734375	0.0	0.4833984375
06-Jul-2022 12:10:03.923	0.01953125	0.10009765625	0.0	0.433349609375
06-Jul-2022 12:10:03.977	0.01953125	0.081787109375	0.001220703125	0.443115234375
06-Jul-2022 12:10:04.087	0.018310546875	0.093994140625	-0.001220703125	0.40283203125
06-Jul-2022 12:10:04.281	0.018310546875	0.059814453125	0.0	0.350341796875
06-Jul-2022 12:10:04.655	0.018310546875	0.040283203125	0.001220703125	0.2490234375
06-Jul-2022 12:10:04.763	0.018310546875	0.052490234375	0.0	0.2197265625
06-Jul-2022 12:10:04.923	0.018310546875	0.040283203125	0.0	0.179443359375
06-Jul-2022 12:10:04.972	0.018310546875	0.045166015625	0.0	0.166015625
06-Jul-2022 12:10:05.094	0.018310546875	0.045166015625	0.0	0.133056640625
06-Jul-2022 12:10:05.275	0.018310546875	0.054931640625	0.0	0.091552734375
06-Jul-2022 12:10:05.654	0.018310546875	0.0	0.001220703125	0.003662109375
06-Jul-2022 12:10:05.771	0.018310546875	-0.020751953125	0.001220703125	-0.02197265625
06-Jul-2022 12:10:05.922	0.018310546875	-0.008544921875	0.0	-0.048828125
06-Jul-2022 12:10:05.975	0.018310546875	-0.008544921875	0.0	-0.048828125
06-Jul-2022 12:10:06.085	0.01953125	-0.018310546875	0.0	-0.089111328125
06-Jul-2022 12:10:06.279	0.018310546875	0.009765625	0.0	-0.137939453125
06-Jul-2022 12:10:06.653	0.018310546875	-0.054931640625	0.0	-0.228271484375
06-Jul-2022 12:10:06.772	0.0189208984375	-0.023193359375	-0.001220703125	-0.252685546875
06-Jul-2022 12:10:06.935	0.018310546875	-0.0341796875	0.0	-0.302734375
06-Jul-2022 12:10:06.982	0.0189208984375	-0.0537109375	0.0	-0.286865234375
06-Jul-2022 12:10:07.085	0.0177001953125	-0.0634765625	0.0	-0.321044921875
06-Jul-2022 12:10:07.280	0.0189208984375	-0.0390625	0.0	-0.367431640625
06-Jul-2022 12:10:07.657	0.0189208984375	-0.067138671875	0.0	-0.478515625
06-Jul-2022 12:10:07.766	0.0164794921875	-0.076904296875	0.0	-0.4736328125
06-Jul-2022 12:10:07.931	0.01708984375	-0.079345703125	0.0	-0.52490234375
06-Jul-2022 12:10:07.978	0.0177001953125	-0.0634765625	-0.001220703125	-0.535888671875
06-Jul-2022 12:10:08.093	0.018310546875	-0.106201171875	0.0	-0.577392578125
06-Jul-2022 12:10:08.274	0.01708984375	-0.089111328125	-0.001220703125	-0.61279296875
06-Jul-2022 12:10:08.655	0.0177001953125	-0.1171875	0.0	-0.6787109375
06-Jul-2022 12:10:08.765	0.01708984375	-0.108642578125	0.0	-0.703125
06-Jul-2022 12:10:08.928	0.0164794921875	-0.1220703125	0.001220703125	-0.743408203125
06-Jul-2022 12:10:08.985	0.01708984375	-0.1416015625	-0.001220703125	-0.784912109375
06-Jul-2022 12:10:09.087	0.0164794921875	-0.13916015625	0.0	-0.80810546875
06-Jul-2022 12:10:09.281	0.0164794921875	-0.13427734375	0.0	-0.8251953125
06-Jul-2022 12:10:09.661	0.0146484375	-0.14892578125	0.0	-0.924072265625
06-Jul-2022 12:10:09.763	0.01220703125	-0.16845703125	0.0	-0.928955078125
06-Jul-2022 12:10:09.930	0.015869140625	-0.216064453125	0.0	-0.958251953125
06-Jul-2022 12:10:09.972	0.0152587890625	-0.208740234375	0.0	-0.994873046875
06-Jul-2022 12:10:10.090	0.015869140625	-0.211181640625	0.0	-1.01806640625
06-Jul-2022 12:10:10.277	0.015869140625	-0.211181640625	0.0	-1.0595703125
06-Jul-2022 12:10:10.653	0.015869140625	-0.230712890625	0.001220703125	-1.12060546875
06-Jul-2022 12:10:10.768	0.01708984375	-0.26123046875	0.0	-1.160888671875
06-Jul-2022 12:10:10.925	0.0152587890625	-0.25390625	0.0	-1.160888671875
06-Jul-2022 12:10:10.977	0.0115966796875	-0.294189453125	0.0	-1.1767578125
06-Jul-2022 12:10:11.088	0.0152587890625	-0.25634765625	0.0	-1.18408203125
06-Jul-2022 12:10:11.281	0.0152587890625	-0.2587890625	0.0	-1.2158203125
06-Jul-2022 12:10:11.656	0.0146484375	-0.29296875	0.0	-1.307373046875
06-Jul-2022 12:10:11.773	0.013427734375	-0.350341796875	0.0	-1.3525390625
06-Jul-2022 12:10:11.930	0.0164794921875	-0.311279296875	0.0	-1.35498046875
06-Jul-2022 12:10:11.981	0.0146484375	-0.28564453125	0.001220703125	-1.3525390625
06-Jul-2022 12:10:12.091	0.0146484375	-0.335693359375	0.0	-1.380615234375
06-Jul-2022 12:10:12.274	0.013427734375	-0.338134765625	0.0	-1.409912109375
06-Jul-2022 12:10:12.656	0.0115966796875	-0.3662109375	0.0	-1.45751953125
06-Jul-2022 12:10:12.769	0.01220703125	-0.35400390625	0.0	-1.4990234375
06-Jul-2022 12:10:12.930	0.0115966796875	-0.401611328125	0.0	-1.52099609375
06-Jul-2022 12:10:12.977	0.0140380859375	-0.37109375	0.001220703125	-1.5234375
06-Jul-2022 12:10:13.085	0.0115966796875	-0.35400390625	0.0	-1.533203125
06-Jul-2022 12:10:13.277	0.013427734375	-0.361328125	0.001220703125	-1.558837890625
06-Jul-2022 12:10:13.662	0.010986328125	-0.4541015625	0.0	-1.636962890625
06-Jul-2022 12:10:13.766	0.0115966796875	-0.435791015625	0.001220703125	-1.634521484375
06-Jul-2022 12:10:13.927	0.0140380859375	-0.44189453125	0.0	-1.656494140625
06-Jul-2022 12:10:13.978	0.010986328125	-0.455322265625	0.001220703125	-1.666259765625
06-Jul-2022 12:10:14.084	0.0115966796875	-0.45654296875	0.0	-1.680908203125
06-Jul-2022 12:10:14.286	0.010986328125	-0.460205078125	-0.001220703125	-1.695556640625
06-Jul-2022 12:10:14.659	0.009765625	-0.433349609375	0.0	-1.73828125
06-Jul-2022 12:10:14.775	0.0103759765625	-0.48095703125	-0.001220703125	-1.7578125
06-Jul-2022 12:10:14.930	0.0103759765625	-0.474853515625	0.0	-1.763916015625
06-Jul-2022 12:10:14.973	0.009765625	-0.48828125	0.0	-1.77001953125
06-Jul-2022 12:10:15.086	0.009765625	-0.4443359375	0.0	-1.79443359375
06-Jul-2022 12:10:15.281	0.009765625	-0.501708984375	0.001220703125	-1.806640625
06-Jul-2022 12:10:15.651	0.009765625	-0.491943359375	0.0	-1.84326171875
06-Jul-2022 12:10:15.775	0.0091552734375	-0.478515625	-0.001220703125	-1.842041015625
06-Jul-2022 12:10:15.929	0.0048828125	-0.487060546875	0.0	-1.861572265625
06-Jul-2022 12:10:15.983	0.0079345703125	-0.4833984375	0.0	-1.859130859375
06-Jul-2022 12:10:16.086	0.009765625	-0.538330078125	0.0	-1.871337890625
06-Jul-2022 12:10:16.278	0.009765625	-0.477294921875	0.001220703125	-1.88232421875
06-Jul-2022 12:10:16.652	0.0091552734375	-0.5908203125	0.001220703125	-1.8994140625
06-Jul-2022 12:10:16.761	0.009765625	-0.538330078125	-0.001220703125	-1.929931640625
06-Jul-2022 12:10:16.927	0.0091552734375	-0.47119140625	0.001220703125	-1.898193359375
06-Jul-2022 12:10:16.973	0.008544921875	-0.5224609375	0.0	-1.939697265625
06-Jul-2022 12:10:17.091	0.008544921875	-0.604248046875	-0.00244140625	-1.8994140625
06-Jul-2022 12:10:17.280	0.0091552734375	-0.584716796875	0.0	-1.94091796875
06-Jul-2022 12:10:17.659	0.0079345703125	-0.531005859375	0.001220703125	-1.942138671875
06-Jul-2022 12:10:17.975	0.008544921875	-0.556640625	0.001220703125	-1.9384765625
06-Jul-2022 12:10:18.022	0.008544921875	-0.556640625	0.001220703125	-1.9384765625
06-Jul-2022 12:10:18.045	0.008544921875	-0.556640625	0.001220703125	-1.9384765625
06-Jul-2022 12:10:18.094	0.008544921875	-0.556640625	0.001220703125	-1.9384765625
06-Jul-2022 12:10:18.275	0.0091552734375	-0.548095703125	0.0	-1.94091796875
06-Jul-2022 12:10:18.653	0.009765625	-0.533447265625	0.0	-1.939697265625
06-Jul-2022 12:10:18.769	0.0103759765625	-0.53466796875	0.0	-1.939697265625
06-Jul-2022 12:10:18.925	0.008544921875	-0.535888671875	0.0	-1.9384765625
06-Jul-2022 12:10:18.973	0.008544921875	-0.535888671875	0.0	-1.9384765625
06-Jul-2022 12:10:19.112	0.0103759765625	-0.546875	0.001220703125	-1.943359375
06-Jul-2022 12:10:19.273	0.0091552734375	-0.5322265625	0.001220703125	-1.937255859375
06-Jul-2022 12:10:19.655	0.0091552734375	-0.52734375	0.0	-1.94091796875
06-Jul-2022 12:10:19.770	0.009765625	-0.582275390625	0.0	-1.939697265625
06-Jul-2022 12:10:19.924	0.0091552734375	-0.496826171875	0.0	-1.929931640625
06-Jul-2022 12:10:19.975	0.0103759765625	-0.5859375	0.001220703125	-1.91162109375
06-Jul-2022 12:10:20.088	0.008544921875	-0.511474609375	0.0	-1.89697265625
06-Jul-2022 12:10:20.276	0.0091552734375	-0.504150390625	0.0	-1.932373046875
06-Jul-2022 12:10:20.665	0.008544921875	-0.498046875	0.0	-1.89208984375
06-Jul-2022 12:10:20.765	0.009765625	-0.4833984375	0.0	-1.893310546875
06-Jul-2022 12:10:20.929	0.009765625	-0.521240234375	0.001220703125	-1.873779296875
06-Jul-2022 12:10:20.981	0.0103759765625	-0.518798828125	0.0	-1.865234375
06-Jul-2022 12:10:21.084	0.0091552734375	-0.479736328125	0.0	-1.856689453125
06-Jul-2022 12:10:21.277	0.008544921875	-0.54443359375	-0.001220703125	-1.85791015625
06-Jul-2022 12:10:21.653	0.009765625	-0.4638671875	0.001220703125	-1.820068359375
06-Jul-2022 12:10:21.771	0.009765625	-0.496826171875	0.0	-1.81396484375
06-Jul-2022 12:10:21.926	0.009765625	-0.482177734375	0.0	-1.78466796875
06-Jul-2022 12:10:21.974	0.009765625	-0.489501953125	0.001220703125	-1.793212890625
06-Jul-2022 12:10:22.087	0.01220703125	-0.533447265625	0.0	-1.773681640625
06-Jul-2022 12:10:22.282	0.0115966796875	-0.440673828125	0.0	-1.759033203125
06-Jul-2022 12:10:22.664	0.010986328125	-0.48828125	0.0	-1.712646484375
06-Jul-2022 12:10:22.762	0.0103759765625	-0.4541015625	0.001220703125	-1.7041015625
06-Jul-2022 12:10:22.927	0.010986328125	-0.4052734375	0.001220703125	-1.680908203125
06-Jul-2022 12:10:22.971	0.010986328125	-0.447998046875	0.0	-1.685791015625
06-Jul-2022 12:10:23.096	0.0115966796875	-0.445556640625	0.0	-1.66748046875
06-Jul-2022 12:10:23.274	0.0091552734375	-0.406494140625	0.001220703125	-1.634521484375
06-Jul-2022 12:10:23.654	0.0091552734375	-0.379638671875	0.0	-1.588134765625
06-Jul-2022 12:10:23.761	0.010986328125	-0.3955078125	0.0	-1.57958984375
06-Jul-2022 12:10:23.935	0.01220703125	-0.36376953125	0.0	-1.541748046875
06-Jul-2022 12:10:23.977	0.0115966796875	-0.37353515625	0.0	-1.52099609375
06-Jul-2022 12:10:24.081	0.0115966796875	-0.400390625	0.0	-1.514892578125
06-Jul-2022 12:10:24.284	0.0140380859375	-0.32958984375	0.001220703125	-1.49658203125
06-Jul-2022 12:10:24.659	0.013427734375	-0.32470703125	-0.001220703125	-1.422119140625
06-Jul-2022 12:10:24.770	0.0146484375	-0.33935546875	0.001220703125	-1.39404296875
06-Jul-2022 12:10:24.934	0.0146484375	-0.284423828125	0.001220703125	-1.402587890625
06-Jul-2022 12:10:24.982	0.0140380859375	-0.30029296875	-0.001220703125	-1.37451171875
06-Jul-2022 12:10:25.081	0.015869140625	-0.286865234375	0.0	-1.35498046875
06-Jul-2022 12:10:25.275	0.01708984375	-0.263671875	0.001220703125	-1.331787109375
06-Jul-2022 12:10:25.666	0.0146484375	-0.233154296875	0.0	-1.256103515625
06-Jul-2022 12:10:25.774	0.0115966796875	-0.262451171875	0.0	-1.2548828125
06-Jul-2022 12:10:25.921	0.015869140625	-0.21484375	0.0	-1.221923828125
06-Jul-2022 12:10:25.973	0.015869140625	-0.2783203125	0.001220703125	-1.195068359375
06-Jul-2022 12:10:26.093	0.0152587890625	-0.255126953125	0.0	-1.170654296875
06-Jul-2022 12:10:26.280	0.0152587890625	-0.1904296875	0.0	-1.153564453125
06-Jul-2022 12:10:26.665	0.0152587890625	-0.22705078125	0.0	-1.041259765625
06-Jul-2022 12:10:26.775	0.015869140625	-0.220947265625	0.001220703125	-1.03515625
06-Jul-2022 12:10:26.922	0.0164794921875	-0.198974609375	0.0	-1.005859375
06-Jul-2022 12:10:26.982	0.0164794921875	-0.16357421875	-0.001220703125	-0.9912109375
06-Jul-2022 12:10:27.085	0.01708984375	-0.152587890625	0.0	-0.980224609375
06-Jul-2022 12:10:27.277	0.018310546875	-0.169677734375	0.0	-0.916748046875
06-Jul-2022 12:10:27.664	0.01708984375	-0.16845703125	0.0	-0.836181640625
06-Jul-2022 12:10:27.765	0.01708984375	-0.13916015625	0.0	-0.860595703125
06-Jul-2022 12:10:27.922	0.015869140625	-0.11474609375	0.0	-0.7666015625
06-Jul-2022 12:10:27.976	0.018310546875	-0.164794921875	0.001220703125	-0.78857421875
06-Jul-2022 12:10:28.093	0.018310546875	-0.13427734375	-0.001220703125	-0.755615234375
06-Jul-2022 12:10:28.273	0.018310546875	-0.115966796875	0.0	-0.706787109375
06-Jul-2022 12:10:28.654	0.0177001953125	-0.091552734375	0.0	-0.648193359375
06-Jul-2022 12:10:28.765	0.0177001953125	-0.107421875	0.001220703125	-0.628662109375
06-Jul-2022 12:10:28.929	0.0201416015625	-0.096435546875	0.0	-0.55419921875
06-Jul-2022 12:10:28.973	0.0177001953125	-0.069580078125	0.0	-0.572509765625
06-Jul-2022 12:10:29.090	0.0177001953125	-0.067138671875	0.0	-0.5224609375
06-Jul-2022 12:10:29.278	0.0164794921875	-0.06591796875	-0.001220703125	-0.494384765625
06-Jul-2022 12:10:29.658	0.018310546875	-0.054931640625	-0.001220703125	-0.389404296875
06-Jul-2022 12:10:29.763	0.018310546875	-0.069580078125	0.0	-0.382080078125
06-Jul-2022 12:10:29.929	0.0177001953125	-0.068359375	0.0	-0.333251953125
06-Jul-2022 12:10:29.977	0.01708984375	-0.029296875	0.001220703125	-0.328369140625
06-Jul-2022 12:10:30.085	0.0152587890625	-0.035400390625	0.0	-0.2880859375
06-Jul-2022 12:10:30.272	0.0189208984375	-0.00732421875	0.0	-0.235595703125
06-Jul-2022 12:10:30.661	0.018310546875	0.001220703125	0.0	-0.17333984375
06-Jul-2022 12:10:30.771	0.0189208984375	-0.00244140625	0.0	-0.13671875
06-Jul-2022 12:10:30.926	0.01708984375	-0.00732421875	0.0	-0.09521484375
06-Jul-2022 12:10:31.009	0.018310546875	0.009765625	-0.001220703125	-0.09033203125
06-Jul-2022 12:10:31.084	0.018310546875	0.00244140625	0.0	-0.054931640625
06-Jul-2022 12:10:31.277	0.0189208984375	0.023193359375	-0.001220703125	-0.0146484375
06-Jul-2022 12:10:31.335	<end logging>
