#Channel	AI_CH0	AI_CH1	AI_CH2	AI_CH3
#Sensor 	Force	Current	N/C	Voltage	Lever_Arm_Ratio
#Scaling_Factor	885.739990234375	4.877999782562256	1.0	23.533000946044922	0.6669999957084656
#Sample_Rate	Every 0.05s
#Test_parameter_type	Frequency [Hz]	Start delay [s]	Periods	Phase [rad]	Amplitude [0-1]
#Test_parameters	0.019999999552965164	60.0	5.0	0.0	1.0
04-Jul-2022 16:37:29.269	<begin logging>
04-Jul-2022 16:37:29.295	0.0	0.0	0.0	0.0
04-Jul-2022 16:37:29.328	0.0	-0.001220703125	0.0	-0.0048828125
04-Jul-2022 16:37:29.363	0.0	-0.001220703125	0.0	-0.0048828125
04-Jul-2022 16:37:30.061	0.0189208984375	0.0	0.0	0.0634765625
04-Jul-2022 16:37:30.437	0.018310546875	0.0341796875	0.0	0.0634765625
04-Jul-2022 16:37:31.077	0.018310546875	0.0341796875	0.0	0.062255859375
04-Jul-2022 16:37:31.441	0.0177001953125	0.03173828125	0.0	0.062255859375
04-Jul-2022 16:37:32.062	0.0201416015625	0.0244140625	0.0	0.06591796875
04-Jul-2022 16:37:32.434	0.0189208984375	0.02685546875	0.001220703125	0.064697265625
04-Jul-2022 16:37:33.064	0.018310546875	0.009765625	0.0	0.062255859375
04-Jul-2022 16:37:33.441	0.01953125	0.001220703125	0.0	0.062255859375
04-Jul-2022 16:37:34.066	0.0189208984375	0.029296875	0.0	0.062255859375
04-Jul-2022 16:37:34.440	0.018310546875	0.020751953125	0.0	0.06591796875
04-Jul-2022 16:37:35.073	0.01953125	0.01220703125	0.0	0.06103515625
04-Jul-2022 16:37:35.438	0.01953125	0.029296875	-0.001220703125	0.0634765625
04-Jul-2022 16:37:36.065	0.0189208984375	0.02197265625	0.0	0.064697265625
04-Jul-2022 16:37:36.437	0.0189208984375	0.02685546875	0.0	0.06591796875
04-Jul-2022 16:37:37.072	0.01953125	0.009765625	0.0	0.062255859375
04-Jul-2022 16:37:37.445	0.01953125	0.028076171875	0.0	0.062255859375
04-Jul-2022 16:37:38.077	0.0189208984375	0.03173828125	0.0	0.062255859375
04-Jul-2022 16:37:38.441	0.018310546875	0.01220703125	0.0	0.06103515625
04-Jul-2022 16:37:39.063	0.018310546875	0.015869140625	0.0	0.0634765625
04-Jul-2022 16:37:39.431	0.0189208984375	0.01953125	0.0	0.0634765625
04-Jul-2022 16:37:40.074	0.018310546875	0.03173828125	0.001220703125	0.0634765625
04-Jul-2022 16:37:40.433	0.0189208984375	0.03173828125	0.0	0.062255859375
04-Jul-2022 16:37:41.065	0.0152587890625	0.0244140625	0.001220703125	0.0634765625
04-Jul-2022 16:37:41.434	0.0177001953125	0.029296875	0.001220703125	0.064697265625
04-Jul-2022 16:37:42.074	0.018310546875	0.02197265625	0.0	0.06591796875
04-Jul-2022 16:37:42.433	0.01953125	0.018310546875	-0.003662109375	0.0634765625
04-Jul-2022 16:37:43.064	0.018310546875	0.02197265625	0.001220703125	0.06591796875
04-Jul-2022 16:37:43.443	0.0213623046875	0.020751953125	0.0	0.059814453125
04-Jul-2022 16:37:44.066	0.018310546875	0.028076171875	0.001220703125	0.0634765625
04-Jul-2022 16:37:44.432	0.018310546875	0.0146484375	0.0	0.059814453125
04-Jul-2022 16:37:45.078	0.0177001953125	0.0048828125	-0.001220703125	0.0634765625
04-Jul-2022 16:37:45.433	0.0189208984375	0.0341796875	-0.001220703125	0.072021484375
04-Jul-2022 16:37:46.061	0.01953125	0.018310546875	0.0	0.062255859375
04-Jul-2022 16:37:46.440	0.0189208984375	0.028076171875	0.0	0.0634765625
04-Jul-2022 16:37:47.071	0.018310546875	0.008544921875	0.0	0.06591796875
04-Jul-2022 16:37:47.441	0.01953125	0.028076171875	0.0	0.062255859375
04-Jul-2022 16:37:48.062	0.01953125	0.02197265625	0.0	0.067138671875
04-Jul-2022 16:37:48.443	0.018310546875	0.032958984375	0.0	0.064697265625
04-Jul-2022 16:37:49.073	0.0262451171875	0.028076171875	0.0	0.062255859375
04-Jul-2022 16:37:49.431	0.0189208984375	0.0048828125	0.0	0.0634765625
04-Jul-2022 16:37:50.067	0.0201416015625	0.020751953125	0.0	0.06591796875
04-Jul-2022 16:37:50.439	0.018310546875	0.00732421875	0.001220703125	0.06103515625
04-Jul-2022 16:37:51.073	0.0189208984375	0.02197265625	-0.001220703125	0.06103515625
04-Jul-2022 16:37:51.437	0.0189208984375	0.013427734375	0.0	0.062255859375
04-Jul-2022 16:37:52.062	0.018310546875	0.02685546875	0.001220703125	0.062255859375
04-Jul-2022 16:37:52.435	0.018310546875	0.03173828125	0.0	0.0634765625
04-Jul-2022 16:37:53.072	0.0189208984375	0.0146484375	0.0	0.059814453125
04-Jul-2022 16:37:53.440	0.0146484375	0.02197265625	0.0	0.062255859375
04-Jul-2022 16:37:54.066	0.018310546875	0.0244140625	0.0	0.05859375
04-Jul-2022 16:37:54.442	0.0201416015625	0.02685546875	-0.001220703125	0.06591796875
04-Jul-2022 16:37:55.067	0.0225830078125	0.029296875	0.001220703125	0.067138671875
04-Jul-2022 16:37:55.433	0.018310546875	0.01220703125	0.0	0.064697265625
04-Jul-2022 16:37:56.063	0.01953125	0.0244140625	0.0	0.0634765625
04-Jul-2022 16:37:56.442	0.018310546875	0.006103515625	0.0	0.057373046875
04-Jul-2022 16:37:57.072	0.018310546875	0.03173828125	0.0	0.062255859375
04-Jul-2022 16:37:57.440	0.018310546875	0.0244140625	0.001220703125	0.0634765625
04-Jul-2022 16:37:58.063	0.0189208984375	0.015869140625	0.0	0.057373046875
04-Jul-2022 16:37:58.444	0.0201416015625	0.02197265625	-0.001220703125	0.059814453125
04-Jul-2022 16:37:59.062	0.0189208984375	0.02685546875	0.0	0.0634765625
04-Jul-2022 16:37:59.443	0.01953125	0.032958984375	-0.001220703125	0.067138671875
04-Jul-2022 16:38:00.064	0.018310546875	0.02685546875	0.0	0.062255859375
04-Jul-2022 16:38:00.439	0.01953125	0.0	0.0	0.06103515625
04-Jul-2022 16:38:01.062	0.02197265625	0.03173828125	0.0	0.06591796875
04-Jul-2022 16:38:01.446	0.018310546875	-0.001220703125	0.001220703125	0.057373046875
04-Jul-2022 16:38:02.075	0.0177001953125	0.0048828125	0.001220703125	0.059814453125
04-Jul-2022 16:38:02.433	0.02197265625	0.020751953125	0.0	0.064697265625
04-Jul-2022 16:38:03.072	0.0189208984375	0.02685546875	0.0	0.059814453125
04-Jul-2022 16:38:03.445	0.0189208984375	0.023193359375	0.001220703125	0.06103515625
04-Jul-2022 16:38:04.067	0.0189208984375	0.03173828125	0.0	0.059814453125
04-Jul-2022 16:38:04.434	0.01953125	0.029296875	0.0	0.06103515625
04-Jul-2022 16:38:05.069	0.018310546875	0.00732421875	0.001220703125	0.06103515625
04-Jul-2022 16:38:05.436	0.0177001953125	0.01953125	-0.001220703125	0.062255859375
04-Jul-2022 16:38:06.068	0.01953125	0.008544921875	-0.001220703125	0.0634765625
04-Jul-2022 16:38:06.441	0.01953125	0.03173828125	0.0	0.0634765625
04-Jul-2022 16:38:07.065	0.0189208984375	0.01220703125	0.001220703125	0.06591796875
04-Jul-2022 16:38:07.436	0.01953125	-0.00244140625	0.0	0.064697265625
04-Jul-2022 16:38:08.064	0.018310546875	0.030517578125	-0.001220703125	0.06591796875
04-Jul-2022 16:38:08.436	0.01708984375	0.030517578125	-0.001220703125	0.064697265625
04-Jul-2022 16:38:09.073	0.018310546875	0.018310546875	-0.001220703125	0.06591796875
04-Jul-2022 16:38:09.446	0.01953125	0.01220703125	0.0	0.05859375
04-Jul-2022 16:38:10.075	0.01953125	0.010986328125	0.0	0.062255859375
04-Jul-2022 16:38:10.441	0.018310546875	0.006103515625	0.0	0.062255859375
04-Jul-2022 16:38:11.062	0.01953125	0.018310546875	0.0	0.0634765625
04-Jul-2022 16:38:11.435	0.0177001953125	0.02685546875	-0.001220703125	0.064697265625
04-Jul-2022 16:38:12.062	0.01708984375	0.00244140625	-0.001220703125	0.06103515625
04-Jul-2022 16:38:12.443	0.01953125	0.010986328125	0.0	0.0634765625
04-Jul-2022 16:38:13.072	0.01953125	0.01708984375	0.0	0.064697265625
04-Jul-2022 16:38:13.422	0.020751953125	0.003662109375	0.0	0.062255859375
04-Jul-2022 16:38:14.085	0.020751953125	0.0048828125	0.0	0.057373046875
04-Jul-2022 16:38:14.427	0.018310546875	0.01953125	0.0	0.0634765625
04-Jul-2022 16:38:15.086	0.0189208984375	0.0341796875	0.0	0.06103515625
04-Jul-2022 16:38:15.421	0.018310546875	0.0146484375	0.0	0.062255859375
04-Jul-2022 16:38:16.079	0.0189208984375	0.0244140625	0.0	0.0634765625
04-Jul-2022 16:38:16.421	0.018310546875	0.020751953125	0.0	0.059814453125
04-Jul-2022 16:38:17.076	0.018310546875	0.020751953125	0.0	0.067138671875
04-Jul-2022 16:38:17.435	0.015869140625	0.02197265625	0.0	0.062255859375
04-Jul-2022 16:38:18.076	0.0189208984375	0.00244140625	0.001220703125	0.062255859375
04-Jul-2022 16:38:18.421	0.0213623046875	0.003662109375	0.0	0.06591796875
04-Jul-2022 16:38:19.073	0.0189208984375	0.00244140625	0.0	0.057373046875
04-Jul-2022 16:38:19.432	0.01708984375	0.008544921875	0.0	0.06103515625
04-Jul-2022 16:38:20.073	0.0189208984375	0.029296875	0.0	0.064697265625
04-Jul-2022 16:38:20.423	0.0152587890625	0.02197265625	0.001220703125	0.062255859375
04-Jul-2022 16:38:21.084	0.018310546875	0.029296875	0.0	0.059814453125
04-Jul-2022 16:38:21.438	0.0201416015625	0.01708984375	0.0	0.06103515625
04-Jul-2022 16:38:22.073	0.01953125	0.029296875	0.001220703125	0.064697265625
04-Jul-2022 16:38:22.422	0.0177001953125	-0.003662109375	0.001220703125	0.062255859375
04-Jul-2022 16:38:23.082	0.020751953125	0.020751953125	0.0	0.0634765625
04-Jul-2022 16:38:23.445	0.018310546875	-0.001220703125	-0.001220703125	0.06103515625
04-Jul-2022 16:38:24.080	0.01708984375	0.0244140625	-0.001220703125	0.0634765625
04-Jul-2022 16:38:24.424	0.018310546875	0.020751953125	-0.001220703125	0.059814453125
04-Jul-2022 16:38:25.084	0.020751953125	0.00732421875	0.0	0.0634765625
04-Jul-2022 16:38:25.431	0.01953125	-0.001220703125	0.0	0.06103515625
04-Jul-2022 16:38:26.074	0.0225830078125	0.01708984375	0.0	0.06103515625
04-Jul-2022 16:38:26.433	0.018310546875	0.003662109375	0.0	0.0634765625
04-Jul-2022 16:38:27.077	0.0189208984375	-0.00244140625	0.0	0.0634765625
04-Jul-2022 16:38:27.434	0.018310546875	0.006103515625	0.0	0.0634765625
04-Jul-2022 16:38:28.071	0.02197265625	0.0146484375	0.001220703125	0.064697265625
04-Jul-2022 16:38:28.435	0.0189208984375	0.020751953125	0.0	0.062255859375
04-Jul-2022 16:38:29.080	0.018310546875	0.018310546875	0.0	0.06591796875
04-Jul-2022 16:38:29.421	0.020751953125	0.00732421875	-0.001220703125	0.06591796875
04-Jul-2022 16:38:30.081	0.01953125	0.009765625	0.0	0.062255859375
04-Jul-2022 16:38:30.426	0.01953125	0.001220703125	0.0	0.064697265625
04-Jul-2022 16:38:31.074	0.0189208984375	0.106201171875	0.0	0.128173828125
04-Jul-2022 16:38:31.433	0.0189208984375	0.137939453125	0.0	0.21240234375
04-Jul-2022 16:38:32.082	0.0201416015625	0.30029296875	0.0	0.38330078125
04-Jul-2022 16:38:32.425	0.0201416015625	0.2490234375	-0.001220703125	0.4736328125
04-Jul-2022 16:38:33.079	0.0213623046875	0.472412109375	0.001220703125	0.616455078125
04-Jul-2022 16:38:33.423	0.020751953125	0.345458984375	-0.001220703125	0.694580078125
04-Jul-2022 16:38:34.083	0.0225830078125	0.5615234375	0.0	0.875244140625
04-Jul-2022 16:38:34.423	0.02197265625	0.511474609375	0.0	0.93994140625
04-Jul-2022 16:38:35.074	0.0250244140625	0.67138671875	0.0	1.087646484375
04-Jul-2022 16:38:35.432	0.0244140625	0.784912109375	-0.001220703125	1.1669921875
04-Jul-2022 16:38:36.080	0.0262451171875	0.687255859375	0.001220703125	1.298828125
04-Jul-2022 16:38:36.422	0.02685546875	0.828857421875	0.0	1.373291015625
04-Jul-2022 16:38:37.076	0.028076171875	1.0205078125	0.0	1.484375
04-Jul-2022 16:38:37.431	0.029296875	1.246337890625	-0.001220703125	1.553955078125
04-Jul-2022 16:38:38.080	0.03173828125	1.234130859375	0.0	1.654052734375
04-Jul-2022 16:38:38.427	0.030517578125	1.24755859375	-0.001220703125	1.724853515625
04-Jul-2022 16:38:39.078	0.035400390625	1.492919921875	-0.001220703125	1.80419921875
04-Jul-2022 16:38:39.433	0.0372314453125	1.4208984375	0.0	1.85546875
04-Jul-2022 16:38:40.073	0.0347900390625	1.52587890625	-0.001220703125	1.93115234375
04-Jul-2022 16:38:40.426	0.035400390625	1.66015625	-0.001220703125	1.9580078125
04-Jul-2022 16:38:41.071	0.0408935546875	1.7431640625	-0.001220703125	2.020263671875
04-Jul-2022 16:38:41.431	0.0372314453125	1.700439453125	0.0	2.056884765625
04-Jul-2022 16:38:42.085	0.0384521484375	1.767578125	-0.001220703125	2.06787109375
04-Jul-2022 16:38:42.430	0.04150390625	1.849365234375	0.0	2.0654296875
04-Jul-2022 16:38:43.074	0.0390625	1.77490234375	0.0	2.07275390625
04-Jul-2022 16:38:43.432	0.0396728515625	1.827392578125	0.0	2.073974609375
04-Jul-2022 16:38:44.081	0.0390625	1.8896484375	0.0	2.073974609375
04-Jul-2022 16:38:44.428	0.0396728515625	1.697998046875	-0.001220703125	2.064208984375
04-Jul-2022 16:38:45.083	0.0390625	1.824951171875	0.0	2.03857421875
04-Jul-2022 16:38:45.427	0.0384521484375	1.768798828125	0.0	2.06298828125
04-Jul-2022 16:38:46.078	0.03662109375	1.82373046875	0.0	2.000732421875
04-Jul-2022 16:38:46.431	0.03662109375	1.55517578125	-0.001220703125	1.976318359375
04-Jul-2022 16:38:47.078	0.0360107421875	1.67724609375	0.0	1.91650390625
04-Jul-2022 16:38:47.425	0.0347900390625	1.41357421875	0.0	1.866455078125
04-Jul-2022 16:38:48.075	0.0341796875	1.32568359375	0.0	1.80419921875
04-Jul-2022 16:38:48.424	0.0323486328125	1.28662109375	-0.001220703125	1.751708984375
04-Jul-2022 16:38:49.080	0.03173828125	1.11083984375	0.0	1.646728515625
04-Jul-2022 16:38:49.424	0.030517578125	1.153564453125	0.001220703125	1.59912109375
04-Jul-2022 16:38:50.071	0.0286865234375	1.03759765625	0.0	1.470947265625
04-Jul-2022 16:38:50.426	0.030517578125	0.9423828125	-0.001220703125	1.422119140625
04-Jul-2022 16:38:51.081	0.0262451171875	0.711669921875	0.0	1.30859375
04-Jul-2022 16:38:51.427	0.025634765625	0.657958984375	-0.001220703125	1.20849609375
04-Jul-2022 16:38:52.085	0.023193359375	0.482177734375	0.001220703125	1.068115234375
04-Jul-2022 16:38:52.422	0.0225830078125	0.396728515625	0.0	1.0107421875
04-Jul-2022 16:38:53.074	0.020751953125	0.3271484375	0.0	0.863037109375
04-Jul-2022 16:38:53.426	0.02197265625	0.311279296875	-0.001220703125	0.791015625
04-Jul-2022 16:38:54.085	0.0213623046875	0.3515625	-0.001220703125	0.623779296875
04-Jul-2022 16:38:54.421	0.01953125	0.15380859375	0.0	0.506591796875
04-Jul-2022 16:38:55.074	0.01953125	0.16357421875	0.0	0.35400390625
04-Jul-2022 16:38:55.429	0.0164794921875	0.1220703125	0.0	0.289306640625
04-Jul-2022 16:38:56.082	0.0189208984375	0.062255859375	0.0	0.11474609375
04-Jul-2022 16:38:56.428	0.0189208984375	0.057373046875	0.0	0.023193359375
04-Jul-2022 16:38:57.073	0.01953125	-0.130615234375	0.001220703125	-0.1318359375
04-Jul-2022 16:38:57.421	0.018310546875	-0.21728515625	-0.001220703125	-0.201416015625
04-Jul-2022 16:38:58.074	0.018310546875	-0.16357421875	-0.001220703125	-0.380859375
04-Jul-2022 16:38:58.427	0.0189208984375	-0.3466796875	0.001220703125	-0.462646484375
04-Jul-2022 16:38:59.083	0.018310546875	-0.377197265625	-0.001220703125	-0.58837890625
04-Jul-2022 16:38:59.427	0.0177001953125	-0.469970703125	0.0	-0.697021484375
04-Jul-2022 16:39:00.079	0.0177001953125	-0.611572265625	0.001220703125	-0.865478515625
04-Jul-2022 16:39:00.427	0.01708984375	-0.5859375	0.0	-0.933837890625
04-Jul-2022 16:39:01.083	0.015869140625	-0.5615234375	0.001220703125	-1.053466796875
04-Jul-2022 16:39:01.433	0.018310546875	-0.6298828125	0.001220703125	-1.1376953125
04-Jul-2022 16:39:02.079	0.015869140625	-0.665283203125	-0.001220703125	-1.231689453125
04-Jul-2022 16:39:02.425	0.0152587890625	-0.8349609375	0.001220703125	-1.31103515625
04-Jul-2022 16:39:03.087	0.013427734375	-1.044921875	0.0	-1.431884765625
04-Jul-2022 16:39:03.424	0.0164794921875	-0.994873046875	0.001220703125	-1.474609375
04-Jul-2022 16:39:04.080	0.013427734375	-1.119384765625	0.0	-1.56982421875
04-Jul-2022 16:39:04.424	0.0152587890625	-1.0888671875	0.00244140625	-1.640625
04-Jul-2022 16:39:05.074	0.0140380859375	-1.376953125	0.0	-1.72607421875
04-Jul-2022 16:39:05.428	0.00732421875	-1.28173828125	0.001220703125	-1.746826171875
04-Jul-2022 16:39:06.082	0.0115966796875	-1.273193359375	0.0	-1.82373046875
04-Jul-2022 16:39:06.433	0.0091552734375	-1.402587890625	-0.001220703125	-1.8359375
04-Jul-2022 16:39:07.076	0.0115966796875	-1.483154296875	0.0	-1.88232421875
04-Jul-2022 16:39:07.428	0.010986328125	-1.42333984375	0.001220703125	-1.90185546875
04-Jul-2022 16:39:08.079	0.010986328125	-1.466064453125	0.0	-1.94091796875
04-Jul-2022 16:39:08.422	0.0091552734375	-1.575927734375	0.001220703125	-1.912841796875
04-Jul-2022 16:39:09.083	0.0103759765625	-1.15478515625	0.0	-1.942138671875
04-Jul-2022 16:39:09.429	0.010986328125	-1.243896484375	-0.001220703125	-1.939697265625
04-Jul-2022 16:39:10.083	0.0103759765625	-1.5966796875	0.0	-1.91162109375
04-Jul-2022 16:39:10.422	0.0103759765625	-1.2060546875	0.0	-1.90185546875
04-Jul-2022 16:39:11.078	0.010986328125	-1.475830078125	0.001220703125	-1.883544921875
04-Jul-2022 16:39:11.430	0.0103759765625	-1.43310546875	0.0	-1.8701171875
04-Jul-2022 16:39:12.082	0.009765625	-1.258544921875	0.001220703125	-1.81640625
04-Jul-2022 16:39:12.422	0.0115966796875	-1.273193359375	0.001220703125	-1.776123046875
04-Jul-2022 16:39:13.079	0.01220703125	-1.031494140625	0.001220703125	-1.7041015625
04-Jul-2022 16:39:13.428	0.013427734375	-1.114501953125	0.001220703125	-1.649169921875
04-Jul-2022 16:39:14.076	0.010986328125	-1.02294921875	0.0	-1.575927734375
04-Jul-2022 16:39:14.434	0.0146484375	-1.099853515625	0.0	-1.513671875
04-Jul-2022 16:39:15.073	0.0177001953125	-0.863037109375	0.0	-1.40380859375
04-Jul-2022 16:39:15.434	0.0152587890625	-0.88623046875	-0.00244140625	-1.361083984375
04-Jul-2022 16:39:16.079	0.015869140625	-0.5908203125	0.0	-1.256103515625
04-Jul-2022 16:39:16.423	0.015869140625	-0.657958984375	0.0	-1.158447265625
04-Jul-2022 16:39:17.087	0.015869140625	-0.587158203125	0.001220703125	-1.04248046875
04-Jul-2022 16:39:17.423	0.0164794921875	-0.37841796875	0.0	-0.965576171875
04-Jul-2022 16:39:18.078	0.0164794921875	-0.379638671875	0.0	-0.8154296875
04-Jul-2022 16:39:18.435	0.01708984375	-0.435791015625	-0.00244140625	-0.758056640625
04-Jul-2022 16:39:19.073	0.018310546875	-0.1416015625	0.0	-0.628662109375
04-Jul-2022 16:39:19.430	0.018310546875	-0.1953125	0.001220703125	-0.523681640625
04-Jul-2022 16:39:20.080	0.018310546875	-0.089111328125	0.001220703125	-0.36865234375
04-Jul-2022 16:39:20.427	0.0189208984375	-0.15380859375	0.001220703125	-0.264892578125
04-Jul-2022 16:39:21.075	0.01953125	-0.096435546875	-0.001220703125	-0.128173828125
04-Jul-2022 16:39:21.425	0.01953125	0.009765625	0.001220703125	-0.01953125
04-Jul-2022 16:39:21.640	0.01953125	0.009765625	0.001220703125	-0.01953125
04-Jul-2022 16:39:22.083	0.0213623046875	0.106201171875	0.0	0.133056640625
04-Jul-2022 16:39:22.428	0.0189208984375	0.130615234375	-0.001220703125	0.208740234375
04-Jul-2022 16:39:22.733	0.020751953125	0.201416015625	0.0	0.29052734375
04-Jul-2022 16:39:23.084	0.0201416015625	0.211181640625	0.0	0.357666015625
04-Jul-2022 16:39:23.432	0.020751953125	0.28564453125	-0.001220703125	0.443115234375
04-Jul-2022 16:39:23.725	0.01953125	0.321044921875	0.001220703125	0.5322265625
04-Jul-2022 16:39:24.073	0.020751953125	0.25146484375	0.0	0.609130859375
04-Jul-2022 16:39:24.424	0.020751953125	0.479736328125	-0.001220703125	0.694580078125
04-Jul-2022 16:39:24.728	0.0213623046875	0.350341796875	0.0	0.77880859375
04-Jul-2022 16:39:25.081	0.0225830078125	0.32470703125	0.0	0.843505859375
04-Jul-2022 16:39:25.430	0.023193359375	0.557861328125	0.0	0.92041015625
04-Jul-2022 16:39:25.735	0.0225830078125	0.51025390625	-0.001220703125	1.02294921875
04-Jul-2022 16:39:26.075	0.0238037109375	0.57861328125	0.0	1.07421875
04-Jul-2022 16:39:26.426	0.025634765625	0.648193359375	0.0	1.15966796875
04-Jul-2022 16:39:26.722	0.0262451171875	0.810546875	-0.001220703125	1.241455078125
04-Jul-2022 16:39:27.083	0.0262451171875	0.77392578125	0.0	1.30859375
04-Jul-2022 16:39:27.431	0.028076171875	0.821533203125	0.0	1.365966796875
04-Jul-2022 16:39:27.735	0.028076171875	0.86669921875	-0.001220703125	1.4404296875
04-Jul-2022 16:39:28.079	0.029296875	1.00341796875	-0.001220703125	1.461181640625
04-Jul-2022 16:39:28.431	0.029296875	1.09130859375	0.001220703125	1.54541015625
04-Jul-2022 16:39:28.729	0.030517578125	1.1962890625	0.001220703125	1.60400390625
04-Jul-2022 16:39:29.075	0.030517578125	1.23291015625	0.0	1.66748046875
04-Jul-2022 16:39:29.432	0.0311279296875	1.131591796875	0.0	1.693115234375
04-Jul-2022 16:39:29.736	0.030517578125	1.302490234375	-0.001220703125	1.746826171875
04-Jul-2022 16:39:30.072	0.0335693359375	1.3232421875	0.0	1.79443359375
04-Jul-2022 16:39:30.422	0.035400390625	1.512451171875	0.0	1.842041015625
04-Jul-2022 16:39:30.728	0.0347900390625	1.553955078125	0.0	1.8798828125
04-Jul-2022 16:39:31.081	0.0347900390625	1.575927734375	0.0	1.915283203125
04-Jul-2022 16:39:31.431	0.0360107421875	1.6259765625	0.0	1.9482421875
04-Jul-2022 16:39:31.726	0.035400390625	1.607666015625	0.0	1.97998046875
04-Jul-2022 16:39:32.085	0.03662109375	1.634521484375	-0.001220703125	2.00439453125
04-Jul-2022 16:39:32.431	0.0372314453125	1.859130859375	-0.001220703125	2.034912109375
04-Jul-2022 16:39:32.721	0.0372314453125	1.51611328125	-0.001220703125	2.064208984375
04-Jul-2022 16:39:33.078	0.0390625	1.942138671875	0.001220703125	2.041015625
04-Jul-2022 16:39:33.423	0.0372314453125	1.676025390625	0.0	2.05810546875
04-Jul-2022 16:39:33.735	0.0372314453125	1.7529296875	0.0	2.06787109375
04-Jul-2022 16:39:34.080	0.0360107421875	1.806640625	0.0	2.066650390625
04-Jul-2022 16:39:34.425	0.0372314453125	1.822509765625	0.0	2.0703125
04-Jul-2022 16:39:34.726	0.0372314453125	1.767578125	-0.001220703125	2.07275390625
04-Jul-2022 16:39:35.082	0.0390625	1.69189453125	-0.001220703125	2.066650390625
04-Jul-2022 16:39:35.422	0.03662109375	1.761474609375	-0.001220703125	2.0654296875
04-Jul-2022 16:39:35.732	0.0396728515625	1.824951171875	-0.001220703125	2.07275390625
04-Jul-2022 16:39:36.078	0.0396728515625	1.76513671875	-0.001220703125	2.064208984375
04-Jul-2022 16:39:36.434	0.04150390625	1.646728515625	0.001220703125	2.052001953125
04-Jul-2022 16:39:36.731	0.0372314453125	1.956787109375	0.0	2.042236328125
04-Jul-2022 16:39:37.074	0.0372314453125	1.722412109375	0.0	2.008056640625
04-Jul-2022 16:39:37.431	0.0372314453125	1.6796875	-0.001220703125	1.971435546875
04-Jul-2022 16:39:37.734	0.0360107421875	1.610107421875	-0.00244140625	1.961669921875
04-Jul-2022 16:39:38.072	0.0347900390625	1.66748046875	0.0	1.9189453125
04-Jul-2022 16:39:38.427	0.032958984375	1.3671875	0.0	1.873779296875
04-Jul-2022 16:39:38.734	0.0341796875	1.507568359375	0.0	1.8408203125
04-Jul-2022 16:39:39.077	0.0347900390625	1.44775390625	0.0	1.80908203125
04-Jul-2022 16:39:39.435	0.03173828125	1.46728515625	0.0	1.754150390625
04-Jul-2022 16:39:39.725	0.032958984375	1.197509765625	-0.001220703125	1.69677734375
04-Jul-2022 16:39:40.085	0.0323486328125	1.282958984375	0.0	1.661376953125
04-Jul-2022 16:39:40.422	0.028076171875	1.23779296875	0.0	1.588134765625
04-Jul-2022 16:39:40.729	0.029296875	1.107177734375	0.0	1.568603515625
04-Jul-2022 16:39:41.098	0.0286865234375	0.9912109375	0.0	1.468505859375
04-Jul-2022 16:39:41.432	0.028076171875	0.84228515625	-0.001220703125	1.424560546875
04-Jul-2022 16:39:41.734	0.028076171875	0.9130859375	0.0	1.358642578125
04-Jul-2022 16:39:42.083	0.02685546875	0.850830078125	-0.001220703125	1.30859375
04-Jul-2022 16:39:42.432	0.023193359375	0.650634765625	0.0	1.224365234375
04-Jul-2022 16:39:42.723	0.0244140625	0.645751953125	-0.001220703125	1.163330078125
04-Jul-2022 16:39:43.081	0.0238037109375	0.587158203125	0.0	1.11083984375
04-Jul-2022 16:39:43.427	0.0225830078125	0.6640625	-0.001220703125	0.994873046875
04-Jul-2022 16:39:43.733	0.0225830078125	0.4248046875	0.0	0.95703125
04-Jul-2022 16:39:44.076	0.02197265625	0.4150390625	0.0	0.853271484375
04-Jul-2022 16:39:44.422	0.023193359375	0.213623046875	-0.001220703125	0.7861328125
04-Jul-2022 16:39:44.731	0.0201416015625	0.257568359375	0.001220703125	0.693359375
04-Jul-2022 16:39:45.080	0.0201416015625	0.179443359375	0.0	0.60546875
04-Jul-2022 16:39:45.424	0.018310546875	0.235595703125	0.0	0.538330078125
04-Jul-2022 16:39:45.727	0.018310546875	0.20751953125	0.0	0.45166015625
04-Jul-2022 16:39:46.085	0.018310546875	0.101318359375	-0.001220703125	0.35888671875
04-Jul-2022 16:39:46.433	0.01953125	0.1611328125	0.001220703125	0.281982421875
04-Jul-2022 16:39:46.728	0.0189208984375	0.1123046875	0.0	0.20263671875
04-Jul-2022 16:39:47.084	0.0189208984375	0.0830078125	0.001220703125	0.1220703125
04-Jul-2022 16:39:47.425	0.018310546875	-0.096435546875	0.001220703125	0.028076171875
04-Jul-2022 16:39:47.729	0.01953125	-0.1171875	0.0	-0.028076171875
04-Jul-2022 16:39:48.077	0.0225830078125	-0.120849609375	0.0	-0.1171875
04-Jul-2022 16:39:48.421	0.01953125	-0.11474609375	0.0	-0.19287109375
04-Jul-2022 16:39:48.730	0.01953125	-0.1025390625	0.0	-0.274658203125
04-Jul-2022 16:39:49.071	0.0189208984375	-0.2392578125	0.0	-0.36865234375
04-Jul-2022 16:39:49.424	0.0189208984375	-0.240478515625	0.0	-0.44677734375
04-Jul-2022 16:39:49.722	0.023193359375	-0.2099609375	0.001220703125	-0.49072265625
04-Jul-2022 16:39:50.076	0.0189208984375	-0.399169921875	0.0	-0.638427734375
04-Jul-2022 16:39:50.430	0.0177001953125	-0.286865234375	0.001220703125	-0.694580078125
04-Jul-2022 16:39:50.728	0.0177001953125	-0.313720703125	0.001220703125	-0.7568359375
04-Jul-2022 16:39:51.084	0.0177001953125	-0.5029296875	0.0	-0.860595703125
04-Jul-2022 16:39:51.426	0.0201416015625	-0.47119140625	0.001220703125	-0.931396484375
04-Jul-2022 16:39:51.733	0.01708984375	-0.48828125	0.0	-0.99609375
04-Jul-2022 16:39:52.074	0.0115966796875	-0.546875	0.001220703125	-1.041259765625
04-Jul-2022 16:39:52.432	0.0164794921875	-0.850830078125	0.001220703125	-1.138916015625
04-Jul-2022 16:39:52.727	0.015869140625	-0.73486328125	0.001220703125	-1.171875
04-Jul-2022 16:39:53.072	0.015869140625	-0.75927734375	0.0	-1.236572265625
04-Jul-2022 16:39:53.423	0.0152587890625	-0.762939453125	0.0	-1.307373046875
04-Jul-2022 16:39:53.728	0.01708984375	-0.972900390625	0.0	-1.36962890625
04-Jul-2022 16:39:54.082	0.0140380859375	-0.809326171875	0.0	-1.424560546875
04-Jul-2022 16:39:54.431	0.01220703125	-0.947265625	0.00244140625	-1.4599609375
04-Jul-2022 16:39:54.727	0.013427734375	-0.92529296875	0.001220703125	-1.534423828125
04-Jul-2022 16:39:55.072	0.013427734375	-1.2548828125	0.001220703125	-1.573486328125
04-Jul-2022 16:39:55.424	0.01220703125	-1.23046875	0.0	-1.61376953125
04-Jul-2022 16:39:55.721	0.01220703125	-1.190185546875	0.0	-1.668701171875
04-Jul-2022 16:39:56.085	0.0115966796875	-1.27685546875	-0.001220703125	-1.697998046875
04-Jul-2022 16:39:56.435	0.01220703125	-1.26220703125	0.0	-1.748046875
04-Jul-2022 16:39:56.725	0.010986328125	-1.36474609375	0.0	-1.766357421875
04-Jul-2022 16:39:57.081	0.0103759765625	-1.45751953125	0.001220703125	-1.815185546875
04-Jul-2022 16:39:57.424	0.0091552734375	-1.36962890625	0.001220703125	-1.826171875
04-Jul-2022 16:39:57.721	0.009765625	-1.519775390625	0.0	-1.854248046875
04-Jul-2022 16:39:58.076	0.010986328125	-1.35009765625	0.0	-1.888427734375
04-Jul-2022 16:39:58.432	0.0091552734375	-1.470947265625	0.001220703125	-1.900634765625
04-Jul-2022 16:39:58.721	0.009765625	-1.485595703125	0.001220703125	-1.937255859375
04-Jul-2022 16:39:59.072	0.0091552734375	-1.58203125	0.0	-1.944580078125
04-Jul-2022 16:39:59.424	0.0091552734375	-1.72119140625	0.001220703125	-1.904296875
04-Jul-2022 16:39:59.723	0.009765625	-1.5087890625	0.001220703125	-1.94580078125
04-Jul-2022 16:40:00.077	0.0091552734375	-1.51123046875	0.001220703125	-1.944580078125
04-Jul-2022 16:40:00.426	0.009765625	-1.52099609375	0.001220703125	-1.942138671875
04-Jul-2022 16:40:00.723	0.0103759765625	-1.734619140625	0.001220703125	-1.93603515625
04-Jul-2022 16:40:01.083	0.0103759765625	-1.685791015625	0.001220703125	-1.910400390625
04-Jul-2022 16:40:01.427	0.0103759765625	-1.685791015625	0.001220703125	-1.903076171875
04-Jul-2022 16:40:01.733	0.0103759765625	-1.519775390625	0.001220703125	-1.893310546875
04-Jul-2022 16:40:02.070	0.009765625	-1.42333984375	0.0	-1.89208984375
04-Jul-2022 16:40:02.434	0.010986328125	-1.483154296875	0.001220703125	-1.864013671875
04-Jul-2022 16:40:02.720	0.009765625	-1.383056640625	0.001220703125	-1.839599609375
04-Jul-2022 16:40:03.074	0.010986328125	-1.4111328125	0.0	-1.810302734375
04-Jul-2022 16:40:03.421	0.010986328125	-1.383056640625	0.0	-1.77490234375
04-Jul-2022 16:40:03.721	0.010986328125	-1.2451171875	0.001220703125	-1.75048828125
04-Jul-2022 16:40:04.073	0.01220703125	-1.24755859375	0.001220703125	-1.71630859375
04-Jul-2022 16:40:04.427	0.01220703125	-1.224365234375	0.001220703125	-1.663818359375
04-Jul-2022 16:40:04.726	0.01220703125	-1.23046875	0.0	-1.61865234375
04-Jul-2022 16:40:05.075	0.0152587890625	-1.072998046875	0.0	-1.585693359375
04-Jul-2022 16:40:05.433	0.01220703125	-1.23291015625	0.0	-1.5478515625
04-Jul-2022 16:40:05.722	0.0140380859375	-0.95703125	0.001220703125	-1.4697265625
04-Jul-2022 16:40:06.083	0.015869140625	-0.83984375	0.001220703125	-1.416015625
04-Jul-2022 16:40:06.427	0.01220703125	-0.9521484375	0.0	-1.375732421875
04-Jul-2022 16:40:06.732	0.0152587890625	-0.823974609375	0.0	-1.33056640625
04-Jul-2022 16:40:07.083	0.0152587890625	-0.69091796875	0.0	-1.248779296875
04-Jul-2022 16:40:07.428	0.0152587890625	-0.68603515625	0.001220703125	-1.16943359375
04-Jul-2022 16:40:07.730	0.015869140625	-0.684814453125	0.001220703125	-1.129150390625
04-Jul-2022 16:40:08.079	0.01953125	-0.682373046875	0.0	-1.055908203125
04-Jul-2022 16:40:08.429	0.015869140625	-0.523681640625	0.001220703125	-1.007080078125
04-Jul-2022 16:40:08.726	0.015869140625	-0.60546875	0.0	-0.927734375
04-Jul-2022 16:40:09.079	0.0177001953125	-0.44677734375	0.0	-0.81787109375
04-Jul-2022 16:40:09.421	0.0177001953125	-0.39794921875	0.0	-0.78369140625
04-Jul-2022 16:40:09.730	0.01953125	-0.430908203125	0.001220703125	-0.692138671875
04-Jul-2022 16:40:10.076	0.0177001953125	-0.1708984375	0.0	-0.61767578125
04-Jul-2022 16:40:10.426	0.015869140625	-0.135498046875	0.0	-0.54443359375
04-Jul-2022 16:40:10.726	0.0177001953125	-0.1513671875	0.0	-0.44189453125
04-Jul-2022 16:40:11.082	0.018310546875	-0.25146484375	0.0	-0.37353515625
04-Jul-2022 16:40:11.428	0.018310546875	-0.162353515625	0.001220703125	-0.272216796875
04-Jul-2022 16:40:11.729	0.0201416015625	-0.0439453125	-0.001220703125	-0.218505859375
04-Jul-2022 16:40:12.072	0.01953125	-0.137939453125	0.001220703125	-0.13427734375
04-Jul-2022 16:40:12.425	0.01953125	-0.069580078125	0.0	-0.0390625
04-Jul-2022 16:40:12.665	0.01953125	-0.069580078125	0.0	-0.0390625
04-Jul-2022 16:40:13.076	0.0201416015625	0.111083984375	-0.001220703125	0.11474609375
04-Jul-2022 16:40:13.422	0.018310546875	0.113525390625	-0.001220703125	0.20263671875
04-Jul-2022 16:40:13.743	0.01953125	0.2099609375	0.001220703125	0.286865234375
04-Jul-2022 16:40:14.083	0.01953125	0.25634765625	0.0	0.38330078125
04-Jul-2022 16:40:14.431	0.01953125	0.23193359375	0.0	0.46142578125
04-Jul-2022 16:40:14.751	0.0201416015625	0.277099609375	0.0	0.555419921875
04-Jul-2022 16:40:15.077	0.020751953125	0.23681640625	0.001220703125	0.62744140625
04-Jul-2022 16:40:15.423	0.020751953125	0.31494140625	-0.001220703125	0.69091796875
04-Jul-2022 16:40:15.742	0.02197265625	0.509033203125	0.0	0.782470703125
04-Jul-2022 16:40:16.082	0.0213623046875	0.5224609375	0.0	0.836181640625
04-Jul-2022 16:40:16.440	0.02197265625	0.52490234375	0.0	0.941162109375
04-Jul-2022 16:40:16.752	0.0238037109375	0.552978515625	0.0	1.0009765625
04-Jul-2022 16:40:17.083	0.0274658203125	0.68603515625	-0.001220703125	1.072998046875
04-Jul-2022 16:40:17.437	0.025634765625	0.66650390625	0.0	1.131591796875
04-Jul-2022 16:40:17.752	0.025634765625	0.86669921875	0.0	1.204833984375
04-Jul-2022 16:40:18.074	0.025634765625	0.76416015625	-0.001220703125	1.287841796875
04-Jul-2022 16:40:18.429	0.02685546875	0.806884765625	0.0	1.34521484375
04-Jul-2022 16:40:18.741	0.0274658203125	0.972900390625	0.0	1.407470703125
04-Jul-2022 16:40:19.075	0.028076171875	0.977783203125	0.0	1.485595703125
04-Jul-2022 16:40:19.422	0.0286865234375	1.103515625	0.0	1.558837890625
04-Jul-2022 16:40:19.750	0.0299072265625	1.08642578125	0.0	1.583251953125
04-Jul-2022 16:40:20.076	0.030517578125	1.334228515625	0.0	1.629638671875
04-Jul-2022 16:40:20.426	0.03173828125	1.304931640625	0.00244140625	1.70654296875
04-Jul-2022 16:40:20.739	0.0323486328125	1.44775390625	0.0	1.75537109375
04-Jul-2022 16:40:21.076	0.032958984375	1.4599609375	-0.001220703125	1.793212890625
04-Jul-2022 16:40:21.427	0.0341796875	1.46240234375	0.001220703125	1.8359375
04-Jul-2022 16:40:21.740	0.035400390625	1.527099609375	0.0	1.8798828125
04-Jul-2022 16:40:22.083	0.035400390625	1.572265625	-0.001220703125	1.920166015625
04-Jul-2022 16:40:22.435	0.0372314453125	1.56982421875	0.0	1.954345703125
04-Jul-2022 16:40:22.744	0.0360107421875	1.627197265625	-0.001220703125	1.97509765625
04-Jul-2022 16:40:23.081	0.0347900390625	1.522216796875	-0.001220703125	2.00439453125
04-Jul-2022 16:40:23.432	0.0384521484375	1.610107421875	0.0	2.030029296875
04-Jul-2022 16:40:23.744	0.0384521484375	1.666259765625	0.0	2.054443359375
04-Jul-2022 16:40:24.080	0.0390625	1.77734375	0.0	2.0361328125
04-Jul-2022 16:40:24.422	0.0390625	1.8310546875	0.0	2.066650390625
04-Jul-2022 16:40:24.738	0.0384521484375	1.81640625	-0.001220703125	2.07763671875
04-Jul-2022 16:40:25.083	0.0390625	1.895751953125	0.0	2.064208984375
04-Jul-2022 16:40:25.431	0.0384521484375	1.888427734375	0.0	2.069091796875
04-Jul-2022 16:40:25.744	0.0372314453125	1.656494140625	-0.001220703125	2.0654296875
04-Jul-2022 16:40:26.085	0.0390625	1.883544921875	0.0	2.06298828125
04-Jul-2022 16:40:26.442	0.0408935546875	1.846923828125	0.0	2.066650390625
04-Jul-2022 16:40:26.738	0.0384521484375	1.76513671875	-0.001220703125	2.06787109375
04-Jul-2022 16:40:27.073	0.0408935546875	1.8603515625	0.0	2.06298828125
04-Jul-2022 16:40:27.432	0.0347900390625	1.64794921875	-0.001220703125	2.03369140625
04-Jul-2022 16:40:27.734	0.0360107421875	1.646728515625	-0.001220703125	2.01904296875
04-Jul-2022 16:40:28.072	0.0372314453125	1.74560546875	0.0	2.01416015625
04-Jul-2022 16:40:28.433	0.03662109375	1.6552734375	0.0	1.981201171875
04-Jul-2022 16:40:28.733	0.035400390625	1.512451171875	0.0	1.95556640625
04-Jul-2022 16:40:29.082	0.0335693359375	1.500244140625	-0.001220703125	1.922607421875
04-Jul-2022 16:40:29.432	0.0341796875	1.4697265625	0.0	1.88232421875
04-Jul-2022 16:40:29.732	0.0323486328125	1.585693359375	0.0	1.849365234375
04-Jul-2022 16:40:30.077	0.0341796875	1.4111328125	0.0	1.79931640625
04-Jul-2022 16:40:30.435	0.0323486328125	1.484375	0.0	1.7578125
04-Jul-2022 16:40:30.737	0.03173828125	1.19384765625	0.0	1.712646484375
04-Jul-2022 16:40:31.075	0.035400390625	1.336669921875	0.0	1.67724609375
04-Jul-2022 16:40:31.428	0.030517578125	1.243896484375	0.0	1.614990234375
04-Jul-2022 16:40:31.736	0.030517578125	1.15966796875	0.0	1.568603515625
04-Jul-2022 16:40:32.082	0.0286865234375	1.033935546875	0.0	1.494140625
04-Jul-2022 16:40:32.428	0.0262451171875	0.916748046875	0.001220703125	1.44775390625
04-Jul-2022 16:40:32.739	0.028076171875	0.859375	0.0	1.375732421875
04-Jul-2022 16:40:33.082	0.0262451171875	0.792236328125	-0.001220703125	1.334228515625
04-Jul-2022 16:40:33.428	0.0274658203125	0.911865234375	0.0	1.26220703125
04-Jul-2022 16:40:33.743	0.025634765625	0.64697265625	-0.001220703125	1.153564453125
04-Jul-2022 16:40:34.086	0.0244140625	0.545654296875	0.0	1.075439453125
04-Jul-2022 16:40:34.429	0.02685546875	0.64453125	-0.001220703125	1.02783203125
04-Jul-2022 16:40:34.735	0.02197265625	0.355224609375	0.0	0.972900390625
04-Jul-2022 16:40:35.082	0.0213623046875	0.55908203125	0.001220703125	0.889892578125
04-Jul-2022 16:40:35.432	0.0225830078125	0.3662109375	0.0	0.76416015625
04-Jul-2022 16:40:35.741	0.020751953125	0.281982421875	0.0	0.714111328125
04-Jul-2022 16:40:36.084	0.0201416015625	0.23681640625	0.0	0.631103515625
04-Jul-2022 16:40:36.435	0.01953125	0.283203125	0.0	0.531005859375
04-Jul-2022 16:40:36.734	0.01953125	0.233154296875	0.0	0.48095703125
04-Jul-2022 16:40:37.073	0.01953125	0.11962890625	0.0	0.377197265625
04-Jul-2022 16:40:37.436	0.0189208984375	0.177001953125	0.0	0.296630859375
04-Jul-2022 16:40:37.734	0.01953125	0.15625	0.0	0.224609375
04-Jul-2022 16:40:38.075	0.020751953125	0.0537109375	-0.001220703125	0.13427734375
04-Jul-2022 16:40:38.441	0.0189208984375	-0.04150390625	0.0	0.029296875
04-Jul-2022 16:40:38.737	0.01953125	-0.05859375	0.0	-0.02197265625
04-Jul-2022 16:40:39.073	0.018310546875	-0.06591796875	0.001220703125	-0.106201171875
04-Jul-2022 16:40:39.431	0.01953125	-0.103759765625	0.0	-0.19775390625
04-Jul-2022 16:40:39.736	0.018310546875	-0.205078125	0.0	-0.267333984375
04-Jul-2022 16:40:40.086	0.0177001953125	-0.27099609375	0.001220703125	-0.372314453125
04-Jul-2022 16:40:40.430	0.018310546875	-0.338134765625	0.0	-0.450439453125
04-Jul-2022 16:40:40.742	0.01708984375	-0.306396484375	0.0	-0.518798828125
04-Jul-2022 16:40:41.084	0.0177001953125	-0.291748046875	0.0	-0.614013671875
04-Jul-2022 16:40:41.434	0.0177001953125	-0.4443359375	0.0	-0.694580078125
04-Jul-2022 16:40:41.737	0.015869140625	-0.40771484375	0.001220703125	-0.7373046875
04-Jul-2022 16:40:42.072	0.0177001953125	-0.545654296875	0.0	-0.82275390625
04-Jul-2022 16:40:42.423	0.0164794921875	-0.555419921875	0.0	-0.911865234375
04-Jul-2022 16:40:42.736	0.015869140625	-0.56884765625	0.0	-0.938720703125
04-Jul-2022 16:40:43.071	0.01708984375	-0.728759765625	0.0	-1.046142578125
04-Jul-2022 16:40:43.430	0.0164794921875	-0.677490234375	0.0	-1.1083984375
04-Jul-2022 16:40:43.741	0.015869140625	-0.64697265625	0.001220703125	-1.153564453125
04-Jul-2022 16:40:44.078	0.0146484375	-0.872802734375	0.0	-1.24267578125
04-Jul-2022 16:40:44.423	0.015869140625	-0.924072265625	0.0	-1.295166015625
04-Jul-2022 16:40:44.735	0.013427734375	-1.007080078125	0.001220703125	-1.34033203125
04-Jul-2022 16:40:45.086	0.0140380859375	-0.946044921875	0.0	-1.39892578125
04-Jul-2022 16:40:45.432	0.01708984375	-0.933837890625	0.001220703125	-1.463623046875
04-Jul-2022 16:40:45.735	0.013427734375	-1.1328125	0.0	-1.52587890625
04-Jul-2022 16:40:46.074	0.01220703125	-1.251220703125	0.001220703125	-1.580810546875
04-Jul-2022 16:40:46.432	0.0140380859375	-1.243896484375	0.0	-1.6259765625
04-Jul-2022 16:40:46.743	0.01220703125	-1.240234375	0.001220703125	-1.663818359375
04-Jul-2022 16:40:47.074	0.0115966796875	-1.292724609375	0.001220703125	-1.6943359375
04-Jul-2022 16:40:47.437	0.0103759765625	-1.348876953125	0.001220703125	-1.75537109375
04-Jul-2022 16:40:47.738	0.009765625	-1.30126953125	0.0	-1.7724609375
04-Jul-2022 16:40:48.073	0.0140380859375	-1.314697265625	0.001220703125	-1.807861328125
04-Jul-2022 16:40:48.430	0.0103759765625	-1.456298828125	0.001220703125	-1.83837890625
04-Jul-2022 16:40:48.741	0.010986328125	-1.29638671875	0.001220703125	-1.865234375
04-Jul-2022 16:40:49.082	0.009765625	-1.455078125	0.001220703125	-1.8896484375
04-Jul-2022 16:40:49.431	0.009765625	-1.396484375	0.001220703125	-1.8896484375
04-Jul-2022 16:40:49.731	0.009765625	-1.29150390625	0.001220703125	-1.90185546875
04-Jul-2022 16:40:50.072	0.009765625	-1.8017578125	0.001220703125	-1.9189453125
04-Jul-2022 16:40:50.432	0.009765625	-1.556396484375	0.001220703125	-1.942138671875
04-Jul-2022 16:40:50.734	0.009765625	-1.612548828125	0.001220703125	-1.903076171875
04-Jul-2022 16:40:51.082	0.0103759765625	-1.512451171875	0.001220703125	-1.94091796875
04-Jul-2022 16:40:51.432	0.009765625	-1.416015625	0.001220703125	-1.944580078125
04-Jul-2022 16:40:51.754	0.0103759765625	-1.279296875	0.001220703125	-1.932373046875
04-Jul-2022 16:40:52.081	0.0103759765625	-1.62109375	0.0	-1.904296875
04-Jul-2022 16:40:52.422	0.0103759765625	-1.593017578125	0.001220703125	-1.90185546875
04-Jul-2022 16:40:52.744	0.0103759765625	-1.51123046875	0.001220703125	-1.900634765625
04-Jul-2022 16:40:53.081	0.010986328125	-1.39892578125	0.0	-1.89208984375
04-Jul-2022 16:40:53.431	0.01220703125	-1.436767578125	0.001220703125	-1.864013671875
04-Jul-2022 16:40:53.745	0.0103759765625	-1.383056640625	0.001220703125	-1.849365234375
04-Jul-2022 16:40:54.079	0.0103759765625	-1.34033203125	0.001220703125	-1.81884765625
04-Jul-2022 16:40:54.422	0.009765625	-1.3037109375	0.0	-1.771240234375
04-Jul-2022 16:40:54.745	0.010986328125	-1.314697265625	0.001220703125	-1.741943359375
04-Jul-2022 16:40:55.075	0.0152587890625	-1.231689453125	0.0	-1.7236328125
04-Jul-2022 16:40:55.422	0.0115966796875	-1.373291015625	0.001220703125	-1.6455078125
04-Jul-2022 16:40:55.735	0.009765625	-1.209716796875	0.001220703125	-1.624755859375
04-Jul-2022 16:40:56.078	0.01220703125	-1.202392578125	-0.001220703125	-1.591796875
04-Jul-2022 16:40:56.425	0.0140380859375	-1.26708984375	0.001220703125	-1.52587890625
04-Jul-2022 16:40:56.741	0.0146484375	-0.99365234375	0.0	-1.5087890625
04-Jul-2022 16:40:57.072	0.0164794921875	-1.07421875	0.001220703125	-1.441650390625
04-Jul-2022 16:40:57.435	0.0146484375	-0.95947265625	0.0	-1.358642578125
04-Jul-2022 16:40:57.732	0.013427734375	-0.877685546875	0.0	-1.35009765625
04-Jul-2022 16:40:58.070	0.0164794921875	-0.721435546875	0.001220703125	-1.2646484375
04-Jul-2022 16:40:58.429	0.015869140625	-0.872802734375	0.001220703125	-1.197509765625
04-Jul-2022 16:40:58.735	0.0152587890625	-0.809326171875	0.0	-1.131591796875
04-Jul-2022 16:40:59.073	0.018310546875	-0.738525390625	0.0	-1.053466796875
04-Jul-2022 16:40:59.429	0.01708984375	-0.53466796875	0.001220703125	-0.960693359375
04-Jul-2022 16:40:59.737	0.01708984375	-0.550537109375	-0.001220703125	-0.943603515625
04-Jul-2022 16:41:00.079	0.01708984375	-0.3564453125	0.001220703125	-0.858154296875
04-Jul-2022 16:41:00.423	0.018310546875	-0.404052734375	0.0	-0.77392578125
04-Jul-2022 16:41:00.744	0.018310546875	-0.41259765625	0.0	-0.7177734375
04-Jul-2022 16:41:01.073	0.018310546875	-0.185546875	-0.001220703125	-0.589599609375
04-Jul-2022 16:41:01.424	0.018310546875	-0.31982421875	0.001220703125	-0.533447265625
04-Jul-2022 16:41:01.741	0.0177001953125	-0.111083984375	0.0	-0.44921875
04-Jul-2022 16:41:02.076	0.018310546875	-0.101318359375	0.0	-0.3662109375
04-Jul-2022 16:41:02.436	0.0177001953125	-0.108642578125	-0.00244140625	-0.299072265625
04-Jul-2022 16:41:02.740	0.0189208984375	-0.14892578125	0.0	-0.23193359375
04-Jul-2022 16:41:03.082	0.0189208984375	-0.1025390625	0.0	-0.14404296875
04-Jul-2022 16:41:03.421	0.01953125	-0.09033203125	0.0	-0.04638671875
04-Jul-2022 16:41:03.706	0.01953125	-0.09033203125	0.0	-0.04638671875
04-Jul-2022 16:41:04.071	0.01953125	0.067138671875	0.0	0.108642578125
04-Jul-2022 16:41:04.425	0.018310546875	0.1025390625	0.0	0.177001953125
04-Jul-2022 16:41:04.845	0.018310546875	0.242919921875	0.0	0.296630859375
04-Jul-2022 16:41:05.078	0.0201416015625	0.18310546875	0.0	0.355224609375
04-Jul-2022 16:41:05.432	0.0189208984375	0.26123046875	0.0	0.440673828125
04-Jul-2022 16:41:05.830	0.0201416015625	0.352783203125	0.0	0.53955078125
04-Jul-2022 16:41:06.072	0.020751953125	0.274658203125	0.0	0.611572265625
04-Jul-2022 16:41:06.428	0.020751953125	0.274658203125	0.001220703125	0.672607421875
04-Jul-2022 16:41:06.828	0.020751953125	0.338134765625	0.0	0.7958984375
04-Jul-2022 16:41:07.085	0.0213623046875	0.438232421875	-0.001220703125	0.86181640625
04-Jul-2022 16:41:07.431	0.023193359375	0.5419921875	0.001220703125	0.947265625
04-Jul-2022 16:41:07.834	0.02685546875	0.62255859375	0.001220703125	1.00341796875
04-Jul-2022 16:41:08.079	0.0244140625	0.682373046875	0.0	1.10107421875
04-Jul-2022 16:41:08.423	0.023193359375	0.8447265625	0.0	1.146240234375
04-Jul-2022 16:41:08.831	0.025634765625	0.8740234375	0.0	1.243896484375
04-Jul-2022 16:41:09.072	0.0250244140625	0.748291015625	-0.001220703125	1.3037109375
04-Jul-2022 16:41:09.424	0.02685546875	0.80810546875	0.0	1.351318359375
04-Jul-2022 16:41:09.824	0.0286865234375	1.0595703125	-0.001220703125	1.451416015625
04-Jul-2022 16:41:10.085	0.028076171875	0.958251953125	0.0	1.468505859375
04-Jul-2022 16:41:10.422	0.030517578125	1.12060546875	0.0	1.539306640625
04-Jul-2022 16:41:10.830	0.030517578125	1.187744140625	-0.001220703125	1.6015625
04-Jul-2022 16:41:11.074	0.030517578125	1.18408203125	0.0	1.646728515625
04-Jul-2022 16:41:11.425	0.03173828125	1.290283203125	0.0	1.673583984375
04-Jul-2022 16:41:11.822	0.0341796875	1.414794921875	-0.001220703125	1.751708984375
04-Jul-2022 16:41:12.076	0.0335693359375	1.427001953125	-0.001220703125	1.787109375
04-Jul-2022 16:41:12.433	0.0341796875	1.512451171875	-0.001220703125	1.842041015625
04-Jul-2022 16:41:12.827	0.0347900390625	1.671142578125	-0.001220703125	1.884765625
04-Jul-2022 16:41:13.081	0.035400390625	1.54541015625	-0.001220703125	1.912841796875
04-Jul-2022 16:41:13.432	0.03662109375	1.66259765625	-0.001220703125	1.951904296875
04-Jul-2022 16:41:13.826	0.0360107421875	1.663818359375	0.0	1.971435546875
04-Jul-2022 16:41:14.078	0.0372314453125	1.7529296875	-0.001220703125	2.005615234375
04-Jul-2022 16:41:14.434	0.0347900390625	1.787109375	-0.001220703125	2.01904296875
04-Jul-2022 16:41:14.822	0.0384521484375	1.7919921875	0.0	2.064208984375
04-Jul-2022 16:41:15.073	0.0384521484375	1.71875	0.0	2.0703125
04-Jul-2022 16:41:15.425	0.0390625	1.78466796875	0.0	2.060546875
04-Jul-2022 16:41:15.828	0.0390625	1.75048828125	-0.001220703125	2.059326171875
04-Jul-2022 16:41:16.074	0.0390625	1.820068359375	0.0	2.059326171875
04-Jul-2022 16:41:16.432	0.03662109375	1.8603515625	0.0	2.069091796875
04-Jul-2022 16:41:16.832	0.0384521484375	1.80908203125	0.0	2.064208984375
04-Jul-2022 16:41:17.081	0.0384521484375	1.8701171875	-0.001220703125	2.06787109375
04-Jul-2022 16:41:17.423	0.0396728515625	1.7529296875	0.0	2.064208984375
04-Jul-2022 16:41:17.824	0.0408935546875	1.79443359375	-0.001220703125	2.06787109375
04-Jul-2022 16:41:18.085	0.0372314453125	1.837158203125	-0.001220703125	2.066650390625
04-Jul-2022 16:41:18.427	0.0372314453125	1.846923828125	-0.001220703125	2.030029296875
04-Jul-2022 16:41:18.835	0.035400390625	1.697998046875	0.0	2.039794921875
04-Jul-2022 16:41:19.081	0.0384521484375	1.77978515625	0.0	2.012939453125
04-Jul-2022 16:41:19.433	0.0360107421875	1.572265625	0.0	1.986083984375
04-Jul-2022 16:41:19.823	0.035400390625	1.6259765625	0.0	1.9482421875
04-Jul-2022 16:41:20.073	0.035400390625	1.676025390625	0.0	1.934814453125
04-Jul-2022 16:41:20.421	0.0341796875	1.444091796875	0.0	1.884765625
04-Jul-2022 16:41:20.827	0.0335693359375	1.55517578125	0.0	1.834716796875
04-Jul-2022 16:41:21.083	0.032958984375	1.368408203125	0.0	1.81396484375
04-Jul-2022 16:41:21.427	0.0323486328125	1.38671875	-0.001220703125	1.768798828125
04-Jul-2022 16:41:21.828	0.032958984375	1.346435546875	0.001220703125	1.688232421875
04-Jul-2022 16:41:22.075	0.030517578125	1.094970703125	-0.001220703125	1.654052734375
04-Jul-2022 16:41:22.428	0.030517578125	1.199951171875	-0.001220703125	1.61865234375
04-Jul-2022 16:41:22.826	0.029296875	1.0498046875	0.0	1.53076171875
04-Jul-2022 16:41:23.074	0.028076171875	1.11328125	-0.001220703125	1.522216796875
04-Jul-2022 16:41:23.432	0.028076171875	1.016845703125	0.0	1.435546875
04-Jul-2022 16:41:23.829	0.0274658203125	0.880126953125	-0.001220703125	1.35498046875
04-Jul-2022 16:41:24.078	0.0250244140625	0.858154296875	-0.001220703125	1.287841796875
04-Jul-2022 16:41:24.425	0.028076171875	0.704345703125	0.0	1.21826171875
04-Jul-2022 16:41:24.829	0.0244140625	0.682373046875	0.0	1.163330078125
04-Jul-2022 16:41:25.082	0.0244140625	0.706787109375	0.0	1.12060546875
04-Jul-2022 16:41:25.423	0.023193359375	0.550537109375	0.001220703125	1.051025390625
04-Jul-2022 16:41:25.821	0.0244140625	0.50537109375	-0.001220703125	0.93505859375
04-Jul-2022 16:41:26.074	0.02197265625	0.418701171875	0.0	0.887451171875
04-Jul-2022 16:41:26.427	0.0213623046875	0.4736328125	0.0	0.82763671875
04-Jul-2022 16:41:26.833	0.020751953125	0.255126953125	0.0	0.68115234375
04-Jul-2022 16:41:27.076	0.01953125	0.24169921875	0.0	0.65673828125
04-Jul-2022 16:41:27.424	0.018310546875	0.1611328125	0.0	0.555419921875
04-Jul-2022 16:41:27.832	0.01953125	0.186767578125	0.0	0.4541015625
04-Jul-2022 16:41:28.083	0.018310546875	0.111083984375	-0.001220703125	0.38818359375
04-Jul-2022 16:41:28.422	0.0201416015625	0.098876953125	0.0	0.30029296875
04-Jul-2022 16:41:28.826	0.0189208984375	0.06591796875	0.0	0.2001953125
04-Jul-2022 16:41:29.083	0.01708984375	0.059814453125	0.001220703125	0.135498046875
04-Jul-2022 16:41:29.421	0.018310546875	-0.074462890625	0.0	0.02197265625
04-Jul-2022 16:41:29.825	0.01953125	-0.06103515625	0.001220703125	-0.0390625
04-Jul-2022 16:41:30.075	0.01953125	-0.032958984375	0.0	-0.09033203125
04-Jul-2022 16:41:30.427	0.0201416015625	-0.1220703125	0.0	-0.196533203125
04-Jul-2022 16:41:30.833	0.0189208984375	-0.262451171875	0.0	-0.294189453125
04-Jul-2022 16:41:31.082	0.018310546875	-0.318603515625	0.0	-0.321044921875
04-Jul-2022 16:41:31.422	0.0189208984375	-0.2197265625	0.0	-0.445556640625
04-Jul-2022 16:41:31.831	0.018310546875	-0.26611328125	0.001220703125	-0.51025390625
04-Jul-2022 16:41:32.073	0.0189208984375	-0.32958984375	0.0	-0.601806640625
04-Jul-2022 16:41:32.420	0.015869140625	-0.462646484375	0.0	-0.67138671875
04-Jul-2022 16:41:32.822	0.01708984375	-0.39306640625	0.0	-0.787353515625
04-Jul-2022 16:41:33.075	0.01708984375	-0.457763671875	0.0	-0.843505859375
04-Jul-2022 16:41:33.424	0.015869140625	-0.560302734375	0.001220703125	-0.909423828125
04-Jul-2022 16:41:33.827	0.0164794921875	-0.625	0.0	-1.002197265625
04-Jul-2022 16:41:34.084	0.0152587890625	-0.740966796875	0.001220703125	-1.025390625
04-Jul-2022 16:41:34.428	0.0164794921875	-0.789794921875	0.0	-1.1083984375
04-Jul-2022 16:41:34.840	0.0152587890625	-0.79345703125	0.0	-1.1572265625
04-Jul-2022 16:41:35.074	0.0146484375	-0.789794921875	0.0	-1.239013671875
04-Jul-2022 16:41:35.424	0.0152587890625	-0.8154296875	0.001220703125	-1.298828125
04-Jul-2022 16:41:35.830	0.0103759765625	-1.00830078125	0.0	-1.37451171875
04-Jul-2022 16:41:36.081	0.013427734375	-0.91552734375	0.0	-1.41357421875
04-Jul-2022 16:41:36.432	0.0146484375	-1.109619140625	0.0	-1.453857421875
04-Jul-2022 16:41:36.825	0.013427734375	-1.14013671875	0.001220703125	-1.52587890625
04-Jul-2022 16:41:37.084	0.013427734375	-1.2451171875	-0.001220703125	-1.57470703125
04-Jul-2022 16:41:37.434	0.009765625	-1.229248046875	0.001220703125	-1.632080078125
04-Jul-2022 16:41:37.823	0.010986328125	-1.248779296875	0.001220703125	-1.67724609375
04-Jul-2022 16:41:38.083	0.0115966796875	-1.270751953125	-0.001220703125	-1.70166015625
04-Jul-2022 16:41:38.433	0.0103759765625	-1.2744140625	0.0	-1.74072265625
04-Jul-2022 16:41:38.830	0.0115966796875	-1.3818359375	0.0	-1.766357421875
04-Jul-2022 16:41:39.073	0.0103759765625	-1.485595703125	0.001220703125	-1.805419921875
04-Jul-2022 16:41:39.442	0.0115966796875	-1.368408203125	0.0	-1.8408203125
04-Jul-2022 16:41:39.824	0.0103759765625	-1.429443359375	0.0	-1.84814453125
04-Jul-2022 16:41:40.072	0.010986328125	-1.595458984375	0.0	-1.87255859375
04-Jul-2022 16:41:40.426	0.009765625	-1.475830078125	0.0	-1.910400390625
04-Jul-2022 16:41:40.828	0.010986328125	-1.436767578125	0.0	-1.93359375
04-Jul-2022 16:41:41.086	0.009765625	-1.70166015625	0.001220703125	-1.9091796875
04-Jul-2022 16:41:41.432	0.009765625	-1.61376953125	0.0	-1.904296875
04-Jul-2022 16:41:41.829	0.009765625	-1.5625	0.0	-1.9384765625
04-Jul-2022 16:41:42.078	0.00732421875	-1.546630859375	0.001220703125	-1.942138671875
04-Jul-2022 16:41:42.423	0.009765625	-1.630859375	0.001220703125	-1.949462890625
04-Jul-2022 16:41:42.826	0.009765625	-1.66259765625	0.001220703125	-1.939697265625
04-Jul-2022 16:41:43.076	0.0103759765625	-1.49169921875	0.001220703125	-1.93115234375
04-Jul-2022 16:41:43.421	0.0103759765625	-1.27685546875	0.0	-1.9189453125
04-Jul-2022 16:41:43.822	0.008544921875	-1.56982421875	0.0	-1.900634765625
04-Jul-2022 16:41:44.084	0.0103759765625	-1.583251953125	0.00244140625	-1.89208984375
04-Jul-2022 16:41:44.437	0.010986328125	-1.58935546875	0.001220703125	-1.86279296875
04-Jul-2022 16:41:44.821	0.0103759765625	-1.468505859375	0.001220703125	-1.842041015625
04-Jul-2022 16:41:45.072	0.010986328125	-1.4599609375	0.001220703125	-1.81396484375
04-Jul-2022 16:41:45.426	0.0152587890625	-1.34521484375	0.0	-1.7822265625
04-Jul-2022 16:41:45.832	0.010986328125	-1.2255859375	0.001220703125	-1.756591796875
04-Jul-2022 16:41:46.074	0.01220703125	-1.236572265625	0.001220703125	-1.717529296875
04-Jul-2022 16:41:46.430	0.01220703125	-1.209716796875	0.001220703125	-1.68212890625
04-Jul-2022 16:41:46.826	0.01220703125	-1.12548828125	0.001220703125	-1.607666015625
04-Jul-2022 16:41:47.074	0.0146484375	-1.1376953125	0.001220703125	-1.607666015625
04-Jul-2022 16:41:47.420	0.013427734375	-1.04736328125	0.0	-1.53564453125
04-Jul-2022 16:41:47.831	0.0152587890625	-1.033935546875	0.0	-1.48193359375
04-Jul-2022 16:41:48.082	0.0146484375	-0.943603515625	0.001220703125	-1.43798828125
04-Jul-2022 16:41:48.432	0.0152587890625	-0.784912109375	0.0	-1.38427734375
04-Jul-2022 16:41:48.833	0.015869140625	-0.89111328125	0.001220703125	-1.295166015625
04-Jul-2022 16:41:49.076	0.0152587890625	-0.8349609375	0.0	-1.2646484375
04-Jul-2022 16:41:49.430	0.0152587890625	-0.75439453125	0.001220703125	-1.192626953125
04-Jul-2022 16:41:49.835	0.0152587890625	-0.660400390625	0.001220703125	-1.10107421875
04-Jul-2022 16:41:50.077	0.015869140625	-0.618896484375	0.001220703125	-1.080322265625
04-Jul-2022 16:41:50.427	0.0164794921875	-0.42236328125	0.001220703125	-0.98388671875
04-Jul-2022 16:41:50.833	0.01708984375	-0.53955078125	-0.001220703125	-0.908203125
04-Jul-2022 16:41:51.085	0.0250244140625	-0.46875	0.0	-0.850830078125
04-Jul-2022 16:41:51.427	0.01708984375	-0.4345703125	0.0	-0.79833984375
04-Jul-2022 16:41:51.825	0.018310546875	-0.386962890625	0.0	-0.684814453125
04-Jul-2022 16:41:52.074	0.0164794921875	-0.272216796875	0.0	-0.6005859375
04-Jul-2022 16:41:52.428	0.0177001953125	-0.2392578125	0.001220703125	-0.565185546875
04-Jul-2022 16:41:52.825	0.0189208984375	-0.059814453125	0.001220703125	-0.428466796875
04-Jul-2022 16:41:53.082	0.0189208984375	-0.2783203125	0.0	-0.3955078125
04-Jul-2022 16:41:53.425	0.020751953125	-0.1318359375	0.0	-0.31005859375
04-Jul-2022 16:41:53.828	0.0189208984375	-0.166015625	0.0	-0.213623046875
04-Jul-2022 16:41:54.071	0.01953125	-0.059814453125	-0.001220703125	-0.137939453125
04-Jul-2022 16:41:54.424	0.0189208984375	-0.057373046875	0.0	-0.057373046875
04-Jul-2022 16:41:54.733	0.0189208984375	-0.057373046875	0.0	-0.057373046875
04-Jul-2022 16:41:55.076	0.01953125	0.167236328125	0.0	0.10986328125
04-Jul-2022 16:41:55.425	0.01953125	0.101318359375	0.0	0.181884765625
04-Jul-2022 16:41:55.855	0.018310546875	0.213623046875	0.0	0.29052734375
04-Jul-2022 16:41:56.079	0.0213623046875	0.230712890625	0.0	0.360107421875
04-Jul-2022 16:41:56.427	0.0189208984375	0.230712890625	0.0	0.430908203125
04-Jul-2022 16:41:56.855	0.01953125	0.31494140625	0.0	0.53466796875
04-Jul-2022 16:41:57.073	0.01708984375	0.421142578125	0.00244140625	0.61279296875
04-Jul-2022 16:41:57.422	0.0213623046875	0.4150390625	-0.001220703125	0.672607421875
04-Jul-2022 16:41:57.862	0.02197265625	0.361328125	0.0	0.80810546875
04-Jul-2022 16:41:58.076	0.0225830078125	0.49072265625	0.001220703125	0.82763671875
04-Jul-2022 16:41:58.427	0.02197265625	0.41259765625	0.0	0.90087890625
04-Jul-2022 16:41:58.853	0.0225830078125	0.49072265625	0.0	1.0009765625
04-Jul-2022 16:41:59.086	0.0250244140625	0.767822265625	0.0	1.070556640625
04-Jul-2022 16:41:59.421	0.0244140625	0.718994140625	0.0	1.16943359375
04-Jul-2022 16:41:59.854	0.025634765625	0.78857421875	0.0	1.220703125
04-Jul-2022 16:42:00.083	0.0250244140625	0.889892578125	0.001220703125	1.260986328125
04-Jul-2022 16:42:00.425	0.0274658203125	0.941162109375	0.0	1.358642578125
04-Jul-2022 16:42:00.862	0.0262451171875	1.07421875	0.0	1.416015625
04-Jul-2022 16:42:01.076	0.0286865234375	0.921630859375	0.0	1.4892578125
04-Jul-2022 16:42:01.426	0.029296875	1.19873046875	-0.001220703125	1.54541015625
04-Jul-2022 16:42:01.854	0.028076171875	1.13037109375	-0.001220703125	1.607666015625
04-Jul-2022 16:42:02.070	0.030517578125	1.312255859375	0.0	1.640625
04-Jul-2022 16:42:02.432	0.030517578125	1.226806640625	0.0	1.68212890625
04-Jul-2022 16:42:02.861	0.0323486328125	1.2744140625	-0.001220703125	1.74560546875
04-Jul-2022 16:42:03.130	0.0323486328125	1.287841796875	0.0	1.7626953125
04-Jul-2022 16:42:03.426	0.0341796875	1.590576171875	-0.001220703125	1.817626953125
04-Jul-2022 16:42:03.852	0.0347900390625	1.580810546875	0.0	1.88720703125
04-Jul-2022 16:42:04.081	0.03662109375	1.68701171875	0.0	1.9091796875
04-Jul-2022 16:42:04.432	0.0360107421875	1.680908203125	0.0	1.932373046875
04-Jul-2022 16:42:04.863	0.0360107421875	1.8115234375	0.0	1.9970703125
04-Jul-2022 16:42:05.082	0.0360107421875	1.7919921875	0.0	2.00927734375
04-Jul-2022 16:42:05.427	0.0360107421875	1.78466796875	-0.001220703125	2.021484375
04-Jul-2022 16:42:05.852	0.0384521484375	1.947021484375	0.0	2.054443359375
04-Jul-2022 16:42:06.079	0.0384521484375	1.627197265625	0.0	2.066650390625
04-Jul-2022 16:42:06.429	0.0390625	1.94580078125	-0.001220703125	2.064208984375
04-Jul-2022 16:42:06.860	0.0384521484375	1.876220703125	-0.001220703125	2.061767578125
04-Jul-2022 16:42:07.072	0.0390625	1.829833984375	0.0	2.069091796875
04-Jul-2022 16:42:07.431	0.0372314453125	1.77490234375	-0.001220703125	2.069091796875
04-Jul-2022 16:42:07.861	0.03662109375	1.666259765625	-0.001220703125	2.073974609375
04-Jul-2022 16:42:08.075	0.0384521484375	1.7138671875	0.0	2.06787109375
04-Jul-2022 16:42:08.434	0.03662109375	1.8505859375	0.0	2.0703125
04-Jul-2022 16:42:08.852	0.0396728515625	1.787109375	0.0	2.064208984375
04-Jul-2022 16:42:09.076	0.0372314453125	1.739501953125	0.0	2.069091796875
04-Jul-2022 16:42:09.428	0.0384521484375	1.66748046875	0.0	2.059326171875
04-Jul-2022 16:42:09.862	0.0372314453125	1.6455078125	0.00244140625	2.025146484375
04-Jul-2022 16:42:10.076	0.03662109375	1.815185546875	0.0	2.01904296875
04-Jul-2022 16:42:10.435	0.0360107421875	1.67724609375	-0.001220703125	1.99462890625
04-Jul-2022 16:42:10.858	0.0384521484375	1.666259765625	-0.00244140625	1.951904296875
04-Jul-2022 16:42:11.083	0.035400390625	1.61376953125	0.0	1.9384765625
04-Jul-2022 16:42:11.431	0.035400390625	1.52587890625	0.0	1.89697265625
04-Jul-2022 16:42:11.856	0.03173828125	1.4404296875	-0.001220703125	1.834716796875
04-Jul-2022 16:42:12.073	0.0335693359375	1.524658203125	0.0	1.80908203125
04-Jul-2022 16:42:12.424	0.0347900390625	1.337890625	0.0	1.75048828125
04-Jul-2022 16:42:12.855	0.0323486328125	1.365966796875	0.0	1.702880859375
04-Jul-2022 16:42:13.081	0.0311279296875	1.2890625	0.0	1.683349609375
04-Jul-2022 16:42:13.427	0.0311279296875	1.16455078125	0.0	1.6162109375
04-Jul-2022 16:42:13.856	0.028076171875	1.11328125	0.0	1.536865234375
04-Jul-2022 16:42:14.076	0.029296875	1.09130859375	-0.001220703125	1.51123046875
04-Jul-2022 16:42:14.433	0.0286865234375	0.914306640625	0.0	1.446533203125
04-Jul-2022 16:42:14.852	0.02685546875	0.87890625	0.0	1.356201171875
04-Jul-2022 16:42:15.072	0.0262451171875	0.9375	0.0	1.304931640625
04-Jul-2022 16:42:15.436	0.0250244140625	0.748291015625	0.0	1.251220703125
04-Jul-2022 16:42:15.852	0.029296875	0.6689453125	0.0	1.138916015625
04-Jul-2022 16:42:16.076	0.0244140625	0.531005859375	0.0	1.116943359375
04-Jul-2022 16:42:16.427	0.023193359375	0.601806640625	0.001220703125	1.004638671875
04-Jul-2022 16:42:16.859	0.0225830078125	0.582275390625	0.0	0.92041015625
04-Jul-2022 16:42:17.074	0.02197265625	0.5029296875	0.0	0.8984375
04-Jul-2022 16:42:17.426	0.0262451171875	0.4638671875	0.0	0.811767578125
04-Jul-2022 16:42:17.854	0.020751953125	0.3369140625	-0.001220703125	0.675048828125
04-Jul-2022 16:42:18.076	0.0213623046875	0.379638671875	0.001220703125	0.64697265625
04-Jul-2022 16:42:18.423	0.020751953125	0.211181640625	0.0	0.562744140625
04-Jul-2022 16:42:18.852	0.0201416015625	0.23681640625	0.0	0.440673828125
04-Jul-2022 16:42:19.079	0.01953125	0.181884765625	0.0	0.394287109375
04-Jul-2022 16:42:19.426	0.0189208984375	0.14404296875	0.0	0.302734375
04-Jul-2022 16:42:19.856	0.018310546875	0.076904296875	0.0	0.198974609375
04-Jul-2022 16:42:20.079	0.01953125	0.096435546875	0.0	0.15380859375
04-Jul-2022 16:42:20.434	0.018310546875	-0.037841796875	-0.001220703125	0.0439453125
04-Jul-2022 16:42:20.857	0.01953125	-0.091552734375	0.0	-0.042724609375
04-Jul-2022 16:42:21.076	0.0189208984375	-0.09765625	0.001220703125	-0.0830078125
04-Jul-2022 16:42:21.434	0.0164794921875	-0.108642578125	-0.001220703125	-0.17822265625
04-Jul-2022 16:42:21.864	0.018310546875	-0.223388671875	-0.001220703125	-0.277099609375
04-Jul-2022 16:42:22.082	0.018310546875	-0.135498046875	0.0	-0.3466796875
04-Jul-2022 16:42:22.433	0.0189208984375	-0.296630859375	0.001220703125	-0.406494140625
04-Jul-2022 16:42:22.859	0.01953125	-0.311279296875	0.0	-0.537109375
04-Jul-2022 16:42:23.077	0.01953125	-0.30029296875	0.0	-0.604248046875
04-Jul-2022 16:42:23.431	0.018310546875	-0.447998046875	0.001220703125	-0.660400390625
04-Jul-2022 16:42:23.852	0.01708984375	-0.458984375	-0.001220703125	-0.7861328125
04-Jul-2022 16:42:24.082	0.018310546875	-0.345458984375	0.001220703125	-0.792236328125
04-Jul-2022 16:42:24.427	0.018310546875	-0.36376953125	0.0	-0.902099609375
04-Jul-2022 16:42:24.859	0.0164794921875	-0.5712890625	0.0	-1.002197265625
04-Jul-2022 16:42:25.084	0.0177001953125	-0.501708984375	0.0	-1.033935546875
04-Jul-2022 16:42:25.430	0.015869140625	-0.6884765625	0.0	-1.09130859375
04-Jul-2022 16:42:25.858	0.015869140625	-0.85205078125	0.00244140625	-1.190185546875
04-Jul-2022 16:42:26.075	0.01708984375	-0.928955078125	0.0	-1.248779296875
04-Jul-2022 16:42:26.432	0.0152587890625	-0.784912109375	0.0	-1.2890625
04-Jul-2022 16:42:26.864	0.0152587890625	-1.085205078125	0.0	-1.392822265625
04-Jul-2022 16:42:27.079	0.0140380859375	-1.00830078125	0.001220703125	-1.400146484375
04-Jul-2022 16:42:27.431	0.0140380859375	-1.131591796875	0.00244140625	-1.453857421875
04-Jul-2022 16:42:27.853	0.013427734375	-1.129150390625	0.001220703125	-1.519775390625
04-Jul-2022 16:42:28.082	0.013427734375	-1.107177734375	0.001220703125	-1.539306640625
04-Jul-2022 16:42:28.432	0.01220703125	-1.3671875	0.001220703125	-1.597900390625
04-Jul-2022 16:42:28.859	0.0115966796875	-1.175537109375	0.0	-1.676025390625
04-Jul-2022 16:42:29.079	0.01220703125	-1.48681640625	0.001220703125	-1.697998046875
04-Jul-2022 16:42:29.431	0.010986328125	-1.50390625	0.001220703125	-1.746826171875
04-Jul-2022 16:42:29.854	0.0103759765625	-1.505126953125	0.001220703125	-1.77978515625
04-Jul-2022 16:42:30.073	0.010986328125	-1.512451171875	0.001220703125	-1.79931640625
04-Jul-2022 16:42:30.434	0.0091552734375	-1.470947265625	0.0	-1.827392578125
04-Jul-2022 16:42:30.862	0.009765625	-1.497802734375	0.001220703125	-1.856689453125
04-Jul-2022 16:42:31.074	0.0042724609375	-1.54541015625	0.0	-1.876220703125
04-Jul-2022 16:42:31.428	0.0091552734375	-1.451416015625	0.0	-1.90673828125
04-Jul-2022 16:42:31.855	0.009765625	-1.6162109375	0.0	-1.93359375
04-Jul-2022 16:42:32.091	0.0103759765625	-1.5625	0.0	-1.917724609375
04-Jul-2022 16:42:32.421	0.0091552734375	-1.817626953125	0.001220703125	-1.937255859375
04-Jul-2022 16:42:32.862	0.0103759765625	-1.70654296875	0.001220703125	-1.939697265625
04-Jul-2022 16:42:33.077	0.0091552734375	-1.785888671875	0.0	-1.943359375
04-Jul-2022 16:42:33.422	0.009765625	-1.602783203125	0.001220703125	-1.93603515625
04-Jul-2022 16:42:33.852	0.009765625	-1.80908203125	0.001220703125	-1.944580078125
04-Jul-2022 16:42:34.084	0.0103759765625	-1.536865234375	0.0	-1.937255859375
04-Jul-2022 16:42:34.424	0.009765625	-1.40869140625	0.0	-1.932373046875
04-Jul-2022 16:42:34.856	0.009765625	-1.622314453125	0.00244140625	-1.9189453125
04-Jul-2022 16:42:35.075	0.0103759765625	-1.600341796875	0.001220703125	-1.89208984375
04-Jul-2022 16:42:35.433	0.0091552734375	-1.575927734375	0.001220703125	-1.8798828125
04-Jul-2022 16:42:35.862	0.0103759765625	-1.419677734375	0.001220703125	-1.842041015625
04-Jul-2022 16:42:36.079	0.010986328125	-1.5185546875	0.0	-1.824951171875
04-Jul-2022 16:42:36.421	0.010986328125	-1.356201171875	0.001220703125	-1.7919921875
04-Jul-2022 16:42:36.853	0.013427734375	-1.434326171875	0.001220703125	-1.739501953125
04-Jul-2022 16:42:37.078	0.0115966796875	-1.370849609375	0.001220703125	-1.71875
04-Jul-2022 16:42:37.426	0.0103759765625	-1.307373046875	0.0	-1.690673828125
04-Jul-2022 16:42:37.865	0.009765625	-1.202392578125	0.001220703125	-1.619873046875
04-Jul-2022 16:42:38.076	0.013427734375	-1.070556640625	0.0	-1.591796875
04-Jul-2022 16:42:38.428	0.013427734375	-1.204833984375	0.0	-1.531982421875
04-Jul-2022 16:42:38.857	0.013427734375	-1.11328125	0.001220703125	-1.484375
04-Jul-2022 16:42:39.079	0.013427734375	-0.977783203125	0.001220703125	-1.435546875
04-Jul-2022 16:42:39.427	0.0140380859375	-1.015625	0.001220703125	-1.36474609375
04-Jul-2022 16:42:39.862	0.0164794921875	-0.909423828125	0.001220703125	-1.3232421875
04-Jul-2022 16:42:40.081	0.0146484375	-0.821533203125	0.001220703125	-1.2841796875
04-Jul-2022 16:42:40.422	0.0146484375	-0.83984375	0.0	-1.19384765625
04-Jul-2022 16:42:40.857	0.0146484375	-0.65185546875	0.0	-1.1328125
04-Jul-2022 16:42:41.074	0.0164794921875	-0.61767578125	0.0	-1.0791015625
04-Jul-2022 16:42:41.421	0.0164794921875	-0.501708984375	0.001220703125	-0.99609375
04-Jul-2022 16:42:41.854	0.015869140625	-0.478515625	0.0	-0.921630859375
04-Jul-2022 16:42:42.081	0.013427734375	-0.374755859375	0.0	-0.838623046875
04-Jul-2022 16:42:42.427	0.0177001953125	-0.5859375	0.0	-0.791015625
04-Jul-2022 16:42:42.864	0.0164794921875	-0.228271484375	0.0	-0.687255859375
04-Jul-2022 16:42:43.076	0.01708984375	-0.3662109375	0.0	-0.64697265625
04-Jul-2022 16:42:43.426	0.018310546875	-0.318603515625	0.0	-0.570068359375
04-Jul-2022 16:42:43.856	0.0189208984375	-0.157470703125	0.001220703125	-0.44677734375
04-Jul-2022 16:42:44.086	0.0213623046875	-0.1953125	0.0	-0.38330078125
04-Jul-2022 16:42:44.422	0.01953125	-0.11962890625	0.0	-0.302734375
04-Jul-2022 16:42:44.858	0.01953125	-0.062255859375	0.0	-0.20263671875
04-Jul-2022 16:42:45.075	0.0189208984375	-0.1025390625	-0.001220703125	-0.159912109375
04-Jul-2022 16:42:45.421	0.018310546875	-0.050048828125	0.0	-0.062255859375
04-Jul-2022 16:42:45.755	<end logging>
